Running experiment synthetic
Pretraining model on donor units
Iteration:0	Loss_mean:0.16147933900356293	Loss_std:0.0
Iteration:100	Loss_mean:0.2560970211029053	Loss_std:0.14948305388646016
Iteration:200	Loss_mean:0.18428051862865685	Loss_std:0.1127499408332813
Iteration:300	Loss_mean:0.14747462658211588	Loss_std:0.08087090398886142
Iteration:400	Loss_mean:0.12420440344139934	Loss_std:0.07699674005149211
Iteration:500	Loss_mean:0.09301265573129058	Loss_std:0.051850090941708525
Iteration:600	Loss_mean:0.06131101998500526	Loss_std:0.041006886263660065
Iteration:700	Loss_mean:0.04639670330099761	Loss_std:0.02963756801049472
Iteration:800	Loss_mean:0.037632587202824655	Loss_std:0.026294782545609355
Iteration:900	Loss_mean:0.031946877886075524	Loss_std:0.026274968586048473
Iteration:1000	Loss_mean:0.029609040729701518	Loss_std:0.020369920803176445
Iteration:1100	Loss_mean:0.02636558996513486	Loss_std:0.020812893518290587
Iteration:1200	Loss_mean:0.025918039376847446	Loss_std:0.023981589230204596
Iteration:1300	Loss_mean:0.02845903780311346	Loss_std:0.02352118172461188
Iteration:1400	Loss_mean:0.025676343312952668	Loss_std:0.023051511291313255
Iteration:1500	Loss_mean:0.024246354666538537	Loss_std:0.022413359522279453
Iteration:1600	Loss_mean:0.02404072292614728	Loss_std:0.020544134406401973
Iteration:1700	Loss_mean:0.02457996178418398	Loss_std:0.02126663881446137
Iteration:1800	Loss_mean:0.018261080312076957	Loss_std:0.013959270570487821
Iteration:1900	Loss_mean:0.02225414407206699	Loss_std:0.020331219986027972
Iteration:2000	Loss_mean:0.0215234030270949	Loss_std:0.019814345485128285
Iteration:2100	Loss_mean:0.0229067933303304	Loss_std:0.022723374248459563
Iteration:2200	Loss_mean:0.020993409983348102	Loss_std:0.020378771098676515
Iteration:2300	Loss_mean:0.022248891731724143	Loss_std:0.023223362769048607
Iteration:2400	Loss_mean:0.021519120919983835	Loss_std:0.01832714655889137
Iteration:2500	Loss_mean:0.02239640665007755	Loss_std:0.021323900530952667
Iteration:2600	Loss_mean:0.021378038749098778	Loss_std:0.017214230654729205
Iteration:2700	Loss_mean:0.020458746561780573	Loss_std:0.016946927989398664
Iteration:2800	Loss_mean:0.017072141367243603	Loss_std:0.014586237894131212
Iteration:2900	Loss_mean:0.02241187393432483	Loss_std:0.018845009201190376
Iteration:3000	Loss_mean:0.017072949516586958	Loss_std:0.013206029287828918
Iteration:3100	Loss_mean:0.015417447455693036	Loss_std:0.0117416058056631
Iteration:3200	Loss_mean:0.014630487347021699	Loss_std:0.011749251656106883
Iteration:3300	Loss_mean:0.014830326712690294	Loss_std:0.012406725509103
Iteration:3400	Loss_mean:0.013558109807781875	Loss_std:0.00873970321917785
Iteration:3500	Loss_mean:0.013402573198545724	Loss_std:0.007868052486167785
Iteration:3600	Loss_mean:0.011985189225524663	Loss_std:0.00869008111815685
Iteration:3700	Loss_mean:0.012595624774694442	Loss_std:0.008008020531247089
Iteration:3800	Loss_mean:0.011677794004790486	Loss_std:0.00767460567294422
Iteration:3900	Loss_mean:0.012436371888034045	Loss_std:0.007778483442391317
Iteration:4000	Loss_mean:0.010555516262538731	Loss_std:0.006484157912092411
Iteration:4100	Loss_mean:0.01107906652148813	Loss_std:0.006698075007913348
Iteration:4200	Loss_mean:0.012332135651959106	Loss_std:0.010200450402062284
Iteration:4300	Loss_mean:0.013299014968797564	Loss_std:0.00944782014564874
Iteration:4400	Loss_mean:0.011786087064538152	Loss_std:0.007090976672532388
Iteration:4500	Loss_mean:0.011301087081665172	Loss_std:0.006786007720186774
Iteration:4600	Loss_mean:0.009697931504342705	Loss_std:0.0055773754166881205
Iteration:4700	Loss_mean:0.010887343311915175	Loss_std:0.007742642520688874
Iteration:4800	Loss_mean:0.011782212608959525	Loss_std:0.008523054507505878
Iteration:4900	Loss_mean:0.01063159570330754	Loss_std:0.006918335727450279
Iteration:5000	Loss_mean:0.010220632385462523	Loss_std:0.005600281845045019
Iteration:5100	Loss_mean:0.010089167683618143	Loss_std:0.006103128378596586
Iteration:5200	Loss_mean:0.010103807790437713	Loss_std:0.005687245397432665
Iteration:5300	Loss_mean:0.010470705177285709	Loss_std:0.005416035141537544
Iteration:5400	Loss_mean:0.010287068313919007	Loss_std:0.005999475606573195
Iteration:5500	Loss_mean:0.009698879382340238	Loss_std:0.005558287616852432
Iteration:5600	Loss_mean:0.009971226525958627	Loss_std:0.005760992476885008
Iteration:5700	Loss_mean:0.00917151409201324	Loss_std:0.0050810396143986135
Iteration:5800	Loss_mean:0.00985512328799814	Loss_std:0.006543015644562036
Iteration:5900	Loss_mean:0.00992333095986396	Loss_std:0.006842928758118763
Iteration:6000	Loss_mean:0.010138856050325558	Loss_std:0.00672629283395755
Iteration:6100	Loss_mean:0.010970263082999736	Loss_std:0.0063720995469465054
Iteration:6200	Loss_mean:0.01002767053199932	Loss_std:0.006255633718678265
Iteration:6300	Loss_mean:0.00918494917685166	Loss_std:0.004329022818417717
Iteration:6400	Loss_mean:0.010480017284862697	Loss_std:0.00653659368696186
Iteration:6500	Loss_mean:0.009791063795273659	Loss_std:0.005561375053560149
Iteration:6600	Loss_mean:0.009330671839416027	Loss_std:0.005296457103283357
Iteration:6700	Loss_mean:0.009567351590376347	Loss_std:0.004581544472247449
Iteration:6800	Loss_mean:0.009526005305815488	Loss_std:0.005293954662693285
Iteration:6900	Loss_mean:0.008213328931014984	Loss_std:0.004721049785601832
Iteration:7000	Loss_mean:0.009872194381896406	Loss_std:0.006426804128525321
Iteration:7100	Loss_mean:0.008748626899323425	Loss_std:0.004894792729928006
Iteration:7200	Loss_mean:0.00874672606063541	Loss_std:0.0046022625684463535
Iteration:7300	Loss_mean:0.009057054640725254	Loss_std:0.004103051355124416
Iteration:7400	Loss_mean:0.008912052781088278	Loss_std:0.005189045318730643
Iteration:7500	Loss_mean:0.008182001900859177	Loss_std:0.0038668217497123307
Iteration:7600	Loss_mean:0.009767740635434166	Loss_std:0.0054846328263956495
Iteration:7700	Loss_mean:0.009235619287937879	Loss_std:0.005058528360383174
Iteration:7800	Loss_mean:0.008564277349505574	Loss_std:0.0041013520564774485
Iteration:7900	Loss_mean:0.008651941928546876	Loss_std:0.004247276083150672
Iteration:8000	Loss_mean:0.009216204793192446	Loss_std:0.004960153715076222
Iteration:8100	Loss_mean:0.008857396952807904	Loss_std:0.005411875994899541
Iteration:8200	Loss_mean:0.00928536848630756	Loss_std:0.005077443737848318
Iteration:8300	Loss_mean:0.009209629878168925	Loss_std:0.005092365118213285
Iteration:8400	Loss_mean:0.008566157955210657	Loss_std:0.004384281646352092
Iteration:8500	Loss_mean:0.00933760323561728	Loss_std:0.004749638139110727
Iteration:8600	Loss_mean:0.00807699077995494	Loss_std:0.0037254302775985362
Iteration:8700	Loss_mean:0.008624286100966857	Loss_std:0.0039043449239626825
Iteration:8800	Loss_mean:0.0093548295320943	Loss_std:0.004658531551458322
Iteration:8900	Loss_mean:0.009449059187900274	Loss_std:0.004897417355266534
Iteration:9000	Loss_mean:0.008058804497122764	Loss_std:0.0036984863352558833
Iteration:9100	Loss_mean:0.008817935121478514	Loss_std:0.004685929608738233
Iteration:9200	Loss_mean:0.0079205356631428	Loss_std:0.0037348548636275468
Iteration:9300	Loss_mean:0.008855768265202641	Loss_std:0.00461545069621191
Iteration:9400	Loss_mean:0.008254004924092442	Loss_std:0.003792598828681744
Iteration:9500	Loss_mean:0.00938314185012132	Loss_std:0.0051535504997518265
Iteration:9600	Loss_mean:0.007897738282335922	Loss_std:0.003680564355086378
Iteration:9700	Loss_mean:0.008201176343718544	Loss_std:0.003016473047169954
Iteration:9800	Loss_mean:0.007855992442928254	Loss_std:0.003444089893846546
Iteration:9900	Loss_mean:0.008719175637234003	Loss_std:0.004764529660648291
Iteration:10000	Loss_mean:0.008216331480070949	Loss_std:0.004958264357256093
Iteration:10100	Loss_mean:0.008696539930533619	Loss_std:0.00388075256163823
Iteration:10200	Loss_mean:0.007376889765728265	Loss_std:0.003619128126315326
Iteration:10300	Loss_mean:0.0085973905317951	Loss_std:0.004309198506262503
Iteration:10400	Loss_mean:0.007744597317650914	Loss_std:0.003542495419599332
Iteration:10500	Loss_mean:0.0072159154654946175	Loss_std:0.0036337159136307436
Iteration:10600	Loss_mean:0.007788125423248857	Loss_std:0.0038357026442762242
Iteration:10700	Loss_mean:0.007483120794058777	Loss_std:0.0037125466304176267
Iteration:10800	Loss_mean:0.008487083942163735	Loss_std:0.0039003219450947308
Iteration:10900	Loss_mean:0.008081473369384185	Loss_std:0.0036104933178702802
Iteration:11000	Loss_mean:0.008801929792389274	Loss_std:0.004824706748316166
Iteration:11100	Loss_mean:0.00803004550980404	Loss_std:0.004389445298095512
Iteration:11200	Loss_mean:0.008105737203732134	Loss_std:0.0036636505137793056
Iteration:11300	Loss_mean:0.007725045308470726	Loss_std:0.0033954927754661895
Iteration:11400	Loss_mean:0.007705132010160014	Loss_std:0.003451056902596787
Iteration:11500	Loss_mean:0.008219093126244843	Loss_std:0.0035600531271510255
Iteration:11600	Loss_mean:0.007624587299069389	Loss_std:0.003550259869372145
Iteration:11700	Loss_mean:0.008174618112388999	Loss_std:0.003697473324315677
Iteration:11800	Loss_mean:0.008481917179888115	Loss_std:0.004046282700532582
Iteration:11900	Loss_mean:0.008180266839917748	Loss_std:0.004445103038955085
Iteration:12000	Loss_mean:0.00763784404611215	Loss_std:0.00396707208750218
Iteration:12100	Loss_mean:0.007456677596783265	Loss_std:0.00377064874283018
Iteration:12200	Loss_mean:0.0071932467189617455	Loss_std:0.00337255303612091
Iteration:12300	Loss_mean:0.008323581108124927	Loss_std:0.004312090875646797
Iteration:12400	Loss_mean:0.008048981084139087	Loss_std:0.004054000071712686
Iteration:12500	Loss_mean:0.00782458194065839	Loss_std:0.0037315309339940586
Iteration:12600	Loss_mean:0.007469525063643232	Loss_std:0.003398449127934062
Iteration:12700	Loss_mean:0.007622179824393243	Loss_std:0.003650758006232033
Iteration:12800	Loss_mean:0.0077347310003824535	Loss_std:0.0031301121381114923
Iteration:12900	Loss_mean:0.008541135058039799	Loss_std:0.004059257217863858
Iteration:13000	Loss_mean:0.007218880208674818	Loss_std:0.0032818602133074647
Iteration:13100	Loss_mean:0.007870334146427922	Loss_std:0.003527310305342293
Iteration:13200	Loss_mean:0.007659311053575948	Loss_std:0.00398063372595017
Iteration:13300	Loss_mean:0.008062979360111057	Loss_std:0.003809128862124182
Iteration:13400	Loss_mean:0.00803258061874658	Loss_std:0.0037344512530843275
Iteration:13500	Loss_mean:0.007564390464685857	Loss_std:0.0035071855351066416
Iteration:13600	Loss_mean:0.007817766688531265	Loss_std:0.004213161035558423
Iteration:13700	Loss_mean:0.008082148394314571	Loss_std:0.004194725039322761
Iteration:13800	Loss_mean:0.008355487959925086	Loss_std:0.0037269950688738063
Iteration:13900	Loss_mean:0.007496442700503394	Loss_std:0.003661742489868408
Iteration:14000	Loss_mean:0.007821564509067685	Loss_std:0.004300794115531017
Iteration:14100	Loss_mean:0.007892939132871106	Loss_std:0.0037975417948331114
Iteration:14200	Loss_mean:0.007753725916845724	Loss_std:0.0038254283551363046
Iteration:14300	Loss_mean:0.007701191129162907	Loss_std:0.0036944433657332674
Iteration:14400	Loss_mean:0.007695615654811263	Loss_std:0.003927877213242314
Iteration:14500	Loss_mean:0.007600977555848658	Loss_std:0.0035492397206075004
Iteration:14600	Loss_mean:0.007312637406866998	Loss_std:0.0030972315006107635
Iteration:14700	Loss_mean:0.007987636032048613	Loss_std:0.0035493773205472895
Iteration:14800	Loss_mean:0.007868797203991562	Loss_std:0.00365749815755435
Iteration:14900	Loss_mean:0.00795910898479633	Loss_std:0.004501881031735393
Iteration:15000	Loss_mean:0.007653964611236006	Loss_std:0.0036684667065660244
Iteration:15100	Loss_mean:0.007291062631411478	Loss_std:0.003645421812206048
Iteration:15200	Loss_mean:0.007874837203416973	Loss_std:0.003938960756007467
Iteration:15300	Loss_mean:0.0077926613134332	Loss_std:0.0033083139479640968
Iteration:15400	Loss_mean:0.007416561943246052	Loss_std:0.003915159955894043
Iteration:15500	Loss_mean:0.007636893107555807	Loss_std:0.004527910385247755
Iteration:15600	Loss_mean:0.007939699899870901	Loss_std:0.003588665468315792
Iteration:15700	Loss_mean:0.007864498553099111	Loss_std:0.0033738636190926486
Iteration:15800	Loss_mean:0.007692160146543756	Loss_std:0.004202779501500667
Iteration:15900	Loss_mean:0.007846877423580735	Loss_std:0.00389648661442275
Iteration:16000	Loss_mean:0.007488934479188174	Loss_std:0.0030305503795355084
Iteration:16100	Loss_mean:0.00720154537120834	Loss_std:0.0037833939085645824
Iteration:16200	Loss_mean:0.007708100284216926	Loss_std:0.0030286618393575372
Iteration:16300	Loss_mean:0.007171528169419616	Loss_std:0.0033546910850440954
Iteration:16400	Loss_mean:0.007444003548007458	Loss_std:0.003908555411353674
Iteration:16500	Loss_mean:0.007050076101440936	Loss_std:0.003207398077260042
Iteration:16600	Loss_mean:0.00784150553168729	Loss_std:0.0034559410775960257
Iteration:16700	Loss_mean:0.007929768085014076	Loss_std:0.0033989352968863715
Iteration:16800	Loss_mean:0.007175722961546853	Loss_std:0.002890755380946466
Iteration:16900	Loss_mean:0.007330314464634284	Loss_std:0.0032558617548341297
Iteration:17000	Loss_mean:0.007615154855884611	Loss_std:0.0032739981512359844
Iteration:17100	Loss_mean:0.00791994598461315	Loss_std:0.004118574509588259
Iteration:17200	Loss_mean:0.007110938499681652	Loss_std:0.0031151629701338807
Iteration:17300	Loss_mean:0.008106266467366367	Loss_std:0.003781362040212716
Iteration:17400	Loss_mean:0.007104571464005858	Loss_std:0.0033221756695353934
Iteration:17500	Loss_mean:0.007631769664585591	Loss_std:0.003051696848533271
Iteration:17600	Loss_mean:0.0077895104594063016	Loss_std:0.0031207276512297435
Iteration:17700	Loss_mean:0.008014625506475567	Loss_std:0.0037033201718100813
Iteration:17800	Loss_mean:0.007320422020275146	Loss_std:0.0032599570225628712
Iteration:17900	Loss_mean:0.007787391218589619	Loss_std:0.004138483966106157
Iteration:18000	Loss_mean:0.007321491553448141	Loss_std:0.0038321551848862537
Iteration:18100	Loss_mean:0.007787444679997861	Loss_std:0.0032323129211880284
Iteration:18200	Loss_mean:0.007536018359242007	Loss_std:0.0033199610460062454
Iteration:18300	Loss_mean:0.007966951846610755	Loss_std:0.003615117142191213
Iteration:18400	Loss_mean:0.00742805749643594	Loss_std:0.003619922144237185
Iteration:18500	Loss_mean:0.007242246677633375	Loss_std:0.0033327153315840046
Iteration:18600	Loss_mean:0.0074957792996428905	Loss_std:0.0031736941070237405
Iteration:18700	Loss_mean:0.007255786636378616	Loss_std:0.003221000987279069
Iteration:18800	Loss_mean:0.008075956616085022	Loss_std:0.0034446500677618604
Iteration:18900	Loss_mean:0.006838889534119517	Loss_std:0.0032456544690065334
Iteration:19000	Loss_mean:0.0070850966335274275	Loss_std:0.003390314193609284
Iteration:19100	Loss_mean:0.006963648356031626	Loss_std:0.0035865884171671965
Iteration:19200	Loss_mean:0.00720563558046706	Loss_std:0.003330861210490456
Iteration:19300	Loss_mean:0.007370486459694803	Loss_std:0.0040631513172478505
Iteration:19400	Loss_mean:0.00732867376296781	Loss_std:0.0031989933878910862
Iteration:19500	Loss_mean:0.007596820045728236	Loss_std:0.0033510654525921568
Iteration:19600	Loss_mean:0.007427838216535747	Loss_std:0.003706793357254342
Iteration:19700	Loss_mean:0.008211080146720633	Loss_std:0.0034136324952304853
Iteration:19800	Loss_mean:0.007021522647701204	Loss_std:0.0034868115853435664
Iteration:19900	Loss_mean:0.007720711010042578	Loss_std:0.003629009655032405
Iteration:20000	Loss_mean:0.007681047463556752	Loss_std:0.003712795198472022
Iteration:20100	Loss_mean:0.007519005379872396	Loss_std:0.0036857464821126408
Iteration:20200	Loss_mean:0.007418375229462981	Loss_std:0.0034990937035359842
Iteration:20300	Loss_mean:0.007160708939190954	Loss_std:0.003992521726488305
Iteration:20400	Loss_mean:0.007532466837437824	Loss_std:0.003249662451154035
Iteration:20500	Loss_mean:0.007510799947194755	Loss_std:0.0038896707582825587
Iteration:20600	Loss_mean:0.007386582118924707	Loss_std:0.003457722448141237
Iteration:20700	Loss_mean:0.007646174918627366	Loss_std:0.0032284201906754664
Iteration:20800	Loss_mean:0.007681745414156466	Loss_std:0.00323916360285738
Iteration:20900	Loss_mean:0.007338725094450637	Loss_std:0.0034284244650186783
Iteration:21000	Loss_mean:0.006951884911395609	Loss_std:0.003074765274705684
Iteration:21100	Loss_mean:0.007990075532579794	Loss_std:0.0037201761166649463
Iteration:21200	Loss_mean:0.007455345677444711	Loss_std:0.003821286779900122
Iteration:21300	Loss_mean:0.006845503194490447	Loss_std:0.0030687643236208197
Iteration:21400	Loss_mean:0.007219534312607721	Loss_std:0.0032198024381562998
Iteration:21500	Loss_mean:0.007773617084603756	Loss_std:0.003301848843868097
Iteration:21600	Loss_mean:0.007026401984039694	Loss_std:0.002869502273375941
Iteration:21700	Loss_mean:0.006959093878977001	Loss_std:0.003927644791718481
Iteration:21800	Loss_mean:0.007078471425920725	Loss_std:0.0031116234802533354
Iteration:21900	Loss_mean:0.007206067585502751	Loss_std:0.00328380425139994
Iteration:22000	Loss_mean:0.006607902051182463	Loss_std:0.002954365039117088
Iteration:22100	Loss_mean:0.007530229785479605	Loss_std:0.0033785576716876126
Iteration:22200	Loss_mean:0.0071881871111690995	Loss_std:0.003257382381800428
Iteration:22300	Loss_mean:0.007163222510134801	Loss_std:0.0034490632961616135
Iteration:22400	Loss_mean:0.007528371880762279	Loss_std:0.0034060946530806015
Iteration:22500	Loss_mean:0.006966848395531997	Loss_std:0.00307000685877313
Iteration:22600	Loss_mean:0.008161609808448702	Loss_std:0.003952600497783365
Iteration:22700	Loss_mean:0.00718312997254543	Loss_std:0.0035044557775767344
Iteration:22800	Loss_mean:0.007231228385353461	Loss_std:0.0030329855203861957
Iteration:22900	Loss_mean:0.007480847272090614	Loss_std:0.0036827248106415518
Iteration:23000	Loss_mean:0.006739477418595925	Loss_std:0.0029376766586141994
Iteration:23100	Loss_mean:0.007628170915413648	Loss_std:0.003830136714151482
Iteration:23200	Loss_mean:0.00708843412809074	Loss_std:0.002941460559087736
Iteration:23300	Loss_mean:0.0076104636245872825	Loss_std:0.0038363928675023877
Iteration:23400	Loss_mean:0.007512757263612002	Loss_std:0.003416843978007334
Iteration:23500	Loss_mean:0.007240452205296606	Loss_std:0.0029614084161865336
Iteration:23600	Loss_mean:0.0070200713945087045	Loss_std:0.003083321770992515
Iteration:23700	Loss_mean:0.0074120996322017164	Loss_std:0.0036185767059055234
Iteration:23800	Loss_mean:0.007681782742729411	Loss_std:0.003110465017577551
Iteration:23900	Loss_mean:0.007706998188514263	Loss_std:0.003870371883679954
Iteration:24000	Loss_mean:0.006946196465287357	Loss_std:0.0029684363759631205
Iteration:24100	Loss_mean:0.007322251874720678	Loss_std:0.00295691249995071
Iteration:24200	Loss_mean:0.006840579726267606	Loss_std:0.003411165571681942
Iteration:24300	Loss_mean:0.007485933499410748	Loss_std:0.0032623084812562304
Iteration:24400	Loss_mean:0.007226778964977711	Loss_std:0.003470839883110777
Iteration:24500	Loss_mean:0.0073302113416139035	Loss_std:0.003583208714238274
Iteration:24600	Loss_mean:0.007038232159102336	Loss_std:0.0028555480191925693
Iteration:24700	Loss_mean:0.006858363965293392	Loss_std:0.003477468836929224
Iteration:24800	Loss_mean:0.006948292594170197	Loss_std:0.003387464778103824
Iteration:24900	Loss_mean:0.00846583792474121	Loss_std:0.0040315196617591725
Iteration:25000	Loss_mean:0.006824679598212242	Loss_std:0.0031675095634626483
Iteration:25100	Loss_mean:0.006997966475319117	Loss_std:0.003126087286985477
Iteration:25200	Loss_mean:0.0072321125084999945	Loss_std:0.003366581200757019
Iteration:25300	Loss_mean:0.0072432378702796995	Loss_std:0.003443821744277173
Iteration:25400	Loss_mean:0.007219083436066285	Loss_std:0.0035381485395814148
Iteration:25500	Loss_mean:0.006627986995736137	Loss_std:0.002548534718330791
Iteration:25600	Loss_mean:0.007041127226548269	Loss_std:0.002889451061702559
Iteration:25700	Loss_mean:0.00713675108505413	Loss_std:0.0032221855736887747
Iteration:25800	Loss_mean:0.006993805764941499	Loss_std:0.0032645937617496934
Iteration:25900	Loss_mean:0.007283047346863896	Loss_std:0.0034855407637598246
Iteration:26000	Loss_mean:0.007613161219051107	Loss_std:0.0038314262288217135
Iteration:26100	Loss_mean:0.007128764747176319	Loss_std:0.0030022793068720274
Iteration:26200	Loss_mean:0.007470232917112299	Loss_std:0.0037672286494673953
Iteration:26300	Loss_mean:0.008083347859792412	Loss_std:0.0038067027601642327
Iteration:26400	Loss_mean:0.007587428160477429	Loss_std:0.0038962630854874857
Iteration:26500	Loss_mean:0.0071327415260020646	Loss_std:0.0036806530999622645
Iteration:26600	Loss_mean:0.007233516960404814	Loss_std:0.002996765063107407
Iteration:26700	Loss_mean:0.006925033865263686	Loss_std:0.0031108115509003277
Iteration:26800	Loss_mean:0.007519117754418403	Loss_std:0.0032921517060996663
Iteration:26900	Loss_mean:0.007285949169890955	Loss_std:0.003500024944487449
Iteration:27000	Loss_mean:0.007249040820170194	Loss_std:0.003207849793811653
Iteration:27100	Loss_mean:0.0066612488008104265	Loss_std:0.002825220969828207
Iteration:27200	Loss_mean:0.006984768144320697	Loss_std:0.002863227762343001
Iteration:27300	Loss_mean:0.007372516915202141	Loss_std:0.003467661829197516
Iteration:27400	Loss_mean:0.007675490477122366	Loss_std:0.0032230654483720103
Iteration:27500	Loss_mean:0.007364210655214265	Loss_std:0.002980977232451832
Iteration:27600	Loss_mean:0.007535301282769069	Loss_std:0.0030968167468514276
Iteration:27700	Loss_mean:0.007249406322371215	Loss_std:0.0033053677063671133
Iteration:27800	Loss_mean:0.007192347182426602	Loss_std:0.0035404217723307534
Iteration:27900	Loss_mean:0.007090724031440914	Loss_std:0.003172865818840606
Iteration:28000	Loss_mean:0.0069242993131047115	Loss_std:0.0033324720781660235
Iteration:28100	Loss_mean:0.007185814887052402	Loss_std:0.0033014688896466247
Iteration:28200	Loss_mean:0.0070637213590089235	Loss_std:0.003603197641960755
Iteration:28300	Loss_mean:0.006705467160791159	Loss_std:0.00318238055088528
Iteration:28400	Loss_mean:0.007182532229926437	Loss_std:0.0030033501035054895
Iteration:28500	Loss_mean:0.006908335973275825	Loss_std:0.003529723451995978
Iteration:28600	Loss_mean:0.0068914156057871875	Loss_std:0.003415646716176635
Iteration:28700	Loss_mean:0.007222870950354263	Loss_std:0.00322735143606006
Iteration:28800	Loss_mean:0.006826712465845049	Loss_std:0.003212039779344847
Iteration:28900	Loss_mean:0.007468437532661482	Loss_std:0.004224409122471546
Iteration:29000	Loss_mean:0.007381542081711814	Loss_std:0.00373402831454689
Iteration:29100	Loss_mean:0.007494719511596486	Loss_std:0.00335650936412988
Iteration:29200	Loss_mean:0.00756287659460213	Loss_std:0.003531700948278633
Iteration:29300	Loss_mean:0.007478855662047863	Loss_std:0.003437957636563905
Iteration:29400	Loss_mean:0.006910289108054713	Loss_std:0.0030334017725236833
Iteration:29500	Loss_mean:0.007425656714476645	Loss_std:0.003708629297669654
Iteration:29600	Loss_mean:0.007349796699127182	Loss_std:0.003046557771270467
Iteration:29700	Loss_mean:0.007196109325159341	Loss_std:0.003230410949290396
Iteration:29800	Loss_mean:0.007271468930412084	Loss_std:0.002998476922214352
Iteration:29900	Loss_mean:0.006660476695979014	Loss_std:0.0026490821097106257
Iteration:30000	Loss_mean:0.006933184452354908	Loss_std:0.0028107723958876686
Iteration:30100	Loss_mean:0.0074376670550554995	Loss_std:0.0035973172973079812
Iteration:30200	Loss_mean:0.007043688802514225	Loss_std:0.0031754443629239313
Iteration:30300	Loss_mean:0.007472865679301321	Loss_std:0.003257462111590811
Iteration:30400	Loss_mean:0.0078008505865000185	Loss_std:0.003513587849926288
Iteration:30500	Loss_mean:0.006578764233272523	Loss_std:0.002936353626916035
Iteration:30600	Loss_mean:0.007660798100987449	Loss_std:0.003402905689442917
Iteration:30700	Loss_mean:0.007610571636469103	Loss_std:0.003749374436269573
Iteration:30800	Loss_mean:0.007371894118841737	Loss_std:0.003473809584050692
Iteration:30900	Loss_mean:0.006890049532521516	Loss_std:0.003520355039916663
Iteration:31000	Loss_mean:0.007037407894385978	Loss_std:0.0030553841224419433
Iteration:31100	Loss_mean:0.0070299113751389085	Loss_std:0.0030509995690025937
Iteration:31200	Loss_mean:0.0069131152238696815	Loss_std:0.002977155604527155
Iteration:31300	Loss_mean:0.006847573812119662	Loss_std:0.00365447193268271
Iteration:31400	Loss_mean:0.007078032859135419	Loss_std:0.0036676649104170995
Iteration:31500	Loss_mean:0.007482223275583237	Loss_std:0.003564238995275463
Iteration:31600	Loss_mean:0.007427589448634535	Loss_std:0.0033921298471247456
Iteration:31700	Loss_mean:0.006893953748513013	Loss_std:0.00338557106878448
Iteration:31800	Loss_mean:0.007400209683692083	Loss_std:0.0037086199810756272
Iteration:31900	Loss_mean:0.0073119685566052795	Loss_std:0.0032539664356663663
Iteration:32000	Loss_mean:0.006384522779844701	Loss_std:0.002776569928699688
Iteration:32100	Loss_mean:0.0067859764583408835	Loss_std:0.0028820207850827877
Iteration:32200	Loss_mean:0.006613400049973279	Loss_std:0.002978240671429147
Iteration:32300	Loss_mean:0.007177030056482181	Loss_std:0.0036486658811506886
Iteration:32400	Loss_mean:0.007556031078565866	Loss_std:0.0037924093179016044
Iteration:32500	Loss_mean:0.006356299683684483	Loss_std:0.002664711156475312
Iteration:32600	Loss_mean:0.007798818200826645	Loss_std:0.0035813710094574533
Iteration:32700	Loss_mean:0.007573338475776836	Loss_std:0.003544358522232791
Iteration:32800	Loss_mean:0.007274468688992783	Loss_std:0.0030297619946451095
Iteration:32900	Loss_mean:0.007623144852695987	Loss_std:0.003279777061988453
Iteration:33000	Loss_mean:0.007314394386485219	Loss_std:0.0031477734044886123
Iteration:33100	Loss_mean:0.007058126418851316	Loss_std:0.0031011663777137663
Iteration:33200	Loss_mean:0.007170068382984027	Loss_std:0.0032008468136753613
Iteration:33300	Loss_mean:0.007263757400214672	Loss_std:0.0030631876074059586
Iteration:33400	Loss_mean:0.007551658009178936	Loss_std:0.003372941109533463
Iteration:33500	Loss_mean:0.00691079355077818	Loss_std:0.0033980820845445807
Iteration:33600	Loss_mean:0.006906478446908295	Loss_std:0.003216162057760209
Iteration:33700	Loss_mean:0.007077342770062387	Loss_std:0.0032158285725786095
Iteration:33800	Loss_mean:0.006974237081594765	Loss_std:0.0027845557666613323
Iteration:33900	Loss_mean:0.007151872140821069	Loss_std:0.002977070360765744
Iteration:34000	Loss_mean:0.006940491597633809	Loss_std:0.0025805980579726197
Iteration:34100	Loss_mean:0.006858874354511499	Loss_std:0.0028711827315607303
Iteration:34200	Loss_mean:0.0072245652985293415	Loss_std:0.0033508835612897506
Iteration:34300	Loss_mean:0.007357436254387721	Loss_std:0.003312878858549711
Iteration:34400	Loss_mean:0.006698007392697036	Loss_std:0.003030772963382578
Iteration:34500	Loss_mean:0.0067492390505503866	Loss_std:0.002919115634598218
Iteration:34600	Loss_mean:0.007538178120739758	Loss_std:0.0033009463148104237
Iteration:34700	Loss_mean:0.006965390858240426	Loss_std:0.0033481847618496074
Iteration:34800	Loss_mean:0.007203455795533955	Loss_std:0.00322083632404353
Iteration:34900	Loss_mean:0.006924698173534125	Loss_std:0.003300855923414194
Iteration:35000	Loss_mean:0.0067752613814082	Loss_std:0.0028677886499171015
Iteration:35100	Loss_mean:0.007436015538405627	Loss_std:0.0028404162921686106
Iteration:35200	Loss_mean:0.007316082665347494	Loss_std:0.004006490764444226
Iteration:35300	Loss_mean:0.007476553739979863	Loss_std:0.0036080144304517546
Iteration:35400	Loss_mean:0.007897648762445897	Loss_std:0.003800278470412641
Iteration:35500	Loss_mean:0.006663594488054514	Loss_std:0.0025642881471669883
Iteration:35600	Loss_mean:0.007441135261906311	Loss_std:0.0033091707791170753
Iteration:35700	Loss_mean:0.00703294287668541	Loss_std:0.0029493213971795865
Iteration:35800	Loss_mean:0.007140843509696424	Loss_std:0.0036233402435528837
Iteration:35900	Loss_mean:0.00751985497539863	Loss_std:0.0035755029888696753
Iteration:36000	Loss_mean:0.006435942727839574	Loss_std:0.0026746188425638556
Iteration:36100	Loss_mean:0.006820179466158152	Loss_std:0.0035355279603901404
Iteration:36200	Loss_mean:0.007132955122506246	Loss_std:0.003470828440759188
Iteration:36300	Loss_mean:0.007949700474273413	Loss_std:0.00410142432633551
Iteration:36400	Loss_mean:0.006787847630912438	Loss_std:0.0029347008576791397
Iteration:36500	Loss_mean:0.007114123071078211	Loss_std:0.0029939386107987504
Iteration:36600	Loss_mean:0.007123608163092285	Loss_std:0.0033098880531541057
Iteration:36700	Loss_mean:0.006540594513062388	Loss_std:0.0030008780341541277
Iteration:36800	Loss_mean:0.007414871157379821	Loss_std:0.0034231960808780424
Iteration:36900	Loss_mean:0.007427522280486301	Loss_std:0.0029941572539938714
Iteration:37000	Loss_mean:0.0070547792734578256	Loss_std:0.003169287289178087
Iteration:37100	Loss_mean:0.007198419494088739	Loss_std:0.0032529313628717796
Iteration:37200	Loss_mean:0.006779983604792506	Loss_std:0.0033804450246590393
Iteration:37300	Loss_mean:0.006807925002649426	Loss_std:0.0028460277225407305
Iteration:37400	Loss_mean:0.007055792631581426	Loss_std:0.0033869583866601564
Iteration:37500	Loss_mean:0.006857933368301019	Loss_std:0.0030574210547114297
Iteration:37600	Loss_mean:0.007078652809141204	Loss_std:0.00284843866333972
Iteration:37700	Loss_mean:0.00745321333699394	Loss_std:0.002984452465355684
Iteration:37800	Loss_mean:0.007401290363632142	Loss_std:0.003557231724972498
Iteration:37900	Loss_mean:0.0066484020813368265	Loss_std:0.0028699420716434654
Iteration:38000	Loss_mean:0.0072462509828619655	Loss_std:0.00337123773525299
Iteration:38100	Loss_mean:0.006976242086384445	Loss_std:0.0028312930247743613
Iteration:38200	Loss_mean:0.007167945967521519	Loss_std:0.0032693397567092135
Iteration:38300	Loss_mean:0.006996416081674397	Loss_std:0.003177514857044846
Iteration:38400	Loss_mean:0.006639018377754837	Loss_std:0.0027116148884483815
Iteration:38500	Loss_mean:0.006600594602059573	Loss_std:0.0029147546526825446
Iteration:38600	Loss_mean:0.007295388058992103	Loss_std:0.0034503527026807286
Iteration:38700	Loss_mean:0.0072404074028600005	Loss_std:0.0032710269692441947
Iteration:38800	Loss_mean:0.007111240283120423	Loss_std:0.0037801307395161523
Iteration:38900	Loss_mean:0.006594402212649584	Loss_std:0.003274025388184644
Iteration:39000	Loss_mean:0.00696702441200614	Loss_std:0.0033183363384689246
Iteration:39100	Loss_mean:0.006268099467270076	Loss_std:0.0024071208487276563
Iteration:39200	Loss_mean:0.006979439640417695	Loss_std:0.002851988091102942
Iteration:39300	Loss_mean:0.007111715551000089	Loss_std:0.0033268164217940674
Iteration:39400	Loss_mean:0.007231839993037284	Loss_std:0.0034838489007913754
Iteration:39500	Loss_mean:0.0073584929318167265	Loss_std:0.0030926219782954297
Iteration:39600	Loss_mean:0.007344345138408244	Loss_std:0.0026653566239981624
Iteration:39700	Loss_mean:0.0067692177137359975	Loss_std:0.0028373065354032785
Iteration:39800	Loss_mean:0.007079884539125487	Loss_std:0.003146251480903307
Iteration:39900	Loss_mean:0.006866201843949966	Loss_std:0.0035417315206330287
Iteration:40000	Loss_mean:0.007335348604246974	Loss_std:0.0029735052512452785
Iteration:40100	Loss_mean:0.006718955701217055	Loss_std:0.003221290312011638
Iteration:40200	Loss_mean:0.006705477964133024	Loss_std:0.0025795860790005136
Iteration:40300	Loss_mean:0.00742303250124678	Loss_std:0.0031668711045218434
Iteration:40400	Loss_mean:0.006768663097172976	Loss_std:0.0033866989777194757
Iteration:40500	Loss_mean:0.006822275230661035	Loss_std:0.0029172075571287483
Iteration:40600	Loss_mean:0.007301448025973514	Loss_std:0.003019439085991883
Iteration:40700	Loss_mean:0.007250810848781839	Loss_std:0.002850485142997719
Iteration:40800	Loss_mean:0.007212075947318226	Loss_std:0.0033312066472549707
Iteration:40900	Loss_mean:0.006930315494537353	Loss_std:0.0033950848739874987
Iteration:41000	Loss_mean:0.007440971133182757	Loss_std:0.0033035135110279167
Iteration:41100	Loss_mean:0.00698442968307063	Loss_std:0.003104585776085606
Iteration:41200	Loss_mean:0.007229189354693517	Loss_std:0.003255072557607539
Iteration:41300	Loss_mean:0.007269281258340925	Loss_std:0.0035788397199410975
Iteration:41400	Loss_mean:0.006939189996337518	Loss_std:0.002968544615464613
Iteration:41500	Loss_mean:0.006916092416504398	Loss_std:0.0029392811639572755
Iteration:41600	Loss_mean:0.0078079534659627825	Loss_std:0.0038763841353892975
Iteration:41700	Loss_mean:0.006519815906649455	Loss_std:0.00305968115917948
Iteration:41800	Loss_mean:0.007165042342385277	Loss_std:0.0032191049487139325
Iteration:41900	Loss_mean:0.00685249034781009	Loss_std:0.003186114289449546
Iteration:42000	Loss_mean:0.006662275226553902	Loss_std:0.0029427089718917143
Iteration:42100	Loss_mean:0.006744871630799025	Loss_std:0.0033828173775555886
Iteration:42200	Loss_mean:0.007098965512122959	Loss_std:0.0027818327905485543
Iteration:42300	Loss_mean:0.00716586276423186	Loss_std:0.0030381516382276576
Iteration:42400	Loss_mean:0.006655487102689222	Loss_std:0.003093645734530417
Iteration:42500	Loss_mean:0.006765873081749305	Loss_std:0.0027128432353393612
Iteration:42600	Loss_mean:0.006716191450832412	Loss_std:0.003050369735941624
Iteration:42700	Loss_mean:0.007675198457436636	Loss_std:0.0036264634099654534
Iteration:42800	Loss_mean:0.007086043637245893	Loss_std:0.0038993032195286984
Iteration:42900	Loss_mean:0.006560234762728215	Loss_std:0.0030712959163399127
Iteration:43000	Loss_mean:0.007300800925586373	Loss_std:0.0037265964077308495
Iteration:43100	Loss_mean:0.007056638806825504	Loss_std:0.0028317165896663728
Iteration:43200	Loss_mean:0.007095915132667869	Loss_std:0.0032999419599928264
Iteration:43300	Loss_mean:0.006696262122131884	Loss_std:0.0029421783659535224
Iteration:43400	Loss_mean:0.006694815903902054	Loss_std:0.0028015710860236427
Iteration:43500	Loss_mean:0.0067797672480810435	Loss_std:0.00265582720899178
Iteration:43600	Loss_mean:0.007071780188707635	Loss_std:0.0036015519497365725
Iteration:43700	Loss_mean:0.0067387769266497345	Loss_std:0.002934042429327797
Iteration:43800	Loss_mean:0.006442824306432158	Loss_std:0.002564501814621548
Iteration:43900	Loss_mean:0.007236863145371899	Loss_std:0.003118498880843183
Iteration:44000	Loss_mean:0.007143538903910666	Loss_std:0.0030498419016287636
Iteration:44100	Loss_mean:0.0066652847290970384	Loss_std:0.003082704002902567
Iteration:44200	Loss_mean:0.006682506192009896	Loss_std:0.0026926216099942674
Iteration:44300	Loss_mean:0.006420714424457401	Loss_std:0.002486409434628828
Iteration:44400	Loss_mean:0.006703193086432293	Loss_std:0.002976428968748647
Iteration:44500	Loss_mean:0.007099982985528186	Loss_std:0.003427680987041051
Iteration:44600	Loss_mean:0.006611807955196127	Loss_std:0.00367697690828434
Iteration:44700	Loss_mean:0.0072816103335935625	Loss_std:0.0032272527109506676
Iteration:44800	Loss_mean:0.006439335712930188	Loss_std:0.002579270878315205
Iteration:44900	Loss_mean:0.006596069370862097	Loss_std:0.0031546720419911994
Iteration:45000	Loss_mean:0.006770913687068969	Loss_std:0.0026893633573860432
Iteration:45100	Loss_mean:0.006878068235237151	Loss_std:0.002846524226067845
Iteration:45200	Loss_mean:0.00738039955147542	Loss_std:0.0036134625505090073
Iteration:45300	Loss_mean:0.006585073680616916	Loss_std:0.003145105138517044
Iteration:45400	Loss_mean:0.006851754056988284	Loss_std:0.0031812130969980958
Iteration:45500	Loss_mean:0.006594467801041901	Loss_std:0.0034185505714031473
Iteration:45600	Loss_mean:0.007061408347217366	Loss_std:0.0035354118447747983
Iteration:45700	Loss_mean:0.007193011182826012	Loss_std:0.0033882905745918814
Iteration:45800	Loss_mean:0.007014772895490751	Loss_std:0.00340041716275334
Iteration:45900	Loss_mean:0.007063198916148395	Loss_std:0.0030952856842024045
Iteration:46000	Loss_mean:0.007645970220910386	Loss_std:0.0031521544832722945
Iteration:46100	Loss_mean:0.007719554011709988	Loss_std:0.0032998669059510297
Iteration:46200	Loss_mean:0.006611140082823113	Loss_std:0.0027785633674292935
Iteration:46300	Loss_mean:0.007626917681191117	Loss_std:0.0036153842442342345
Iteration:46400	Loss_mean:0.006516065059695392	Loss_std:0.002749580743238704
Iteration:46500	Loss_mean:0.007018052594503388	Loss_std:0.0035036364628827296
Iteration:46600	Loss_mean:0.006711526401340961	Loss_std:0.0031037372613940952
Iteration:46700	Loss_mean:0.006654582917690277	Loss_std:0.0028054878829328386
Iteration:46800	Loss_mean:0.006961497836746275	Loss_std:0.0031154067041192263
Iteration:46900	Loss_mean:0.006932079019024968	Loss_std:0.0030410429389406664
Iteration:47000	Loss_mean:0.006308319275267422	Loss_std:0.002848311322645586
Iteration:47100	Loss_mean:0.0061963239923352375	Loss_std:0.0027803165921162333
Iteration:47200	Loss_mean:0.00682791945990175	Loss_std:0.0028939400941069443
Iteration:47300	Loss_mean:0.0071502831298857926	Loss_std:0.003298458043196933
Iteration:47400	Loss_mean:0.006786224831594154	Loss_std:0.002911271381275553
Iteration:47500	Loss_mean:0.00684826165670529	Loss_std:0.003130094944911937
Iteration:47600	Loss_mean:0.0069223434140440075	Loss_std:0.002901306199325967
Iteration:47700	Loss_mean:0.0069866169500164685	Loss_std:0.003567997261195942
Iteration:47800	Loss_mean:0.00643919639987871	Loss_std:0.0023224853394769557
Iteration:47900	Loss_mean:0.006598906257422641	Loss_std:0.0031845390505480598
Iteration:48000	Loss_mean:0.00691588796209544	Loss_std:0.0035966784319851662
Iteration:48100	Loss_mean:0.007242406480945647	Loss_std:0.0026801951456335983
Iteration:48200	Loss_mean:0.0074656329886056486	Loss_std:0.003385279765144605
Iteration:48300	Loss_mean:0.00689081285148859	Loss_std:0.0031293211392437337
Iteration:48400	Loss_mean:0.007251849195454269	Loss_std:0.0034697619261297506
Iteration:48500	Loss_mean:0.007366316224215552	Loss_std:0.0031397464409863352
Iteration:48600	Loss_mean:0.006748233820544556	Loss_std:0.0030886075176869456
Iteration:48700	Loss_mean:0.006999039383372292	Loss_std:0.0032209623033146928
Iteration:48800	Loss_mean:0.006922589401947335	Loss_std:0.003064767985746792
Iteration:48900	Loss_mean:0.006100754768121988	Loss_std:0.002510095260346816
Iteration:49000	Loss_mean:0.006601759212790057	Loss_std:0.0026961008454543123
Iteration:49100	Loss_mean:0.0065959397959522905	Loss_std:0.0027544138986321637
Iteration:49200	Loss_mean:0.006923570929793641	Loss_std:0.002959792985335888
Iteration:49300	Loss_mean:0.006921629772987217	Loss_std:0.0034599407325282953
Iteration:49400	Loss_mean:0.007219593275804073	Loss_std:0.0029974047491909206
Iteration:49500	Loss_mean:0.007099292490165681	Loss_std:0.00319041089812935
Iteration:49600	Loss_mean:0.006351163728395477	Loss_std:0.0028729787588072236
Iteration:49700	Loss_mean:0.007169241891242564	Loss_std:0.0028775936296064697
Iteration:49800	Loss_mean:0.0068089438090100885	Loss_std:0.002990542008807389
Iteration:49900	Loss_mean:0.007539219034370035	Loss_std:0.003053066526544728
Modifying K
Fitting model on target unit
Iteration:0	Loss_mean:0.013530733063817024	Loss_std:0.0
Iteration:100	Loss_mean:0.0072768330946564675	Loss_std:0.003456866627369854
Iteration:200	Loss_mean:0.007406556659843772	Loss_std:0.0032451478740932547
Iteration:300	Loss_mean:0.007092748922295868	Loss_std:0.0034886756703237124
Iteration:400	Loss_mean:0.006855737550649792	Loss_std:0.0031087386521133
Iteration:500	Loss_mean:0.006983151917811483	Loss_std:0.0028331428531956806
Iteration:600	Loss_mean:0.00713520739460364	Loss_std:0.0028852872691676676
Iteration:700	Loss_mean:0.007387577657354995	Loss_std:0.002942287085666812
Iteration:800	Loss_mean:0.007275297353044152	Loss_std:0.003426758213714274
Iteration:900	Loss_mean:0.006778604085557163	Loss_std:0.002909303832886581
Iteration:1000	Loss_mean:0.006603548078564927	Loss_std:0.0025851702140078257
Iteration:1100	Loss_mean:0.006475042863748968	Loss_std:0.00299562798845505
Iteration:1200	Loss_mean:0.006798121152678504	Loss_std:0.002825435721436438
Iteration:1300	Loss_mean:0.006438903864473104	Loss_std:0.002711145720241215
Iteration:1400	Loss_mean:0.00660595219465904	Loss_std:0.003165885211057195
Iteration:1500	Loss_mean:0.006584606023970992	Loss_std:0.002608612813129448
Iteration:1600	Loss_mean:0.007408989316318184	Loss_std:0.0030499805340256053
Iteration:1700	Loss_mean:0.006519044996239245	Loss_std:0.003276163733774353
Iteration:1800	Loss_mean:0.006578372720396146	Loss_std:0.0032669230353323006
Iteration:1900	Loss_mean:0.006625545343849808	Loss_std:0.0031224900509576486
Iteration:2000	Loss_mean:0.006222239860799164	Loss_std:0.002725095354999152
Iteration:2100	Loss_mean:0.006210135116707534	Loss_std:0.002550220254491158
Iteration:2200	Loss_mean:0.006630750756012276	Loss_std:0.002992967795767829
Iteration:2300	Loss_mean:0.006370198121876456	Loss_std:0.0029153423374035487
Iteration:2400	Loss_mean:0.006861557674128562	Loss_std:0.0031705835063619635
Iteration:2500	Loss_mean:0.006339846611954272	Loss_std:0.002944745971441635
Iteration:2600	Loss_mean:0.006247063223272562	Loss_std:0.0027836315295336274
Iteration:2700	Loss_mean:0.006692688928451389	Loss_std:0.0029322143131922844
Iteration:2800	Loss_mean:0.006090455910889431	Loss_std:0.0025937201989699706
Iteration:2900	Loss_mean:0.0067505647928919645	Loss_std:0.0032650896913981875
Iteration:3000	Loss_mean:0.005875502486014738	Loss_std:0.002705992069552153
Iteration:3100	Loss_mean:0.006164838693803176	Loss_std:0.00281211856431195
Iteration:3200	Loss_mean:0.006386923310346901	Loss_std:0.002615697774834838
Iteration:3300	Loss_mean:0.006019735932350159	Loss_std:0.0030951668084491647
Iteration:3400	Loss_mean:0.006525566292693839	Loss_std:0.0031134729315218427
Iteration:3500	Loss_mean:0.0063343230087775735	Loss_std:0.0027793661018685623
Iteration:3600	Loss_mean:0.006274287533015013	Loss_std:0.0035616292149211995
Iteration:3700	Loss_mean:0.006123309144750237	Loss_std:0.0025063608666640127
Iteration:3800	Loss_mean:0.006231547468341887	Loss_std:0.0024615458069453607
Iteration:3900	Loss_mean:0.006239598061656579	Loss_std:0.0029291669412555986
Iteration:4000	Loss_mean:0.005824470683000982	Loss_std:0.002468314841311937
Iteration:4100	Loss_mean:0.006046908003045246	Loss_std:0.0030959826017972233
Iteration:4200	Loss_mean:0.0068006104824598875	Loss_std:0.003001113135885013
Iteration:4300	Loss_mean:0.005625776833621785	Loss_std:0.0024918959709366796
Iteration:4400	Loss_mean:0.006007810179144144	Loss_std:0.002521851502336884
Iteration:4500	Loss_mean:0.006166607048362494	Loss_std:0.0029946666526214248
Iteration:4600	Loss_mean:0.006107198079116642	Loss_std:0.002970070991340284
Iteration:4700	Loss_mean:0.006520693567581475	Loss_std:0.0027397473320451785
Iteration:4800	Loss_mean:0.006167939602164552	Loss_std:0.002826768782729802
Iteration:4900	Loss_mean:0.005817373084137216	Loss_std:0.0020517623672864794
Iteration:5000	Loss_mean:0.005973547695903108	Loss_std:0.0026827997597341
Iteration:5100	Loss_mean:0.00564655902562663	Loss_std:0.0025285383750360568
Iteration:5200	Loss_mean:0.0060400820430368185	Loss_std:0.0025178494105123927
Iteration:5300	Loss_mean:0.006056712281424553	Loss_std:0.0029462043838005317
Iteration:5400	Loss_mean:0.006165964107494802	Loss_std:0.0029744818504916304
Iteration:5500	Loss_mean:0.006696292198030278	Loss_std:0.0033885258593024845
Iteration:5600	Loss_mean:0.006014709152514115	Loss_std:0.002980848413627391
Iteration:5700	Loss_mean:0.00620639567496255	Loss_std:0.002958881091763137
Iteration:5800	Loss_mean:0.005552803538739682	Loss_std:0.0027117046754664346
Iteration:5900	Loss_mean:0.005919210416032002	Loss_std:0.002740009879477129
Iteration:6000	Loss_mean:0.006399333493318409	Loss_std:0.003633494052708064
Iteration:6100	Loss_mean:0.005464681509183719	Loss_std:0.002136555858941609
Iteration:6200	Loss_mean:0.00551694835361559	Loss_std:0.002572444402209791
Iteration:6300	Loss_mean:0.005900771536398679	Loss_std:0.002489047061621355
Iteration:6400	Loss_mean:0.005960658470867202	Loss_std:0.002908314312096713
Iteration:6500	Loss_mean:0.0053948374313768	Loss_std:0.002879506481259406
Iteration:6600	Loss_mean:0.005885104498593137	Loss_std:0.0025914946166526367
Iteration:6700	Loss_mean:0.0057870225096121435	Loss_std:0.0027737784819441215
Iteration:6800	Loss_mean:0.005511140720918775	Loss_std:0.0023225734511065224
Iteration:6900	Loss_mean:0.005722468059975654	Loss_std:0.0028790271209857545
Iteration:7000	Loss_mean:0.005818156487075612	Loss_std:0.002862237468531293
Iteration:7100	Loss_mean:0.006255575227551162	Loss_std:0.0029687611296461006
Iteration:7200	Loss_mean:0.005617048251442611	Loss_std:0.0026903805276834152
Iteration:7300	Loss_mean:0.005856835653539747	Loss_std:0.0023668466293837315
Iteration:7400	Loss_mean:0.005361988687654957	Loss_std:0.0025158597576058063
Iteration:7500	Loss_mean:0.005493886065669358	Loss_std:0.0022332260183707936
Iteration:7600	Loss_mean:0.0054467148124240335	Loss_std:0.0024059938712255495
Iteration:7700	Loss_mean:0.0059368473722133785	Loss_std:0.0026224416991671405
Iteration:7800	Loss_mean:0.006244320988189429	Loss_std:0.0028147316754165977
Iteration:7900	Loss_mean:0.005624544610036537	Loss_std:0.0024733286771252954
Iteration:8000	Loss_mean:0.006021074742311612	Loss_std:0.0030749422517714897
Iteration:8100	Loss_mean:0.005529023965355009	Loss_std:0.002672823027127485
Iteration:8200	Loss_mean:0.005383817511610687	Loss_std:0.0020963821135850428
Iteration:8300	Loss_mean:0.006013051226036623	Loss_std:0.0025369039200865457
Iteration:8400	Loss_mean:0.005152089344337582	Loss_std:0.002116052385232581
Iteration:8500	Loss_mean:0.005616736693773419	Loss_std:0.002524408457828114
Iteration:8600	Loss_mean:0.0059259256080258635	Loss_std:0.0028913373111258372
Iteration:8700	Loss_mean:0.006190071021555923	Loss_std:0.002690516286747152
Iteration:8800	Loss_mean:0.005734654823318124	Loss_std:0.0026498580035747904
Iteration:8900	Loss_mean:0.005500695379450918	Loss_std:0.002670758664029987
Iteration:9000	Loss_mean:0.005411653781193309	Loss_std:0.002524131438062979
Iteration:9100	Loss_mean:0.005086000480805524	Loss_std:0.0030193641105252947
Iteration:9200	Loss_mean:0.005746343284845352	Loss_std:0.0028482825352373047
Iteration:9300	Loss_mean:0.005522242145380005	Loss_std:0.0025179574213040285
Iteration:9400	Loss_mean:0.005266157117439434	Loss_std:0.0024074765488436944
Iteration:9500	Loss_mean:0.005204690066166222	Loss_std:0.002527436364801976
Iteration:9600	Loss_mean:0.005001146345748566	Loss_std:0.0020459929721933982
Iteration:9700	Loss_mean:0.005280580444377847	Loss_std:0.002297474471180266
Iteration:9800	Loss_mean:0.005492642759927549	Loss_std:0.0024611811514380915
Iteration:9900	Loss_mean:0.005310634720372036	Loss_std:0.002464355183835637
11
Traceback (most recent call last):
  File "fitandpredict.py", line 110, in <module>
    main()
  File "fitandpredict.py", line 107, in main
    fitandpredict(args)
  File "fitandpredict.py", line 91, in fitandpredict
    target_id = np.save(op_path+'target.npy',op_path)
NameError: name 'op_path' is not defined
