Running experiment synthetic
Pretraining model on donor units
Iteration:0	Loss_mean:0.5705819725990295	Loss_std:0.0
Iteration:100	Loss_mean:0.3010471774451435	Loss_std:0.21550218753662506
Iteration:200	Loss_mean:0.25234194273129107	Loss_std:0.14916056541663564
Iteration:300	Loss_mean:0.17348360908217728	Loss_std:0.10312816278914122
Iteration:400	Loss_mean:0.09431288063526154	Loss_std:0.06997081213327468
Iteration:500	Loss_mean:0.07826645231805741	Loss_std:0.06384712392314004
Iteration:600	Loss_mean:0.043431515945121645	Loss_std:0.0330383297835804
Iteration:700	Loss_mean:0.03684404635569081	Loss_std:0.03020667146560059
Iteration:800	Loss_mean:0.02808407524600625	Loss_std:0.022503564848839308
Iteration:900	Loss_mean:0.02816986563615501	Loss_std:0.02335406786725851
Iteration:1000	Loss_mean:0.0275530019775033	Loss_std:0.018642195867376997
Iteration:1100	Loss_mean:0.027071286402642728	Loss_std:0.02371686860501247
Iteration:1200	Loss_mean:0.026562865579035134	Loss_std:0.02024195634647065
Iteration:1300	Loss_mean:0.02339693736517802	Loss_std:0.019222959784407072
Iteration:1400	Loss_mean:0.023207991372328252	Loss_std:0.02151947680037953
Iteration:1500	Loss_mean:0.023099225680343807	Loss_std:0.01901926125998144
Iteration:1600	Loss_mean:0.03133173100184649	Loss_std:0.024565851491641175
Iteration:1700	Loss_mean:0.023883164890576153	Loss_std:0.019777319320386934
Iteration:1800	Loss_mean:0.021649733390659093	Loss_std:0.01738563032943909
Iteration:1900	Loss_mean:0.028864154028706252	Loss_std:0.025524010252509676
Iteration:2000	Loss_mean:0.02177131926873699	Loss_std:0.017185133460205577
Iteration:2100	Loss_mean:0.02801261005690321	Loss_std:0.02512715005573044
Iteration:2200	Loss_mean:0.021863684179261326	Loss_std:0.02146971566065249
Iteration:2300	Loss_mean:0.021712977188872173	Loss_std:0.018099142398094802
Iteration:2400	Loss_mean:0.023685062429867686	Loss_std:0.022046191323284097
Iteration:2500	Loss_mean:0.021825214144773782	Loss_std:0.01681593903303139
Iteration:2600	Loss_mean:0.027004626297857614	Loss_std:0.021530092744734042
Iteration:2700	Loss_mean:0.022899617443326862	Loss_std:0.019822618010823228
Iteration:2800	Loss_mean:0.02146683607948944	Loss_std:0.019282087272197764
Iteration:2900	Loss_mean:0.021093462104909123	Loss_std:0.020896774016703156
Iteration:3000	Loss_mean:0.024020800510188563	Loss_std:0.02361898887000964
Iteration:3100	Loss_mean:0.023357760827057063	Loss_std:0.020164724804207706
Iteration:3200	Loss_mean:0.024257702331524342	Loss_std:0.022181238806229908
Iteration:3300	Loss_mean:0.024610931694041938	Loss_std:0.018517884377980205
Iteration:3400	Loss_mean:0.027896353194955738	Loss_std:0.021639255739366935
Iteration:3500	Loss_mean:0.018720478946343065	Loss_std:0.015630375264862925
Iteration:3600	Loss_mean:0.02158930787234567	Loss_std:0.015952473181059464
Iteration:3700	Loss_mean:0.01915529213147238	Loss_std:0.014192290471607681
Iteration:3800	Loss_mean:0.023808429850032554	Loss_std:0.022529150668592356
Iteration:3900	Loss_mean:0.019533886878052728	Loss_std:0.017741735673069792
Iteration:4000	Loss_mean:0.022198666783515363	Loss_std:0.019134471697499017
Iteration:4100	Loss_mean:0.02001735908910632	Loss_std:0.02038985019574983
Iteration:4200	Loss_mean:0.023710067681968212	Loss_std:0.019462569581560184
Iteration:4300	Loss_mean:0.021483853578101845	Loss_std:0.01951693977723124
Iteration:4400	Loss_mean:0.022300056540407242	Loss_std:0.01793931454818001
Iteration:4500	Loss_mean:0.024819479794241487	Loss_std:0.020492012716872343
Iteration:4600	Loss_mean:0.020530946475919336	Loss_std:0.01577040513965738
Iteration:4700	Loss_mean:0.020180367033462973	Loss_std:0.016106126085176843
Iteration:4800	Loss_mean:0.019611335049849004	Loss_std:0.018362792423176878
Iteration:4900	Loss_mean:0.02269918366568163	Loss_std:0.01625642628544978
Iteration:5000	Loss_mean:0.019873986435122788	Loss_std:0.015475725357720472
Iteration:5100	Loss_mean:0.02187350023770705	Loss_std:0.015834351410375355
Iteration:5200	Loss_mean:0.019921922688372434	Loss_std:0.01814182540384537
Iteration:5300	Loss_mean:0.019253160969819872	Loss_std:0.015127207498914389
Iteration:5400	Loss_mean:0.02079664622200653	Loss_std:0.01766763545746996
Iteration:5500	Loss_mean:0.01636874227784574	Loss_std:0.01254794433397892
Iteration:5600	Loss_mean:0.014601655695587397	Loss_std:0.010381255900241231
Iteration:5700	Loss_mean:0.014306834699818865	Loss_std:0.009144421712391847
Iteration:5800	Loss_mean:0.01312025920022279	Loss_std:0.008854545946533537
Iteration:5900	Loss_mean:0.013770360627677291	Loss_std:0.010366870149247037
Iteration:6000	Loss_mean:0.012191985835088417	Loss_std:0.00722923341141472
Iteration:6100	Loss_mean:0.011473770844750106	Loss_std:0.005898407488263562
Iteration:6200	Loss_mean:0.011681265635415912	Loss_std:0.006947209452827532
Iteration:6300	Loss_mean:0.012647471369709819	Loss_std:0.00852884970594487
Iteration:6400	Loss_mean:0.011999644816387444	Loss_std:0.00609322136996228
Iteration:6500	Loss_mean:0.011268883373122662	Loss_std:0.006903736139390105
Iteration:6600	Loss_mean:0.01231447723461315	Loss_std:0.0074777586374539
Iteration:6700	Loss_mean:0.011839902978390455	Loss_std:0.006996015430334968
Iteration:6800	Loss_mean:0.011252565570175647	Loss_std:0.005224297268467206
Iteration:6900	Loss_mean:0.011976510006934404	Loss_std:0.006743459172908787
Iteration:7000	Loss_mean:0.010596947150770576	Loss_std:0.005248769911053898
Iteration:7100	Loss_mean:0.011450144473928957	Loss_std:0.006918523857995641
Iteration:7200	Loss_mean:0.009053101453464479	Loss_std:0.004281633956822265
Iteration:7300	Loss_mean:0.010052968766540289	Loss_std:0.00636711510040588
Iteration:7400	Loss_mean:0.010051493872888386	Loss_std:0.005389282579150943
Iteration:7500	Loss_mean:0.010045244691427797	Loss_std:0.006685593876234035
Iteration:7600	Loss_mean:0.01039109644247219	Loss_std:0.005789963723480303
Iteration:7700	Loss_mean:0.009665203482145444	Loss_std:0.004785277897728364
Iteration:7800	Loss_mean:0.010435209402348846	Loss_std:0.005946002359386624
Iteration:7900	Loss_mean:0.009529607651056721	Loss_std:0.004940809644583734
Iteration:8000	Loss_mean:0.009964470842387527	Loss_std:0.004678353728940959
Iteration:8100	Loss_mean:0.010679897787049412	Loss_std:0.006248412888687192
Iteration:8200	Loss_mean:0.009928550547920167	Loss_std:0.004611112541286773
Iteration:8300	Loss_mean:0.010210116107482464	Loss_std:0.006848186503916891
Iteration:8400	Loss_mean:0.009082742671016603	Loss_std:0.004065797316527146
Iteration:8500	Loss_mean:0.009188862896990032	Loss_std:0.00493054137614285
Iteration:8600	Loss_mean:0.00891530563007109	Loss_std:0.004507354479870977
Iteration:8700	Loss_mean:0.010191245106980204	Loss_std:0.00525795023610881
Iteration:8800	Loss_mean:0.00961247558821924	Loss_std:0.005934276781605255
Iteration:8900	Loss_mean:0.00996943270554766	Loss_std:0.004694388796844998
Iteration:9000	Loss_mean:0.009625146922189742	Loss_std:0.004704115930110529
Iteration:9100	Loss_mean:0.009140657684765756	Loss_std:0.004532166061335446
Iteration:9200	Loss_mean:0.009882323523052038	Loss_std:0.004907726295249884
Iteration:9300	Loss_mean:0.009221993312239647	Loss_std:0.004441289137003784
Iteration:9400	Loss_mean:0.009349377800244838	Loss_std:0.004539624240206157
Iteration:9500	Loss_mean:0.009710830827243626	Loss_std:0.005408628289115827
Iteration:9600	Loss_mean:0.009447741120820865	Loss_std:0.004886116677966296
Iteration:9700	Loss_mean:0.0096013275696896	Loss_std:0.005551222760170199
Iteration:9800	Loss_mean:0.009274163981899619	Loss_std:0.0049798979415226
Iteration:9900	Loss_mean:0.008705430324189365	Loss_std:0.004159251359783811
Iteration:10000	Loss_mean:0.009436517645372077	Loss_std:0.005553285550407537
Iteration:10100	Loss_mean:0.009255205241497606	Loss_std:0.0042561274312944795
Iteration:10200	Loss_mean:0.009124439263250678	Loss_std:0.0050554341118428416
Iteration:10300	Loss_mean:0.008426581835374236	Loss_std:0.003980150977252461
Iteration:10400	Loss_mean:0.00915003609494306	Loss_std:0.004420807633382933
Iteration:10500	Loss_mean:0.009706608829437755	Loss_std:0.005466605372372709
Iteration:10600	Loss_mean:0.0087785878428258	Loss_std:0.004509557745757777
Iteration:10700	Loss_mean:0.008598779868334532	Loss_std:0.004560384469418943
Iteration:10800	Loss_mean:0.00888509097509086	Loss_std:0.0037724248160797714
Iteration:10900	Loss_mean:0.008849126908462495	Loss_std:0.004256509875208281
Iteration:11000	Loss_mean:0.008666459007654339	Loss_std:0.004501578859521951
Iteration:11100	Loss_mean:0.008943536418955773	Loss_std:0.00405149098470074
Iteration:11200	Loss_mean:0.008719619194162078	Loss_std:0.003997728216597482
Iteration:11300	Loss_mean:0.008810964534641244	Loss_std:0.0043429764969873845
Iteration:11400	Loss_mean:0.008951733296271414	Loss_std:0.003822850712786955
Iteration:11500	Loss_mean:0.009529631945770233	Loss_std:0.005049558050301049
Iteration:11600	Loss_mean:0.009603786407969892	Loss_std:0.0040662675205768856
Iteration:11700	Loss_mean:0.008029816078487784	Loss_std:0.004217667667504119
Iteration:11800	Loss_mean:0.008761852694442495	Loss_std:0.004161613128216433
Iteration:11900	Loss_mean:0.009794439922552555	Loss_std:0.004482145209931565
Iteration:12000	Loss_mean:0.008754120040684939	Loss_std:0.004018774321910561
Iteration:12100	Loss_mean:0.008471574010327458	Loss_std:0.0039417559266894065
Iteration:12200	Loss_mean:0.008426051549613477	Loss_std:0.00386261113673525
Iteration:12300	Loss_mean:0.008750351442722603	Loss_std:0.004141532758849683
Iteration:12400	Loss_mean:0.008553632858674973	Loss_std:0.004225202512575131
Iteration:12500	Loss_mean:0.008107087425887585	Loss_std:0.003706691677634159
Iteration:12600	Loss_mean:0.008925132642034442	Loss_std:0.0042870105391753215
Iteration:12700	Loss_mean:0.008898241673596203	Loss_std:0.0038888973421359685
Iteration:12800	Loss_mean:0.008569385441951453	Loss_std:0.004483037835946072
Iteration:12900	Loss_mean:0.007882209005765617	Loss_std:0.003456722072546527
Iteration:13000	Loss_mean:0.008238451030338182	Loss_std:0.00428176424088275
Iteration:13100	Loss_mean:0.008232655932661146	Loss_std:0.0041331207134120826
Iteration:13200	Loss_mean:0.009059285440016537	Loss_std:0.00379619373081196
Iteration:13300	Loss_mean:0.0080737249343656	Loss_std:0.00341549603218806
Iteration:13400	Loss_mean:0.008427158021950163	Loss_std:0.00370179268980809
Iteration:13500	Loss_mean:0.008213636599248276	Loss_std:0.004276535795414439
Iteration:13600	Loss_mean:0.008526325952261686	Loss_std:0.0037110549290014306
Iteration:13700	Loss_mean:0.00833803346613422	Loss_std:0.003890526483852553
Iteration:13800	Loss_mean:0.008619001404149458	Loss_std:0.004119127211082075
Iteration:13900	Loss_mean:0.008470311099663376	Loss_std:0.003552244017110265
Iteration:14000	Loss_mean:0.008523383946157991	Loss_std:0.0033407666984982876
Iteration:14100	Loss_mean:0.008409633063711225	Loss_std:0.0038191494755662058
Iteration:14200	Loss_mean:0.007708775419741869	Loss_std:0.0032445190388074034
Iteration:14300	Loss_mean:0.008846351238898932	Loss_std:0.00401673963398295
Iteration:14400	Loss_mean:0.008973777497885749	Loss_std:0.003891576741972654
Iteration:14500	Loss_mean:0.00784806992392987	Loss_std:0.003288463024067673
Iteration:14600	Loss_mean:0.007916640117764473	Loss_std:0.004247957322268633
Iteration:14700	Loss_mean:0.007959572094259784	Loss_std:0.0037798547291945663
Iteration:14800	Loss_mean:0.007988018211908638	Loss_std:0.0038044249071755927
Iteration:14900	Loss_mean:0.008039974838029594	Loss_std:0.0037211489432788032
Iteration:15000	Loss_mean:0.008378261909820139	Loss_std:0.003631967917586553
Iteration:15100	Loss_mean:0.008580636859405785	Loss_std:0.0032763974044106446
Iteration:15200	Loss_mean:0.007956768601434305	Loss_std:0.0037090651132702405
Iteration:15300	Loss_mean:0.007985530173173175	Loss_std:0.004022151905806577
Iteration:15400	Loss_mean:0.00843207790516317	Loss_std:0.00376099978502766
Iteration:15500	Loss_mean:0.008081187806092203	Loss_std:0.003374651806548443
Iteration:15600	Loss_mean:0.007797655168105848	Loss_std:0.003921613110465768
Iteration:15700	Loss_mean:0.007686838817317038	Loss_std:0.0032257115111055967
Iteration:15800	Loss_mean:0.008664286786224693	Loss_std:0.004466503208302145
Iteration:15900	Loss_mean:0.007876056792447343	Loss_std:0.0034937064574008998
Iteration:16000	Loss_mean:0.008335239705629646	Loss_std:0.0037768862816885186
Iteration:16100	Loss_mean:0.0077427648939192295	Loss_std:0.00359020125903092
Iteration:16200	Loss_mean:0.008100657376926392	Loss_std:0.003439444361430911
Iteration:16300	Loss_mean:0.008195949764922262	Loss_std:0.004058689922686825
Iteration:16400	Loss_mean:0.007813442244660108	Loss_std:0.003488771405222618
Iteration:16500	Loss_mean:0.00816129156621173	Loss_std:0.003906655930180856
Iteration:16600	Loss_mean:0.008169148620218038	Loss_std:0.003761404822962267
Iteration:16700	Loss_mean:0.008332269417587667	Loss_std:0.0045292673684228825
Iteration:16800	Loss_mean:0.0075889126863330604	Loss_std:0.003287920220148171
Iteration:16900	Loss_mean:0.008178602986736222	Loss_std:0.0038217393865377686
Iteration:17000	Loss_mean:0.008045169720426203	Loss_std:0.003516558304700881
Iteration:17100	Loss_mean:0.008178917481563986	Loss_std:0.003953442879896986
Iteration:17200	Loss_mean:0.007836478501558304	Loss_std:0.003674872441281093
Iteration:17300	Loss_mean:0.007806167101953179	Loss_std:0.0036135473012486154
Iteration:17400	Loss_mean:0.0078122568666003644	Loss_std:0.0035476355535878964
Iteration:17500	Loss_mean:0.007917389975627884	Loss_std:0.0036306794860368912
Iteration:17600	Loss_mean:0.008048377537634224	Loss_std:0.003368294418413295
Iteration:17700	Loss_mean:0.007337923658778891	Loss_std:0.004150430123834995
Iteration:17800	Loss_mean:0.00815980309038423	Loss_std:0.0034817783529398033
Iteration:17900	Loss_mean:0.008584268535487353	Loss_std:0.003984477432064135
Iteration:18000	Loss_mean:0.008251277001108974	Loss_std:0.003234315701046697
Iteration:18100	Loss_mean:0.008438005874631926	Loss_std:0.003484318159652499
Iteration:18200	Loss_mean:0.008067019894951954	Loss_std:0.003978339479741568
Iteration:18300	Loss_mean:0.00806036232621409	Loss_std:0.004055462092279425
Iteration:18400	Loss_mean:0.008335921310354023	Loss_std:0.0038687080268613614
Iteration:18500	Loss_mean:0.008051643256330863	Loss_std:0.0037855424975040027
Iteration:18600	Loss_mean:0.0076363305607810615	Loss_std:0.003424254365951613
Iteration:18700	Loss_mean:0.007629442840116098	Loss_std:0.003613405617511012
Iteration:18800	Loss_mean:0.008276287557091564	Loss_std:0.004373692459099438
Iteration:18900	Loss_mean:0.008180082682520151	Loss_std:0.004080459006828708
Iteration:19000	Loss_mean:0.007975696783978492	Loss_std:0.0033162252478680996
Iteration:19100	Loss_mean:0.008039696784690022	Loss_std:0.004283634117052244
Iteration:19200	Loss_mean:0.00801013979013078	Loss_std:0.0033953169283610332
Iteration:19300	Loss_mean:0.007998476780485361	Loss_std:0.003368130256483916
Iteration:19400	Loss_mean:0.007876904206350446	Loss_std:0.0030365237629115522
Iteration:19500	Loss_mean:0.007567088482901454	Loss_std:0.003527376839155706
Iteration:19600	Loss_mean:0.008067647462012247	Loss_std:0.003465328349100805
Iteration:19700	Loss_mean:0.008271053590578958	Loss_std:0.003843618645460891
Iteration:19800	Loss_mean:0.00852291485411115	Loss_std:0.004016319217689723
Iteration:19900	Loss_mean:0.007366601754911244	Loss_std:0.0037894022604325135
Iteration:20000	Loss_mean:0.007795546143315732	Loss_std:0.0036161675732568335
Iteration:20100	Loss_mean:0.008169594316277652	Loss_std:0.0035966281516592773
Iteration:20200	Loss_mean:0.007899386547505856	Loss_std:0.00341284313759718
Iteration:20300	Loss_mean:0.007949311619158834	Loss_std:0.003583858309776416
Iteration:20400	Loss_mean:0.008759403217118234	Loss_std:0.004294207712634031
Iteration:20500	Loss_mean:0.00821314638480544	Loss_std:0.003720836870621069
Iteration:20600	Loss_mean:0.008150816332781688	Loss_std:0.003530224208550627
Iteration:20700	Loss_mean:0.008477071959059685	Loss_std:0.003602201771894749
Iteration:20800	Loss_mean:0.007776547773974016	Loss_std:0.004082393454158277
Iteration:20900	Loss_mean:0.0076067294733365995	Loss_std:0.003811408727812473
Iteration:21000	Loss_mean:0.007556562121026218	Loss_std:0.0031054413095002067
Iteration:21100	Loss_mean:0.00772413908271119	Loss_std:0.0037076528015511194
Iteration:21200	Loss_mean:0.007507402823539451	Loss_std:0.0033465117933055644
Iteration:21300	Loss_mean:0.007818152091931551	Loss_std:0.003245546305128088
Iteration:21400	Loss_mean:0.007595400493592024	Loss_std:0.0036437206947092177
Iteration:21500	Loss_mean:0.007666085311211645	Loss_std:0.003231034646155646
Iteration:21600	Loss_mean:0.008320625093765556	Loss_std:0.0037903031644273078
Iteration:21700	Loss_mean:0.007899124731775373	Loss_std:0.0034078136974864683
Iteration:21800	Loss_mean:0.007997969910502434	Loss_std:0.0034112539639307906
Iteration:21900	Loss_mean:0.007938796434318647	Loss_std:0.00325549977536352
Iteration:22000	Loss_mean:0.00806433066027239	Loss_std:0.003652355530210922
Iteration:22100	Loss_mean:0.007003653722349555	Loss_std:0.003458196286096965
Iteration:22200	Loss_mean:0.00865466978866607	Loss_std:0.0035927601148550755
Iteration:22300	Loss_mean:0.007943944779690355	Loss_std:0.0035230846983470647
Iteration:22400	Loss_mean:0.007766554388217628	Loss_std:0.003388504328827173
Iteration:22500	Loss_mean:0.008453790843486787	Loss_std:0.0035852114915005907
Iteration:22600	Loss_mean:0.007983571575023234	Loss_std:0.0033471487913724228
Iteration:22700	Loss_mean:0.007491218438372016	Loss_std:0.003578309521891382
Iteration:22800	Loss_mean:0.007818145693745464	Loss_std:0.003389799212911239
Iteration:22900	Loss_mean:0.007385378021281213	Loss_std:0.0032989231799064383
Iteration:23000	Loss_mean:0.007794117694720626	Loss_std:0.003375232059333116
Iteration:23100	Loss_mean:0.008082036282867194	Loss_std:0.0033593731120385205
Iteration:23200	Loss_mean:0.0072980342048686	Loss_std:0.0032000619781019715
Iteration:23300	Loss_mean:0.008293907154584303	Loss_std:0.0037695200492951822
Iteration:23400	Loss_mean:0.008466762055177242	Loss_std:0.0036616541632186386
Iteration:23500	Loss_mean:0.007620258113602177	Loss_std:0.003708398346953587
Iteration:23600	Loss_mean:0.008456494237761944	Loss_std:0.004035155876701899
Iteration:23700	Loss_mean:0.008276344249024988	Loss_std:0.003738356219088601
Iteration:23800	Loss_mean:0.007864297486376017	Loss_std:0.0032599541686905236
Iteration:23900	Loss_mean:0.007903045509010553	Loss_std:0.0031934755942627825
Iteration:24000	Loss_mean:0.008117889692075551	Loss_std:0.0036241939442014856
Iteration:24100	Loss_mean:0.007830901910783722	Loss_std:0.0034688197926486296
Iteration:24200	Loss_mean:0.008396875245962292	Loss_std:0.003442125586243629
Iteration:24300	Loss_mean:0.00766115264617838	Loss_std:0.0032755102144915254
Iteration:24400	Loss_mean:0.007547750014346093	Loss_std:0.003226301988604765
Iteration:24500	Loss_mean:0.007344933134736493	Loss_std:0.0033316090443501535
Iteration:24600	Loss_mean:0.007401878542732447	Loss_std:0.0032020173370065222
Iteration:24700	Loss_mean:0.008004090643953531	Loss_std:0.003802959236769816
Iteration:24800	Loss_mean:0.007356806553434581	Loss_std:0.0032628517127784506
Iteration:24900	Loss_mean:0.008016260279109701	Loss_std:0.0035745272903648776
Iteration:25000	Loss_mean:0.007698123180307448	Loss_std:0.003563075157829587
Iteration:25100	Loss_mean:0.007352593448013067	Loss_std:0.004043236174574769
Iteration:25200	Loss_mean:0.008147863855119794	Loss_std:0.0038599721380366283
Iteration:25300	Loss_mean:0.007830272622522899	Loss_std:0.003625149736361632
Iteration:25400	Loss_mean:0.007395768861752004	Loss_std:0.0028650149272457562
Iteration:25500	Loss_mean:0.008431815672665835	Loss_std:0.003798134265342848
Iteration:25600	Loss_mean:0.007633361013140529	Loss_std:0.00393792868644174
Iteration:25700	Loss_mean:0.007484022105345502	Loss_std:0.003612000944190816
Iteration:25800	Loss_mean:0.007911185107659549	Loss_std:0.003666484607718408
Iteration:25900	Loss_mean:0.007690852156374603	Loss_std:0.003382185605105848
Iteration:26000	Loss_mean:0.0076228603546042	Loss_std:0.003551448199930676
Iteration:26100	Loss_mean:0.007858318814542145	Loss_std:0.0034846434412191727
Iteration:26200	Loss_mean:0.007255521308397874	Loss_std:0.0032935076735621737
Iteration:26300	Loss_mean:0.00828968956368044	Loss_std:0.003317202562627982
Iteration:26400	Loss_mean:0.008203417707700283	Loss_std:0.0033234743317807217
Iteration:26500	Loss_mean:0.007640819599619136	Loss_std:0.003981190737933325
Iteration:26600	Loss_mean:0.0075242760486435144	Loss_std:0.0030413305742919014
Iteration:26700	Loss_mean:0.007134554167278111	Loss_std:0.003132683498485199
Iteration:26800	Loss_mean:0.007141188500681892	Loss_std:0.003268849607526958
Iteration:26900	Loss_mean:0.00814343451987952	Loss_std:0.0034041571567276535
Iteration:27000	Loss_mean:0.008144404378253967	Loss_std:0.003650897679286726
Iteration:27100	Loss_mean:0.007516702660359443	Loss_std:0.0031673681092952207
Iteration:27200	Loss_mean:0.0072341182874515655	Loss_std:0.002801214758185227
Iteration:27300	Loss_mean:0.007685770255047828	Loss_std:0.003438980170922093
Iteration:27400	Loss_mean:0.00755754565121606	Loss_std:0.0030108276096950087
Iteration:27500	Loss_mean:0.008075813304167241	Loss_std:0.00371621885110694
Iteration:27600	Loss_mean:0.007610194813460112	Loss_std:0.0037701491019367693
Iteration:27700	Loss_mean:0.007346625163918361	Loss_std:0.003136866284085858
Iteration:27800	Loss_mean:0.007226932074408978	Loss_std:0.003243839625657077
Iteration:27900	Loss_mean:0.007484301612712443	Loss_std:0.0029030838135489854
Iteration:28000	Loss_mean:0.007428060216479935	Loss_std:0.003424263933763837
Iteration:28100	Loss_mean:0.007606304422952234	Loss_std:0.0029174767028939006
Iteration:28200	Loss_mean:0.007385257824789732	Loss_std:0.003187995210832256
Iteration:28300	Loss_mean:0.00796471544308588	Loss_std:0.0035826309026932386
Iteration:28400	Loss_mean:0.0072561637382023035	Loss_std:0.0030735795698014568
Iteration:28500	Loss_mean:0.007321314851287753	Loss_std:0.002965075505187468
Iteration:28600	Loss_mean:0.007722189866472036	Loss_std:0.003347891171944391
Iteration:28700	Loss_mean:0.006767168202204629	Loss_std:0.0031552669035544924
Iteration:28800	Loss_mean:0.008026668640086427	Loss_std:0.0036997075874494307
Iteration:28900	Loss_mean:0.00732507185311988	Loss_std:0.0036686071501367936
Iteration:29000	Loss_mean:0.007972691616741941	Loss_std:0.0034297983893823375
Iteration:29100	Loss_mean:0.007873012616764754	Loss_std:0.0038339212178579913
Iteration:29200	Loss_mean:0.007519772935193032	Loss_std:0.002728323151575472
Iteration:29300	Loss_mean:0.0073432599217630925	Loss_std:0.0031611665082959223
Iteration:29400	Loss_mean:0.007222243618452921	Loss_std:0.0033788725733242425
Iteration:29500	Loss_mean:0.00731230903766118	Loss_std:0.0029711251867774076
Iteration:29600	Loss_mean:0.008087421332020313	Loss_std:0.00406831108484673
Iteration:29700	Loss_mean:0.007407953628571704	Loss_std:0.0031841979684865867
Iteration:29800	Loss_mean:0.007541431608842686	Loss_std:0.0034640308053231843
Iteration:29900	Loss_mean:0.007862568758428097	Loss_std:0.0035849906622698728
Iteration:30000	Loss_mean:0.007355262864148244	Loss_std:0.003513003213957457
Iteration:30100	Loss_mean:0.00772279619704932	Loss_std:0.003462235411399609
Iteration:30200	Loss_mean:0.007893268349580467	Loss_std:0.003378951724259892
Iteration:30300	Loss_mean:0.007423924678005278	Loss_std:0.0028948015673836264
Iteration:30400	Loss_mean:0.007489967038854957	Loss_std:0.0036985363307764016
Iteration:30500	Loss_mean:0.008418584414757789	Loss_std:0.0034862808602443996
Iteration:30600	Loss_mean:0.007982831246918067	Loss_std:0.0037858849124077806
Iteration:30700	Loss_mean:0.0074383329541888085	Loss_std:0.003139877988235184
Iteration:30800	Loss_mean:0.007820344959618523	Loss_std:0.0037305199574391096
Iteration:30900	Loss_mean:0.007484611046966166	Loss_std:0.0030472524341224145
Iteration:31000	Loss_mean:0.007947176288580523	Loss_std:0.0036749517647876643
Iteration:31100	Loss_mean:0.008552970439195633	Loss_std:0.003672756438975046
Iteration:31200	Loss_mean:0.007940851486055181	Loss_std:0.0033555912115421547
Iteration:31300	Loss_mean:0.008421131451614201	Loss_std:0.0033479477805214487
Iteration:31400	Loss_mean:0.007914461012696848	Loss_std:0.0033121700633118156
Iteration:31500	Loss_mean:0.008044573534280062	Loss_std:0.0038267093418401297
Iteration:31600	Loss_mean:0.0077999108994845304	Loss_std:0.003738637395928869
Iteration:31700	Loss_mean:0.007472202533390373	Loss_std:0.0029237156111380095
Iteration:31800	Loss_mean:0.007813504375517368	Loss_std:0.0034663019489575837
Iteration:31900	Loss_mean:0.007203123108483851	Loss_std:0.0032648654854813583
Iteration:32000	Loss_mean:0.007859756918624044	Loss_std:0.0030028314334573794
Iteration:32100	Loss_mean:0.008197304799687118	Loss_std:0.003468950761229736
Iteration:32200	Loss_mean:0.007260922414716333	Loss_std:0.0036640487231279334
Iteration:32300	Loss_mean:0.008114888716954738	Loss_std:0.0035745435585946934
Iteration:32400	Loss_mean:0.007595530226826668	Loss_std:0.0032500761314910673
Iteration:32500	Loss_mean:0.007260232433327474	Loss_std:0.0039680703252600175
Iteration:32600	Loss_mean:0.0078042225958779455	Loss_std:0.003599169747467439
Iteration:32700	Loss_mean:0.007854164685122669	Loss_std:0.003933253528098931
Iteration:32800	Loss_mean:0.008059786977246403	Loss_std:0.003659862895375439
Iteration:32900	Loss_mean:0.0077888562169391665	Loss_std:0.0037333912104337503
Iteration:33000	Loss_mean:0.00841204939992167	Loss_std:0.003243173014407317
Iteration:33100	Loss_mean:0.007222253691870719	Loss_std:0.003126045405211205
Iteration:33200	Loss_mean:0.0069702153489924965	Loss_std:0.0033694498390324126
Iteration:33300	Loss_mean:0.008251445316709578	Loss_std:0.0038516494709812683
Iteration:33400	Loss_mean:0.00812589074485004	Loss_std:0.0036243524748258613
Iteration:33500	Loss_mean:0.007654053629375994	Loss_std:0.0034183410941365042
Iteration:33600	Loss_mean:0.0079196496529039	Loss_std:0.0038558737842622278
Iteration:33700	Loss_mean:0.00802083502523601	Loss_std:0.0036201874511010155
Iteration:33800	Loss_mean:0.007828943299828098	Loss_std:0.003108686470707982
Iteration:33900	Loss_mean:0.007239478128030896	Loss_std:0.0030214163088724327
Iteration:34000	Loss_mean:0.007827083370648325	Loss_std:0.0036798186852373773
Iteration:34100	Loss_mean:0.007867895575473086	Loss_std:0.003946055945091661
Iteration:34200	Loss_mean:0.00765595261589624	Loss_std:0.003144452321879225
Iteration:34300	Loss_mean:0.00800020297523588	Loss_std:0.0036071051970353054
Iteration:34400	Loss_mean:0.007410451557952911	Loss_std:0.003461526424984978
Iteration:34500	Loss_mean:0.007775414653588086	Loss_std:0.003438124436940467
Iteration:34600	Loss_mean:0.0076613983605057	Loss_std:0.003044355796315355
Iteration:34700	Loss_mean:0.007685691999504343	Loss_std:0.0032105360088294657
Iteration:34800	Loss_mean:0.008074464057572187	Loss_std:0.0040028548660128414
Iteration:34900	Loss_mean:0.008083300706930458	Loss_std:0.0036682843518600836
Iteration:35000	Loss_mean:0.007462049904279411	Loss_std:0.0034630284823120435
Iteration:35100	Loss_mean:0.007586874513654038	Loss_std:0.003038147434725227
Iteration:35200	Loss_mean:0.007658516729716212	Loss_std:0.0032740977777170584
Iteration:35300	Loss_mean:0.007808326936792582	Loss_std:0.003809954029376994
Iteration:35400	Loss_mean:0.007389028470497578	Loss_std:0.003088313224823463
Iteration:35500	Loss_mean:0.0075829440727829935	Loss_std:0.004048431383765707
Iteration:35600	Loss_mean:0.0073315446253400295	Loss_std:0.003783343804496575
Iteration:35700	Loss_mean:0.007750576072139665	Loss_std:0.0032114651917260523
Iteration:35800	Loss_mean:0.00820743226329796	Loss_std:0.003571187388301305
Iteration:35900	Loss_mean:0.0078131253272295	Loss_std:0.003340589849180703
Iteration:36000	Loss_mean:0.007280742794973776	Loss_std:0.003042533852434428
Iteration:36100	Loss_mean:0.007639152321498841	Loss_std:0.0029839183790728568
Iteration:36200	Loss_mean:0.007397078050998971	Loss_std:0.0028608231693244765
Iteration:36300	Loss_mean:0.007381007291842252	Loss_std:0.0035329414112678435
Iteration:36400	Loss_mean:0.006901030776789412	Loss_std:0.002792514890493748
Iteration:36500	Loss_mean:0.007649186537601054	Loss_std:0.0032354674852738134
Iteration:36600	Loss_mean:0.008361884264741094	Loss_std:0.003643268713335354
Iteration:36700	Loss_mean:0.007393131374847144	Loss_std:0.002885757423550224
Iteration:36800	Loss_mean:0.007568103778176009	Loss_std:0.003420023947400523
Iteration:36900	Loss_mean:0.007477718400768936	Loss_std:0.0034861445643252645
Iteration:37000	Loss_mean:0.007745201434008777	Loss_std:0.0033045326425853744
Iteration:37100	Loss_mean:0.00765261911554262	Loss_std:0.0035354642724311053
Iteration:37200	Loss_mean:0.00749936441599857	Loss_std:0.0031350102573111326
Iteration:37300	Loss_mean:0.007587907669367269	Loss_std:0.003270238217029003
Iteration:37400	Loss_mean:0.007408112599514425	Loss_std:0.00340324750815308
Iteration:37500	Loss_mean:0.008010156694799661	Loss_std:0.0033746390237661093
Iteration:37600	Loss_mean:0.007695118271512911	Loss_std:0.0032606538506046836
Iteration:37700	Loss_mean:0.006770004651043564	Loss_std:0.0028802515112496155
Iteration:37800	Loss_mean:0.007426826993469149	Loss_std:0.0031080815253473784
Iteration:37900	Loss_mean:0.006981104019796475	Loss_std:0.0033129977211150716
Iteration:38000	Loss_mean:0.0076569398725405335	Loss_std:0.0031860664951887468
Iteration:38100	Loss_mean:0.006844600065960549	Loss_std:0.0031521626069599615
Iteration:38200	Loss_mean:0.007220257417066023	Loss_std:0.0031077114750085242
Iteration:38300	Loss_mean:0.00809612798737362	Loss_std:0.0034709660968567486
Iteration:38400	Loss_mean:0.007526181999128312	Loss_std:0.003309892208351032
Iteration:38500	Loss_mean:0.007247702318709344	Loss_std:0.003202638854553935
Iteration:38600	Loss_mean:0.007667512668995187	Loss_std:0.0034311811247348285
Iteration:38700	Loss_mean:0.007422121473355219	Loss_std:0.003922368519971329
Iteration:38800	Loss_mean:0.007634965965989977	Loss_std:0.003936493357120546
Iteration:38900	Loss_mean:0.007863182347500696	Loss_std:0.0037428604018827512
Iteration:39000	Loss_mean:0.007307165534002707	Loss_std:0.00311934974228032
Iteration:39100	Loss_mean:0.007430457514710724	Loss_std:0.0032933493264492545
Iteration:39200	Loss_mean:0.00739358706632629	Loss_std:0.003442559511149949
Iteration:39300	Loss_mean:0.008094292727764695	Loss_std:0.0034700625247281068
Iteration:39400	Loss_mean:0.008094310697633772	Loss_std:0.003307268446614742
Iteration:39500	Loss_mean:0.00795780144748278	Loss_std:0.003114252509994322
Iteration:39600	Loss_mean:0.007305889276321978	Loss_std:0.003404298994646123
Iteration:39700	Loss_mean:0.008276262596482412	Loss_std:0.004098261072219229
Iteration:39800	Loss_mean:0.007604069258086384	Loss_std:0.00282261003128939
Iteration:39900	Loss_mean:0.007934323432855307	Loss_std:0.003926452899216638
Iteration:40000	Loss_mean:0.007472593209240585	Loss_std:0.0029349871517112716
Iteration:40100	Loss_mean:0.007337087841588073	Loss_std:0.0035096552911892008
Iteration:40200	Loss_mean:0.007352809779113159	Loss_std:0.003268637161390572
Iteration:40300	Loss_mean:0.007822822234593331	Loss_std:0.0034385316808579467
Iteration:40400	Loss_mean:0.007111968244425952	Loss_std:0.0028664469631567296
Iteration:40500	Loss_mean:0.008245760053396224	Loss_std:0.003741273667806559
Iteration:40600	Loss_mean:0.007232426722766832	Loss_std:0.002792466885515184
Iteration:40700	Loss_mean:0.007800370891345665	Loss_std:0.003623998053831843
Iteration:40800	Loss_mean:0.006947269800584763	Loss_std:0.003312943052952568
Iteration:40900	Loss_mean:0.006808762404834852	Loss_std:0.0030209575349676625
Iteration:41000	Loss_mean:0.0072524876496754586	Loss_std:0.003047929534294356
Iteration:41100	Loss_mean:0.0075159186357632276	Loss_std:0.0032588836088489614
Iteration:41200	Loss_mean:0.0071258014702470975	Loss_std:0.0033422497990398745
Iteration:41300	Loss_mean:0.007332476023584604	Loss_std:0.0030598821342319167
Iteration:41400	Loss_mean:0.007726035269442945	Loss_std:0.0038046614114901544
Iteration:41500	Loss_mean:0.007962969496147707	Loss_std:0.003218317084644267
Iteration:41600	Loss_mean:0.007035145696718246	Loss_std:0.0030423304735424698
Iteration:41700	Loss_mean:0.007462810431607067	Loss_std:0.0030023333489337892
Iteration:41800	Loss_mean:0.007313091331161559	Loss_std:0.002977652178425585
Iteration:41900	Loss_mean:0.0072255736286751925	Loss_std:0.002766312623888734
Iteration:42000	Loss_mean:0.007623723682481796	Loss_std:0.003190574121132555
Iteration:42100	Loss_mean:0.007124552879249677	Loss_std:0.002937565507144641
Iteration:42200	Loss_mean:0.0074090765241999175	Loss_std:0.003017163364055762
Iteration:42300	Loss_mean:0.007286104784579948	Loss_std:0.003032729000956218
Iteration:42400	Loss_mean:0.007229951713234186	Loss_std:0.003001183154388257
Iteration:42500	Loss_mean:0.007217346080578863	Loss_std:0.0028345797235039103
Iteration:42600	Loss_mean:0.007499834187328815	Loss_std:0.0032312604512267397
Iteration:42700	Loss_mean:0.007284672689856961	Loss_std:0.002619683047987744
Iteration:42800	Loss_mean:0.007600379665382207	Loss_std:0.0032900095004485437
Iteration:42900	Loss_mean:0.007863546170992776	Loss_std:0.0034191988662409644
Iteration:43000	Loss_mean:0.007322450147476047	Loss_std:0.003243189528639825
Iteration:43100	Loss_mean:0.00738336916663684	Loss_std:0.003252887048823981
Iteration:43200	Loss_mean:0.007505660885944962	Loss_std:0.003200919752291026
Iteration:43300	Loss_mean:0.007583374499808997	Loss_std:0.0033948704187697007
Iteration:43400	Loss_mean:0.007470225839642808	Loss_std:0.003206944793774789
Iteration:43500	Loss_mean:0.007491211795713753	Loss_std:0.0032426531599025646
Iteration:43600	Loss_mean:0.007366366002243012	Loss_std:0.003407372873401173
Iteration:43700	Loss_mean:0.007164652512874454	Loss_std:0.0030497513794842308
Iteration:43800	Loss_mean:0.007910381100373343	Loss_std:0.0032068234575318125
Iteration:43900	Loss_mean:0.007223582272417844	Loss_std:0.003426929360426706
Iteration:44000	Loss_mean:0.007425570974592119	Loss_std:0.0032293331131495392
Iteration:44100	Loss_mean:0.007416598430136218	Loss_std:0.003184037459983755
Iteration:44200	Loss_mean:0.007368850489147007	Loss_std:0.0032601825140465735
Iteration:44300	Loss_mean:0.006874899523099884	Loss_std:0.003046929348070555
Iteration:44400	Loss_mean:0.007162208529189229	Loss_std:0.003408801295705255
Iteration:44500	Loss_mean:0.007433277537347749	Loss_std:0.0032677816945657673
Iteration:44600	Loss_mean:0.007593684463063255	Loss_std:0.0034901035929482383
Iteration:44700	Loss_mean:0.006975646694190801	Loss_std:0.0032333218458835225
Iteration:44800	Loss_mean:0.007804335949476809	Loss_std:0.003551432337372123
Iteration:44900	Loss_mean:0.007266948659671471	Loss_std:0.0032453104008970082
Iteration:45000	Loss_mean:0.007254538689740003	Loss_std:0.003309200050725941
Iteration:45100	Loss_mean:0.0074291970394551755	Loss_std:0.002922031513134262
Iteration:45200	Loss_mean:0.007259791403776035	Loss_std:0.003293333156248026
Iteration:45300	Loss_mean:0.00699042878812179	Loss_std:0.0027321337683011986
Iteration:45400	Loss_mean:0.007280896704178304	Loss_std:0.0034033353249802605
Iteration:45500	Loss_mean:0.007694497643969953	Loss_std:0.0035621169594415203
Iteration:45600	Loss_mean:0.007569640757283196	Loss_std:0.0033864792993413234
Iteration:45700	Loss_mean:0.006953146348241717	Loss_std:0.002913506135639652
Iteration:45800	Loss_mean:0.007066797665320337	Loss_std:0.0030762532469000166
Iteration:45900	Loss_mean:0.006439649552339688	Loss_std:0.0028755893160711055
Iteration:46000	Loss_mean:0.007687239439692348	Loss_std:0.003558220633983025
Iteration:46100	Loss_mean:0.007886363831348718	Loss_std:0.0032404209211515087
Iteration:46200	Loss_mean:0.007731664786115288	Loss_std:0.003499022393772824
Iteration:46300	Loss_mean:0.007072534086182714	Loss_std:0.003368587083752594
Iteration:46400	Loss_mean:0.00711729143280536	Loss_std:0.0031572586649987423
Iteration:46500	Loss_mean:0.0074197121849283575	Loss_std:0.0033927061720114044
Iteration:46600	Loss_mean:0.007190147928195074	Loss_std:0.0031026152587928864
Iteration:46700	Loss_mean:0.007751119240419939	Loss_std:0.003377491877460366
Iteration:46800	Loss_mean:0.0074461761256679896	Loss_std:0.0031886822438034297
Iteration:46900	Loss_mean:0.007065871480153874	Loss_std:0.0032220518950344073
Iteration:47000	Loss_mean:0.007403513290919364	Loss_std:0.0034420092700196228
Iteration:47100	Loss_mean:0.008006640577223152	Loss_std:0.003600306837353846
Iteration:47200	Loss_mean:0.0076193780452013015	Loss_std:0.0034911044477856784
Iteration:47300	Loss_mean:0.0069853995321318505	Loss_std:0.0031432714572181856
Iteration:47400	Loss_mean:0.007368640099884942	Loss_std:0.0031780628813398233
Iteration:47500	Loss_mean:0.00771488051628694	Loss_std:0.003162344432879776
Iteration:47600	Loss_mean:0.007627929542213679	Loss_std:0.0035069038707343445
Iteration:47700	Loss_mean:0.007766690347343683	Loss_std:0.0031221809055254767
Iteration:47800	Loss_mean:0.0073767970059998335	Loss_std:0.003338573237859893
Iteration:47900	Loss_mean:0.006981455635977909	Loss_std:0.003114779426377328
Iteration:48000	Loss_mean:0.007000651672715321	Loss_std:0.002879981984910423
Iteration:48100	Loss_mean:0.00764982148539275	Loss_std:0.0036196966219223755
Iteration:48200	Loss_mean:0.007565947185503319	Loss_std:0.003488267434943558
Iteration:48300	Loss_mean:0.007043068755883723	Loss_std:0.00328087676531865
Iteration:48400	Loss_mean:0.006974566805874929	Loss_std:0.003539174710310131
Iteration:48500	Loss_mean:0.0074882204341702166	Loss_std:0.003455681371344283
Iteration:48600	Loss_mean:0.007668595627183095	Loss_std:0.003588927111106282
Iteration:48700	Loss_mean:0.007196066454052925	Loss_std:0.003255771686871042
Iteration:48800	Loss_mean:0.007118929957505316	Loss_std:0.0029359921866499005
Iteration:48900	Loss_mean:0.008022710462100804	Loss_std:0.0036899735458898603
Iteration:49000	Loss_mean:0.007398026355076581	Loss_std:0.0031552011814952327
Iteration:49100	Loss_mean:0.007185379317961633	Loss_std:0.003197130532114137
Iteration:49200	Loss_mean:0.007150384531123564	Loss_std:0.0030978079436624647
Iteration:49300	Loss_mean:0.007093844243790955	Loss_std:0.0028160022416006195
Iteration:49400	Loss_mean:0.0070553003961686045	Loss_std:0.0033626564841866117
Iteration:49500	Loss_mean:0.006852243912871927	Loss_std:0.0030421799194117593
Iteration:49600	Loss_mean:0.0072560995793901385	Loss_std:0.003242901221555283
Iteration:49700	Loss_mean:0.007702170728007332	Loss_std:0.003588318818741781
Iteration:49800	Loss_mean:0.007803569186944514	Loss_std:0.003501026456921764
Iteration:49900	Loss_mean:0.007380360686220229	Loss_std:0.0031715339343937406
Modifying K
Fitting model on target unit
Iteration:0	Loss_mean:0.014546365477144718	Loss_std:0.0
Iteration:100	Loss_mean:0.007410376926418394	Loss_std:0.0031768196152686785
Iteration:200	Loss_mean:0.00744976706802845	Loss_std:0.003376177316283177
Iteration:300	Loss_mean:0.007761195203638636	Loss_std:0.003361147408873771
Iteration:400	Loss_mean:0.007979710646905004	Loss_std:0.003713958002377121
Iteration:500	Loss_mean:0.007437090709572658	Loss_std:0.0031280729248523184
Iteration:600	Loss_mean:0.007007374173263088	Loss_std:0.0027196596708877387
Iteration:700	Loss_mean:0.007065595492022112	Loss_std:0.003144140696937389
Iteration:800	Loss_mean:0.0074817558412905785	Loss_std:0.0034648392546552625
Iteration:900	Loss_mean:0.007706265111919492	Loss_std:0.0031461897559939152
Iteration:1000	Loss_mean:0.0070956492773257196	Loss_std:0.0031658108735512233
Iteration:1100	Loss_mean:0.0071983410662505775	Loss_std:0.0030949655000520053
Iteration:1200	Loss_mean:0.007796501081902534	Loss_std:0.0031979086720064515
Iteration:1300	Loss_mean:0.007536971154622734	Loss_std:0.003552815123423038
Iteration:1400	Loss_mean:0.007778638042509556	Loss_std:0.0035818736830999843
Iteration:1500	Loss_mean:0.007497976781451143	Loss_std:0.003197706641492363
Iteration:1600	Loss_mean:0.006857227187138051	Loss_std:0.003026897021837963
Iteration:1700	Loss_mean:0.007056888126535341	Loss_std:0.003348247680330589
Iteration:1800	Loss_mean:0.007171615703264252	Loss_std:0.00328936455105264
Iteration:1900	Loss_mean:0.007234590606531128	Loss_std:0.003287063595737306
Iteration:2000	Loss_mean:0.007273535464191809	Loss_std:0.003494720032340187
Iteration:2100	Loss_mean:0.007000970842782408	Loss_std:0.0028730561429488126
Iteration:2200	Loss_mean:0.006598846497945487	Loss_std:0.002651481414654631
Iteration:2300	Loss_mean:0.007439365587197244	Loss_std:0.003103583981747624
Iteration:2400	Loss_mean:0.006932366220280528	Loss_std:0.0030166051648027052
Iteration:2500	Loss_mean:0.007523048251168802	Loss_std:0.0031515844277919354
Iteration:2600	Loss_mean:0.007158543653786182	Loss_std:0.00299091433716839
Iteration:2700	Loss_mean:0.0066395654750522224	Loss_std:0.0029927505996175385
Iteration:2800	Loss_mean:0.006790775978006422	Loss_std:0.003022132750896512
Iteration:2900	Loss_mean:0.0072235184209421275	Loss_std:0.003427563433801373
Iteration:3000	Loss_mean:0.006981222212780267	Loss_std:0.0030402707641960683
Iteration:3100	Loss_mean:0.007154766594758257	Loss_std:0.003649082391295577
Iteration:3200	Loss_mean:0.007111378002446145	Loss_std:0.003212053019157409
Iteration:3300	Loss_mean:0.006938144427258521	Loss_std:0.0033206892859274297
Iteration:3400	Loss_mean:0.0076270571502391245	Loss_std:0.003141123801813499
Iteration:3500	Loss_mean:0.007206805770110804	Loss_std:0.0028491088754943237
Iteration:3600	Loss_mean:0.007327884343685582	Loss_std:0.0031373685717098433
Iteration:3700	Loss_mean:0.0066314946010243144	Loss_std:0.0028855000502572238
Iteration:3800	Loss_mean:0.007335210043238476	Loss_std:0.0029252479511136928
Iteration:3900	Loss_mean:0.006431200052029453	Loss_std:0.0028971636826848964
Iteration:4000	Loss_mean:0.0063657487800810484	Loss_std:0.0028590234355840485
Iteration:4100	Loss_mean:0.006005841103615239	Loss_std:0.0026610960408530926
Iteration:4200	Loss_mean:0.006703727170825005	Loss_std:0.003044654649619014
Iteration:4300	Loss_mean:0.0073340403148904445	Loss_std:0.003035953083611374
Iteration:4400	Loss_mean:0.006275642563123256	Loss_std:0.0027003636581862047
Iteration:4500	Loss_mean:0.006772418741602451	Loss_std:0.002984223238722847
Iteration:4600	Loss_mean:0.006771021677413955	Loss_std:0.0030396945412463263
Iteration:4700	Loss_mean:0.007037706320406869	Loss_std:0.00334404994159648
Iteration:4800	Loss_mean:0.0070701887644827365	Loss_std:0.0029321719840274805
Iteration:4900	Loss_mean:0.007040321511449292	Loss_std:0.0032770573580424554
Iteration:5000	Loss_mean:0.006803372014546767	Loss_std:0.0028950237750454666
Iteration:5100	Loss_mean:0.006875394810922444	Loss_std:0.0031360994599311997
Iteration:5200	Loss_mean:0.006665505269775167	Loss_std:0.002950830846589211
Iteration:5300	Loss_mean:0.006607677331194281	Loss_std:0.00304608703072127
Iteration:5400	Loss_mean:0.00663632492418401	Loss_std:0.0032842862966810577
Iteration:5500	Loss_mean:0.006974625831935555	Loss_std:0.0033087490668620837
Iteration:5600	Loss_mean:0.006947645554319024	Loss_std:0.0031081557639429003
Iteration:5700	Loss_mean:0.007112795349676162	Loss_std:0.0030609995744144292
Iteration:5800	Loss_mean:0.007115327309584245	Loss_std:0.0030625296470423815
Iteration:5900	Loss_mean:0.00626534539682325	Loss_std:0.00305696845460962
Iteration:6000	Loss_mean:0.006789023070596158	Loss_std:0.0030824963062335256
Iteration:6100	Loss_mean:0.0064441922260448335	Loss_std:0.0025464227400327326
Iteration:6200	Loss_mean:0.006971063609234988	Loss_std:0.0032793581515247394
Iteration:6300	Loss_mean:0.006978669057134539	Loss_std:0.0029086942330271664
Iteration:6400	Loss_mean:0.006622043547686189	Loss_std:0.0028578271487976255
Iteration:6500	Loss_mean:0.006615539705380797	Loss_std:0.002789360505399154
Iteration:6600	Loss_mean:0.0066350270400289445	Loss_std:0.003128602265673175
Iteration:6700	Loss_mean:0.006492966835503466	Loss_std:0.0033195898695470537
Iteration:6800	Loss_mean:0.006743241838412359	Loss_std:0.0029433225078834007
Iteration:6900	Loss_mean:0.006237822332186624	Loss_std:0.003092099462977213
Iteration:7000	Loss_mean:0.006284746788442135	Loss_std:0.003113366847581819
Iteration:7100	Loss_mean:0.0068217155465390535	Loss_std:0.0028817460183131727
Iteration:7200	Loss_mean:0.006379503533244133	Loss_std:0.00312902749529123
Iteration:7300	Loss_mean:0.006869109862018377	Loss_std:0.0028687951808061976
Iteration:7400	Loss_mean:0.006365568855544552	Loss_std:0.002791545701038041
Iteration:7500	Loss_mean:0.0064643151743803175	Loss_std:0.0029496402605090804
Iteration:7600	Loss_mean:0.006673926643561572	Loss_std:0.002701626963883116
Iteration:7700	Loss_mean:0.006336825299367774	Loss_std:0.0028226814231460304
Iteration:7800	Loss_mean:0.006040051609743386	Loss_std:0.002596190999355053
Iteration:7900	Loss_mean:0.00682474369648844	Loss_std:0.003000028392712862
Iteration:8000	Loss_mean:0.005997589995386079	Loss_std:0.0025176898697943607
Iteration:8100	Loss_mean:0.005868540460360236	Loss_std:0.0028942040349545384
Iteration:8200	Loss_mean:0.006435403665527702	Loss_std:0.003252001420081342
Iteration:8300	Loss_mean:0.006413850368699059	Loss_std:0.002731598513743046
Iteration:8400	Loss_mean:0.006611003637081012	Loss_std:0.003448443559938325
Iteration:8500	Loss_mean:0.006611734309408348	Loss_std:0.003077479494260903
Iteration:8600	Loss_mean:0.0062895951594691725	Loss_std:0.0026248155933184776
Iteration:8700	Loss_mean:0.0066326491034124045	Loss_std:0.002520931041828502
Iteration:8800	Loss_mean:0.0054152321262517945	Loss_std:0.002416052320033115
Iteration:8900	Loss_mean:0.006092379852198064	Loss_std:0.0027266784808742967
Iteration:9000	Loss_mean:0.006266105942195281	Loss_std:0.002738447938888974
Iteration:9100	Loss_mean:0.005835037764627487	Loss_std:0.0028674430219960655
Iteration:9200	Loss_mean:0.0055951503058895465	Loss_std:0.0025844528478667322
Iteration:9300	Loss_mean:0.005741888186894357	Loss_std:0.0024809549276054357
Iteration:9400	Loss_mean:0.0059642033441923556	Loss_std:0.0025026285194716413
Iteration:9500	Loss_mean:0.006058288613567129	Loss_std:0.002933994461899339
Iteration:9600	Loss_mean:0.005960408836835995	Loss_std:0.0028498412773869807
Iteration:9700	Loss_mean:0.006438232464715838	Loss_std:0.0031640485101215817
Iteration:9800	Loss_mean:0.005791488533141091	Loss_std:0.0027008838478002556
Iteration:9900	Loss_mean:0.006252978218253702	Loss_std:0.00308430979720574
6
Traceback (most recent call last):
  File "fitandpredict.py", line 110, in <module>
    main()
  File "fitandpredict.py", line 107, in main
    fitandpredict(args)
  File "fitandpredict.py", line 91, in fitandpredict
    target_id = np.save(op_path+'target.npy',op_path)
NameError: name 'op_path' is not defined
