Running experiment synthetic
Pretraining model on donor units
Iteration:0	Loss_mean:0.27441757917404175	Loss_std:0.0
Iteration:100	Loss_mean:0.3759497865661979	Loss_std:0.27199989664029395
Iteration:200	Loss_mean:0.30355775862932205	Loss_std:0.18688486755990955
Iteration:300	Loss_mean:0.24106916591525077	Loss_std:0.1553989472626357
Iteration:400	Loss_mean:0.15344986774027347	Loss_std:0.10259005447336436
Iteration:500	Loss_mean:0.10528271272778511	Loss_std:0.06515697134164729
Iteration:600	Loss_mean:0.05932756792753935	Loss_std:0.0386506193065121
Iteration:700	Loss_mean:0.03798189873807132	Loss_std:0.021578043763314396
Iteration:800	Loss_mean:0.030132443075999618	Loss_std:0.015777257327791706
Iteration:900	Loss_mean:0.025039300294592975	Loss_std:0.02035601549501041
Iteration:1000	Loss_mean:0.024048967058770358	Loss_std:0.015146581810477743
Iteration:1100	Loss_mean:0.022577896369621157	Loss_std:0.011307604946852023
Iteration:1200	Loss_mean:0.02013111252570525	Loss_std:0.012661111794278205
Iteration:1300	Loss_mean:0.022636488396674394	Loss_std:0.012910260263931364
Iteration:1400	Loss_mean:0.023254984277300536	Loss_std:0.013826035361140339
Iteration:1500	Loss_mean:0.020256717604352163	Loss_std:0.012264669883760336
Iteration:1600	Loss_mean:0.020392248834250493	Loss_std:0.012327789983362142
Iteration:1700	Loss_mean:0.021960080326534806	Loss_std:0.012305248514544807
Iteration:1800	Loss_mean:0.018339399816468357	Loss_std:0.01240723172479974
Iteration:1900	Loss_mean:0.01947177811525762	Loss_std:0.011866946231640958
Iteration:2000	Loss_mean:0.020381983669940384	Loss_std:0.011608466678983638
Iteration:2100	Loss_mean:0.019684214722365142	Loss_std:0.012257208328980173
Iteration:2200	Loss_mean:0.020892608559224753	Loss_std:0.012012779118029443
Iteration:2300	Loss_mean:0.01945062218233943	Loss_std:0.010225911019037737
Iteration:2400	Loss_mean:0.0186603501602076	Loss_std:0.009913573009563994
Iteration:2500	Loss_mean:0.019893182776868343	Loss_std:0.010947759015706344
Iteration:2600	Loss_mean:0.020158938141539694	Loss_std:0.01114415073906526
Iteration:2700	Loss_mean:0.01922534979414195	Loss_std:0.012059099368212487
Iteration:2800	Loss_mean:0.019343172626104205	Loss_std:0.009664179418288137
Iteration:2900	Loss_mean:0.017954328604973854	Loss_std:0.009341623130272644
Iteration:3000	Loss_mean:0.01927676231600344	Loss_std:0.012559643829036366
Iteration:3100	Loss_mean:0.01910784950479865	Loss_std:0.012974895959960053
Iteration:3200	Loss_mean:0.02274166117887944	Loss_std:0.014155514325148378
Iteration:3300	Loss_mean:0.022253396986052394	Loss_std:0.012849247283759614
Iteration:3400	Loss_mean:0.019685419930610806	Loss_std:0.010903207358668263
Iteration:3500	Loss_mean:0.020613009915687142	Loss_std:0.016067671339980914
Iteration:3600	Loss_mean:0.019270030271727592	Loss_std:0.012231725776481586
Iteration:3700	Loss_mean:0.019691840969026087	Loss_std:0.010983819192882114
Iteration:3800	Loss_mean:0.0197947561647743	Loss_std:0.01139435865081044
Iteration:3900	Loss_mean:0.01989275236497633	Loss_std:0.012292183042390423
Iteration:4000	Loss_mean:0.01938852449413389	Loss_std:0.011716189070139512
Iteration:4100	Loss_mean:0.0186452504794579	Loss_std:0.01000005716355099
Iteration:4200	Loss_mean:0.019843426845036448	Loss_std:0.01284050495888714
Iteration:4300	Loss_mean:0.017518390896730126	Loss_std:0.008078808981701156
Iteration:4400	Loss_mean:0.019280285926070066	Loss_std:0.011385750629920987
Iteration:4500	Loss_mean:0.02079091744031757	Loss_std:0.014723348276119742
Iteration:4600	Loss_mean:0.018326377396006135	Loss_std:0.01244760647139678
Iteration:4700	Loss_mean:0.017812751010060312	Loss_std:0.010627544619366616
Iteration:4800	Loss_mean:0.018783779493533076	Loss_std:0.012473186418116863
Iteration:4900	Loss_mean:0.019753656536340713	Loss_std:0.012792093088614481
Iteration:5000	Loss_mean:0.020106842976529152	Loss_std:0.01328411629981123
Iteration:5100	Loss_mean:0.020422995092812927	Loss_std:0.011721829535364617
Iteration:5200	Loss_mean:0.021349468189291655	Loss_std:0.013382074014564479
Iteration:5300	Loss_mean:0.018807488866150378	Loss_std:0.009940586046484791
Iteration:5400	Loss_mean:0.01976394362282008	Loss_std:0.012035236797176082
Iteration:5500	Loss_mean:0.02007903026882559	Loss_std:0.011086089619523473
Iteration:5600	Loss_mean:0.018517191109713168	Loss_std:0.012281445353542902
Iteration:5700	Loss_mean:0.020304535729810596	Loss_std:0.012059412218764715
Iteration:5800	Loss_mean:0.02158130510011688	Loss_std:0.013285142728237772
Iteration:5900	Loss_mean:0.020944925220683218	Loss_std:0.01115903863835454
Iteration:6000	Loss_mean:0.02217344965785742	Loss_std:0.012714797395668283
Iteration:6100	Loss_mean:0.017039886792190373	Loss_std:0.008309571462237982
Iteration:6200	Loss_mean:0.01804518910124898	Loss_std:0.009209934195292955
Iteration:6300	Loss_mean:0.01785016518086195	Loss_std:0.009775345327129445
Iteration:6400	Loss_mean:0.01852466308744624	Loss_std:0.011443953047324
Iteration:6500	Loss_mean:0.019244499392807483	Loss_std:0.00997705596482135
Iteration:6600	Loss_mean:0.020095640434883533	Loss_std:0.011494623162927327
Iteration:6700	Loss_mean:0.0192299056914635	Loss_std:0.011392236738109887
Iteration:6800	Loss_mean:0.01987314092926681	Loss_std:0.011915284735533419
Iteration:6900	Loss_mean:0.018546232010703535	Loss_std:0.010982250141563465
Iteration:7000	Loss_mean:0.018147194338962436	Loss_std:0.01190178450205687
Iteration:7100	Loss_mean:0.018576206155121327	Loss_std:0.011387087961511262
Iteration:7200	Loss_mean:0.01879311478231102	Loss_std:0.010344039400673143
Iteration:7300	Loss_mean:0.017266921624541284	Loss_std:0.010083123203491851
Iteration:7400	Loss_mean:0.021835805093869568	Loss_std:0.014528977153632093
Iteration:7500	Loss_mean:0.01948966078227386	Loss_std:0.013583122214460744
Iteration:7600	Loss_mean:0.019314503101631998	Loss_std:0.01374722923830537
Iteration:7700	Loss_mean:0.0195334241585806	Loss_std:0.01147771149455626
Iteration:7800	Loss_mean:0.019797314680181442	Loss_std:0.01154305458133481
Iteration:7900	Loss_mean:0.018417542022652923	Loss_std:0.010402076295659667
Iteration:8000	Loss_mean:0.01937485656235367	Loss_std:0.010361725521743508
Iteration:8100	Loss_mean:0.019961946543771772	Loss_std:0.012914400763761711
Iteration:8200	Loss_mean:0.017788136694580316	Loss_std:0.01022400266846478
Iteration:8300	Loss_mean:0.019784424488898368	Loss_std:0.012219631788123353
Iteration:8400	Loss_mean:0.018449700337368993	Loss_std:0.011508907363724754
Iteration:8500	Loss_mean:0.020444558286108076	Loss_std:0.010896981174178996
Iteration:8600	Loss_mean:0.018711090115830303	Loss_std:0.01023254402011998
Iteration:8700	Loss_mean:0.02069320168811828	Loss_std:0.010515623607041797
Iteration:8800	Loss_mean:0.019177263011224566	Loss_std:0.011166555243727123
Iteration:8900	Loss_mean:0.020377335767261685	Loss_std:0.013464838837889834
Iteration:9000	Loss_mean:0.017269955456722528	Loss_std:0.01088361398291062
Iteration:9100	Loss_mean:0.018206417600158602	Loss_std:0.011796443613712177
Iteration:9200	Loss_mean:0.01724450406851247	Loss_std:0.009003620175808892
Iteration:9300	Loss_mean:0.01865504450863227	Loss_std:0.012453259493565618
Iteration:9400	Loss_mean:0.01837450861930847	Loss_std:0.011019705941109775
Iteration:9500	Loss_mean:0.01790710215922445	Loss_std:0.01142246190848767
Iteration:9600	Loss_mean:0.014765869738766924	Loss_std:0.008554351552039596
Iteration:9700	Loss_mean:0.01670965914847329	Loss_std:0.0097319849184803
Iteration:9800	Loss_mean:0.014774978305213153	Loss_std:0.008536890469129603
Iteration:9900	Loss_mean:0.015954326114151627	Loss_std:0.008550470746420936
Iteration:10000	Loss_mean:0.017316251108422876	Loss_std:0.010075066696084736
Iteration:10100	Loss_mean:0.015415120329707861	Loss_std:0.007661693423331913
Iteration:10200	Loss_mean:0.015256528607569635	Loss_std:0.008055517874471006
Iteration:10300	Loss_mean:0.015953147001564503	Loss_std:0.0077092928216571
Iteration:10400	Loss_mean:0.015555638559162617	Loss_std:0.006632287347551824
Iteration:10500	Loss_mean:0.015144180201459675	Loss_std:0.009473471148181225
Iteration:10600	Loss_mean:0.015871842582710086	Loss_std:0.007535767912043348
Iteration:10700	Loss_mean:0.015731505737639963	Loss_std:0.01019300741052498
Iteration:10800	Loss_mean:0.01413092992734164	Loss_std:0.006889335299294349
Iteration:10900	Loss_mean:0.014544836627319455	Loss_std:0.007555104593500838
Iteration:11000	Loss_mean:0.014046842472162098	Loss_std:0.006873000994280914
Iteration:11100	Loss_mean:0.015751287090824916	Loss_std:0.00820419243955594
Iteration:11200	Loss_mean:0.01582639806903899	Loss_std:0.007795675927162186
Iteration:11300	Loss_mean:0.013797848224639893	Loss_std:0.00690884053090662
Iteration:11400	Loss_mean:0.014037047997117042	Loss_std:0.00786867824142088
Iteration:11500	Loss_mean:0.014322889843024314	Loss_std:0.007468328982203172
Iteration:11600	Loss_mean:0.014328010512981564	Loss_std:0.0069562081591183385
Iteration:11700	Loss_mean:0.015327747177798301	Loss_std:0.0059802620071947735
Iteration:11800	Loss_mean:0.01419330291217193	Loss_std:0.007323068904770532
Iteration:11900	Loss_mean:0.01432620586361736	Loss_std:0.006387046891982103
Iteration:12000	Loss_mean:0.014981183521449566	Loss_std:0.008694742604849509
Iteration:12100	Loss_mean:0.016373627674765884	Loss_std:0.007356332967213483
Iteration:12200	Loss_mean:0.013718939553946256	Loss_std:0.006944806820219067
Iteration:12300	Loss_mean:0.013408307810314	Loss_std:0.005620122623339007
Iteration:12400	Loss_mean:0.014635212658904493	Loss_std:0.00870976961867375
Iteration:12500	Loss_mean:0.015016164917033165	Loss_std:0.006388458350767304
Iteration:12600	Loss_mean:0.014601177372969686	Loss_std:0.008881881675783184
Iteration:12700	Loss_mean:0.015040602299850435	Loss_std:0.007194724494541477
Iteration:12800	Loss_mean:0.015081062787212432	Loss_std:0.007573647008489396
Iteration:12900	Loss_mean:0.01289852434536442	Loss_std:0.005865474750256232
Iteration:13000	Loss_mean:0.013939413609914481	Loss_std:0.006653615901918961
Iteration:13100	Loss_mean:0.01411780783208087	Loss_std:0.006533376115427229
Iteration:13200	Loss_mean:0.014906556962523609	Loss_std:0.0071352878179658345
Iteration:13300	Loss_mean:0.012875906396657229	Loss_std:0.005517102419249267
Iteration:13400	Loss_mean:0.014317366385366768	Loss_std:0.007594404726797809
Iteration:13500	Loss_mean:0.015284133274108172	Loss_std:0.00792941931354274
Iteration:13600	Loss_mean:0.013972732964903116	Loss_std:0.006545204041091876
Iteration:13700	Loss_mean:0.013008531709201633	Loss_std:0.006234888712521721
Iteration:13800	Loss_mean:0.013418090078048409	Loss_std:0.006777568063788571
Iteration:13900	Loss_mean:0.014714911584742368	Loss_std:0.008697689267989979
Iteration:14000	Loss_mean:0.013873532833531498	Loss_std:0.006183315487590219
Iteration:14100	Loss_mean:0.013100900016725063	Loss_std:0.007139836587371355
Iteration:14200	Loss_mean:0.013213168068323284	Loss_std:0.006216853289239779
Iteration:14300	Loss_mean:0.014787626096513122	Loss_std:0.008543329712118778
Iteration:14400	Loss_mean:0.01425571797415614	Loss_std:0.0068856589207630745
Iteration:14500	Loss_mean:0.01429854369489476	Loss_std:0.007550156065602819
Iteration:14600	Loss_mean:0.014772859644144773	Loss_std:0.008462135367216059
Iteration:14700	Loss_mean:0.014229694227688015	Loss_std:0.006961776902956366
Iteration:14800	Loss_mean:0.013409099753480404	Loss_std:0.006861691499336425
Iteration:14900	Loss_mean:0.013976466944441199	Loss_std:0.006573302274949099
Iteration:15000	Loss_mean:0.012654430584516376	Loss_std:0.005641631675555718
Iteration:15100	Loss_mean:0.015098276250064373	Loss_std:0.008809759922785581
Iteration:15200	Loss_mean:0.01438513485249132	Loss_std:0.005561194546169437
Iteration:15300	Loss_mean:0.013544036238454283	Loss_std:0.006562692229121482
Iteration:15400	Loss_mean:0.014015512354671956	Loss_std:0.006355263191641105
Iteration:15500	Loss_mean:0.01369890256319195	Loss_std:0.006644576177203596
Iteration:15600	Loss_mean:0.013200148977339267	Loss_std:0.005685245349312538
Iteration:15700	Loss_mean:0.0142683696327731	Loss_std:0.00624269382767464
Iteration:15800	Loss_mean:0.014454015791416168	Loss_std:0.00701260638191636
Iteration:15900	Loss_mean:0.014062431309139357	Loss_std:0.0065014362084686705
Iteration:16000	Loss_mean:0.014601072159130125	Loss_std:0.007615678287135717
Iteration:16100	Loss_mean:0.013722795899957419	Loss_std:0.006229448063265629
Iteration:16200	Loss_mean:0.01432887370698154	Loss_std:0.006662730707125202
Iteration:16300	Loss_mean:0.01404628878692165	Loss_std:0.00611586853749616
Iteration:16400	Loss_mean:0.013825348508544267	Loss_std:0.007660322988604764
Iteration:16500	Loss_mean:0.013606822416186333	Loss_std:0.006265544660585827
Iteration:16600	Loss_mean:0.013546989457681775	Loss_std:0.006670631289587994
Iteration:16700	Loss_mean:0.013193961409851908	Loss_std:0.005976660385851553
Iteration:16800	Loss_mean:0.013176617994904518	Loss_std:0.0053588696301302965
Iteration:16900	Loss_mean:0.013435296739917248	Loss_std:0.006162734997156296
Iteration:17000	Loss_mean:0.013172785458154977	Loss_std:0.0058535292657624464
Iteration:17100	Loss_mean:0.014610695275478066	Loss_std:0.006794186975120634
Iteration:17200	Loss_mean:0.013165492195403203	Loss_std:0.006070854755151724
Iteration:17300	Loss_mean:0.013019578738603741	Loss_std:0.006033944784664737
Iteration:17400	Loss_mean:0.012741109300404787	Loss_std:0.005839487822853433
Iteration:17500	Loss_mean:0.013128349392209202	Loss_std:0.006513916638999444
Iteration:17600	Loss_mean:0.013528385306708515	Loss_std:0.0067692029085755145
Iteration:17700	Loss_mean:0.014017939775949345	Loss_std:0.00676484875806721
Iteration:17800	Loss_mean:0.013194948295131325	Loss_std:0.005535666435518216
Iteration:17900	Loss_mean:0.012890426642261445	Loss_std:0.005472555673977649
Iteration:18000	Loss_mean:0.013281181873753666	Loss_std:0.006112110717855624
Iteration:18100	Loss_mean:0.012927568291779608	Loss_std:0.005709980986460956
Iteration:18200	Loss_mean:0.013548285102006048	Loss_std:0.006359004678140651
Iteration:18300	Loss_mean:0.013418528547044844	Loss_std:0.005155965165162491
Iteration:18400	Loss_mean:0.012861813502386212	Loss_std:0.005986371202052028
Iteration:18500	Loss_mean:0.013671164650004357	Loss_std:0.006107357606451836
Iteration:18600	Loss_mean:0.012813096106983722	Loss_std:0.005532030500740595
Iteration:18700	Loss_mean:0.012047047670930624	Loss_std:0.005602485105786396
Iteration:18800	Loss_mean:0.013914108895696699	Loss_std:0.006199959526813884
Iteration:18900	Loss_mean:0.012137658910360187	Loss_std:0.005798299370446559
Iteration:19000	Loss_mean:0.013592356285080313	Loss_std:0.00650215313581566
Iteration:19100	Loss_mean:0.01211710513336584	Loss_std:0.005359797482917393
Iteration:19200	Loss_mean:0.012685316298156977	Loss_std:0.005360957754489822
Iteration:19300	Loss_mean:0.012716547462623566	Loss_std:0.005612091850562749
Iteration:19400	Loss_mean:0.013521552965976298	Loss_std:0.007056146698602042
Iteration:19500	Loss_mean:0.012929791770875453	Loss_std:0.005598962635866438
Iteration:19600	Loss_mean:0.013300404981710017	Loss_std:0.0064351252718577055
Iteration:19700	Loss_mean:0.013618535450659693	Loss_std:0.006946959280249058
Iteration:19800	Loss_mean:0.01342011286644265	Loss_std:0.006455106612786823
Iteration:19900	Loss_mean:0.012577152103185654	Loss_std:0.0059398259781802696
Iteration:20000	Loss_mean:0.011874992202501744	Loss_std:0.005156398705909962
Iteration:20100	Loss_mean:0.012276483539026231	Loss_std:0.005475503530085669
Iteration:20200	Loss_mean:0.012866979013197125	Loss_std:0.005125326002889807
Iteration:20300	Loss_mean:0.012316408364567906	Loss_std:0.00635761786122228
Iteration:20400	Loss_mean:0.01296258179936558	Loss_std:0.006956491379521518
Iteration:20500	Loss_mean:0.012205163319595157	Loss_std:0.005803604523859331
Iteration:20600	Loss_mean:0.013303821708541363	Loss_std:0.005250259728301878
Iteration:20700	Loss_mean:0.012929285990539939	Loss_std:0.005576822253799645
Iteration:20800	Loss_mean:0.014336313102394343	Loss_std:0.0074047962971095435
Iteration:20900	Loss_mean:0.012665325780399144	Loss_std:0.005404923496912819
Iteration:21000	Loss_mean:0.01268063516356051	Loss_std:0.005767557983543634
Iteration:21100	Loss_mean:0.013368538299109787	Loss_std:0.005912166728051622
Iteration:21200	Loss_mean:0.013223682052921504	Loss_std:0.006434391078897139
Iteration:21300	Loss_mean:0.01236573767499067	Loss_std:0.005897647861633372
Iteration:21400	Loss_mean:0.012528538362821563	Loss_std:0.006548765493155796
Iteration:21500	Loss_mean:0.0133295223955065	Loss_std:0.005786616233038439
Iteration:21600	Loss_mean:0.013190094023011625	Loss_std:0.005771750415675091
Iteration:21700	Loss_mean:0.0133683368912898	Loss_std:0.0058736659352624145
Iteration:21800	Loss_mean:0.01351941334316507	Loss_std:0.006399116122796019
Iteration:21900	Loss_mean:0.013984241476282477	Loss_std:0.006268310953930655
Iteration:22000	Loss_mean:0.012393261683173477	Loss_std:0.0061227017144786814
Iteration:22100	Loss_mean:0.014164233240298927	Loss_std:0.006552607936014428
Iteration:22200	Loss_mean:0.013801682610064744	Loss_std:0.007052111578856122
Iteration:22300	Loss_mean:0.01188299673376605	Loss_std:0.004840339266071516
Iteration:22400	Loss_mean:0.012389596425928176	Loss_std:0.005264314343193286
Iteration:22500	Loss_mean:0.012223775475285947	Loss_std:0.0057495970067923665
Iteration:22600	Loss_mean:0.013561392819974571	Loss_std:0.006252324439803011
Iteration:22700	Loss_mean:0.012452997753862292	Loss_std:0.005754494313276761
Iteration:22800	Loss_mean:0.012257001944817603	Loss_std:0.005062588813146531
Iteration:22900	Loss_mean:0.012772102511953563	Loss_std:0.005223996038606708
Iteration:23000	Loss_mean:0.011718948234338313	Loss_std:0.005147370441838814
Iteration:23100	Loss_mean:0.01173441955121234	Loss_std:0.005761510926470957
Iteration:23200	Loss_mean:0.013000779785215855	Loss_std:0.005397026330449546
Iteration:23300	Loss_mean:0.012966907131485642	Loss_std:0.005637888779062231
Iteration:23400	Loss_mean:0.012618663751054556	Loss_std:0.005725843959319541
Iteration:23500	Loss_mean:0.012826502816751599	Loss_std:0.005910462529038673
Iteration:23600	Loss_mean:0.01321800159988925	Loss_std:0.005363566301910823
Iteration:23700	Loss_mean:0.012949339817278088	Loss_std:0.0063791817156811
Iteration:23800	Loss_mean:0.012335412027314306	Loss_std:0.005549855724274565
Iteration:23900	Loss_mean:0.013768839803524315	Loss_std:0.0059759298539562855
Iteration:24000	Loss_mean:0.01344645841512829	Loss_std:0.006588788065511896
Iteration:24100	Loss_mean:0.013320549486670642	Loss_std:0.00542452331550556
Iteration:24200	Loss_mean:0.013164109732024372	Loss_std:0.005294272407679572
Iteration:24300	Loss_mean:0.011909329120535404	Loss_std:0.005378257565777594
Iteration:24400	Loss_mean:0.01282380766235292	Loss_std:0.00581467077049735
Iteration:24500	Loss_mean:0.013263453412801027	Loss_std:0.006287263318628819
Iteration:24600	Loss_mean:0.012380156067665666	Loss_std:0.005460381527945049
Iteration:24700	Loss_mean:0.013644513464532793	Loss_std:0.006717511766299777
Iteration:24800	Loss_mean:0.01273226945195347	Loss_std:0.0055789897579921035
Iteration:24900	Loss_mean:0.013227799101732671	Loss_std:0.004640479613710609
Iteration:25000	Loss_mean:0.012810126934200526	Loss_std:0.0053822234051656955
Iteration:25100	Loss_mean:0.01387214821530506	Loss_std:0.006887704981286543
Iteration:25200	Loss_mean:0.011785341361537575	Loss_std:0.004873421873094977
Iteration:25300	Loss_mean:0.012493943339213729	Loss_std:0.005932300571682322
Iteration:25400	Loss_mean:0.013201368970330805	Loss_std:0.005796825300675198
Iteration:25500	Loss_mean:0.013301376409363002	Loss_std:0.005750957278602925
Iteration:25600	Loss_mean:0.013086050865240395	Loss_std:0.006182842396098899
Iteration:25700	Loss_mean:0.012701972797513008	Loss_std:0.0052789981250516834
Iteration:25800	Loss_mean:0.012751551088877022	Loss_std:0.005415271649964573
Iteration:25900	Loss_mean:0.01218897917540744	Loss_std:0.005550162233708987
Iteration:26000	Loss_mean:0.013875183460768312	Loss_std:0.006652204999545197
Iteration:26100	Loss_mean:0.013065895796753466	Loss_std:0.006255772306440984
Iteration:26200	Loss_mean:0.013123420202173292	Loss_std:0.00615396386658856
Iteration:26300	Loss_mean:0.012670810429845004	Loss_std:0.005189837708035511
Iteration:26400	Loss_mean:0.012891283589415253	Loss_std:0.0060053952284668585
Iteration:26500	Loss_mean:0.012871291239280254	Loss_std:0.006482507651804446
Iteration:26600	Loss_mean:0.01257540381513536	Loss_std:0.005702287430146579
Iteration:26700	Loss_mean:0.012467778832651676	Loss_std:0.005335275242241143
Iteration:26800	Loss_mean:0.01253741179127246	Loss_std:0.0057540261767464835
Iteration:26900	Loss_mean:0.013545900778844953	Loss_std:0.006834559845122699
Iteration:27000	Loss_mean:0.012874351176433265	Loss_std:0.005705456872305524
Iteration:27100	Loss_mean:0.012999490546062588	Loss_std:0.005721896031609296
Iteration:27200	Loss_mean:0.01229106390150264	Loss_std:0.005956420558980191
Iteration:27300	Loss_mean:0.0121429802197963	Loss_std:0.005142321523288337
Iteration:27400	Loss_mean:0.013175810759421439	Loss_std:0.006101761251223863
Iteration:27500	Loss_mean:0.012552968226373196	Loss_std:0.005641873976951088
Iteration:27600	Loss_mean:0.01184537171619013	Loss_std:0.005934291184177458
Iteration:27700	Loss_mean:0.013023500726558269	Loss_std:0.005278791055295994
Iteration:27800	Loss_mean:0.01221634226385504	Loss_std:0.0053514835937693225
Iteration:27900	Loss_mean:0.011339405989274383	Loss_std:0.004804331128540426
Iteration:28000	Loss_mean:0.01249998678918928	Loss_std:0.00502277563535233
Iteration:28100	Loss_mean:0.012761843150947243	Loss_std:0.005089654774204238
Iteration:28200	Loss_mean:0.0122110869246535	Loss_std:0.005441243074154697
Iteration:28300	Loss_mean:0.01330197240691632	Loss_std:0.006718399546691597
Iteration:28400	Loss_mean:0.013164241451304405	Loss_std:0.0064164034539212905
Iteration:28500	Loss_mean:0.012607678815256804	Loss_std:0.005707361180782725
Iteration:28600	Loss_mean:0.013088369241449982	Loss_std:0.005670942117245203
Iteration:28700	Loss_mean:0.0133735081856139	Loss_std:0.006557502250183972
Iteration:28800	Loss_mean:0.013210706416284666	Loss_std:0.006281323088491896
Iteration:28900	Loss_mean:0.011771230204030871	Loss_std:0.005243338444265305
Iteration:29000	Loss_mean:0.012166151036508381	Loss_std:0.006571732474396979
Iteration:29100	Loss_mean:0.01363604715326801	Loss_std:0.006191917135678256
Iteration:29200	Loss_mean:0.013409046109300106	Loss_std:0.006608548632483271
Iteration:29300	Loss_mean:0.012784663974307477	Loss_std:0.005192417364424345
Iteration:29400	Loss_mean:0.012058224144857377	Loss_std:0.005211024738627697
Iteration:29500	Loss_mean:0.012681691162288188	Loss_std:0.005634035524584407
Iteration:29600	Loss_mean:0.012209311369806528	Loss_std:0.004742914818567642
Iteration:29700	Loss_mean:0.01201398508856073	Loss_std:0.005452686843054502
Iteration:29800	Loss_mean:0.013000539459753782	Loss_std:0.0057163067640849
Iteration:29900	Loss_mean:0.012359357594978065	Loss_std:0.005239489754498779
Iteration:30000	Loss_mean:0.012129933405667544	Loss_std:0.005412812961384779
Iteration:30100	Loss_mean:0.012060634340159596	Loss_std:0.005494916706458661
Iteration:30200	Loss_mean:0.012763817198574542	Loss_std:0.005974926881177763
Iteration:30300	Loss_mean:0.012615234011318534	Loss_std:0.005155510889667026
Iteration:30400	Loss_mean:0.011942851920612157	Loss_std:0.005013783016246688
Iteration:30500	Loss_mean:0.01327626024838537	Loss_std:0.005493167420156464
Iteration:30600	Loss_mean:0.012058662890922278	Loss_std:0.005866463443282114
Iteration:30700	Loss_mean:0.013621886477340013	Loss_std:0.00483354513274831
Iteration:30800	Loss_mean:0.012100611859932543	Loss_std:0.005214101164035501
Iteration:30900	Loss_mean:0.013194273456465453	Loss_std:0.005037923579871369
Iteration:31000	Loss_mean:0.013588394802063704	Loss_std:0.005964038256473394
Iteration:31100	Loss_mean:0.012607074126135558	Loss_std:0.005470793812121139
Iteration:31200	Loss_mean:0.012224576107691974	Loss_std:0.005035224785807229
Iteration:31300	Loss_mean:0.013374990278389304	Loss_std:0.006444838806632475
Iteration:31400	Loss_mean:0.013103229813277722	Loss_std:0.005538239336055655
Iteration:31500	Loss_mean:0.013106405220460146	Loss_std:0.006234917584705772
Iteration:31600	Loss_mean:0.01253559995442629	Loss_std:0.00494851386702795
Iteration:31700	Loss_mean:0.012555639001075179	Loss_std:0.005832040700267557
Iteration:31800	Loss_mean:0.012352221943438053	Loss_std:0.005213689293808221
Iteration:31900	Loss_mean:0.012809627668466418	Loss_std:0.0063176823698676415
Iteration:32000	Loss_mean:0.012473855316638947	Loss_std:0.005431697690478114
Iteration:32100	Loss_mean:0.01341236102161929	Loss_std:0.006744482642407959
Iteration:32200	Loss_mean:0.011742848730646073	Loss_std:0.004833991149077203
Iteration:32300	Loss_mean:0.012585707178805023	Loss_std:0.005767134602132713
Iteration:32400	Loss_mean:0.012711903280578554	Loss_std:0.00521712874930185
Iteration:32500	Loss_mean:0.013006434449926019	Loss_std:0.005779028622580431
Iteration:32600	Loss_mean:0.012666059075854719	Loss_std:0.005362289583557369
Iteration:32700	Loss_mean:0.012453551380895078	Loss_std:0.005766173444119538
Iteration:32800	Loss_mean:0.012103098114021122	Loss_std:0.0055799852847574945
Iteration:32900	Loss_mean:0.011691020411672071	Loss_std:0.005315949452598587
Iteration:33000	Loss_mean:0.012342844062950463	Loss_std:0.005685734752470968
Iteration:33100	Loss_mean:0.012624989019241185	Loss_std:0.0069479760314562836
Iteration:33200	Loss_mean:0.011699743699282408	Loss_std:0.005380018721213144
Iteration:33300	Loss_mean:0.012933683437295259	Loss_std:0.005981660513351627
Iteration:33400	Loss_mean:0.014103754309471696	Loss_std:0.006502417532755711
Iteration:33500	Loss_mean:0.013393773254938424	Loss_std:0.005866821516769151
Iteration:33600	Loss_mean:0.011662106277653947	Loss_std:0.004913842727488807
Iteration:33700	Loss_mean:0.011677631530910731	Loss_std:0.004771017769478005
Iteration:33800	Loss_mean:0.01350266796303913	Loss_std:0.00578392088340843
Iteration:33900	Loss_mean:0.012144672048743815	Loss_std:0.004928392918367999
Iteration:34000	Loss_mean:0.011836960238870233	Loss_std:0.005398216528666946
Iteration:34100	Loss_mean:0.012559761935845017	Loss_std:0.005177640218025437
Iteration:34200	Loss_mean:0.012193104724865407	Loss_std:0.005542810754789215
Iteration:34300	Loss_mean:0.013713769416790455	Loss_std:0.005922825054654532
Iteration:34400	Loss_mean:0.011880928433965892	Loss_std:0.005523833777888052
Iteration:34500	Loss_mean:0.012845693384297191	Loss_std:0.005554888162290706
Iteration:34600	Loss_mean:0.012632667305879294	Loss_std:0.004970017707464539
Iteration:34700	Loss_mean:0.012306967829354108	Loss_std:0.005141969242069292
Iteration:34800	Loss_mean:0.012217260018223897	Loss_std:0.005271771977215731
Iteration:34900	Loss_mean:0.012433151230216027	Loss_std:0.005831585834169963
Iteration:35000	Loss_mean:0.014579978329129517	Loss_std:0.006130848695461695
Iteration:35100	Loss_mean:0.013406357155181467	Loss_std:0.005719728184902255
Iteration:35200	Loss_mean:0.013224858636967839	Loss_std:0.006094792568835606
Iteration:35300	Loss_mean:0.01249389562755823	Loss_std:0.005115435600491953
Iteration:35400	Loss_mean:0.011894756986293942	Loss_std:0.005304655135140306
Iteration:35500	Loss_mean:0.012756276942091062	Loss_std:0.006575942708986945
Iteration:35600	Loss_mean:0.01251241575460881	Loss_std:0.005804405981130342
Iteration:35700	Loss_mean:0.01310899445321411	Loss_std:0.004974782305506863
Iteration:35800	Loss_mean:0.012894431215245276	Loss_std:0.005741594116753781
Iteration:35900	Loss_mean:0.012827162819448859	Loss_std:0.005677533433050964
Iteration:36000	Loss_mean:0.012670502322725952	Loss_std:0.005756495390837823
Iteration:36100	Loss_mean:0.012500079092569649	Loss_std:0.005559618702687168
Iteration:36200	Loss_mean:0.012348565207794308	Loss_std:0.005429986648796243
Iteration:36300	Loss_mean:0.012545146474149078	Loss_std:0.006080865682456791
Iteration:36400	Loss_mean:0.013692545730154961	Loss_std:0.006339866780118923
Iteration:36500	Loss_mean:0.01209942095214501	Loss_std:0.005972371871068284
Iteration:36600	Loss_mean:0.012563539063557982	Loss_std:0.004263752729048552
Iteration:36700	Loss_mean:0.011853836737573146	Loss_std:0.0048602344103367955
Iteration:36800	Loss_mean:0.012348083294928074	Loss_std:0.005545697013861146
Iteration:36900	Loss_mean:0.011753890935797245	Loss_std:0.0043914673530426095
Iteration:37000	Loss_mean:0.012616958590224386	Loss_std:0.006045942911136423
Iteration:37100	Loss_mean:0.012786440511699766	Loss_std:0.005372290764880185
Iteration:37200	Loss_mean:0.01244663555175066	Loss_std:0.0056687897601110475
Iteration:37300	Loss_mean:0.012804919502232224	Loss_std:0.005163087015225194
Iteration:37400	Loss_mean:0.012805404840037227	Loss_std:0.006311971371271261
Iteration:37500	Loss_mean:0.0124831264722161	Loss_std:0.0057483136695358015
Iteration:37600	Loss_mean:0.0122593627194874	Loss_std:0.0051069129831263485
Iteration:37700	Loss_mean:0.012657259374391288	Loss_std:0.0055494158682541095
Iteration:37800	Loss_mean:0.01225484226597473	Loss_std:0.005329339259097637
Iteration:37900	Loss_mean:0.012573759781662374	Loss_std:0.006077776837189368
Iteration:38000	Loss_mean:0.01183497227029875	Loss_std:0.005816637522921111
Iteration:38100	Loss_mean:0.011673894738778471	Loss_std:0.005755329594585672
Iteration:38200	Loss_mean:0.013098794613033532	Loss_std:0.0049515860268138714
Iteration:38300	Loss_mean:0.013192545538768172	Loss_std:0.006305827348294676
Iteration:38400	Loss_mean:0.01275277855573222	Loss_std:0.005142702522624534
Iteration:38500	Loss_mean:0.01255709754768759	Loss_std:0.006427415638233647
Iteration:38600	Loss_mean:0.012236659047193826	Loss_std:0.004955802868133714
Iteration:38700	Loss_mean:0.01253942783921957	Loss_std:0.005804348881955151
Iteration:38800	Loss_mean:0.012940888109151274	Loss_std:0.004980922874868133
Iteration:38900	Loss_mean:0.013055634326301515	Loss_std:0.00541800384994064
Iteration:39000	Loss_mean:0.012670032067690044	Loss_std:0.004901105102812967
Iteration:39100	Loss_mean:0.012391845553647727	Loss_std:0.006189867618359889
Iteration:39200	Loss_mean:0.01314750251825899	Loss_std:0.00619919953470462
Iteration:39300	Loss_mean:0.012896537345368416	Loss_std:0.00557189102798027
Iteration:39400	Loss_mean:0.0132833646889776	Loss_std:0.005578518567849291
Iteration:39500	Loss_mean:0.01295881962403655	Loss_std:0.005583504655133712
Iteration:39600	Loss_mean:0.012097138864919543	Loss_std:0.005061688234111609
Iteration:39700	Loss_mean:0.013725151747930795	Loss_std:0.006170237572545511
Iteration:39800	Loss_mean:0.01320393635192886	Loss_std:0.00543512830798328
Iteration:39900	Loss_mean:0.012308548907749356	Loss_std:0.005161964532154272
Iteration:40000	Loss_mean:0.012602746209595353	Loss_std:0.005619907036633245
Iteration:40100	Loss_mean:0.01279377198079601	Loss_std:0.004984541064572079
Iteration:40200	Loss_mean:0.013095256520900876	Loss_std:0.005657147498872219
Iteration:40300	Loss_mean:0.013159538535401225	Loss_std:0.005244960874680171
Iteration:40400	Loss_mean:0.01243298736284487	Loss_std:0.005102654735518913
Iteration:40500	Loss_mean:0.014358013798482717	Loss_std:0.006254048967181982
Iteration:40600	Loss_mean:0.012619538251310587	Loss_std:0.006273654678451404
Iteration:40700	Loss_mean:0.012470566865522415	Loss_std:0.0052428723636903565
Iteration:40800	Loss_mean:0.012402800540439785	Loss_std:0.005567054618061511
Iteration:40900	Loss_mean:0.013178445929661393	Loss_std:0.00586717539737466
Iteration:41000	Loss_mean:0.012491482354234903	Loss_std:0.005683596552064529
Iteration:41100	Loss_mean:0.012890501248184591	Loss_std:0.00619535510725198
Iteration:41200	Loss_mean:0.013455229972023516	Loss_std:0.006214196850169838
Iteration:41300	Loss_mean:0.01371824835659936	Loss_std:0.006115566504827579
Iteration:41400	Loss_mean:0.01311453387606889	Loss_std:0.0056539839689165065
Iteration:41500	Loss_mean:0.01268405418843031	Loss_std:0.004921721595838801
Iteration:41600	Loss_mean:0.01374476622324437	Loss_std:0.006144489841554171
Iteration:41700	Loss_mean:0.012067216709256172	Loss_std:0.004429357492804786
Iteration:41800	Loss_mean:0.011179213605355471	Loss_std:0.0049883856430740755
Iteration:41900	Loss_mean:0.012164291811641305	Loss_std:0.005886455666935493
Iteration:42000	Loss_mean:0.013278380988631398	Loss_std:0.005518633169155635
Iteration:42100	Loss_mean:0.013189495606347919	Loss_std:0.006211459048766434
Iteration:42200	Loss_mean:0.013526829341426492	Loss_std:0.005064235498006006
Iteration:42300	Loss_mean:0.013683642977848649	Loss_std:0.005797386969336134
Iteration:42400	Loss_mean:0.013245062856003641	Loss_std:0.005406689735954612
Iteration:42500	Loss_mean:0.012600170166697353	Loss_std:0.005697707529822763
Iteration:42600	Loss_mean:0.012696231375448406	Loss_std:0.006124665218204294
Iteration:42700	Loss_mean:0.01169272247236222	Loss_std:0.005956141525959662
Iteration:42800	Loss_mean:0.012335447552613914	Loss_std:0.005024775416692801
Iteration:42900	Loss_mean:0.013457529328297824	Loss_std:0.0054204691253609836
Iteration:43000	Loss_mean:0.012727632417809219	Loss_std:0.006127169310991313
Iteration:43100	Loss_mean:0.013254841181915254	Loss_std:0.005804172643422567
Iteration:43200	Loss_mean:0.012159805102273822	Loss_std:0.006223460674196695
Iteration:43300	Loss_mean:0.013173794851172715	Loss_std:0.005994237612084037
Iteration:43400	Loss_mean:0.012497411826625466	Loss_std:0.0056112386515281415
Iteration:43500	Loss_mean:0.012939729071222246	Loss_std:0.005896402107945274
Iteration:43600	Loss_mean:0.012294418204110116	Loss_std:0.006816607640029772
Iteration:43700	Loss_mean:0.01265682440251112	Loss_std:0.005519761733269556
Iteration:43800	Loss_mean:0.01343891303287819	Loss_std:0.005644342209324012
Iteration:43900	Loss_mean:0.012294843140989543	Loss_std:0.006018252059750731
Iteration:44000	Loss_mean:0.011785939392866566	Loss_std:0.005169626849520066
Iteration:44100	Loss_mean:0.012466314663179219	Loss_std:0.005109081691651987
Iteration:44200	Loss_mean:0.012993383517023177	Loss_std:0.005068186761001233
Iteration:44300	Loss_mean:0.012300750617869198	Loss_std:0.00513789733262016
Iteration:44400	Loss_mean:0.011909918307792396	Loss_std:0.004341678911378216
Iteration:44500	Loss_mean:0.01218806862598285	Loss_std:0.0051612980855977285
Iteration:44600	Loss_mean:0.01348612762056291	Loss_std:0.005998500516492894
Iteration:44700	Loss_mean:0.012207376861479134	Loss_std:0.005447638539503967
Iteration:44800	Loss_mean:0.013068403794895857	Loss_std:0.005578062483113332
Iteration:44900	Loss_mean:0.011588496481999755	Loss_std:0.005117634324054622
Iteration:45000	Loss_mean:0.012495167176239193	Loss_std:0.005678896238798301
Iteration:45100	Loss_mean:0.012654610339086502	Loss_std:0.004975639609357212
Iteration:45200	Loss_mean:0.012668400222901255	Loss_std:0.005693687128589067
Iteration:45300	Loss_mean:0.012576106206979602	Loss_std:0.005445847786932226
Iteration:45400	Loss_mean:0.01258778594667092	Loss_std:0.0056069675351627405
Iteration:45500	Loss_mean:0.012737751491367817	Loss_std:0.005521587790477389
Iteration:45600	Loss_mean:0.0122310555097647	Loss_std:0.005792177820138943
Iteration:45700	Loss_mean:0.012825963608920575	Loss_std:0.006254025987870031
Iteration:45800	Loss_mean:0.013286974406801164	Loss_std:0.006315425683248657
Iteration:45900	Loss_mean:0.012061800262890755	Loss_std:0.00512279988097693
Iteration:46000	Loss_mean:0.013120421753264964	Loss_std:0.005736267656941767
Iteration:46100	Loss_mean:0.01321263239486143	Loss_std:0.005296318890948721
Iteration:46200	Loss_mean:0.012585833239136264	Loss_std:0.005981926842011024
Iteration:46300	Loss_mean:0.012610163523349911	Loss_std:0.00516232390453572
Iteration:46400	Loss_mean:0.013440391954500228	Loss_std:0.006023848254245792
Iteration:46500	Loss_mean:0.011597997238859535	Loss_std:0.005589762376215476
Iteration:46600	Loss_mean:0.013190230657346546	Loss_std:0.006642772100955416
Iteration:46700	Loss_mean:0.01269921658327803	Loss_std:0.005809237312005152
Iteration:46800	Loss_mean:0.011889258364681155	Loss_std:0.005403415464871292
Iteration:46900	Loss_mean:0.013303237967193127	Loss_std:0.005584147399788977
Iteration:47000	Loss_mean:0.01264051633188501	Loss_std:0.005485675799231271
Iteration:47100	Loss_mean:0.012980326972901822	Loss_std:0.005659258840716551
Iteration:47200	Loss_mean:0.012655463500414044	Loss_std:0.005139466880874823
Iteration:47300	Loss_mean:0.012542975386604666	Loss_std:0.00600102976867652
Iteration:47400	Loss_mean:0.013273372920230031	Loss_std:0.006299784827110802
Iteration:47500	Loss_mean:0.012000297630438582	Loss_std:0.005684412556582888
Iteration:47600	Loss_mean:0.01159380898112431	Loss_std:0.005406392559214056
Iteration:47700	Loss_mean:0.012198009982239456	Loss_std:0.005861526988019853
Iteration:47800	Loss_mean:0.012685201654676348	Loss_std:0.005191817260820521
Iteration:47900	Loss_mean:0.013264226333703846	Loss_std:0.006025688468827888
Iteration:48000	Loss_mean:0.011805097475880757	Loss_std:0.0047713280524789405
Iteration:48100	Loss_mean:0.012681092307902873	Loss_std:0.006115550791116615
Iteration:48200	Loss_mean:0.012204634668305516	Loss_std:0.005442951066958408
Iteration:48300	Loss_mean:0.012927862957585603	Loss_std:0.006392300862916603
Iteration:48400	Loss_mean:0.012829481816152111	Loss_std:0.005793706580014077
Iteration:48500	Loss_mean:0.012315991965588182	Loss_std:0.005538645841727031
Iteration:48600	Loss_mean:0.013292088485322893	Loss_std:0.005703778473522349
Iteration:48700	Loss_mean:0.013021384021267296	Loss_std:0.0055433912853849335
Iteration:48800	Loss_mean:0.01327443317277357	Loss_std:0.005927205442980752
Iteration:48900	Loss_mean:0.012745177913457155	Loss_std:0.005862715633179391
Iteration:49000	Loss_mean:0.01215025122044608	Loss_std:0.005617562068153659
Iteration:49100	Loss_mean:0.013327580741606653	Loss_std:0.005160399807832799
Iteration:49200	Loss_mean:0.01329718108754605	Loss_std:0.005656905965859275
Iteration:49300	Loss_mean:0.011903073423309252	Loss_std:0.005571413745215514
Iteration:49400	Loss_mean:0.012237548143602908	Loss_std:0.0049689150519264
Iteration:49500	Loss_mean:0.01300639784662053	Loss_std:0.006129311537957639
Iteration:49600	Loss_mean:0.01243593854829669	Loss_std:0.004964659514556994
Iteration:49700	Loss_mean:0.013362809557002038	Loss_std:0.005158244558136154
Iteration:49800	Loss_mean:0.0131796592194587	Loss_std:0.0065323069042433615
Iteration:49900	Loss_mean:0.01220725592924282	Loss_std:0.005025781332920416
Modifying K
Fitting model on target unit
Iteration:0	Loss_mean:0.004185617435723543	Loss_std:0.0
Iteration:100	Loss_mean:0.012499769141431898	Loss_std:0.005523300634528964
Iteration:200	Loss_mean:0.012009879245888443	Loss_std:0.005237031587836364
Iteration:300	Loss_mean:0.012996523566544056	Loss_std:0.005853326358242346
Iteration:400	Loss_mean:0.012957885973155498	Loss_std:0.0062569732348223325
Iteration:500	Loss_mean:0.011066557010635733	Loss_std:0.00460331325445736
Iteration:600	Loss_mean:0.011913349349051715	Loss_std:0.005467918454319481
Iteration:700	Loss_mean:0.012440698053687811	Loss_std:0.005878272139372535
Iteration:800	Loss_mean:0.012446090369485319	Loss_std:0.005720147639572855
Iteration:900	Loss_mean:0.011416476792655885	Loss_std:0.004858624747976219
Iteration:1000	Loss_mean:0.011744679373223335	Loss_std:0.00550962888115491
Iteration:1100	Loss_mean:0.012011773863341658	Loss_std:0.005332952143543657
Iteration:1200	Loss_mean:0.011864313288824632	Loss_std:0.005866381693664555
Iteration:1300	Loss_mean:0.012147593314293771	Loss_std:0.004915812391072603
Iteration:1400	Loss_mean:0.012175313751213253	Loss_std:0.006090188828586162
Iteration:1500	Loss_mean:0.012722701309248805	Loss_std:0.005883999562748496
Iteration:1600	Loss_mean:0.011740263476967812	Loss_std:0.005570147723602548
Iteration:1700	Loss_mean:0.01125883096596226	Loss_std:0.005338506432432057
Iteration:1800	Loss_mean:0.01190512717468664	Loss_std:0.005667522781191719
Iteration:1900	Loss_mean:0.011536161894910038	Loss_std:0.004841329249460568
Iteration:2000	Loss_mean:0.011726771697867662	Loss_std:0.005336339036305341
Iteration:2100	Loss_mean:0.011345847339835019	Loss_std:0.005082490599829297
Iteration:2200	Loss_mean:0.011351670876611025	Loss_std:0.004921869530657451
Iteration:2300	Loss_mean:0.011451183673925698	Loss_std:0.005055382161755549
Iteration:2400	Loss_mean:0.011576557509833947	Loss_std:0.0056579672477496965
Iteration:2500	Loss_mean:0.011573003741214052	Loss_std:0.006348056905985589
Iteration:2600	Loss_mean:0.011444579020608216	Loss_std:0.004987985250661791
Iteration:2700	Loss_mean:0.01078411377267912	Loss_std:0.004634702353005792
Iteration:2800	Loss_mean:0.011937396111898124	Loss_std:0.006089694568687832
Iteration:2900	Loss_mean:0.01063563460484147	Loss_std:0.004734482801335457
Iteration:3000	Loss_mean:0.010854479190893471	Loss_std:0.004534295891572047
Iteration:3100	Loss_mean:0.012429434200748801	Loss_std:0.005463391495271918
Iteration:3200	Loss_mean:0.01235505004413426	Loss_std:0.005501616468989944
Iteration:3300	Loss_mean:0.011594488429836928	Loss_std:0.005182390738713422
Iteration:3400	Loss_mean:0.011944757422897965	Loss_std:0.006288481901089347
Iteration:3500	Loss_mean:0.011068259987514466	Loss_std:0.005025157373390195
Iteration:3600	Loss_mean:0.011177687109448015	Loss_std:0.0048233413301084155
Iteration:3700	Loss_mean:0.01065680594649166	Loss_std:0.004919032008725391
Iteration:3800	Loss_mean:0.011484007984399795	Loss_std:0.005175954775195723
Iteration:3900	Loss_mean:0.011446444445755332	Loss_std:0.004695802847756579
Iteration:4000	Loss_mean:0.01043372912099585	Loss_std:0.0041333642409334325
Iteration:4100	Loss_mean:0.011486816774122418	Loss_std:0.00543777604386626
Iteration:4200	Loss_mean:0.011609872337430716	Loss_std:0.005324201510176029
Iteration:4300	Loss_mean:0.01166528500849381	Loss_std:0.0051107896979508275
Iteration:4400	Loss_mean:0.011355016939342022	Loss_std:0.004756298483062334
Iteration:4500	Loss_mean:0.011280046724714339	Loss_std:0.004621096087224686
Iteration:4600	Loss_mean:0.010587621454615146	Loss_std:0.004690100122586587
Iteration:4700	Loss_mean:0.01089397815754637	Loss_std:0.004870715386991088
Iteration:4800	Loss_mean:0.010595295026432723	Loss_std:0.004854264680338339
Iteration:4900	Loss_mean:0.01190237089060247	Loss_std:0.006313286086919648
Iteration:5000	Loss_mean:0.01113454667851329	Loss_std:0.005655011068297594
Iteration:5100	Loss_mean:0.011727085383608938	Loss_std:0.00586798582850923
Iteration:5200	Loss_mean:0.010634740800596773	Loss_std:0.005376348339510156
Iteration:5300	Loss_mean:0.010278439361136406	Loss_std:0.004707654260117482
Iteration:5400	Loss_mean:0.009820318259298801	Loss_std:0.004408652807244622
Iteration:5500	Loss_mean:0.010482360972091556	Loss_std:0.0038752817330215796
Iteration:5600	Loss_mean:0.011061929161660372	Loss_std:0.004937192337962494
Iteration:5700	Loss_mean:0.010521591305732728	Loss_std:0.004866204158946801
Iteration:5800	Loss_mean:0.011043941304087639	Loss_std:0.004657456702206746
Iteration:5900	Loss_mean:0.011168577782809734	Loss_std:0.005331902353830852
Iteration:6000	Loss_mean:0.011355547520797699	Loss_std:0.005313545186818736
Iteration:6100	Loss_mean:0.010885647528339178	Loss_std:0.004796472351799182
Iteration:6200	Loss_mean:0.010797219218220562	Loss_std:0.005391433755476623
Iteration:6300	Loss_mean:0.009276969943894074	Loss_std:0.004001851336155266
Iteration:6400	Loss_mean:0.01024782370775938	Loss_std:0.004632084108833405
Iteration:6500	Loss_mean:0.010298491965513676	Loss_std:0.00528811692352404
Iteration:6600	Loss_mean:0.011160245682112872	Loss_std:0.005474408982687057
Iteration:6700	Loss_mean:0.011099950033240021	Loss_std:0.004987521587101562
Iteration:6800	Loss_mean:0.011864005567040294	Loss_std:0.005896400063125061
Iteration:6900	Loss_mean:0.0104702516971156	Loss_std:0.0046528695609971546
Iteration:7000	Loss_mean:0.010496491086669266	Loss_std:0.0051512225403559635
Iteration:7100	Loss_mean:0.010112827161792666	Loss_std:0.004668485695121999
Iteration:7200	Loss_mean:0.010222030725562945	Loss_std:0.00530410533942772
Iteration:7300	Loss_mean:0.010155505784787237	Loss_std:0.00493611433291927
Iteration:7400	Loss_mean:0.010309947973582893	Loss_std:0.004595208171995107
Iteration:7500	Loss_mean:0.011642430848442019	Loss_std:0.005019138290680273
Iteration:7600	Loss_mean:0.009577048430219292	Loss_std:0.0044838763291330415
Iteration:7700	Loss_mean:0.009935656820889562	Loss_std:0.004596466804155552
Iteration:7800	Loss_mean:0.009741569724865258	Loss_std:0.004202159587496493
Iteration:7900	Loss_mean:0.010533581024501472	Loss_std:0.0044829390422347366
Iteration:8000	Loss_mean:0.010593402925878763	Loss_std:0.005061942133832868
Iteration:8100	Loss_mean:0.011048704457934946	Loss_std:0.005966822688508579
Iteration:8200	Loss_mean:0.01052471728879027	Loss_std:0.005096338536845362
Iteration:8300	Loss_mean:0.010504273561527952	Loss_std:0.005075087101170373
Iteration:8400	Loss_mean:0.010035843851510436	Loss_std:0.004517655315043129
Iteration:8500	Loss_mean:0.010101794230286032	Loss_std:0.0046995487589589924
Iteration:8600	Loss_mean:0.009739953714888543	Loss_std:0.004071453782590661
Iteration:8700	Loss_mean:0.009459406775422395	Loss_std:0.004461140429133665
Iteration:8800	Loss_mean:0.009639641722897068	Loss_std:0.003763725442844545
Iteration:8900	Loss_mean:0.010085280255880206	Loss_std:0.004761225385509886
Iteration:9000	Loss_mean:0.009084830953506753	Loss_std:0.004452862099818444
Iteration:9100	Loss_mean:0.008944287943886593	Loss_std:0.004153930371636605
Iteration:9200	Loss_mean:0.009206867319298907	Loss_std:0.004540840785186585
Iteration:9300	Loss_mean:0.010451110122958199	Loss_std:0.005125536092890937
Iteration:9400	Loss_mean:0.010463142807129771	Loss_std:0.004450879399162379
Iteration:9500	Loss_mean:0.009627070638816803	Loss_std:0.004205797805116135
Iteration:9600	Loss_mean:0.009392008224967868	Loss_std:0.0038087430916248547
Iteration:9700	Loss_mean:0.009787622448056936	Loss_std:0.0045037292912070955
Iteration:9800	Loss_mean:0.010361096523702144	Loss_std:0.00498683459902787
Iteration:9900	Loss_mean:0.010061678863130509	Loss_std:0.004757632534654774
11
Traceback (most recent call last):
  File "fitandpredict.py", line 110, in <module>
    main()
  File "fitandpredict.py", line 107, in main
    fitandpredict(args)
  File "fitandpredict.py", line 91, in fitandpredict
    target_id = np.save(op_path+'target.npy',op_path)
NameError: name 'op_path' is not defined
