Running experiment prop99
Pretraining model on donor units
Iteration:0	Loss_mean:0.2737649977207184	Loss_std:0.0
Iteration:100	Loss_mean:0.40524180583655833	Loss_std:0.27225987155935777
Iteration:200	Loss_mean:0.19813619881868363	Loss_std:0.13189384216785133
Iteration:300	Loss_mean:0.14037264516577125	Loss_std:0.12759017469441034
Iteration:400	Loss_mean:0.14862362161278725	Loss_std:0.12805696085385132
Iteration:500	Loss_mean:0.09732834385707974	Loss_std:0.07660264380332292
Iteration:600	Loss_mean:0.07884475548751652	Loss_std:0.062350764458761004
Iteration:700	Loss_mean:0.06367531531024724	Loss_std:0.05404528918214641
Iteration:800	Loss_mean:0.05500529237790033	Loss_std:0.06010996537350696
Iteration:900	Loss_mean:0.04844162342371419	Loss_std:0.04998515814361993
Iteration:1000	Loss_mean:0.03858292650198564	Loss_std:0.04125963187309763
Iteration:1100	Loss_mean:0.029782466361066327	Loss_std:0.034973966391864536
Iteration:1200	Loss_mean:0.023406905338633807	Loss_std:0.02907410008412397
Iteration:1300	Loss_mean:0.018896165204932914	Loss_std:0.02471152944866774
Iteration:1400	Loss_mean:0.020684216726222074	Loss_std:0.031440495515186496
Iteration:1500	Loss_mean:0.012170472824946045	Loss_std:0.01536435676348902
Iteration:1600	Loss_mean:0.018192934881080872	Loss_std:0.024920825254264232
Iteration:1700	Loss_mean:0.016572094489529263	Loss_std:0.022190721273860348
Iteration:1800	Loss_mean:0.015139101147069596	Loss_std:0.02162607838844712
Iteration:1900	Loss_mean:0.014329481812601443	Loss_std:0.02208833243000716
Iteration:2000	Loss_mean:0.021265221788999044	Loss_std:0.03437232397926536
Iteration:2100	Loss_mean:0.010157006070221542	Loss_std:0.014801700137328809
Iteration:2200	Loss_mean:0.015070148684462764	Loss_std:0.019051626759729677
Iteration:2300	Loss_mean:0.012805461325624492	Loss_std:0.02342385568110102
Iteration:2400	Loss_mean:0.011421769398293691	Loss_std:0.019148036818621407
Iteration:2500	Loss_mean:0.015335493660531939	Loss_std:0.018492775223510942
Iteration:2600	Loss_mean:0.012484931560029508	Loss_std:0.02113366517407094
Iteration:2700	Loss_mean:0.012950088034413056	Loss_std:0.020028209257547613
Iteration:2800	Loss_mean:0.013354448670288548	Loss_std:0.019906527558309597
Iteration:2900	Loss_mean:0.01695217524887994	Loss_std:0.02870285084394107
Iteration:3000	Loss_mean:0.01755170227130293	Loss_std:0.029192248227274196
Iteration:3100	Loss_mean:0.01637452771741664	Loss_std:0.03211654290355738
Iteration:3200	Loss_mean:0.0135816299936414	Loss_std:0.023839477731506402
Iteration:3300	Loss_mean:0.012705117534642341	Loss_std:0.015546605053461043
Iteration:3400	Loss_mean:0.01589865087677026	Loss_std:0.022334174377741142
Iteration:3500	Loss_mean:0.009415868058931664	Loss_std:0.014513290944602308
Iteration:3600	Loss_mean:0.01761720940208761	Loss_std:0.028783043665035084
Iteration:3700	Loss_mean:0.014562526702866308	Loss_std:0.023166802483070837
Iteration:3800	Loss_mean:0.012042102616978809	Loss_std:0.020909305804441062
Iteration:3900	Loss_mean:0.009792790724313818	Loss_std:0.017742039535021802
Iteration:4000	Loss_mean:0.01215941702026612	Loss_std:0.019784054157025346
Iteration:4100	Loss_mean:0.010770503193380137	Loss_std:0.012286457827396074
Iteration:4200	Loss_mean:0.010853796049195808	Loss_std:0.02406610986098867
Iteration:4300	Loss_mean:0.007753008667641552	Loss_std:0.011543888787766025
Iteration:4400	Loss_mean:0.003413455338377389	Loss_std:0.004705929046390293
Iteration:4500	Loss_mean:0.0025888790252065518	Loss_std:0.0034634277607154137
Iteration:4600	Loss_mean:0.0033350281354069013	Loss_std:0.004472667703626224
Iteration:4700	Loss_mean:0.0026106080567114987	Loss_std:0.0035073515080437075
Iteration:4800	Loss_mean:0.0020068041812919546	Loss_std:0.00203351494361899
Iteration:4900	Loss_mean:0.0029741391887364442	Loss_std:0.0049690358557027275
Iteration:5000	Loss_mean:0.0030083838892460335	Loss_std:0.0034799367168613527
Iteration:5100	Loss_mean:0.0036967157319304535	Loss_std:0.004928359735923133
Iteration:5200	Loss_mean:0.0025387842814961915	Loss_std:0.0023547627504342384
Iteration:5300	Loss_mean:0.0018443198233762815	Loss_std:0.002204744496387868
Iteration:5400	Loss_mean:0.0028278700712689895	Loss_std:0.003988840960846583
Iteration:5500	Loss_mean:0.0022546482444886352	Loss_std:0.00250142497790193
Iteration:5600	Loss_mean:0.002092102449605591	Loss_std:0.0031144557721091044
Iteration:5700	Loss_mean:0.0021466894518380286	Loss_std:0.002447765757612275
Iteration:5800	Loss_mean:0.0026534549051575596	Loss_std:0.0032539636195514253
Iteration:5900	Loss_mean:0.0023078479935065843	Loss_std:0.003066434759077707
Iteration:6000	Loss_mean:0.0014355223368329461	Loss_std:0.0014389290160114335
Iteration:6100	Loss_mean:0.0026875697559080435	Loss_std:0.0031579332210173636
Iteration:6200	Loss_mean:0.002458394267523545	Loss_std:0.00306414111914972
Iteration:6300	Loss_mean:0.0016441026245593094	Loss_std:0.0014509028573205607
Iteration:6400	Loss_mean:0.0013155476352403638	Loss_std:0.001309687786225412
Iteration:6500	Loss_mean:0.0009416101889655693	Loss_std:0.0010109592782373612
Iteration:6600	Loss_mean:0.0019160206912783905	Loss_std:0.0022604365052755603
Iteration:6700	Loss_mean:0.00134606827814423	Loss_std:0.0014451601434852994
Iteration:6800	Loss_mean:0.001087506722415128	Loss_std:0.001074336348030737
Iteration:6900	Loss_mean:0.0018553538816195214	Loss_std:0.0032091641356148544
Iteration:7000	Loss_mean:0.001635622755420627	Loss_std:0.0014452560628119354
Iteration:7100	Loss_mean:0.0014543337373106623	Loss_std:0.0016326006523245708
Iteration:7200	Loss_mean:0.00157232127035968	Loss_std:0.001409730205797581
Iteration:7300	Loss_mean:0.0021064460735578903	Loss_std:0.002568117943125987
Iteration:7400	Loss_mean:0.0017994794218975584	Loss_std:0.002138687956565998
Iteration:7500	Loss_mean:0.0017698968651529868	Loss_std:0.0020491415569371
Iteration:7600	Loss_mean:0.0017244134952125022	Loss_std:0.0023093940386193423
Iteration:7700	Loss_mean:0.0013599596247877343	Loss_std:0.001231297910730806
Iteration:7800	Loss_mean:0.0009879983899736544	Loss_std:0.0009984048908518676
Iteration:7900	Loss_mean:0.0011415436375682474	Loss_std:0.0016570595139433798
Iteration:8000	Loss_mean:0.0012746492781298003	Loss_std:0.0010779380167407584
Iteration:8100	Loss_mean:0.001702109404213843	Loss_std:0.0017668495669548683
Iteration:8200	Loss_mean:0.001110278296546312	Loss_std:0.0015745545550142862
Iteration:8300	Loss_mean:0.001163758473294365	Loss_std:0.0011464982081842259
Iteration:8400	Loss_mean:0.0010715694897589856	Loss_std:0.001156915954659144
Iteration:8500	Loss_mean:0.0009387313481420278	Loss_std:0.001061079545880447
Iteration:8600	Loss_mean:0.0016630370943676099	Loss_std:0.0017966646806189457
Iteration:8700	Loss_mean:0.0010230905223215813	Loss_std:0.001336528987096918
Iteration:8800	Loss_mean:0.001420113417043467	Loss_std:0.0016116344457714593
Iteration:8900	Loss_mean:0.0015270052933556144	Loss_std:0.0022131944278474054
Iteration:9000	Loss_mean:0.00177770055430301	Loss_std:0.0033547401765369233
Iteration:9100	Loss_mean:0.0011947733368833724	Loss_std:0.0020879566308686474
Iteration:9200	Loss_mean:0.0010823960757898022	Loss_std:0.0012261309688433703
Iteration:9300	Loss_mean:0.0012014137830556138	Loss_std:0.001476739604592263
Iteration:9400	Loss_mean:0.0009575278624561179	Loss_std:0.0009630956588404786
Iteration:9500	Loss_mean:0.0012070071209745947	Loss_std:0.0012429137876085765
Iteration:9600	Loss_mean:0.0009976009037927724	Loss_std:0.0009480091785407822
Iteration:9700	Loss_mean:0.0010128057771362365	Loss_std:0.0011674157565820726
Iteration:9800	Loss_mean:0.00108876672336919	Loss_std:0.0013701034183991004
Iteration:9900	Loss_mean:0.0010171508747225744	Loss_std:0.0009595115253239274
Iteration:10000	Loss_mean:0.0009716483490046813	Loss_std:0.0008378664393556605
Iteration:10100	Loss_mean:0.0009701897742888832	Loss_std:0.0009350795423951918
Iteration:10200	Loss_mean:0.0009799588578971452	Loss_std:0.0011349803412884437
Iteration:10300	Loss_mean:0.0012109910036815564	Loss_std:0.0018166675444105695
Iteration:10400	Loss_mean:0.0016488905719597823	Loss_std:0.0019109655980334927
Iteration:10500	Loss_mean:0.0016485660116450163	Loss_std:0.001873468768009286
Iteration:10600	Loss_mean:0.0014108235563435301	Loss_std:0.0020347105344634873
Iteration:10700	Loss_mean:0.0014609635894885288	Loss_std:0.0015760424717733948
Iteration:10800	Loss_mean:0.0018425917436434248	Loss_std:0.0020979104441903188
Iteration:10900	Loss_mean:0.0016622446015389868	Loss_std:0.003498655124718993
Iteration:11000	Loss_mean:0.0024574600588130125	Loss_std:0.005289478094473962
Iteration:11100	Loss_mean:0.0008472136740601855	Loss_std:0.0008827136737790833
Iteration:11200	Loss_mean:0.0009346238639864168	Loss_std:0.001113218682060326
Iteration:11300	Loss_mean:0.0008524557136115618	Loss_std:0.0009869077763233723
Iteration:11400	Loss_mean:0.0007486608108047221	Loss_std:0.0006445417921404175
Iteration:11500	Loss_mean:0.0009936701481456111	Loss_std:0.0011601368789440898
Iteration:11600	Loss_mean:0.0008032942276804533	Loss_std:0.0007098344969177056
Iteration:11700	Loss_mean:0.0008365921199947479	Loss_std:0.0007143208723590207
Iteration:11800	Loss_mean:0.0007088080943503883	Loss_std:0.0006621902213709709
Iteration:11900	Loss_mean:0.0008427868880244205	Loss_std:0.0010410022919357547
Iteration:12000	Loss_mean:0.0009451477867332869	Loss_std:0.0009986928648766265
Iteration:12100	Loss_mean:0.001144252223566582	Loss_std:0.0019368886286804453
Iteration:12200	Loss_mean:0.0014275488624298305	Loss_std:0.001968502624256403
Iteration:12300	Loss_mean:0.002788212297273276	Loss_std:0.004114914391075241
Iteration:12400	Loss_mean:0.002035777488636086	Loss_std:0.003990463752311958
Iteration:12500	Loss_mean:0.0017330200461583446	Loss_std:0.0018532327227521155
Iteration:12600	Loss_mean:0.0007994371649692766	Loss_std:0.0010100344316840138
Iteration:12700	Loss_mean:0.0007058559833785694	Loss_std:0.0008438660346758033
Iteration:12800	Loss_mean:0.0007903510274627479	Loss_std:0.0009311778292301876
Iteration:12900	Loss_mean:0.0006517697417802993	Loss_std:0.0006482557714003216
Iteration:13000	Loss_mean:0.0006832205302998773	Loss_std:0.0011991767817017165
Iteration:13100	Loss_mean:0.001129041733511258	Loss_std:0.0016902958794687594
Iteration:13200	Loss_mean:0.0006992705627999385	Loss_std:0.0006977582148283579
Iteration:13300	Loss_mean:0.0007401675995788537	Loss_std:0.0007030812422125969
Iteration:13400	Loss_mean:0.0009049853135729791	Loss_std:0.0011649143787451533
Iteration:13500	Loss_mean:0.0007295877053729782	Loss_std:0.0010042206241079106
Iteration:13600	Loss_mean:0.0009976260145776906	Loss_std:0.001948008708043567
Iteration:13700	Loss_mean:0.0011257693411334912	Loss_std:0.0017221755566357222
Iteration:13800	Loss_mean:0.001129712458478025	Loss_std:0.0011287180662777323
Iteration:13900	Loss_mean:0.00047065868082427184	Loss_std:0.00043711318253303213
Iteration:14000	Loss_mean:0.000621082946236129	Loss_std:0.0006350578303902636
Iteration:14100	Loss_mean:0.0007027846435448737	Loss_std:0.0007298065445661073
Iteration:14200	Loss_mean:0.0006481099106531474	Loss_std:0.0006094968614568692
Iteration:14300	Loss_mean:0.0006956966863799608	Loss_std:0.0008079816467396379
Iteration:14400	Loss_mean:0.0006016616412307485	Loss_std:0.0006674805356843084
Iteration:14500	Loss_mean:0.001273092592273315	Loss_std:0.0014855955525158112
Iteration:14600	Loss_mean:0.001216603746288456	Loss_std:0.0014554365014406243
Iteration:14700	Loss_mean:0.0006483928284797002	Loss_std:0.0009596692115457466
Iteration:14800	Loss_mean:0.0009598973110405496	Loss_std:0.001168473130587164
Iteration:14900	Loss_mean:0.0006992319145501824	Loss_std:0.0008006401823494399
Iteration:15000	Loss_mean:0.0004388934073904238	Loss_std:0.00042242064667803996
Iteration:15100	Loss_mean:0.0009606328599147673	Loss_std:0.001197959974151987
Iteration:15200	Loss_mean:0.0009156080432512681	Loss_std:0.001280382576623091
Iteration:15300	Loss_mean:0.0008548059366876259	Loss_std:0.0012766520491548608
Iteration:15400	Loss_mean:0.0007980317801775527	Loss_std:0.0012700651133865488
Iteration:15500	Loss_mean:0.000869801812714286	Loss_std:0.0010068785692436456
Iteration:15600	Loss_mean:0.00043502695092684007	Loss_std:0.0004688235250686655
Iteration:15700	Loss_mean:0.0003444110305827053	Loss_std:0.00031459982354180966
Iteration:15800	Loss_mean:0.00047353845307952726	Loss_std:0.0007277029633999815
Iteration:15900	Loss_mean:0.000824844084054348	Loss_std:0.0009055003818165664
Iteration:16000	Loss_mean:0.0005752139510514098	Loss_std:0.0006272093076180569
Iteration:16100	Loss_mean:0.00047214358073688345	Loss_std:0.000657575437373088
Iteration:16200	Loss_mean:0.0006961541575219598	Loss_std:0.0008904567122342148
Iteration:16300	Loss_mean:0.0004794222463897313	Loss_std:0.0005168335711374517
Iteration:16400	Loss_mean:0.0005715676377803902	Loss_std:0.0005911544091751108
Iteration:16500	Loss_mean:0.0005643448798218743	Loss_std:0.0005556792873083543
Iteration:16600	Loss_mean:0.0005355002456053626	Loss_std:0.0005395738702488984
Iteration:16700	Loss_mean:0.0014224007158009045	Loss_std:0.0024752839422146223
Iteration:16800	Loss_mean:0.0005096500339095655	Loss_std:0.0005405160083044475
Iteration:16900	Loss_mean:0.0005158227020911	Loss_std:0.0005629507978517205
Iteration:17000	Loss_mean:0.0007207382703199982	Loss_std:0.0012396306248385334
Iteration:17100	Loss_mean:0.0007084151034086972	Loss_std:0.000763413450687905
Iteration:17200	Loss_mean:0.0007010113860997081	Loss_std:0.0008359531473716347
Iteration:17300	Loss_mean:0.0004226915530307451	Loss_std:0.00038120953986388887
Iteration:17400	Loss_mean:0.0009957960735937376	Loss_std:0.0013777295719156928
Iteration:17500	Loss_mean:0.0008918828730747918	Loss_std:0.001618644541932501
Iteration:17600	Loss_mean:0.001090463366035692	Loss_std:0.0020500771799360686
Iteration:17700	Loss_mean:0.000724485636837926	Loss_std:0.0008314938918114335
Iteration:17800	Loss_mean:0.0009062186279516027	Loss_std:0.0009102759761287299
Iteration:17900	Loss_mean:0.0003444974445119442	Loss_std:0.00036587189973454515
Iteration:18000	Loss_mean:0.0003604021457249473	Loss_std:0.0003577481989939099
Iteration:18100	Loss_mean:0.00039666510127062794	Loss_std:0.00041186833585182256
Iteration:18200	Loss_mean:0.0006596182154316921	Loss_std:0.0007316265505803156
Iteration:18300	Loss_mean:0.0005596656408124545	Loss_std:0.0005745990906082016
Iteration:18400	Loss_mean:0.000719866310796533	Loss_std:0.0010420493630757483
Iteration:18500	Loss_mean:0.0016949400977136974	Loss_std:0.005851534506498169
Iteration:18600	Loss_mean:0.0009248363822553074	Loss_std:0.000945993725787531
Iteration:18700	Loss_mean:0.00047526246784400426	Loss_std:0.0005558412782310125
Iteration:18800	Loss_mean:0.00039018729181407254	Loss_std:0.00043488603832890445
Iteration:18900	Loss_mean:0.00043527319830900525	Loss_std:0.0005638167505655273
Iteration:19000	Loss_mean:0.00035318975084010164	Loss_std:0.00038424840221440307
Iteration:19100	Loss_mean:0.0004492959866729507	Loss_std:0.0008303140972977397
Iteration:19200	Loss_mean:0.0006319422627348104	Loss_std:0.0009200909021427251
Iteration:19300	Loss_mean:0.0009343068263115129	Loss_std:0.001686905286297982
Iteration:19400	Loss_mean:0.0005406013194078695	Loss_std:0.0006151046920433274
Iteration:19500	Loss_mean:0.0005388703710741538	Loss_std:0.0005394599291952841
Iteration:19600	Loss_mean:0.0003897459793824964	Loss_std:0.00042238913400213937
Iteration:19700	Loss_mean:0.00029028532930169604	Loss_std:0.00030673073820446626
Iteration:19800	Loss_mean:0.0003721500785832177	Loss_std:0.0003323040501507538
Iteration:19900	Loss_mean:0.00037976259181959904	Loss_std:0.0003620664466131037
Iteration:20000	Loss_mean:0.0005619720071263146	Loss_std:0.0005620623337652617
Iteration:20100	Loss_mean:0.00046423193183727564	Loss_std:0.0005358101712530057
Iteration:20200	Loss_mean:0.0005228174168223632	Loss_std:0.0005052580259046849
Iteration:20300	Loss_mean:0.001975351997934922	Loss_std:0.0048998160670661395
Iteration:20400	Loss_mean:0.0008789368842917611	Loss_std:0.001267298219430971
Iteration:20500	Loss_mean:0.0006151484703514143	Loss_std:0.0016179760218930639
Iteration:20600	Loss_mean:0.001290442534836984	Loss_std:0.0025070398450417865
Iteration:20700	Loss_mean:0.000473397943414966	Loss_std:0.0005225846147110003
Iteration:20800	Loss_mean:0.0005206948487284536	Loss_std:0.0004985835748320825
Iteration:20900	Loss_mean:0.0004590493696468911	Loss_std:0.0005159558961958345
Iteration:21000	Loss_mean:0.0003475005640757445	Loss_std:0.00033071124287216273
Iteration:21100	Loss_mean:0.0006992668708880956	Loss_std:0.000792307684352785
Iteration:21200	Loss_mean:0.0007677724107998074	Loss_std:0.0009617151246146152
Iteration:21300	Loss_mean:0.0005952446329320082	Loss_std:0.0005354791300374485
Iteration:21400	Loss_mean:0.000522679035566398	Loss_std:0.0006605558694926736
Iteration:21500	Loss_mean:0.0003558634141609218	Loss_std:0.0003965783151124964
Iteration:21600	Loss_mean:0.00031788029391464077	Loss_std:0.0003701849458263194
Iteration:21700	Loss_mean:0.00033772781370316806	Loss_std:0.0003307004907717684
Iteration:21800	Loss_mean:0.00029649213240190875	Loss_std:0.00033008696972964955
Iteration:21900	Loss_mean:0.00030443720541370564	Loss_std:0.00029883419464051794
Iteration:22000	Loss_mean:0.00043044827454650656	Loss_std:0.0005565926177888818
Iteration:22100	Loss_mean:0.0016437572893937614	Loss_std:0.002405364946077281
Iteration:22200	Loss_mean:0.001093167436956719	Loss_std:0.0017807966520541896
Iteration:22300	Loss_mean:0.0009170583727245684	Loss_std:0.0015483452563637519
Iteration:22400	Loss_mean:0.0006532348159635149	Loss_std:0.001163902474093281
Iteration:22500	Loss_mean:0.00046828527396428396	Loss_std:0.0008029127935229824
Iteration:22600	Loss_mean:0.0005067204338138254	Loss_std:0.0007551137358891929
Iteration:22700	Loss_mean:0.00033130499461549336	Loss_std:0.0004237075008919528
Iteration:22800	Loss_mean:0.00030433472530603465	Loss_std:0.0003648699371988634
Iteration:22900	Loss_mean:0.0006755161100409168	Loss_std:0.0017330951456798601
Iteration:23000	Loss_mean:0.0004198200156315579	Loss_std:0.0004336520693747068
Iteration:23100	Loss_mean:0.00034517648669861955	Loss_std:0.0003457007141002596
Iteration:23200	Loss_mean:0.00036130361076175177	Loss_std:0.0003976834835703461
Iteration:23300	Loss_mean:0.0003747280887182569	Loss_std:0.00047062745309614767
Iteration:23400	Loss_mean:0.00041624246927312924	Loss_std:0.00042250296111962264
Iteration:23500	Loss_mean:0.000456992264244036	Loss_std:0.00039197408348024074
Iteration:23600	Loss_mean:0.000420695234051891	Loss_std:0.0006532800087696783
Iteration:23700	Loss_mean:0.0004385282899147569	Loss_std:0.0004960072765719989
Iteration:23800	Loss_mean:0.0007439119897753698	Loss_std:0.0014620134107049007
Iteration:23900	Loss_mean:0.0010063001537764648	Loss_std:0.0012167319544750576
Iteration:24000	Loss_mean:0.0003626631044789974	Loss_std:0.00033754755254067315
Iteration:24100	Loss_mean:0.0003668663756980095	Loss_std:0.0003481057998556185
Iteration:24200	Loss_mean:0.00028992858878154946	Loss_std:0.00026282898018243424
Iteration:24300	Loss_mean:0.0002674100715375971	Loss_std:0.000269014226539998
Iteration:24400	Loss_mean:0.0003821051375689422	Loss_std:0.00045336551449013177
Iteration:24500	Loss_mean:0.0003724746934403811	Loss_std:0.0005124700396494994
Iteration:24600	Loss_mean:0.0003720854170205712	Loss_std:0.0004218587776509708
Iteration:24700	Loss_mean:0.00027991482831566826	Loss_std:0.00032221474394928366
Iteration:24800	Loss_mean:0.0002714637874669279	Loss_std:0.00035761073131879536
Iteration:24900	Loss_mean:0.00029234633595478956	Loss_std:0.00033658240292964645
Iteration:25000	Loss_mean:0.00044671369021671126	Loss_std:0.0005212535434198026
Iteration:25100	Loss_mean:0.00036439429144593307	Loss_std:0.00043791701546168924
Iteration:25200	Loss_mean:0.0003593884757719934	Loss_std:0.00043240299437339555
Iteration:25300	Loss_mean:0.0005168880715245905	Loss_std:0.0005320289370992403
Iteration:25400	Loss_mean:0.0004192467679513356	Loss_std:0.0003833690157062322
Iteration:25500	Loss_mean:0.00031403156945088997	Loss_std:0.00037940039507421326
Iteration:25600	Loss_mean:0.000932632962212665	Loss_std:0.0012859682628293657
Iteration:25700	Loss_mean:0.0005107864931414951	Loss_std:0.0006217166494160319
Iteration:25800	Loss_mean:0.0009213222080688866	Loss_std:0.003361515286828498
Iteration:25900	Loss_mean:0.0004488481102089281	Loss_std:0.0004072437772149641
Iteration:26000	Loss_mean:0.00034152428581364804	Loss_std:0.00027123499526780445
Iteration:26100	Loss_mean:0.0003745291177983745	Loss_std:0.0005062368741319928
Iteration:26200	Loss_mean:0.00037051418072223894	Loss_std:0.0004954523332726398
Iteration:26300	Loss_mean:0.00048216919971309834	Loss_std:0.0006730930585946854
Iteration:26400	Loss_mean:0.0003452362244752294	Loss_std:0.00039697603005322423
Iteration:26500	Loss_mean:0.0003948801152728265	Loss_std:0.0004662943668042958
Iteration:26600	Loss_mean:0.00037143726483918727	Loss_std:0.00042971971359973563
Iteration:26700	Loss_mean:0.0003009483220330367	Loss_std:0.000347697908026392
Iteration:26800	Loss_mean:0.0002740445286872273	Loss_std:0.000262806559320969
Iteration:26900	Loss_mean:0.00030229609656998944	Loss_std:0.0003794892962738437
Iteration:27000	Loss_mean:0.0006289063388430805	Loss_std:0.001375671326497975
Iteration:27100	Loss_mean:0.0004235046037865686	Loss_std:0.0006399579945314391
Iteration:27200	Loss_mean:0.0002676372549285588	Loss_std:0.0002828396471292142
Iteration:27300	Loss_mean:0.0003743608247532393	Loss_std:0.0004118118098802511
Iteration:27400	Loss_mean:0.00027054221510297794	Loss_std:0.00030709749095775936
Iteration:27500	Loss_mean:0.0002878908269440217	Loss_std:0.0003540343150750721
Iteration:27600	Loss_mean:0.00029202514086136945	Loss_std:0.00026880810316514943
Iteration:27700	Loss_mean:0.00029695963968151773	Loss_std:0.000426441965581255
Iteration:27800	Loss_mean:0.0003020258709875634	Loss_std:0.00031940859848495883
Iteration:27900	Loss_mean:0.0009268950482146465	Loss_std:0.0023755133657800773
Iteration:28000	Loss_mean:0.0007395771830488229	Loss_std:0.0011404900792438971
Iteration:28100	Loss_mean:0.0006470640708903375	Loss_std:0.0022152281411237347
Iteration:28200	Loss_mean:0.000521657857025275	Loss_std:0.0006891131111160108
Iteration:28300	Loss_mean:0.00036562380983468757	Loss_std:0.0003820665361383744
Iteration:28400	Loss_mean:0.0003833413162465149	Loss_std:0.0003990098293669756
Iteration:28500	Loss_mean:0.00019384358853130834	Loss_std:0.00017406915530398522
Iteration:28600	Loss_mean:0.00024804743068671084	Loss_std:0.00033864833506281646
Iteration:28700	Loss_mean:0.0002796377731465327	Loss_std:0.0003035256335472207
Iteration:28800	Loss_mean:0.00048107921153132336	Loss_std:0.0006454122122299293
Iteration:28900	Loss_mean:0.0003710101267824939	Loss_std:0.0007312211751725377
Iteration:29000	Loss_mean:0.00029053579541141514	Loss_std:0.0003054959200920315
Iteration:29100	Loss_mean:0.00021677238782103815	Loss_std:0.00020805028979760655
Iteration:29200	Loss_mean:0.00022920334761238336	Loss_std:0.00031420046672512827
Iteration:29300	Loss_mean:0.0002686899079435534	Loss_std:0.00028299830526384064
Iteration:29400	Loss_mean:0.00022792494482928304	Loss_std:0.00024752571524406825
Iteration:29500	Loss_mean:0.00024507762947905575	Loss_std:0.00026432302955156547
Iteration:29600	Loss_mean:0.000219685404908887	Loss_std:0.00023823759535805244
Iteration:29700	Loss_mean:0.00033896117449330634	Loss_std:0.000326717672583057
Iteration:29800	Loss_mean:0.0003119550818246353	Loss_std:0.00029990097012739934
Iteration:29900	Loss_mean:0.0003481778270725044	Loss_std:0.0006803898400116041
Iteration:30000	Loss_mean:0.000330259370357453	Loss_std:0.00039254606616702755
Iteration:30100	Loss_mean:0.00029351665843933004	Loss_std:0.0003056253475095166
Iteration:30200	Loss_mean:0.0005199733205154189	Loss_std:0.000990130632517105
Iteration:30300	Loss_mean:0.00028673738304860305	Loss_std:0.00025940646841519796
Iteration:30400	Loss_mean:0.0004030207527648599	Loss_std:0.0006781607844896297
Iteration:30500	Loss_mean:0.0005088515463739895	Loss_std:0.0006990520336869834
Iteration:30600	Loss_mean:0.00029465381076988707	Loss_std:0.0003646967221457473
Iteration:30700	Loss_mean:0.00030656492600428465	Loss_std:0.00041275511350421807
Iteration:30800	Loss_mean:0.00024026885464081715	Loss_std:0.0002617531650836595
Iteration:30900	Loss_mean:0.0003162990525197529	Loss_std:0.00037844668342245177
Iteration:31000	Loss_mean:0.00024357537422474705	Loss_std:0.00024030434880362194
Iteration:31100	Loss_mean:0.0004978458372147542	Loss_std:0.0007469033838946445
Iteration:31200	Loss_mean:0.00033730247399034853	Loss_std:0.0003525274722305859
Iteration:31300	Loss_mean:0.0003800080344262824	Loss_std:0.0004065123360222289
Iteration:31400	Loss_mean:0.0007131540545924508	Loss_std:0.0014611663003038023
Iteration:31500	Loss_mean:0.0005520515624857581	Loss_std:0.0009566179581515869
Iteration:31600	Loss_mean:0.0006723247332865867	Loss_std:0.0009983163342914881
Iteration:31700	Loss_mean:0.0003611142311729054	Loss_std:0.0005089758896942903
Iteration:31800	Loss_mean:0.00029715682651385575	Loss_std:0.0004057228967415266
Iteration:31900	Loss_mean:0.00026932600775580795	Loss_std:0.00030297626867786397
Iteration:32000	Loss_mean:0.0004716208844706671	Loss_std:0.0010309727094949545
Iteration:32100	Loss_mean:0.00021711536293878453	Loss_std:0.00020587666121671874
Iteration:32200	Loss_mean:0.00023069473627174375	Loss_std:0.00032176244491023676
Iteration:32300	Loss_mean:0.00017146678294921002	Loss_std:0.0001585716744375666
Iteration:32400	Loss_mean:0.0005342886460312002	Loss_std:0.0013032830516247892
Iteration:32500	Loss_mean:0.00035032350833716917	Loss_std:0.00042682484345147887
Iteration:32600	Loss_mean:0.00028822344864238403	Loss_std:0.0003392373008043659
Iteration:32700	Loss_mean:0.0002269496080452882	Loss_std:0.00024248237049403224
Iteration:32800	Loss_mean:0.00028887764385217453	Loss_std:0.0004556602797706373
Iteration:32900	Loss_mean:0.00020623519006107927	Loss_std:0.00021673686651493652
Iteration:33000	Loss_mean:0.00021287586065227515	Loss_std:0.00022145610228440447
Iteration:33100	Loss_mean:0.00023866186858867878	Loss_std:0.00024005764841904319
Iteration:33200	Loss_mean:0.000278793852085073	Loss_std:0.0003332822541107273
Iteration:33300	Loss_mean:0.000345850023732055	Loss_std:0.00038921144395825046
Iteration:33400	Loss_mean:0.0004982671398101957	Loss_std:0.0005807750886897132
Iteration:33500	Loss_mean:0.00026662801441489135	Loss_std:0.0002566245321380125
Iteration:33600	Loss_mean:0.0002465700488392031	Loss_std:0.00025992789700408865
Iteration:33700	Loss_mean:0.0003180349246576952	Loss_std:0.0004397622003728672
Iteration:33800	Loss_mean:0.00023833982617361472	Loss_std:0.0002660655928456052
Iteration:33900	Loss_mean:0.0002238590346132696	Loss_std:0.0002844194053311216
Iteration:34000	Loss_mean:0.0003631806223620515	Loss_std:0.0005891586552394452
Iteration:34100	Loss_mean:0.0003530277900335932	Loss_std:0.0004569223001353497
Iteration:34200	Loss_mean:0.00030996086864433893	Loss_std:0.00036943205847118807
Iteration:34300	Loss_mean:0.000293292634687532	Loss_std:0.0004576011233970235
Iteration:34400	Loss_mean:0.0004943946969615354	Loss_std:0.0008190438206283491
Iteration:34500	Loss_mean:0.00035232653554885475	Loss_std:0.0005425812337122509
Iteration:34600	Loss_mean:0.000250008260809409	Loss_std:0.0003359160510857362
Iteration:34700	Loss_mean:0.00025955130491638555	Loss_std:0.0003248086181304549
Iteration:34800	Loss_mean:0.00021974919415697512	Loss_std:0.00022653884025961016
Iteration:34900	Loss_mean:0.00029288633681971986	Loss_std:0.00029144285327975755
Iteration:35000	Loss_mean:0.00030705482283337914	Loss_std:0.000644816982963651
Iteration:35100	Loss_mean:0.0004312831767310854	Loss_std:0.0006645421155314162
Iteration:35200	Loss_mean:0.000511779586540797	Loss_std:0.0007947328103178552
Iteration:35300	Loss_mean:0.0003024393380019319	Loss_std:0.0003540846100179268
Iteration:35400	Loss_mean:0.0002421283539479191	Loss_std:0.00024300304157172582
Iteration:35500	Loss_mean:0.0002895198219084705	Loss_std:0.00029741548973791926
Iteration:35600	Loss_mean:0.00024635924657559374	Loss_std:0.000307100580276652
Iteration:35700	Loss_mean:0.000599992016741453	Loss_std:0.0018465914854959766
Iteration:35800	Loss_mean:0.0005300949763204698	Loss_std:0.0009781633356732915
Iteration:35900	Loss_mean:0.00024048361305176514	Loss_std:0.00022252448075883307
Iteration:36000	Loss_mean:0.00018161186261067997	Loss_std:0.00020436873470399867
Iteration:36100	Loss_mean:0.0001660191342989492	Loss_std:0.00014992371463324366
Iteration:36200	Loss_mean:0.0002984486873219794	Loss_std:0.0003241454683326856
Iteration:36300	Loss_mean:0.00018271616603669826	Loss_std:0.0002343527356719175
Iteration:36400	Loss_mean:0.0002295557747129351	Loss_std:0.0002503093595346072
Iteration:36500	Loss_mean:0.00019844893975459854	Loss_std:0.00020546960548834204
Iteration:36600	Loss_mean:0.00024913564006965314	Loss_std:0.0002904885610739555
Iteration:36700	Loss_mean:0.0003545030445275188	Loss_std:0.00041496482845486914
Iteration:36800	Loss_mean:0.0003474143973926402	Loss_std:0.0007869163458843005
Iteration:36900	Loss_mean:0.00024242312802016385	Loss_std:0.0003115411098019214
Iteration:37000	Loss_mean:0.00024164551713056425	Loss_std:0.0002801541821657343
Iteration:37100	Loss_mean:0.0002725839913728123	Loss_std:0.0003817256601408038
Iteration:37200	Loss_mean:0.00023595496320922394	Loss_std:0.00028217667373912024
Iteration:37300	Loss_mean:0.00020685234852862777	Loss_std:0.00024504058790255354
Iteration:37400	Loss_mean:0.00040685557914912354	Loss_std:0.0006056877231167774
Iteration:37500	Loss_mean:0.00040661279014784666	Loss_std:0.0006658839778807178
Iteration:37600	Loss_mean:0.00019700078914866025	Loss_std:0.00019652783020443026
Iteration:37700	Loss_mean:0.0002208296382377739	Loss_std:0.0002825882151238684
Iteration:37800	Loss_mean:0.0002917555364911095	Loss_std:0.00031113965298716406
Iteration:37900	Loss_mean:0.0003775842433606158	Loss_std:0.0003801300411509436
Iteration:38000	Loss_mean:0.00023705863465693256	Loss_std:0.0002830479056333086
Iteration:38100	Loss_mean:0.0002095459671545541	Loss_std:0.00027486055003382364
Iteration:38200	Loss_mean:0.00020876093433344067	Loss_std:0.0003220168791290288
Iteration:38300	Loss_mean:0.00028313449734014285	Loss_std:0.0003511099813781037
Iteration:38400	Loss_mean:0.00025085540633881467	Loss_std:0.00025412391722760206
Iteration:38500	Loss_mean:0.00023770213950228937	Loss_std:0.00029372717038910075
Iteration:38600	Loss_mean:0.00014100212161793023	Loss_std:0.00011362043790308123
Iteration:38700	Loss_mean:0.00019435535982665898	Loss_std:0.00015876744600207653
Iteration:38800	Loss_mean:0.0002373757537588972	Loss_std:0.00023303319594846544
Iteration:38900	Loss_mean:0.0002114139320792674	Loss_std:0.00021170553470733984
Iteration:39000	Loss_mean:0.00023562267085253553	Loss_std:0.0002327350328396573
Iteration:39100	Loss_mean:0.0001897576267583645	Loss_std:0.00021931466222317066
Iteration:39200	Loss_mean:0.0002485875071897681	Loss_std:0.0003192448859318138
Iteration:39300	Loss_mean:0.00034275284078830735	Loss_std:0.00045469168946086835
Iteration:39400	Loss_mean:0.00025088853323040894	Loss_std:0.0003033911659340975
Iteration:39500	Loss_mean:0.00016820501456095373	Loss_std:0.00021610457621613481
Iteration:39600	Loss_mean:0.00022176959353600978	Loss_std:0.00024104333691901938
Iteration:39700	Loss_mean:0.00022052565560443327	Loss_std:0.00023172379443477911
Iteration:39800	Loss_mean:0.00034333888988840043	Loss_std:0.0004635706328100837
Iteration:39900	Loss_mean:0.0003413862162051373	Loss_std:0.0005416517999475722
Iteration:40000	Loss_mean:0.0003742809203504294	Loss_std:0.000454160438493703
Iteration:40100	Loss_mean:0.00021671990203685708	Loss_std:0.0002897697621269921
Iteration:40200	Loss_mean:0.00039050591465638717	Loss_std:0.0005317114235296103
Iteration:40300	Loss_mean:0.00017008703468945896	Loss_std:0.00018091717402221255
Iteration:40400	Loss_mean:0.00020203485391903086	Loss_std:0.00026246042067360587
Iteration:40500	Loss_mean:0.00017823102510192257	Loss_std:0.00023542162880512102
Iteration:40600	Loss_mean:0.00024316966243077332	Loss_std:0.0002680858639859162
Iteration:40700	Loss_mean:0.00043716408218642756	Loss_std:0.0015373771960955137
Iteration:40800	Loss_mean:0.00027449733951470987	Loss_std:0.0004509085252002687
Iteration:40900	Loss_mean:0.0005852947093990224	Loss_std:0.0009195881766963176
Iteration:41000	Loss_mean:0.0003778350163429423	Loss_std:0.0005054718122139514
Iteration:41100	Loss_mean:0.00023342443264482427	Loss_std:0.00023312557830122707
Iteration:41200	Loss_mean:0.00018087740626469893	Loss_std:0.00022416477117926146
Iteration:41300	Loss_mean:0.0002313112558113062	Loss_std:0.000298089916586748
Iteration:41400	Loss_mean:0.00023192539162664616	Loss_std:0.00024140244745505415
Iteration:41500	Loss_mean:0.00034098054509740906	Loss_std:0.0005107704646847381
Iteration:41600	Loss_mean:0.00016708063046280586	Loss_std:0.0001735031174466975
Iteration:41700	Loss_mean:0.00016911377012092998	Loss_std:0.00018526075218677069
Iteration:41800	Loss_mean:0.0001773892378241726	Loss_std:0.00023944982057574714
Iteration:41900	Loss_mean:0.0002223938856332097	Loss_std:0.00031283429873812924
Iteration:42000	Loss_mean:0.00025011516207996466	Loss_std:0.0002817646901487044
Iteration:42100	Loss_mean:0.00020209311313010403	Loss_std:0.00019198289418709185
Iteration:42200	Loss_mean:0.00020621469271645766	Loss_std:0.00024791902883176394
Iteration:42300	Loss_mean:0.00019679471879499033	Loss_std:0.00036783418386128583
Iteration:42400	Loss_mean:0.00024978411570828027	Loss_std:0.00032105759392069233
Iteration:42500	Loss_mean:0.00037897585495556997	Loss_std:0.0007350504358148771
Iteration:42600	Loss_mean:0.0003051633901668538	Loss_std:0.0003231979616901654
Iteration:42700	Loss_mean:0.0001799558599213924	Loss_std:0.00018159169785425525
Iteration:42800	Loss_mean:0.00016280339053992065	Loss_std:0.00016946840353365095
Iteration:42900	Loss_mean:0.0001694030056023621	Loss_std:0.00018264748870746173
Iteration:43000	Loss_mean:0.00018090169385232002	Loss_std:0.0002015806072693512
Iteration:43100	Loss_mean:0.0002146503038238734	Loss_std:0.0003005546842812951
Iteration:43200	Loss_mean:0.00025592790797418274	Loss_std:0.0002626233045891043
Iteration:43300	Loss_mean:0.00035454816207220575	Loss_std:0.00048652935047390167
Iteration:43400	Loss_mean:0.0003149824210959196	Loss_std:0.000396712990413928
Iteration:43500	Loss_mean:0.00014391677312232786	Loss_std:0.00014207087905135826
Iteration:43600	Loss_mean:0.00017333447689452442	Loss_std:0.0002455552862876043
Iteration:43700	Loss_mean:0.00026178362575592475	Loss_std:0.0003343660945440649
Iteration:43800	Loss_mean:0.000183256414728703	Loss_std:0.0001839871845008253
Iteration:43900	Loss_mean:0.0002081581848415226	Loss_std:0.00023388634862096062
Iteration:44000	Loss_mean:0.00016217775876611995	Loss_std:0.00013802164515063962
Iteration:44100	Loss_mean:0.0002421805021822365	Loss_std:0.0004845556496944691
Iteration:44200	Loss_mean:0.0004647770651445171	Loss_std:0.0019325019386033841
Iteration:44300	Loss_mean:0.00018339315251978406	Loss_std:0.00027414433587228483
Iteration:44400	Loss_mean:0.0004045933001634694	Loss_std:0.0006639971886217088
Iteration:44500	Loss_mean:0.00023441900897978486	Loss_std:0.00028122062259153317
Iteration:44600	Loss_mean:0.0003744250254067083	Loss_std:0.0006629956986771375
Iteration:44700	Loss_mean:0.0002860744683766825	Loss_std:0.00032200713688681544
Iteration:44800	Loss_mean:0.00016318865842549713	Loss_std:0.00017403902142435154
Iteration:44900	Loss_mean:0.00023532083466307085	Loss_std:0.00028091003220080126
Iteration:45000	Loss_mean:0.00016766862177973962	Loss_std:0.00017576972611933563
Iteration:45100	Loss_mean:0.00020541281618534411	Loss_std:0.00026537905481809266
Iteration:45200	Loss_mean:0.0001739237269066507	Loss_std:0.00022195020439993627
Iteration:45300	Loss_mean:0.00014422113096941304	Loss_std:0.0001400838029121811
Iteration:45400	Loss_mean:0.000160971592417809	Loss_std:0.00022261788511458537
Iteration:45500	Loss_mean:0.00020969664050880964	Loss_std:0.00033272981260406794
Iteration:45600	Loss_mean:0.00027732708535950225	Loss_std:0.0002897415491776273
Iteration:45700	Loss_mean:0.00021734983351052507	Loss_std:0.0003355338851537967
Iteration:45800	Loss_mean:0.00014593373689649524	Loss_std:0.00015363098266430486
Iteration:45900	Loss_mean:0.00018709462468450511	Loss_std:0.00018427551149139616
Iteration:46000	Loss_mean:0.00019907270435851388	Loss_std:0.00021120089456389584
Iteration:46100	Loss_mean:0.00018254720544064185	Loss_std:0.0002182380853656657
Iteration:46200	Loss_mean:0.00020605628595149028	Loss_std:0.00026032356552543493
Iteration:46300	Loss_mean:0.00034813536696674417	Loss_std:0.00039287254768519597
Iteration:46400	Loss_mean:0.00027501689682594586	Loss_std:0.0002491646846537442
Iteration:46500	Loss_mean:0.0004354303920899838	Loss_std:0.0006508223928521385
Iteration:46600	Loss_mean:0.0003434510649594813	Loss_std:0.0004053514257310233
Iteration:46700	Loss_mean:0.00017411172249012452	Loss_std:0.00019487989352110144
Iteration:46800	Loss_mean:0.00025210783694092244	Loss_std:0.0003593818177536695
Iteration:46900	Loss_mean:0.00011583128175516322	Loss_std:9.766894505926437e-05
Iteration:47000	Loss_mean:0.00025747978704202977	Loss_std:0.0003676302623744291
Iteration:47100	Loss_mean:0.0003769694646280186	Loss_std:0.0010021967969912145
Iteration:47200	Loss_mean:0.0002476990857553574	Loss_std:0.0003517219947900006
Iteration:47300	Loss_mean:0.0002313707569101098	Loss_std:0.0002922667624812602
Iteration:47400	Loss_mean:0.0002383607583851699	Loss_std:0.00024888869710281797
Iteration:47500	Loss_mean:0.0001591676368661865	Loss_std:0.0001450475399631825
Iteration:47600	Loss_mean:0.00017340675800369353	Loss_std:0.00021125475827756356
Iteration:47700	Loss_mean:0.00021867344119527843	Loss_std:0.00022744355434948824
Iteration:47800	Loss_mean:0.0002574067240948352	Loss_std:0.00041462778659639483
Iteration:47900	Loss_mean:0.00015604864608576464	Loss_std:0.00018709025260628433
Iteration:48000	Loss_mean:0.0001599648731917114	Loss_std:0.00015522671534691545
Iteration:48100	Loss_mean:0.00014412429301955855	Loss_std:0.00012596584935943664
Iteration:48200	Loss_mean:0.0002628892599932442	Loss_std:0.000292902781003564
Iteration:48300	Loss_mean:0.00012315023834617023	Loss_std:0.00011088724210190329
Iteration:48400	Loss_mean:0.0001536410915605302	Loss_std:0.00016037239225363256
Iteration:48500	Loss_mean:0.00018963787850225343	Loss_std:0.00025073079380338794
Iteration:48600	Loss_mean:0.0001675656684119531	Loss_std:0.00017493226450414825
Iteration:48700	Loss_mean:0.00017315197542302485	Loss_std:0.0001947089395067489
Iteration:48800	Loss_mean:0.00016003761459614906	Loss_std:0.00019227418896475558
Iteration:48900	Loss_mean:0.00021227229881333188	Loss_std:0.00029225127139946106
Iteration:49000	Loss_mean:0.0001959175245156075	Loss_std:0.00021299487355763496
Iteration:49100	Loss_mean:0.00016318980940468463	Loss_std:0.00017958466223021562
Iteration:49200	Loss_mean:0.0002087279783017948	Loss_std:0.00035024675033443404
Iteration:49300	Loss_mean:0.00023513938144787972	Loss_std:0.0002562385249663319
Iteration:49400	Loss_mean:0.00018191070422744814	Loss_std:0.00017607112060427226
Iteration:49500	Loss_mean:0.00015478976305132618	Loss_std:0.00018911002817797307
Iteration:49600	Loss_mean:0.00012522676431217405	Loss_std:0.00011936423245186882
Iteration:49700	Loss_mean:0.00014530718452988368	Loss_std:0.00013490103363326443
Iteration:49800	Loss_mean:0.00013700827621505597	Loss_std:0.0001639884662504078
Iteration:49900	Loss_mean:0.00015016869302598935	Loss_std:0.00018603230916406068
Modifying K
Fitting model on target unit
Iteration:0	Loss_mean:0.008067010901868343	Loss_std:0.0
Iteration:100	Loss_mean:0.00013633409590056546	Loss_std:0.000304833734328053
Iteration:200	Loss_mean:2.6173930179993477e-05	Loss_std:2.4537687091769184e-05
Iteration:300	Loss_mean:2.913762477760429e-05	Loss_std:2.881153310165829e-05
Iteration:400	Loss_mean:4.959554881565964e-05	Loss_std:5.011185011714794e-05
Iteration:500	Loss_mean:4.1328688678277106e-05	Loss_std:4.2458568352627215e-05
Iteration:600	Loss_mean:2.0041872289198182e-05	Loss_std:1.8064458608052388e-05
Iteration:700	Loss_mean:2.9863738293443022e-05	Loss_std:2.787307816677741e-05
Iteration:800	Loss_mean:2.146654320910102e-05	Loss_std:2.0383929283729114e-05
Iteration:900	Loss_mean:1.783586065585041e-05	Loss_std:1.4716808593277817e-05
Iteration:1000	Loss_mean:1.5838687770610703e-05	Loss_std:1.2497332876502715e-05
Iteration:1100	Loss_mean:1.6925553275086714e-05	Loss_std:1.5205944940763479e-05
Iteration:1200	Loss_mean:1.8607363778073704e-05	Loss_std:2.378493888702685e-05
Iteration:1300	Loss_mean:1.828471157352851e-05	Loss_std:1.5504015144881107e-05
Iteration:1400	Loss_mean:1.5071139645215225e-05	Loss_std:1.432533662083894e-05
Iteration:1500	Loss_mean:1.5621160501950724e-05	Loss_std:1.4225250519700281e-05
Iteration:1600	Loss_mean:1.463001510956019e-05	Loss_std:1.4247135432178285e-05
Iteration:1700	Loss_mean:1.6605411879027088e-05	Loss_std:1.4327760835282299e-05
Iteration:1800	Loss_mean:1.4637167403179774e-05	Loss_std:1.3083947219529085e-05
Iteration:1900	Loss_mean:1.1877123218937413e-05	Loss_std:1.0042176772221418e-05
Iteration:2000	Loss_mean:2.7961633237509885e-05	Loss_std:2.8423259907596447e-05
Iteration:2100	Loss_mean:1.813050283431039e-05	Loss_std:2.3432322611920057e-05
Iteration:2200	Loss_mean:1.7225289061570946e-05	Loss_std:1.54202386339652e-05
Iteration:2300	Loss_mean:3.3544858252980704e-05	Loss_std:3.5517772571548774e-05
Iteration:2400	Loss_mean:1.4623143936205452e-05	Loss_std:1.2130442882181755e-05
Iteration:2500	Loss_mean:1.491245240117678e-05	Loss_std:1.5908061789296482e-05
Iteration:2600	Loss_mean:1.116805108708263e-05	Loss_std:9.842598066422637e-06
Iteration:2700	Loss_mean:1.0088806971566556e-05	Loss_std:8.985738822469038e-06
Iteration:2800	Loss_mean:1.586916089479473e-05	Loss_std:1.739373510886998e-05
Iteration:2900	Loss_mean:1.2407076941371997e-05	Loss_std:1.1515660756726909e-05
Iteration:3000	Loss_mean:8.511181496260179e-06	Loss_std:7.672780933695103e-06
Iteration:3100	Loss_mean:1.4660056832553892e-05	Loss_std:1.2466546807719459e-05
Iteration:3200	Loss_mean:9.667741512657812e-06	Loss_std:9.11712407223285e-06
Iteration:3300	Loss_mean:1.3574082993272896e-05	Loss_std:1.2376863017956311e-05
Iteration:3400	Loss_mean:1.1516446818120585e-05	Loss_std:1.0031891473258905e-05
Iteration:3500	Loss_mean:9.9844204925148e-06	Loss_std:1.1686910080625248e-05
Iteration:3600	Loss_mean:1.0447766977677019e-05	Loss_std:1.020225486847519e-05
Iteration:3700	Loss_mean:8.602838206854813e-06	Loss_std:7.038806265486515e-06
Iteration:3800	Loss_mean:8.598902354037819e-06	Loss_std:8.193934935593418e-06
Iteration:3900	Loss_mean:1.2248008473534356e-05	Loss_std:1.3621269663618638e-05
Iteration:4000	Loss_mean:2.424823452088276e-05	Loss_std:2.7289960862937135e-05
Iteration:4100	Loss_mean:1.490228745637978e-05	Loss_std:1.4692878461180101e-05
Iteration:4200	Loss_mean:7.68799717860702e-06	Loss_std:8.188228994633452e-06
Iteration:4300	Loss_mean:8.120184135123055e-06	Loss_std:7.123162279221328e-06
Iteration:4400	Loss_mean:7.066632862233746e-06	Loss_std:4.9687228840927086e-06
Iteration:4500	Loss_mean:8.975049133255198e-06	Loss_std:8.802331668570127e-06
Iteration:4600	Loss_mean:9.932591649715051e-06	Loss_std:1.096821845803147e-05
Iteration:4700	Loss_mean:7.876570278426697e-06	Loss_std:7.059684984893067e-06
Iteration:4800	Loss_mean:1.7039384516692735e-05	Loss_std:2.037446595124733e-05
Iteration:4900	Loss_mean:6.757018054344144e-06	Loss_std:5.866002295484975e-06
Iteration:5000	Loss_mean:6.323634205500639e-06	Loss_std:4.484985350409661e-06
Iteration:5100	Loss_mean:7.115050991046701e-06	Loss_std:7.087336659127499e-06
Iteration:5200	Loss_mean:1.190617556574125e-05	Loss_std:1.1809334680241178e-05
Iteration:5300	Loss_mean:1.4671977196485386e-05	Loss_std:1.2632099093730485e-05
Iteration:5400	Loss_mean:1.930184358457154e-05	Loss_std:1.847083428906079e-05
Iteration:5500	Loss_mean:1.3106769653177253e-05	Loss_std:1.196732358021618e-05
Iteration:5600	Loss_mean:1.3947608475746165e-05	Loss_std:1.3878196477487388e-05
Iteration:5700	Loss_mean:1.0286761705629033e-05	Loss_std:1.2607985089127711e-05
Iteration:5800	Loss_mean:5.828842386534916e-06	Loss_std:4.912313302450163e-06
Iteration:5900	Loss_mean:5.834233412826961e-06	Loss_std:6.186901498093828e-06
Iteration:6000	Loss_mean:6.848146627476126e-06	Loss_std:5.619091132525901e-06
Iteration:6100	Loss_mean:6.143125886808321e-06	Loss_std:4.975324759381556e-06
Iteration:6200	Loss_mean:8.770906235895382e-06	Loss_std:8.006312076969802e-06
Iteration:6300	Loss_mean:6.4094649769685926e-06	Loss_std:4.777411199850537e-06
Iteration:6400	Loss_mean:6.637876837203294e-06	Loss_std:5.238762999655233e-06
Iteration:6500	Loss_mean:6.904277184958118e-06	Loss_std:7.506453222828503e-06
Iteration:6600	Loss_mean:6.7545153204662255e-06	Loss_std:7.261008948504107e-06
Iteration:6700	Loss_mean:1.144185320640645e-05	Loss_std:1.8407223882968874e-05
Iteration:6800	Loss_mean:7.14176094135155e-06	Loss_std:6.2699129346826616e-06
Iteration:6900	Loss_mean:7.4587339769038865e-06	Loss_std:6.666990807650953e-06
Iteration:7000	Loss_mean:8.539706955446036e-06	Loss_std:1.1751929478088907e-05
Iteration:7100	Loss_mean:4.252419006434138e-06	Loss_std:3.575082222386282e-06
Iteration:7200	Loss_mean:8.90043885135583e-06	Loss_std:1.1635866651089514e-05
Iteration:7300	Loss_mean:7.06968223568083e-06	Loss_std:8.964087533820527e-06
Iteration:7400	Loss_mean:8.758948709441938e-06	Loss_std:8.575222174107293e-06
Iteration:7500	Loss_mean:4.7069287091972e-06	Loss_std:4.016972410891951e-06
Iteration:7600	Loss_mean:6.697827337518447e-06	Loss_std:7.5355285839654745e-06
Iteration:7700	Loss_mean:5.732023813038722e-06	Loss_std:5.307268463411413e-06
Iteration:7800	Loss_mean:9.706270695915009e-06	Loss_std:8.819483166059496e-06
Iteration:7900	Loss_mean:9.256682219529466e-06	Loss_std:9.530988429246766e-06
Iteration:8000	Loss_mean:4.56756265492686e-06	Loss_std:3.5588011111840514e-06
Iteration:8100	Loss_mean:5.3728362019000995e-06	Loss_std:4.916794672331387e-06
Iteration:8200	Loss_mean:6.4851466748905294e-06	Loss_std:5.850462696635481e-06
Iteration:8300	Loss_mean:9.713205660375479e-06	Loss_std:1.0935219358285687e-05
Iteration:8400	Loss_mean:5.844732998241397e-06	Loss_std:5.730580439661592e-06
Iteration:8500	Loss_mean:4.168845683238942e-06	Loss_std:3.2438293066933087e-06
Iteration:8600	Loss_mean:3.49219203968687e-06	Loss_std:2.527163963168255e-06
Iteration:8700	Loss_mean:4.507030494664832e-06	Loss_std:3.7525817882975105e-06
Iteration:8800	Loss_mean:9.017277806719903e-06	Loss_std:1.3241987021990286e-05
Iteration:8900	Loss_mean:7.012960358849796e-06	Loss_std:6.906777126984949e-06
Iteration:9000	Loss_mean:6.8487211800061235e-06	Loss_std:6.203643627092178e-06
Iteration:9100	Loss_mean:5.523632511028609e-06	Loss_std:6.868787570860425e-06
Iteration:9200	Loss_mean:7.652025846596189e-06	Loss_std:8.193110488797828e-06
Iteration:9300	Loss_mean:5.5433576409313905e-06	Loss_std:8.549193829219995e-06
Iteration:9400	Loss_mean:1.0594363951241803e-05	Loss_std:9.543128829521885e-06
Iteration:9500	Loss_mean:4.476757415119437e-06	Loss_std:3.9692736233563815e-06
Iteration:9600	Loss_mean:4.249831167300044e-06	Loss_std:4.2483136061486594e-06
Iteration:9700	Loss_mean:8.689566443536024e-06	Loss_std:1.0789254052033757e-05
Iteration:9800	Loss_mean:4.617456791891073e-06	Loss_std:4.29788375569354e-06
Iteration:9900	Loss_mean:5.5061581394966194e-06	Loss_std:4.8494952596320905e-06
39
Traceback (most recent call last):
  File "fitandpredict.py", line 110, in <module>
    main()
  File "fitandpredict.py", line 107, in main
    fitandpredict(args)
  File "fitandpredict.py", line 91, in fitandpredict
    target_id = np.save(op_path+'target.npy',op_path)
NameError: name 'op_path' is not defined
