Pretraining model on donor units
Iteration:0	Loss_mean:0.29518237709999084	Loss_std:0.0
Iteration:100	Loss_mean:0.5986467176117003	Loss_std:0.45219662479457545
Iteration:200	Loss_mean:0.43195743213174864	Loss_std:0.3991317333433094
Iteration:300	Loss_mean:0.41040887955576183	Loss_std:0.3704146458291886
Iteration:400	Loss_mean:0.2845906059769914	Loss_std:0.30547112118103575
Iteration:500	Loss_mean:0.22586749147158117	Loss_std:0.2267989228080501
Iteration:600	Loss_mean:0.22241639400133864	Loss_std:0.18879601161589746
Iteration:700	Loss_mean:0.1759656165901106	Loss_std:0.1696059574581513
Iteration:800	Loss_mean:0.1729303212254308	Loss_std:0.1596221075839732
Iteration:900	Loss_mean:0.13653685838100502	Loss_std:0.12565165087551308
Iteration:1000	Loss_mean:0.1048643049178645	Loss_std:0.11760487723206393
Iteration:1100	Loss_mean:0.1105503015872091	Loss_std:0.11649274432974899
Iteration:1200	Loss_mean:0.10027316470281221	Loss_std:0.1136361613429532
Iteration:1300	Loss_mean:0.08236486237612553	Loss_std:0.10837521860148894
Iteration:1400	Loss_mean:0.052885080797132104	Loss_std:0.03805108624706244
Iteration:1500	Loss_mean:0.0458549992434564	Loss_std:0.046816780401494645
Iteration:1600	Loss_mean:0.044344770279712974	Loss_std:0.04871867478074588
Iteration:1700	Loss_mean:0.04852880082558841	Loss_std:0.04405913631011204
Iteration:1800	Loss_mean:0.033728607837110756	Loss_std:0.02773484443424167
Iteration:1900	Loss_mean:0.03471386005170643	Loss_std:0.03459547584792901
Iteration:2000	Loss_mean:0.03372757117205765	Loss_std:0.03064124472357702
Iteration:2100	Loss_mean:0.028251211100723594	Loss_std:0.022840821020516655
Iteration:2200	Loss_mean:0.028505188905401154	Loss_std:0.02925845835714489
Iteration:2300	Loss_mean:0.031596195362508295	Loss_std:0.025423459951192218
Iteration:2400	Loss_mean:0.034437517918413506	Loss_std:0.0305138898665168
Iteration:2500	Loss_mean:0.030388208932708948	Loss_std:0.02696840031353846
Iteration:2600	Loss_mean:0.029254578311520164	Loss_std:0.024207042451830238
Iteration:2700	Loss_mean:0.026901608101907185	Loss_std:0.02411652916391467
Iteration:2800	Loss_mean:0.026604174441308713	Loss_std:0.023292336769073607
Iteration:2900	Loss_mean:0.026374156514648348	Loss_std:0.028949305880523895
Iteration:3000	Loss_mean:0.02731921389349736	Loss_std:0.023507986955003786
Iteration:3100	Loss_mean:0.02650685315951705	Loss_std:0.027114758682167728
Iteration:3200	Loss_mean:0.025481758103123867	Loss_std:0.023005736423658375
Iteration:3300	Loss_mean:0.03192429402726702	Loss_std:0.031117994944915576
Iteration:3400	Loss_mean:0.022585564740584232	Loss_std:0.019453413148364348
Iteration:3500	Loss_mean:0.02763289123715367	Loss_std:0.02670077310223486
Iteration:3600	Loss_mean:0.02817340323876124	Loss_std:0.024576381128962054
Iteration:3700	Loss_mean:0.02616665243403986	Loss_std:0.02415951217642007
Iteration:3800	Loss_mean:0.02200224252359476	Loss_std:0.021423456664449288
Iteration:3900	Loss_mean:0.026821865958336275	Loss_std:0.024414025450288347
Iteration:4000	Loss_mean:0.025985075392527507	Loss_std:0.029489046595283928
Iteration:4100	Loss_mean:0.023447351332288237	Loss_std:0.022014522726542453
Iteration:4200	Loss_mean:0.029142090468667448	Loss_std:0.026323879057794684
Iteration:4300	Loss_mean:0.024221254308940843	Loss_std:0.02942826290088452
Iteration:4400	Loss_mean:0.02412870354775805	Loss_std:0.02645785166078234
Iteration:4500	Loss_mean:0.02614631784541416	Loss_std:0.026377678661380598
Iteration:4600	Loss_mean:0.024272094633779488	Loss_std:0.02021507744611906
Iteration:4700	Loss_mean:0.023454910148866474	Loss_std:0.02284694011813008
Iteration:4800	Loss_mean:0.02245141565683298	Loss_std:0.024198248408899056
Iteration:4900	Loss_mean:0.02344036487163976	Loss_std:0.023396421075641466
Iteration:5000	Loss_mean:0.02512840622162912	Loss_std:0.02232226938381826
Iteration:5100	Loss_mean:0.021634414497530088	Loss_std:0.02116876528598137
Iteration:5200	Loss_mean:0.02255189054994844	Loss_std:0.02324157657198958
Iteration:5300	Loss_mean:0.02407650512526743	Loss_std:0.024465862345226935
Iteration:5400	Loss_mean:0.023501786547712983	Loss_std:0.023747784669941235
Iteration:5500	Loss_mean:0.023266396004182753	Loss_std:0.020285128726979667
Iteration:5600	Loss_mean:0.022815904651070015	Loss_std:0.02082034944461164
Iteration:5700	Loss_mean:0.023694612028775736	Loss_std:0.02163050919239899
Iteration:5800	Loss_mean:0.02304356203880161	Loss_std:0.0206794675106152
Iteration:5900	Loss_mean:0.022932217935594964	Loss_std:0.02143890636832654
Iteration:6000	Loss_mean:0.02276621455908753	Loss_std:0.020673955784239202
Iteration:6100	Loss_mean:0.02045370477513643	Loss_std:0.020989687613188136
Iteration:6200	Loss_mean:0.021859038972179404	Loss_std:0.02268688434518675
Iteration:6300	Loss_mean:0.020333630440873093	Loss_std:0.020322483692341357
Iteration:6400	Loss_mean:0.021849672651442234	Loss_std:0.019491924906992326
Iteration:6500	Loss_mean:0.01854575993929757	Loss_std:0.01815380654719957
Iteration:6600	Loss_mean:0.020810349223902447	Loss_std:0.01792725651536818
Iteration:6700	Loss_mean:0.021857185235712676	Loss_std:0.019545280740381265
Iteration:6800	Loss_mean:0.019945332850766134	Loss_std:0.019640542392970875
Iteration:6900	Loss_mean:0.019215703518711963	Loss_std:0.01892629317377995
Iteration:7000	Loss_mean:0.014974921250832267	Loss_std:0.015354541370497217
Iteration:7100	Loss_mean:0.016396235186984996	Loss_std:0.015713400358900294
Iteration:7200	Loss_mean:0.014270219437748892	Loss_std:0.013700874638590205
Iteration:7300	Loss_mean:0.015301792868995108	Loss_std:0.013669985596070796
Iteration:7400	Loss_mean:0.017735953322262504	Loss_std:0.01683213543152501
Iteration:7500	Loss_mean:0.01467914316803217	Loss_std:0.015456247592722641
Iteration:7600	Loss_mean:0.014240601085184608	Loss_std:0.012958897397093343
Iteration:7700	Loss_mean:0.014256517858739244	Loss_std:0.013597487760405442
Iteration:7800	Loss_mean:0.013443148023216054	Loss_std:0.011800344064160079
Iteration:7900	Loss_mean:0.013190287981997244	Loss_std:0.0137732967388481
Iteration:8000	Loss_mean:0.013113217817735858	Loss_std:0.012452874410521323
Iteration:8100	Loss_mean:0.012511298544850433	Loss_std:0.013249843709487332
Iteration:8200	Loss_mean:0.014340676086139864	Loss_std:0.014289626391657899
Iteration:8300	Loss_mean:0.012400676505931187	Loss_std:0.013186257715391624
Iteration:8400	Loss_mean:0.014566233159712283	Loss_std:0.013589371459035373
Iteration:8500	Loss_mean:0.014052409566065762	Loss_std:0.013273826827040909
Iteration:8600	Loss_mean:0.01318689975043526	Loss_std:0.012618487279135003
Iteration:8700	Loss_mean:0.010759307768312283	Loss_std:0.008784100500074622
Iteration:8800	Loss_mean:0.01158157132595079	Loss_std:0.010814571033163278
Iteration:8900	Loss_mean:0.010244900655816309	Loss_std:0.009598452940208908
Iteration:9000	Loss_mean:0.011675616230058949	Loss_std:0.009897700175783977
Iteration:9100	Loss_mean:0.012105350747006013	Loss_std:0.01103880962770084
Iteration:9200	Loss_mean:0.011423646352050128	Loss_std:0.01101597512640503
Iteration:9300	Loss_mean:0.011015995443740394	Loss_std:0.010862453442605053
Iteration:9400	Loss_mean:0.009798836766567547	Loss_std:0.00930799864954773
Iteration:9500	Loss_mean:0.011727581035811454	Loss_std:0.010915163972575154
Iteration:9600	Loss_mean:0.010131124236504547	Loss_std:0.008649977688701176
Iteration:9700	Loss_mean:0.009663922805630136	Loss_std:0.008308125726358674
Iteration:9800	Loss_mean:0.009843538075947435	Loss_std:0.00848339323802551
Iteration:9900	Loss_mean:0.01267601880885195	Loss_std:0.01410767794730175
Iteration:10000	Loss_mean:0.00960172255145153	Loss_std:0.008404230606881035
Iteration:10100	Loss_mean:0.007803995000722352	Loss_std:0.007142735602680603
Iteration:10200	Loss_mean:0.010002747209509834	Loss_std:0.009852860023686592
Iteration:10300	Loss_mean:0.007581193330261158	Loss_std:0.007120987667291982
Iteration:10400	Loss_mean:0.008478165245614946	Loss_std:0.00809398022035757
Iteration:10500	Loss_mean:0.010663143494239193	Loss_std:0.011429785298247046
Iteration:10600	Loss_mean:0.007953078506689052	Loss_std:0.007221479887051666
Iteration:10700	Loss_mean:0.00940042486108723	Loss_std:0.007167931786062693
Iteration:10800	Loss_mean:0.010614823355135741	Loss_std:0.009584482640664735
Iteration:10900	Loss_mean:0.00747188461744372	Loss_std:0.005451701081818705
Iteration:11000	Loss_mean:0.007932490451203193	Loss_std:0.006921447751841961
Iteration:11100	Loss_mean:0.009100510876160116	Loss_std:0.007431278828443771
Iteration:11200	Loss_mean:0.007605906739081547	Loss_std:0.007792641928963061
Iteration:11300	Loss_mean:0.009389986258465797	Loss_std:0.008289304782434642
Iteration:11400	Loss_mean:0.008757322050078073	Loss_std:0.007229756859233602
Iteration:11500	Loss_mean:0.007173174731142353	Loss_std:0.0068243552972299445
Iteration:11600	Loss_mean:0.007434320931461116	Loss_std:0.006437158783870447
Iteration:11700	Loss_mean:0.007627677132986719	Loss_std:0.006778456875731428
Iteration:11800	Loss_mean:0.00808730858785566	Loss_std:0.00608326560945796
Iteration:11900	Loss_mean:0.0076308679998328445	Loss_std:0.006301932820212364
Iteration:12000	Loss_mean:0.007342531334797968	Loss_std:0.006552038018171105
Iteration:12100	Loss_mean:0.006733523670700379	Loss_std:0.005957822273050718
Iteration:12200	Loss_mean:0.007699190393759636	Loss_std:0.006725712107060953
Iteration:12300	Loss_mean:0.007924330795794958	Loss_std:0.007139406962114309
Iteration:12400	Loss_mean:0.007355209819579613	Loss_std:0.007473473831696652
Iteration:12500	Loss_mean:0.006004351936280727	Loss_std:0.0051139091078907335
Iteration:12600	Loss_mean:0.0080602618165085	Loss_std:0.006799343240019575
Iteration:12700	Loss_mean:0.00660953437029093	Loss_std:0.006120696487627874
Iteration:12800	Loss_mean:0.007200271292240359	Loss_std:0.006225902726710337
Iteration:12900	Loss_mean:0.006203932541102404	Loss_std:0.005606128705157467
Iteration:13000	Loss_mean:0.006426191777864005	Loss_std:0.005500768393627359
Iteration:13100	Loss_mean:0.006285845832317136	Loss_std:0.004852828366013022
Iteration:13200	Loss_mean:0.007940735156298616	Loss_std:0.007723306362769365
Iteration:13300	Loss_mean:0.0062788558710599315	Loss_std:0.005511238934713572
Iteration:13400	Loss_mean:0.005933242813989636	Loss_std:0.004402781572767315
Iteration:13500	Loss_mean:0.0062020334913904665	Loss_std:0.005512520541697226
Iteration:13600	Loss_mean:0.005299066662955738	Loss_std:0.0043502105865994185
Iteration:13700	Loss_mean:0.00578572921542218	Loss_std:0.0051512610739818925
Iteration:13800	Loss_mean:0.005348554351403436	Loss_std:0.005226326049897615
Iteration:13900	Loss_mean:0.0070183649935643185	Loss_std:0.006235596612745244
Iteration:14000	Loss_mean:0.006693674538837513	Loss_std:0.004936100227606622
Iteration:14100	Loss_mean:0.006528349629952572	Loss_std:0.006584035768919098
Iteration:14200	Loss_mean:0.005728760271013016	Loss_std:0.00506706649113945
Iteration:14300	Loss_mean:0.007024673712949152	Loss_std:0.005872509839569069
Iteration:14400	Loss_mean:0.00496121635333111	Loss_std:0.00434161485711679
Iteration:14500	Loss_mean:0.00590478143261862	Loss_std:0.004436295042394378
Iteration:14600	Loss_mean:0.005267690797481918	Loss_std:0.004548220804688021
Iteration:14700	Loss_mean:0.005394777741312282	Loss_std:0.005285769380519189
Iteration:14800	Loss_mean:0.005808557384589221	Loss_std:0.005316499027495878
Iteration:14900	Loss_mean:0.006379104576917598	Loss_std:0.005704169297738131
Iteration:15000	Loss_mean:0.005693182287941454	Loss_std:0.005314180109205835
Iteration:15100	Loss_mean:0.005563085723551921	Loss_std:0.0042388026468490395
Iteration:15200	Loss_mean:0.0062673569000617135	Loss_std:0.00569112855661986
Iteration:15300	Loss_mean:0.005490178004693007	Loss_std:0.0045103001685626995
Iteration:15400	Loss_mean:0.005845463000441669	Loss_std:0.005476879691260749
Iteration:15500	Loss_mean:0.005487682749590022	Loss_std:0.005003249175819738
Iteration:15600	Loss_mean:0.0053012553440203196	Loss_std:0.004866022908845959
Iteration:15700	Loss_mean:0.006078920439904323	Loss_std:0.005963997765683191
Iteration:15800	Loss_mean:0.00578790138464683	Loss_std:0.004802008787015337
Iteration:15900	Loss_mean:0.006256909762232681	Loss_std:0.005666324603576535
Iteration:16000	Loss_mean:0.005095182127843145	Loss_std:0.004109608503148546
Iteration:16100	Loss_mean:0.005889403548790142	Loss_std:0.00526214200795251
Iteration:16200	Loss_mean:0.00568512616402586	Loss_std:0.005233713042865459
Iteration:16300	Loss_mean:0.006272788895876147	Loss_std:0.004796182061521727
Iteration:16400	Loss_mean:0.00555116664923844	Loss_std:0.004563664956696834
Iteration:16500	Loss_mean:0.0053396658687415765	Loss_std:0.00441235744844573
Iteration:16600	Loss_mean:0.005258951219775554	Loss_std:0.0047821664332314846
Iteration:16700	Loss_mean:0.005126864743870101	Loss_std:0.0037414020593219987
Iteration:16800	Loss_mean:0.005448945699172327	Loss_std:0.005025545680340228
Iteration:16900	Loss_mean:0.004809680984180886	Loss_std:0.0041847430868826585
Iteration:17000	Loss_mean:0.005271112578411703	Loss_std:0.0046452757000879285
Iteration:17100	Loss_mean:0.005910639007015561	Loss_std:0.005011302055286063
Iteration:17200	Loss_mean:0.005248823315923801	Loss_std:0.004564849721346649
Iteration:17300	Loss_mean:0.0062372403868357655	Loss_std:0.004492101365690145
Iteration:17400	Loss_mean:0.00528474135659053	Loss_std:0.004764899826719815
Iteration:17500	Loss_mean:0.005264847497874143	Loss_std:0.004058134971610608
Iteration:17600	Loss_mean:0.005519336476208991	Loss_std:0.005559327283740334
Iteration:17700	Loss_mean:0.005734631482337136	Loss_std:0.004199628419226186
Iteration:17800	Loss_mean:0.005511066601502535	Loss_std:0.004498321039423243
Iteration:17900	Loss_mean:0.005740512432385003	Loss_std:0.004986257246646831
Iteration:18000	Loss_mean:0.005103084443835542	Loss_std:0.004638880110887612
Iteration:18100	Loss_mean:0.004508129151945468	Loss_std:0.003488671578091636
Iteration:18200	Loss_mean:0.005036779331712751	Loss_std:0.004489639755581711
Iteration:18300	Loss_mean:0.004892997836577706	Loss_std:0.004098474215552724
Iteration:18400	Loss_mean:0.005002628627698869	Loss_std:0.004903950426495382
Iteration:18500	Loss_mean:0.005107543221965898	Loss_std:0.004437215131915829
Iteration:18600	Loss_mean:0.004908767877204809	Loss_std:0.004604115725782009
Iteration:18700	Loss_mean:0.005644046057423111	Loss_std:0.005731285708541446
Iteration:18800	Loss_mean:0.004978673544428602	Loss_std:0.004133628691266847
Iteration:18900	Loss_mean:0.005391444786873763	Loss_std:0.004088292273861989
Iteration:19000	Loss_mean:0.005442555328336311	Loss_std:0.004331652221334188
Iteration:19100	Loss_mean:0.0056461709439463445	Loss_std:0.005539807730168638
Iteration:19200	Loss_mean:0.0048361006045888645	Loss_std:0.0034435367016448152
Iteration:19300	Loss_mean:0.004963519642769825	Loss_std:0.0037534752848320486
Iteration:19400	Loss_mean:0.004995400039479137	Loss_std:0.004266137634378883
Iteration:19500	Loss_mean:0.005074750065832631	Loss_std:0.003922723248157233
Iteration:19600	Loss_mean:0.004870051504258299	Loss_std:0.003955572559621363
Iteration:19700	Loss_mean:0.003874347831442719	Loss_std:0.0030593605547791945
Iteration:19800	Loss_mean:0.004769819579887553	Loss_std:0.004243771287435963
Iteration:19900	Loss_mean:0.004480970434960909	Loss_std:0.004568067883589354
Iteration:20000	Loss_mean:0.0044881026314760675	Loss_std:0.003698837068207304
Iteration:20100	Loss_mean:0.004300268144579605	Loss_std:0.004048689813349087
Iteration:20200	Loss_mean:0.004812274975702167	Loss_std:0.004410890416593458
Iteration:20300	Loss_mean:0.005027079416031484	Loss_std:0.004294757103477597
Iteration:20400	Loss_mean:0.004957269745937083	Loss_std:0.0039227526502745285
Iteration:20500	Loss_mean:0.004395159144914942	Loss_std:0.003593814342747404
Iteration:20600	Loss_mean:0.004233607813566778	Loss_std:0.0035564477772230636
Iteration:20700	Loss_mean:0.004437250678893179	Loss_std:0.003462955935833331
Iteration:20800	Loss_mean:0.004279962091386551	Loss_std:0.00417334877550208
Iteration:20900	Loss_mean:0.004551747645018622	Loss_std:0.0035526849414917903
Iteration:21000	Loss_mean:0.004171300807065563	Loss_std:0.00341098211582167
Iteration:21100	Loss_mean:0.0047240773188241296	Loss_std:0.00450617032623926
Iteration:21200	Loss_mean:0.0038650408728426555	Loss_std:0.0030515995513527403
Iteration:21300	Loss_mean:0.004047049407963641	Loss_std:0.0030488560407201846
Iteration:21400	Loss_mean:0.0047022615356763706	Loss_std:0.0037363945691652528
Iteration:21500	Loss_mean:0.00445335340074962	Loss_std:0.003831957684657324
Iteration:21600	Loss_mean:0.004148745221173158	Loss_std:0.0033328862934604575
Iteration:21700	Loss_mean:0.004360646225395612	Loss_std:0.00398375191043996
Iteration:21800	Loss_mean:0.004374977545776346	Loss_std:0.0035275354737236146
Iteration:21900	Loss_mean:0.004491097916470608	Loss_std:0.0032468241228383495
Iteration:22000	Loss_mean:0.004569296838453738	Loss_std:0.004173688473453438
Iteration:22100	Loss_mean:0.0038231858589279	Loss_std:0.0029898616253183742
Iteration:22200	Loss_mean:0.004176059584133327	Loss_std:0.00338791015963508
Iteration:22300	Loss_mean:0.0038646686464198863	Loss_std:0.0028719945937791583
Iteration:22400	Loss_mean:0.005008917916566134	Loss_std:0.0038683455363118977
Iteration:22500	Loss_mean:0.004449136976036243	Loss_std:0.00413886521747446
Iteration:22600	Loss_mean:0.004675307871948462	Loss_std:0.003815301172548968
Iteration:22700	Loss_mean:0.0042969031777101915	Loss_std:0.0033493694458788118
Iteration:22800	Loss_mean:0.004389023028779775	Loss_std:0.0042299814330614355
Iteration:22900	Loss_mean:0.004539893955661682	Loss_std:0.003976272718431305
Iteration:23000	Loss_mean:0.0042127912664727775	Loss_std:0.003606166548555849
Iteration:23100	Loss_mean:0.004691409752995241	Loss_std:0.0038792320065706306
Iteration:23200	Loss_mean:0.004252799089772452	Loss_std:0.003536461953418007
Iteration:23300	Loss_mean:0.003844049024482956	Loss_std:0.0030121657196270674
Iteration:23400	Loss_mean:0.004383882049005479	Loss_std:0.003713887454850891
Iteration:23500	Loss_mean:0.00381899319938384	Loss_std:0.0032391013090504804
Iteration:23600	Loss_mean:0.004034509269840783	Loss_std:0.003554021703791401
Iteration:23700	Loss_mean:0.0037208236514925373	Loss_std:0.003509193307327349
Iteration:23800	Loss_mean:0.0044620750827016305	Loss_std:0.0035137565583881966
Iteration:23900	Loss_mean:0.004119666430924553	Loss_std:0.0029579245653118657
Iteration:24000	Loss_mean:0.004617679376970045	Loss_std:0.0034038507258603436
Iteration:24100	Loss_mean:0.003302617785448092	Loss_std:0.002743837440835094
Iteration:24200	Loss_mean:0.00408066535324906	Loss_std:0.003766314467573181
Iteration:24300	Loss_mean:0.004016872906067875	Loss_std:0.0033169692679419624
Iteration:24400	Loss_mean:0.00421146343323926	Loss_std:0.003571238336014299
Iteration:24500	Loss_mean:0.004213390417207847	Loss_std:0.003254827033023044
Iteration:24600	Loss_mean:0.004115164058894152	Loss_std:0.0036830906846228935
Iteration:24700	Loss_mean:0.004072187359106465	Loss_std:0.0031118447698834854
Iteration:24800	Loss_mean:0.004567966960967169	Loss_std:0.0039177674863304646
Iteration:24900	Loss_mean:0.0035153373247158014	Loss_std:0.0032672337665645744
Iteration:25000	Loss_mean:0.004205070191965206	Loss_std:0.003628284438120331
Iteration:25100	Loss_mean:0.003944272716944397	Loss_std:0.0036238007323948825
Iteration:25200	Loss_mean:0.003899118752560753	Loss_std:0.0034597142463533128
Iteration:25300	Loss_mean:0.00417087444657227	Loss_std:0.0038067292720537376
Iteration:25400	Loss_mean:0.0044078157993499185	Loss_std:0.003147791296706166
Iteration:25500	Loss_mean:0.0036266219666867983	Loss_std:0.0029900661443085677
Iteration:25600	Loss_mean:0.003770911632309435	Loss_std:0.0032535678496336735
Iteration:25700	Loss_mean:0.003886927803396247	Loss_std:0.002853671664873919
Iteration:25800	Loss_mean:0.004150191614899086	Loss_std:0.0038085961421555382
Iteration:25900	Loss_mean:0.004225600038189441	Loss_std:0.003980049578783991
Iteration:26000	Loss_mean:0.0046703955157863675	Loss_std:0.0045806954834103466
Iteration:26100	Loss_mean:0.004061231477426191	Loss_std:0.003689941302011684
Iteration:26200	Loss_mean:0.004525470311345998	Loss_std:0.0035125152069884033
Iteration:26300	Loss_mean:0.0037439932991037493	Loss_std:0.0035275399242999128
Iteration:26400	Loss_mean:0.0037746977351707754	Loss_std:0.002799892569530724
Iteration:26500	Loss_mean:0.00402333808815456	Loss_std:0.0026721591215474517
Iteration:26600	Loss_mean:0.0038170382006501315	Loss_std:0.002891654779407798
Iteration:26700	Loss_mean:0.004299039448669646	Loss_std:0.0034203126481378867
Iteration:26800	Loss_mean:0.003572778914531227	Loss_std:0.002980681505298217
Iteration:26900	Loss_mean:0.003983924833846686	Loss_std:0.00332268256634422
Iteration:27000	Loss_mean:0.0035436608269810675	Loss_std:0.0028192239688224715
Iteration:27100	Loss_mean:0.003946459898870671	Loss_std:0.0030655640264317914
Iteration:27200	Loss_mean:0.00438380493389559	Loss_std:0.004029765851296041
Iteration:27300	Loss_mean:0.004003050239771255	Loss_std:0.0032213024232878905
Iteration:27400	Loss_mean:0.004226116916725004	Loss_std:0.004100799864741059
Iteration:27500	Loss_mean:0.0035905259668652435	Loss_std:0.002917037634478724
Iteration:27600	Loss_mean:0.004194556389265926	Loss_std:0.0036729374746341443
Iteration:27700	Loss_mean:0.0035157524415262743	Loss_std:0.002632304077314203
Iteration:27800	Loss_mean:0.0037369912913345613	Loss_std:0.0029584948834385882
Iteration:27900	Loss_mean:0.004114985630585579	Loss_std:0.003119916955913822
Iteration:28000	Loss_mean:0.0035792064691304404	Loss_std:0.0024974049501156
Iteration:28100	Loss_mean:0.003824161225784337	Loss_std:0.0032707448206974626
Iteration:28200	Loss_mean:0.003981258396670455	Loss_std:0.003225376065725281
Iteration:28300	Loss_mean:0.00426352869188122	Loss_std:0.0037233072262999657
Iteration:28400	Loss_mean:0.003815903741196962	Loss_std:0.003367636581929509
Iteration:28500	Loss_mean:0.004578383862099145	Loss_std:0.0038903034877746327
Iteration:28600	Loss_mean:0.003690698724676622	Loss_std:0.002582630342758127
Iteration:28700	Loss_mean:0.0039816603056533496	Loss_std:0.0031019419502677716
Iteration:28800	Loss_mean:0.003975688170248759	Loss_std:0.002929213767571355
Iteration:28900	Loss_mean:0.0038928684861275543	Loss_std:0.0032704544289532305
Iteration:29000	Loss_mean:0.0042932451164233495	Loss_std:0.0038933669986618074
Iteration:29100	Loss_mean:0.003739580690089497	Loss_std:0.0028672948067552553
Iteration:29200	Loss_mean:0.003220714312583368	Loss_std:0.0032099108746474277
Iteration:29300	Loss_mean:0.0036105618386500283	Loss_std:0.0027574279342767426
Iteration:29400	Loss_mean:0.0037861606787191705	Loss_std:0.0030482294099163903
Iteration:29500	Loss_mean:0.0036244634885224513	Loss_std:0.0030942787333636907
Iteration:29600	Loss_mean:0.004161898800812196	Loss_std:0.0033728780772576206
Iteration:29700	Loss_mean:0.00417500229079451	Loss_std:0.003128002816242163
Iteration:29800	Loss_mean:0.004032915327552473	Loss_std:0.0032328116744094228
Iteration:29900	Loss_mean:0.004191344803766697	Loss_std:0.0033844476417000105
Iteration:30000	Loss_mean:0.003361406934491242	Loss_std:0.0027609721963988785
Iteration:30100	Loss_mean:0.00415192130181822	Loss_std:0.0038620746110193975
Iteration:30200	Loss_mean:0.0034935500838400913	Loss_std:0.0027986136529192978
Iteration:30300	Loss_mean:0.004223227369366213	Loss_std:0.0034088648243051135
Iteration:30400	Loss_mean:0.00451683284016326	Loss_std:0.003904064876017107
Iteration:30500	Loss_mean:0.003806985965820786	Loss_std:0.0030513647257035727
Iteration:30600	Loss_mean:0.0034471965079865188	Loss_std:0.002908604961986803
Iteration:30700	Loss_mean:0.0033105182529834564	Loss_std:0.0028737295238334733
Iteration:30800	Loss_mean:0.0035767882014533826	Loss_std:0.003482939907812554
Iteration:30900	Loss_mean:0.0038770042435498906	Loss_std:0.0029145551388132167
Iteration:31000	Loss_mean:0.003279260934505146	Loss_std:0.0026088089577811714
Iteration:31100	Loss_mean:0.0033293902706645895	Loss_std:0.0028576781938998907
Iteration:31200	Loss_mean:0.00396490345512575	Loss_std:0.0030607309995637822
Iteration:31300	Loss_mean:0.003924436959950981	Loss_std:0.0031652482515132415
Iteration:31400	Loss_mean:0.0040013062812977295	Loss_std:0.0032200882731834063
Iteration:31500	Loss_mean:0.003622791210291325	Loss_std:0.0031468980628138773
Iteration:31600	Loss_mean:0.004096365551231429	Loss_std:0.003555237039837022
Iteration:31700	Loss_mean:0.004122341860056622	Loss_std:0.0034731455135009856
Iteration:31800	Loss_mean:0.003817317978027859	Loss_std:0.0029948505035884707
Iteration:31900	Loss_mean:0.004472694008545659	Loss_std:0.004028355702867197
Iteration:32000	Loss_mean:0.00359506723114464	Loss_std:0.002951299921866347
Iteration:32100	Loss_mean:0.003145567573228618	Loss_std:0.002234729757888447
Iteration:32200	Loss_mean:0.0036204043669567907	Loss_std:0.002625976364865175
Iteration:32300	Loss_mean:0.00403338404801616	Loss_std:0.0033053357247155267
Iteration:32400	Loss_mean:0.003694063498915057	Loss_std:0.0026795433104709987
Iteration:32500	Loss_mean:0.0035184600950742607	Loss_std:0.0026201858660971746
Iteration:32600	Loss_mean:0.0035392229015997144	Loss_std:0.0032705548475963674
Iteration:32700	Loss_mean:0.004129594261466991	Loss_std:0.003253914787776052
Iteration:32800	Loss_mean:0.003403826638386818	Loss_std:0.002699370491188354
Iteration:32900	Loss_mean:0.00365853099632659	Loss_std:0.0025416032716729185
Iteration:33000	Loss_mean:0.003881182743862155	Loss_std:0.0030062639407103186
Iteration:33100	Loss_mean:0.004322391854948364	Loss_std:0.002932264015762954
Iteration:33200	Loss_mean:0.0032546257507783593	Loss_std:0.0030064864167738876
Iteration:33300	Loss_mean:0.003983075399592053	Loss_std:0.003470125288035186
Iteration:33400	Loss_mean:0.003877114467759384	Loss_std:0.003153376517229362
Iteration:33500	Loss_mean:0.00386664615754853	Loss_std:0.0032165683830618556
Iteration:33600	Loss_mean:0.0040029485847480825	Loss_std:0.0032173965027378114
Iteration:33700	Loss_mean:0.003432478732429445	Loss_std:0.0027158771213133532
Iteration:33800	Loss_mean:0.003563572901475709	Loss_std:0.0033111000311911317
Iteration:33900	Loss_mean:0.0037983464694116265	Loss_std:0.003584495430506565
Iteration:34000	Loss_mean:0.00423549198632827	Loss_std:0.0036522736721379826
Iteration:34100	Loss_mean:0.004007279658471816	Loss_std:0.003396662681810194
Iteration:34200	Loss_mean:0.0038051401302800513	Loss_std:0.0026941294636131405
Iteration:34300	Loss_mean:0.0034891442487423774	Loss_std:0.003112895133891314
Iteration:34400	Loss_mean:0.003581860326412425	Loss_std:0.0029387816608461522
Iteration:34500	Loss_mean:0.003752913359348895	Loss_std:0.003441119115778108
Iteration:34600	Loss_mean:0.003947944449755596	Loss_std:0.003296417728323136
Iteration:34700	Loss_mean:0.0032324557922402165	Loss_std:0.0027554891232278505
Iteration:34800	Loss_mean:0.003149078314891085	Loss_std:0.0027895387280551416
Iteration:34900	Loss_mean:0.004185850594440126	Loss_std:0.003534409080264708
Iteration:35000	Loss_mean:0.003133957216462022	Loss_std:0.002478772167384677
Iteration:35100	Loss_mean:0.0034822369329049253	Loss_std:0.0030031581325672637
Iteration:35200	Loss_mean:0.0030187202789238653	Loss_std:0.002474645660350141
Iteration:35300	Loss_mean:0.0038618320669047534	Loss_std:0.003955553487136923
Iteration:35400	Loss_mean:0.003403023599094013	Loss_std:0.0023297116546306704
Iteration:35500	Loss_mean:0.003655209989301511	Loss_std:0.003121288399501853
Iteration:35600	Loss_mean:0.0036871963963494635	Loss_std:0.003021552998103029
Iteration:35700	Loss_mean:0.003235427136351063	Loss_std:0.00327396354357868
Iteration:35800	Loss_mean:0.0039633164869155735	Loss_std:0.003009574596503891
Iteration:35900	Loss_mean:0.003182204210024793	Loss_std:0.002817193556413007
Iteration:36000	Loss_mean:0.003427181599690812	Loss_std:0.003191775074267078
Iteration:36100	Loss_mean:0.0032542341492444392	Loss_std:0.0028072697907726256
Iteration:36200	Loss_mean:0.00407470291655045	Loss_std:0.003520375300797776
Iteration:36300	Loss_mean:0.00389241036697058	Loss_std:0.003258535184161884
Iteration:36400	Loss_mean:0.0038417930956347844	Loss_std:0.0033005998847009214
Iteration:36500	Loss_mean:0.003383236906665843	Loss_std:0.0031846417683455835
Iteration:36600	Loss_mean:0.0030759734371167725	Loss_std:0.0023399826566919005
Iteration:36700	Loss_mean:0.003523321340617258	Loss_std:0.0028476540169148
Iteration:36800	Loss_mean:0.003069629612946301	Loss_std:0.002373370281949804
Iteration:36900	Loss_mean:0.0032935130938130898	Loss_std:0.0026988668006709235
Iteration:37000	Loss_mean:0.003093971314665396	Loss_std:0.0026419113262279702
Iteration:37100	Loss_mean:0.0035694794949995413	Loss_std:0.002951879641009183
Iteration:37200	Loss_mean:0.003336486016851268	Loss_std:0.00342986692698305
Iteration:37300	Loss_mean:0.003532418023169157	Loss_std:0.0029229991843938825
Iteration:37400	Loss_mean:0.0033248294963050284	Loss_std:0.0026956779976796247
Iteration:37500	Loss_mean:0.0033727234558477903	Loss_std:0.0032318855750670086
Iteration:37600	Loss_mean:0.003974100168270525	Loss_std:0.0036717373483347608
Iteration:37700	Loss_mean:0.003180860816137283	Loss_std:0.002665353209373193
Iteration:37800	Loss_mean:0.0035490704939002173	Loss_std:0.002840795397048923
Iteration:37900	Loss_mean:0.0034807377666584214	Loss_std:0.003396654189100083
Iteration:38000	Loss_mean:0.0032848844765976538	Loss_std:0.0036381854998124314
Iteration:38100	Loss_mean:0.0039238286781619535	Loss_std:0.003924098410940215
Iteration:38200	Loss_mean:0.00342116633488331	Loss_std:0.002826408528994993
Iteration:38300	Loss_mean:0.003738975345477229	Loss_std:0.003409569404160585
Iteration:38400	Loss_mean:0.0034182297956431283	Loss_std:0.003086793176238057
Iteration:38500	Loss_mean:0.003908027779107215	Loss_std:0.003399725127158212
Iteration:38600	Loss_mean:0.0034805360430618746	Loss_std:0.0029298230936568707
Iteration:38700	Loss_mean:0.004343287738447543	Loss_std:0.0031633085662197222
Iteration:38800	Loss_mean:0.003320473246712936	Loss_std:0.002354320316377514
Iteration:38900	Loss_mean:0.0035965231655427487	Loss_std:0.003142900574442794
Iteration:39000	Loss_mean:0.002986263739585411	Loss_std:0.00222474779161964
Iteration:39100	Loss_mean:0.003483554435952101	Loss_std:0.003169478746007131
Iteration:39200	Loss_mean:0.0034289449818606954	Loss_std:0.002838916836436635
Iteration:39300	Loss_mean:0.0030493798816314667	Loss_std:0.0024760842829180552
Iteration:39400	Loss_mean:0.0036411180339564453	Loss_std:0.0031400412680575
Iteration:39500	Loss_mean:0.0031081301436279318	Loss_std:0.002754304468650143
Iteration:39600	Loss_mean:0.0027935276069911198	Loss_std:0.0022202606042735864
Iteration:39700	Loss_mean:0.003663453169174318	Loss_std:0.0029415618238052043
Iteration:39800	Loss_mean:0.0034730701288208364	Loss_std:0.0027914158104666406
Iteration:39900	Loss_mean:0.004012880384789241	Loss_std:0.003523060326118437
Iteration:40000	Loss_mean:0.003726712598981976	Loss_std:0.0030146239248405836
Iteration:40100	Loss_mean:0.0031021458105533386	Loss_std:0.002340986966541609
Iteration:40200	Loss_mean:0.0028650175483198835	Loss_std:0.002357732569130453
Iteration:40300	Loss_mean:0.0032162051486375274	Loss_std:0.0028696323255942534
Iteration:40400	Loss_mean:0.003679674793165759	Loss_std:0.003630382219161076
Iteration:40500	Loss_mean:0.003703989954901772	Loss_std:0.0033176097068893266
Iteration:40600	Loss_mean:0.0028598598342432524	Loss_std:0.0022678022604684786
Iteration:40700	Loss_mean:0.0037087610951857643	Loss_std:0.0032374760545254614
Iteration:40800	Loss_mean:0.0029397934263033676	Loss_std:0.002574947017250382
Iteration:40900	Loss_mean:0.00326868086012837	Loss_std:0.003189181262873433
Iteration:41000	Loss_mean:0.003117871999529598	Loss_std:0.0025676962511583415
Iteration:41100	Loss_mean:0.002912653102284821	Loss_std:0.002396415419307222
Iteration:41200	Loss_mean:0.0032578979700338094	Loss_std:0.0030879915832872336
Iteration:41300	Loss_mean:0.003434088105495903	Loss_std:0.0026192492847334496
Iteration:41400	Loss_mean:0.0036652929936826697	Loss_std:0.0031494597336028875
Iteration:41500	Loss_mean:0.0031806363076611888	Loss_std:0.0023691415609416984
Iteration:41600	Loss_mean:0.0029358871009480935	Loss_std:0.002394572725094483
Iteration:41700	Loss_mean:0.0033932685403851794	Loss_std:0.0034148277340846117
Iteration:41800	Loss_mean:0.003214861791129806	Loss_std:0.002820075542028118
Iteration:41900	Loss_mean:0.0032558506552595647	Loss_std:0.0023213815721072244
Iteration:42000	Loss_mean:0.0034160605365468654	Loss_std:0.0029491266619794975
Iteration:42100	Loss_mean:0.003472033150146672	Loss_std:0.00297868541269341
Iteration:42200	Loss_mean:0.0036493438612524185	Loss_std:0.0029522934848031953
Iteration:42300	Loss_mean:0.0038463659629633185	Loss_std:0.003556289866422625
Iteration:42400	Loss_mean:0.0032918126267031766	Loss_std:0.0031635240620103778
Iteration:42500	Loss_mean:0.0033969681161397603	Loss_std:0.003056267054000922
Iteration:42600	Loss_mean:0.003599934626108734	Loss_std:0.002808282032166909
Iteration:42700	Loss_mean:0.0037938140287587883	Loss_std:0.0036651281987763414
Iteration:42800	Loss_mean:0.003052993227538536	Loss_std:0.0027561994847188796
Iteration:42900	Loss_mean:0.003167327937553637	Loss_std:0.002763072270255484
Iteration:43000	Loss_mean:0.003333275138393219	Loss_std:0.002854271104939775
Iteration:43100	Loss_mean:0.00292151197027124	Loss_std:0.002491382491142155
Iteration:43200	Loss_mean:0.003408497638156405	Loss_std:0.0035921015479867804
Iteration:43300	Loss_mean:0.003561574492559885	Loss_std:0.0030618638179900543
Iteration:43400	Loss_mean:0.0034266488121647855	Loss_std:0.0029182506481785038
Iteration:43500	Loss_mean:0.003282832172808412	Loss_std:0.002581715144341276
Iteration:43600	Loss_mean:0.0031477616239135387	Loss_std:0.0027150974632089847
Iteration:43700	Loss_mean:0.003373486057316768	Loss_std:0.002638935065582948
Iteration:43800	Loss_mean:0.003285824528138619	Loss_std:0.002580228901596363
Iteration:43900	Loss_mean:0.003821039331232896	Loss_std:0.003134072814551868
Iteration:44000	Loss_mean:0.003563162138016196	Loss_std:0.0025949322366615457
Iteration:44100	Loss_mean:0.0027927164835273286	Loss_std:0.0018914552526700776
Iteration:44200	Loss_mean:0.0035723232821328567	Loss_std:0.0027579467218840203
Iteration:44300	Loss_mean:0.0033116883032926125	Loss_std:0.0025540399093703387
Iteration:44400	Loss_mean:0.003023747835395625	Loss_std:0.0019562737065979287
Iteration:44500	Loss_mean:0.0028520387237222166	Loss_std:0.002448081117251622
Iteration:44600	Loss_mean:0.0036335002662963235	Loss_std:0.0030978798389414836
Iteration:44700	Loss_mean:0.00309514888571357	Loss_std:0.0025119415724659455
Iteration:44800	Loss_mean:0.003558857112984697	Loss_std:0.003250426862822783
Iteration:44900	Loss_mean:0.00289458194951294	Loss_std:0.002382348422679375
Iteration:45000	Loss_mean:0.003142154874803964	Loss_std:0.0025539839063549855
Iteration:45100	Loss_mean:0.0033459787713763945	Loss_std:0.002571194126775599
Iteration:45200	Loss_mean:0.0030811144649487685	Loss_std:0.0030683431465435996
Iteration:45300	Loss_mean:0.0032287790397822393	Loss_std:0.003218459621459221
Iteration:45400	Loss_mean:0.003975153058709111	Loss_std:0.0033284803541518866
Iteration:45500	Loss_mean:0.0034673287233454174	Loss_std:0.003221405635402814
Iteration:45600	Loss_mean:0.0037069145371788183	Loss_std:0.002976782267825471
Iteration:45700	Loss_mean:0.0031940291997307213	Loss_std:0.002354639866358972
Iteration:45800	Loss_mean:0.0030413144214253406	Loss_std:0.0026797742396702036
Iteration:45900	Loss_mean:0.0033254662084800657	Loss_std:0.002852810743329748
Iteration:46000	Loss_mean:0.0030769055938435486	Loss_std:0.002469687813106691
Iteration:46100	Loss_mean:0.0036248308503854785	Loss_std:0.00272424375122315
Iteration:46200	Loss_mean:0.003533009520488122	Loss_std:0.0031432068960758493
Iteration:46300	Loss_mean:0.003642137749338872	Loss_std:0.002975034982941108
Iteration:46400	Loss_mean:0.0033775168773718177	Loss_std:0.0025110631207685046
Iteration:46500	Loss_mean:0.0035056184958375523	Loss_std:0.002901740127054342
Iteration:46600	Loss_mean:0.003061001980313449	Loss_std:0.0024245891635495
Iteration:46700	Loss_mean:0.0034258257525198134	Loss_std:0.0026066424188440148
Iteration:46800	Loss_mean:0.003575828580360394	Loss_std:0.003103291503639545
Iteration:46900	Loss_mean:0.0031669817967849667	Loss_std:0.002810361427650661
Iteration:47000	Loss_mean:0.003067818886920577	Loss_std:0.002745373350727136
Iteration:47100	Loss_mean:0.0033794695342658086	Loss_std:0.0030114491972870827
Iteration:47200	Loss_mean:0.0026755197159945964	Loss_std:0.0027500998244305076
Iteration:47300	Loss_mean:0.0035303418333933224	Loss_std:0.0028635675818387777
Iteration:47400	Loss_mean:0.002963207703505759	Loss_std:0.00244967553697968
Iteration:47500	Loss_mean:0.0033539050279796354	Loss_std:0.0028105795611563255
Iteration:47600	Loss_mean:0.0031091497240413445	Loss_std:0.0024014692984095803
Iteration:47700	Loss_mean:0.0032384850338712566	Loss_std:0.0024984923933360384
Iteration:47800	Loss_mean:0.003685819197235105	Loss_std:0.003069930283082271
Iteration:47900	Loss_mean:0.0032498455842141995	Loss_std:0.0024164292406652255
Iteration:48000	Loss_mean:0.003255177020978408	Loss_std:0.002360358501452758
Iteration:48100	Loss_mean:0.0033520747862348797	Loss_std:0.0030720969273636193
Iteration:48200	Loss_mean:0.0030640890426911938	Loss_std:0.002401571209209522
Iteration:48300	Loss_mean:0.003125317890953738	Loss_std:0.0026832656947254176
Iteration:48400	Loss_mean:0.0037132899276912214	Loss_std:0.0031584793528446186
Iteration:48500	Loss_mean:0.0029493880878726487	Loss_std:0.002778074162236804
Iteration:48600	Loss_mean:0.0031571888792677784	Loss_std:0.0027455812628074945
Iteration:48700	Loss_mean:0.004080392380565172	Loss_std:0.003111126900423042
Iteration:48800	Loss_mean:0.0028314161763410084	Loss_std:0.002334580439709121
Iteration:48900	Loss_mean:0.0031246238821768203	Loss_std:0.002988658376738357
Iteration:49000	Loss_mean:0.003320468526217155	Loss_std:0.0028440353614803816
Iteration:49100	Loss_mean:0.0033997794669392077	Loss_std:0.002943131987927041
Iteration:49200	Loss_mean:0.002982928915444063	Loss_std:0.0024075871844370738
Iteration:49300	Loss_mean:0.0031383331133110915	Loss_std:0.002369097267884228
Iteration:49400	Loss_mean:0.002942256067908602	Loss_std:0.0022363094886835213
Iteration:49500	Loss_mean:0.003487467747399933	Loss_std:0.002924674447126832
Iteration:49600	Loss_mean:0.003754965434054611	Loss_std:0.0030167390307477586
Iteration:49700	Loss_mean:0.0037030955813452237	Loss_std:0.0030498893090866916
Iteration:49800	Loss_mean:0.0030871190924881375	Loss_std:0.002821328586375491
Iteration:49900	Loss_mean:0.003010281779570505	Loss_std:0.0021222638703347666
Modifying K
Fitting model on target unit
Iteration:0	Loss_mean:0.08882810175418854	Loss_std:0.0
Iteration:100	Loss_mean:0.005880304688216711	Loss_std:0.012584176965899831
Iteration:200	Loss_mean:0.000815557714922761	Loss_std:0.0008693385790275809
Iteration:300	Loss_mean:0.00039463142252316175	Loss_std:0.00042672888856096187
Iteration:400	Loss_mean:0.000340308512060119	Loss_std:0.0005485341762598468
Iteration:500	Loss_mean:0.00024252032175354544	Loss_std:0.00034952041196562354
Iteration:600	Loss_mean:0.0002031711547397208	Loss_std:0.00036638098306191965
Iteration:700	Loss_mean:0.00021499705321730288	Loss_std:0.000303878542881959
Iteration:800	Loss_mean:0.0001969363154006487	Loss_std:0.00016679246433540481
Iteration:900	Loss_mean:0.00013973302638987662	Loss_std:0.00010616041763921741
Iteration:1000	Loss_mean:0.0001272520283691847	Loss_std:0.00012041831898694615
Iteration:1100	Loss_mean:0.00013803148180556945	Loss_std:0.0001335756512244562
Iteration:1200	Loss_mean:0.00012164968247361685	Loss_std:0.00011943244731351326
Iteration:1300	Loss_mean:0.00010303260022283212	Loss_std:8.239754789980226e-05
Iteration:1400	Loss_mean:0.00010549176647600689	Loss_std:8.78259141481585e-05
Iteration:1500	Loss_mean:0.00011520683884100436	Loss_std:0.00010135258782522669
Iteration:1600	Loss_mean:0.00012168682584984936	Loss_std:0.0001129776977542196
Iteration:1700	Loss_mean:0.00011027246888716036	Loss_std:0.00010856629909467083
Iteration:1800	Loss_mean:0.00011453894501983086	Loss_std:0.00011152165116892372
Iteration:1900	Loss_mean:8.628622814882192e-05	Loss_std:8.838157786746177e-05
Iteration:2000	Loss_mean:9.630549824123591e-05	Loss_std:7.932549450424231e-05
Iteration:2100	Loss_mean:8.867920923876227e-05	Loss_std:0.00010522748490378431
Iteration:2200	Loss_mean:8.48677294970912e-05	Loss_std:8.165871614840665e-05
Iteration:2300	Loss_mean:8.93046845999379e-05	Loss_std:9.534303887480364e-05
Iteration:2400	Loss_mean:7.868295755997679e-05	Loss_std:6.746891729968196e-05
Iteration:2500	Loss_mean:7.614230127728661e-05	Loss_std:6.319809788620327e-05
Iteration:2600	Loss_mean:8.679411485900346e-05	Loss_std:0.00010226438332855815
Iteration:2700	Loss_mean:7.73416226752488e-05	Loss_std:6.774454939318433e-05
Iteration:2800	Loss_mean:9.088260972077933e-05	Loss_std:8.642693950323719e-05
Iteration:2900	Loss_mean:6.638411966605417e-05	Loss_std:5.843612473450795e-05
Iteration:3000	Loss_mean:7.585566961097356e-05	Loss_std:7.104908178286862e-05
Iteration:3100	Loss_mean:9.36106399512937e-05	Loss_std:9.57233967570435e-05
Iteration:3200	Loss_mean:7.061229641919909e-05	Loss_std:6.944747962078807e-05
Iteration:3300	Loss_mean:9.245266042285039e-05	Loss_std:7.282198405825155e-05
Iteration:3400	Loss_mean:6.288443596076832e-05	Loss_std:5.240544533940738e-05
Iteration:3500	Loss_mean:8.128552510697774e-05	Loss_std:7.935680946631752e-05
Iteration:3600	Loss_mean:9.31293029339031e-05	Loss_std:0.00010038020071759325
Iteration:3700	Loss_mean:8.075449947000379e-05	Loss_std:7.868776793358918e-05
Iteration:3800	Loss_mean:8.018329979620376e-05	Loss_std:9.272103640446055e-05
Iteration:3900	Loss_mean:6.193259118845163e-05	Loss_std:5.9539608992306325e-05
Iteration:4000	Loss_mean:7.987595452505048e-05	Loss_std:8.336482073613844e-05
Iteration:4100	Loss_mean:6.83283364332965e-05	Loss_std:7.751310204839484e-05
Iteration:4200	Loss_mean:5.622727369996028e-05	Loss_std:4.271719956828626e-05
Iteration:4300	Loss_mean:5.3524838403973265e-05	Loss_std:4.7221507796363946e-05
Iteration:4400	Loss_mean:5.1432450854065336e-05	Loss_std:6.202426933265793e-05
Iteration:4500	Loss_mean:6.256959947791074e-05	Loss_std:6.638887795175585e-05
Iteration:4600	Loss_mean:7.96043184232076e-05	Loss_std:9.292784597264727e-05
Iteration:4700	Loss_mean:6.164715371596685e-05	Loss_std:5.878394115855003e-05
Iteration:4800	Loss_mean:7.541176685663231e-05	Loss_std:6.400984738331425e-05
Iteration:4900	Loss_mean:5.77550867132004e-05	Loss_std:5.2052804824893696e-05
Iteration:5000	Loss_mean:6.594250519128763e-05	Loss_std:6.038476760826612e-05
Iteration:5100	Loss_mean:8.700599611643157e-05	Loss_std:6.585986021148416e-05
Iteration:5200	Loss_mean:4.9699736493948876e-05	Loss_std:4.729163082200154e-05
Iteration:5300	Loss_mean:5.818269871468829e-05	Loss_std:5.4663894902624296e-05
Iteration:5400	Loss_mean:5.5333391417207166e-05	Loss_std:5.3669891070639784e-05
Iteration:5500	Loss_mean:5.227868356428189e-05	Loss_std:7.00869256592364e-05
Iteration:5600	Loss_mean:5.186938191400259e-05	Loss_std:4.785112600368476e-05
Iteration:5700	Loss_mean:5.6475018843684666e-05	Loss_std:5.368924411280538e-05
Iteration:5800	Loss_mean:8.49935022893078e-05	Loss_std:6.772277047841948e-05
Iteration:5900	Loss_mean:5.9174248360704953e-05	Loss_std:5.939195536752536e-05
Iteration:6000	Loss_mean:6.887913214256969e-05	Loss_std:6.691087900028084e-05
Iteration:6100	Loss_mean:5.442536776193663e-05	Loss_std:4.683412092568602e-05
Iteration:6200	Loss_mean:5.630848762848473e-05	Loss_std:5.601362639333124e-05
Iteration:6300	Loss_mean:4.6473807772144936e-05	Loss_std:3.923029481087424e-05
Iteration:6400	Loss_mean:4.749251621433359e-05	Loss_std:4.287069337148793e-05
Iteration:6500	Loss_mean:6.850213887958034e-05	Loss_std:6.0519346314604375e-05
Iteration:6600	Loss_mean:4.4123407194547324e-05	Loss_std:3.647219573267955e-05
Iteration:6700	Loss_mean:6.047926350987609e-05	Loss_std:5.8258674187299436e-05
Iteration:6800	Loss_mean:5.300568442919484e-05	Loss_std:6.954261539979302e-05
Iteration:6900	Loss_mean:5.3648800525252226e-05	Loss_std:5.000036340482113e-05
Iteration:7000	Loss_mean:4.8873205022204046e-05	Loss_std:4.228060421693123e-05
Iteration:7100	Loss_mean:4.677882582882375e-05	Loss_std:4.772650925102224e-05
Iteration:7200	Loss_mean:4.389544770788234e-05	Loss_std:4.26131658468254e-05
Iteration:7300	Loss_mean:3.990761626425865e-05	Loss_std:3.551942461749429e-05
Iteration:7400	Loss_mean:6.834809030692668e-05	Loss_std:7.248115173496141e-05
Iteration:7500	Loss_mean:5.1718193853957926e-05	Loss_std:5.584364911430588e-05
Iteration:7600	Loss_mean:4.04589870259997e-05	Loss_std:4.0149406782813954e-05
Iteration:7700	Loss_mean:5.556299984618818e-05	Loss_std:6.696554231883628e-05
Iteration:7800	Loss_mean:5.627918044240232e-05	Loss_std:4.379678801800295e-05
Iteration:7900	Loss_mean:5.6268594328798826e-05	Loss_std:5.148042728185497e-05
Iteration:8000	Loss_mean:4.586152296724322e-05	Loss_std:4.328615400715069e-05
Iteration:8100	Loss_mean:5.5734027776850324e-05	Loss_std:5.501521638828103e-05
Iteration:8200	Loss_mean:5.611563546381149e-05	Loss_std:5.067355959631237e-05
Iteration:8300	Loss_mean:4.677693418443596e-05	Loss_std:6.75678208480367e-05
Iteration:8400	Loss_mean:4.350663069658367e-05	Loss_std:5.24217545095965e-05
Iteration:8500	Loss_mean:3.2321438379767645e-05	Loss_std:3.4061953023945186e-05
Iteration:8600	Loss_mean:5.542082140578941e-05	Loss_std:4.936138402408073e-05
Iteration:8700	Loss_mean:4.4785753967744316e-05	Loss_std:4.419881062822228e-05
Iteration:8800	Loss_mean:3.9117802069768e-05	Loss_std:4.3233223733594515e-05
Iteration:8900	Loss_mean:4.374726505773197e-05	Loss_std:4.095074172081615e-05
Iteration:9000	Loss_mean:4.006252372050767e-05	Loss_std:3.704205378689492e-05
Iteration:9100	Loss_mean:4.288111966729957e-05	Loss_std:3.791150642514319e-05
Iteration:9200	Loss_mean:6.058800862660974e-05	Loss_std:6.37943514311864e-05
Iteration:9300	Loss_mean:3.154902635287726e-05	Loss_std:3.360814069918597e-05
Iteration:9400	Loss_mean:4.740587101480287e-05	Loss_std:4.491819112271413e-05
Iteration:9500	Loss_mean:3.9595696094352206e-05	Loss_std:3.6196113075142054e-05
Iteration:9600	Loss_mean:4.484298567604128e-05	Loss_std:4.946381140677297e-05
Iteration:9700	Loss_mean:5.3759970205646825e-05	Loss_std:4.975127295993777e-05
Iteration:9800	Loss_mean:3.721861209328381e-05	Loss_std:3.55583215811141e-05
Iteration:9900	Loss_mean:3.7235614821611305e-05	Loss_std:3.736641633658331e-05
Traceback (most recent call last):
  File "fitandpredict.py", line 116, in <module>
    main()
  File "fitandpredict.py", line 113, in main
    fitandpredict(args)
  File "fitandpredict.py", line 97, in fitandpredict
    target_id = np.save(op_path+'target.npy',op)
NameError: name 'op_path' is not defined
