Running experiment synthetic2
Pretraining model on donor units
Iteration:0	Loss_mean:0.43406930565834045	Loss_std:0.0
Iteration:100	Loss_mean:0.28457036684267223	Loss_std:0.2405535782297364
Iteration:200	Loss_mean:0.23337546148104593	Loss_std:0.19517010878790034
Iteration:300	Loss_mean:0.2087202195171267	Loss_std:0.17641630992253018
Iteration:400	Loss_mean:0.16006568798329682	Loss_std:0.1408418161839259
Iteration:500	Loss_mean:0.12735652787145227	Loss_std:0.10424754691213327
Iteration:600	Loss_mean:0.09770292551256717	Loss_std:0.09135364466888939
Iteration:700	Loss_mean:0.07587458292022348	Loss_std:0.09543456815887692
Iteration:800	Loss_mean:0.04930073261319194	Loss_std:0.04917059918289574
Iteration:900	Loss_mean:0.04337549630086869	Loss_std:0.0410904433121465
Iteration:1000	Loss_mean:0.04058329067323939	Loss_std:0.045506996527497345
Iteration:1100	Loss_mean:0.03640266200876795	Loss_std:0.0411796319476813
Iteration:1200	Loss_mean:0.030548506572959013	Loss_std:0.03875667659130062
Iteration:1300	Loss_mean:0.03597665989305824	Loss_std:0.038680397099567436
Iteration:1400	Loss_mean:0.033236823530460244	Loss_std:0.04979918447604148
Iteration:1500	Loss_mean:0.028438389966322575	Loss_std:0.030211037427732037
Iteration:1600	Loss_mean:0.02977574791526422	Loss_std:0.04302275009020742
Iteration:1700	Loss_mean:0.030025711987691467	Loss_std:0.0322244213535567
Iteration:1800	Loss_mean:0.02846455015533138	Loss_std:0.03142678366608449
Iteration:1900	Loss_mean:0.0243383450031979	Loss_std:0.025962761949961326
Iteration:2000	Loss_mean:0.02665428026462905	Loss_std:0.03026065227537944
Iteration:2100	Loss_mean:0.02207334404316498	Loss_std:0.021707003449438867
Iteration:2200	Loss_mean:0.023819228534848663	Loss_std:0.028912249434940963
Iteration:2300	Loss_mean:0.020089799669221975	Loss_std:0.02101505887466547
Iteration:2400	Loss_mean:0.02773815082910005	Loss_std:0.026545804371836745
Iteration:2500	Loss_mean:0.02011212352430448	Loss_std:0.02079218205780433
Iteration:2600	Loss_mean:0.019066944793448785	Loss_std:0.021796173396247752
Iteration:2700	Loss_mean:0.026242766954237596	Loss_std:0.02744582636094893
Iteration:2800	Loss_mean:0.021148303978261538	Loss_std:0.0253713736214194
Iteration:2900	Loss_mean:0.025987214272026903	Loss_std:0.03115864235249585
Iteration:3000	Loss_mean:0.023211402886663565	Loss_std:0.026057974437524407
Iteration:3100	Loss_mean:0.021576891421573235	Loss_std:0.023128963741330194
Iteration:3200	Loss_mean:0.020069145254092292	Loss_std:0.020318588843775107
Iteration:3300	Loss_mean:0.023196408342228095	Loss_std:0.025041668160459038
Iteration:3400	Loss_mean:0.020873959749005733	Loss_std:0.022972726409982856
Iteration:3500	Loss_mean:0.019952345087367575	Loss_std:0.020781367300923587
Iteration:3600	Loss_mean:0.018010040584922535	Loss_std:0.018378738058861428
Iteration:3700	Loss_mean:0.02519496372202411	Loss_std:0.021107350047860247
Iteration:3800	Loss_mean:0.024464590107672848	Loss_std:0.022027555015000394
Iteration:3900	Loss_mean:0.020326340683968738	Loss_std:0.01940405592166107
Iteration:4000	Loss_mean:0.02101836844027275	Loss_std:0.0232048193481892
Iteration:4100	Loss_mean:0.021183764927554874	Loss_std:0.02340620726626166
Iteration:4200	Loss_mean:0.028192603167844936	Loss_std:0.027106171084833607
Iteration:4300	Loss_mean:0.02394716143142432	Loss_std:0.026302652812096868
Iteration:4400	Loss_mean:0.018178469431295526	Loss_std:0.017751164426641236
Iteration:4500	Loss_mean:0.024823907035170123	Loss_std:0.02577206719488356
Iteration:4600	Loss_mean:0.019183367549485412	Loss_std:0.020237695198917237
Iteration:4700	Loss_mean:0.020605227508203827	Loss_std:0.018640249425857024
Iteration:4800	Loss_mean:0.01654299977381015	Loss_std:0.0219719160683267
Iteration:4900	Loss_mean:0.024282584373577266	Loss_std:0.028632837461465856
Iteration:5000	Loss_mean:0.017312122723669745	Loss_std:0.016991809981529687
Iteration:5100	Loss_mean:0.02475051760964561	Loss_std:0.02368738234900454
Iteration:5200	Loss_mean:0.019427850963984382	Loss_std:0.020772261004989964
Iteration:5300	Loss_mean:0.0226370321912691	Loss_std:0.02131971793602068
Iteration:5400	Loss_mean:0.019264474830706604	Loss_std:0.019576848369462538
Iteration:5500	Loss_mean:0.019359178289887494	Loss_std:0.02027527656032889
Iteration:5600	Loss_mean:0.019751047312747686	Loss_std:0.025478799676628246
Iteration:5700	Loss_mean:0.018506066318950617	Loss_std:0.02032996726123403
Iteration:5800	Loss_mean:0.0221534000657266	Loss_std:0.02266726532709892
Iteration:5900	Loss_mean:0.02051588398491731	Loss_std:0.020511208883577308
Iteration:6000	Loss_mean:0.01605719258863246	Loss_std:0.015345537011305106
Iteration:6100	Loss_mean:0.017357650456833653	Loss_std:0.020909496615366147
Iteration:6200	Loss_mean:0.017324057687510504	Loss_std:0.017943926103905068
Iteration:6300	Loss_mean:0.02086263906909153	Loss_std:0.02415943806724747
Iteration:6400	Loss_mean:0.020514662378191134	Loss_std:0.023585852547728065
Iteration:6500	Loss_mean:0.020065628370502964	Loss_std:0.021897104886902868
Iteration:6600	Loss_mean:0.01982461971201701	Loss_std:0.02312204084691465
Iteration:6700	Loss_mean:0.01971281732330681	Loss_std:0.022256213598900964
Iteration:6800	Loss_mean:0.02094108921592124	Loss_std:0.021112769616955056
Iteration:6900	Loss_mean:0.020496822267887183	Loss_std:0.02058976428592862
Iteration:7000	Loss_mean:0.017828378002741375	Loss_std:0.017823480438895544
Iteration:7100	Loss_mean:0.019883554273110348	Loss_std:0.01993401288344133
Iteration:7200	Loss_mean:0.01616726108302828	Loss_std:0.01775804284451796
Iteration:7300	Loss_mean:0.02000675014263834	Loss_std:0.021758814163656805
Iteration:7400	Loss_mean:0.01635093575139763	Loss_std:0.015123783335509018
Iteration:7500	Loss_mean:0.023795177153660915	Loss_std:0.02072217434264141
Iteration:7600	Loss_mean:0.01811345765803708	Loss_std:0.017513761873873362
Iteration:7700	Loss_mean:0.01757125732314307	Loss_std:0.021412064963850404
Iteration:7800	Loss_mean:0.0216947885195259	Loss_std:0.02440145011960245
Iteration:7900	Loss_mean:0.014333282822408365	Loss_std:0.01445765098709607
Iteration:8000	Loss_mean:0.02022083751973696	Loss_std:0.01788513742566991
Iteration:8100	Loss_mean:0.021848737297259505	Loss_std:0.024744334477096206
Iteration:8200	Loss_mean:0.01943783486261964	Loss_std:0.026711644757663067
Iteration:8300	Loss_mean:0.020244675869180356	Loss_std:0.022495293156958314
Iteration:8400	Loss_mean:0.016146249886369334	Loss_std:0.014816876238666172
Iteration:8500	Loss_mean:0.020549144972465003	Loss_std:0.024560245107967137
Iteration:8600	Loss_mean:0.018020343331154435	Loss_std:0.02061248402083213
Iteration:8700	Loss_mean:0.01700917630783806	Loss_std:0.017238129271214243
Iteration:8800	Loss_mean:0.023448658134730068	Loss_std:0.018650714314273027
Iteration:8900	Loss_mean:0.019371738254267256	Loss_std:0.01756414483741546
Iteration:9000	Loss_mean:0.022777524324919796	Loss_std:0.02271436632348005
Iteration:9100	Loss_mean:0.020017345817905152	Loss_std:0.02074693870655709
Iteration:9200	Loss_mean:0.024263059729855742	Loss_std:0.0256846667904171
Iteration:9300	Loss_mean:0.013630583997583016	Loss_std:0.013627464942080125
Iteration:9400	Loss_mean:0.02010872952901991	Loss_std:0.023259668664070313
Iteration:9500	Loss_mean:0.019968371717550327	Loss_std:0.0194417649355345
Iteration:9600	Loss_mean:0.017140336503798606	Loss_std:0.017427744249313495
Iteration:9700	Loss_mean:0.0217110137140844	Loss_std:0.02080111780220936
Iteration:9800	Loss_mean:0.01972012043464929	Loss_std:0.02056137946208911
Iteration:9900	Loss_mean:0.014617569909896702	Loss_std:0.012324729317060247
Iteration:10000	Loss_mean:0.020660972538171337	Loss_std:0.016856543326934165
Iteration:10100	Loss_mean:0.019198722458968406	Loss_std:0.02221314977083094
Iteration:10200	Loss_mean:0.021857587063605025	Loss_std:0.02069246519753494
Iteration:10300	Loss_mean:0.018173094470985234	Loss_std:0.01764726649740328
Iteration:10400	Loss_mean:0.017518707615381574	Loss_std:0.01987469511998762
Iteration:10500	Loss_mean:0.01681556550611276	Loss_std:0.01567184752415441
Iteration:10600	Loss_mean:0.015241736649913946	Loss_std:0.0158803082024456
Iteration:10700	Loss_mean:0.016699376507895068	Loss_std:0.015511690420975617
Iteration:10800	Loss_mean:0.01908419008977944	Loss_std:0.01716546663697333
Iteration:10900	Loss_mean:0.019193049464374782	Loss_std:0.020491338700548936
Iteration:11000	Loss_mean:0.015397337258764309	Loss_std:0.017104295927948057
Iteration:11100	Loss_mean:0.01579206851485651	Loss_std:0.013935034670612368
Iteration:11200	Loss_mean:0.019060776010155676	Loss_std:0.022083214264089816
Iteration:11300	Loss_mean:0.018167357286438347	Loss_std:0.013785428432881207
Iteration:11400	Loss_mean:0.01655395354726352	Loss_std:0.01831742570575868
Iteration:11500	Loss_mean:0.01804293032444548	Loss_std:0.01735895174495535
Iteration:11600	Loss_mean:0.015482874432418612	Loss_std:0.015055408430465241
Iteration:11700	Loss_mean:0.01629701088008005	Loss_std:0.01741601722263485
Iteration:11800	Loss_mean:0.015070547302020714	Loss_std:0.0203003263034251
Iteration:11900	Loss_mean:0.012962070002686232	Loss_std:0.014850100158137949
Iteration:12000	Loss_mean:0.017916540245569195	Loss_std:0.018969568236485455
Iteration:12100	Loss_mean:0.013738317728275433	Loss_std:0.015408365292154542
Iteration:12200	Loss_mean:0.013443166626093444	Loss_std:0.012333499423073145
Iteration:12300	Loss_mean:0.017512510405285866	Loss_std:0.018000923020539975
Iteration:12400	Loss_mean:0.01674663269921439	Loss_std:0.015686477612739686
Iteration:12500	Loss_mean:0.01788184973382158	Loss_std:0.015733748402374483
Iteration:12600	Loss_mean:0.01297787064278964	Loss_std:0.013954859682955414
Iteration:12700	Loss_mean:0.01484256554627791	Loss_std:0.016791402695097553
Iteration:12800	Loss_mean:0.012799069236498326	Loss_std:0.011997180148046014
Iteration:12900	Loss_mean:0.014642571978911292	Loss_std:0.013372083573037149
Iteration:13000	Loss_mean:0.011356943587597925	Loss_std:0.011228545957079407
Iteration:13100	Loss_mean:0.015534200538604636	Loss_std:0.014331896103432806
Iteration:13200	Loss_mean:0.014635664179513697	Loss_std:0.014476732116648267
Iteration:13300	Loss_mean:0.014010927774652373	Loss_std:0.014262602894358479
Iteration:13400	Loss_mean:0.016509552000788973	Loss_std:0.017973355914565448
Iteration:13500	Loss_mean:0.01416706946271006	Loss_std:0.014048257311816087
Iteration:13600	Loss_mean:0.014614912520046345	Loss_std:0.01446893318994904
Iteration:13700	Loss_mean:0.012515058499993757	Loss_std:0.01157732729663827
Iteration:13800	Loss_mean:0.013317921062698588	Loss_std:0.012302252524578108
Iteration:13900	Loss_mean:0.01363487636892387	Loss_std:0.01628653755164997
Iteration:14000	Loss_mean:0.013769004273344763	Loss_std:0.01249843514073681
Iteration:14100	Loss_mean:0.014478217647701968	Loss_std:0.014832427010321706
Iteration:14200	Loss_mean:0.011434936529549305	Loss_std:0.010631628875533495
Iteration:14300	Loss_mean:0.015395060477312655	Loss_std:0.013092597661635053
Iteration:14400	Loss_mean:0.011593919997103512	Loss_std:0.010610725524200833
Iteration:14500	Loss_mean:0.010799088437779573	Loss_std:0.009955315032320501
Iteration:14600	Loss_mean:0.013821392593672498	Loss_std:0.01353129621532076
Iteration:14700	Loss_mean:0.014555071137510821	Loss_std:0.013802878449335573
Iteration:14800	Loss_mean:0.013753630663559306	Loss_std:0.014970463413075463
Iteration:14900	Loss_mean:0.014321743790933397	Loss_std:0.013097690683090002
Iteration:15000	Loss_mean:0.014189936949987896	Loss_std:0.013203752551023285
Iteration:15100	Loss_mean:0.012705705185217084	Loss_std:0.013208489656804528
Iteration:15200	Loss_mean:0.013764815798494964	Loss_std:0.016642382083882034
Iteration:15300	Loss_mean:0.013158726508845576	Loss_std:0.01176624431150676
Iteration:15400	Loss_mean:0.012399792934083963	Loss_std:0.011617371025293425
Iteration:15500	Loss_mean:0.01169249167025555	Loss_std:0.012246864859245156
Iteration:15600	Loss_mean:0.011950356996312621	Loss_std:0.010482453929787536
Iteration:15700	Loss_mean:0.011912506209046114	Loss_std:0.010952669983711328
Iteration:15800	Loss_mean:0.011966103109007236	Loss_std:0.012373407783110434
Iteration:15900	Loss_mean:0.011849524996359833	Loss_std:0.011789929655782405
Iteration:16000	Loss_mean:0.011798719276557677	Loss_std:0.0112035765227724
Iteration:16100	Loss_mean:0.0137061875424115	Loss_std:0.011985815288479905
Iteration:16200	Loss_mean:0.01360299480438698	Loss_std:0.012634512880677478
Iteration:16300	Loss_mean:0.011887543345510494	Loss_std:0.011479657599221113
Iteration:16400	Loss_mean:0.009296706905879547	Loss_std:0.007439087462245573
Iteration:16500	Loss_mean:0.009764427689951845	Loss_std:0.008576831887540007
Iteration:16600	Loss_mean:0.009801227751304396	Loss_std:0.009948718331784526
Iteration:16700	Loss_mean:0.010763977721362608	Loss_std:0.009179136078411579
Iteration:16800	Loss_mean:0.009300839507523051	Loss_std:0.008134610306703838
Iteration:16900	Loss_mean:0.012528583565817826	Loss_std:0.012132317292771873
Iteration:17000	Loss_mean:0.009375202546725631	Loss_std:0.008361175620389613
Iteration:17100	Loss_mean:0.00896004292058933	Loss_std:0.010866865121376336
Iteration:17200	Loss_mean:0.009464480251044733	Loss_std:0.009537400159990238
Iteration:17300	Loss_mean:0.009778856678167358	Loss_std:0.00896461832807701
Iteration:17400	Loss_mean:0.013063719009369378	Loss_std:0.019363276153024737
Iteration:17500	Loss_mean:0.009324455539899645	Loss_std:0.007688648479609016
Iteration:17600	Loss_mean:0.009089402864847216	Loss_std:0.009332479444881645
Iteration:17700	Loss_mean:0.00948565074642829	Loss_std:0.010211530930689753
Iteration:17800	Loss_mean:0.006895911176252411	Loss_std:0.008076136214227104
Iteration:17900	Loss_mean:0.008129182534175924	Loss_std:0.0065651057622918025
Iteration:18000	Loss_mean:0.008069670379481976	Loss_std:0.007923656673163975
Iteration:18100	Loss_mean:0.008189886713953456	Loss_std:0.007875092560378176
Iteration:18200	Loss_mean:0.00818940250435844	Loss_std:0.007978374554630083
Iteration:18300	Loss_mean:0.007514324601797853	Loss_std:0.00688790132467087
Iteration:18400	Loss_mean:0.006827482591033913	Loss_std:0.0056373260828628865
Iteration:18500	Loss_mean:0.007228155881275598	Loss_std:0.007098705015254368
Iteration:18600	Loss_mean:0.008488797384925419	Loss_std:0.007280834841775243
Iteration:18700	Loss_mean:0.006909748022153508	Loss_std:0.006840419061603401
Iteration:18800	Loss_mean:0.006900905300135492	Loss_std:0.00669146518644854
Iteration:18900	Loss_mean:0.006867752591642784	Loss_std:0.007277951000755979
Iteration:19000	Loss_mean:0.006134041252371389	Loss_std:0.006534429144870769
Iteration:19100	Loss_mean:0.005931526403146563	Loss_std:0.0050562873075221115
Iteration:19200	Loss_mean:0.006739646707428619	Loss_std:0.006762274119032377
Iteration:19300	Loss_mean:0.004921757099837123	Loss_std:0.004177445634624375
Iteration:19400	Loss_mean:0.006715342952811625	Loss_std:0.006143622524401653
Iteration:19500	Loss_mean:0.00622440659244603	Loss_std:0.005146737079469903
Iteration:19600	Loss_mean:0.005986765617562923	Loss_std:0.006367496968040064
Iteration:19700	Loss_mean:0.006510929802971077	Loss_std:0.009387986081539389
Iteration:19800	Loss_mean:0.007187766457645921	Loss_std:0.006202911792914866
Iteration:19900	Loss_mean:0.005571775011194404	Loss_std:0.005322310285196774
Iteration:20000	Loss_mean:0.006482316080946475	Loss_std:0.007023435875839636
Iteration:20100	Loss_mean:0.005586017681634985	Loss_std:0.0040565239082711365
Iteration:20200	Loss_mean:0.005941305715823546	Loss_std:0.004813765805879981
Iteration:20300	Loss_mean:0.007094457664934452	Loss_std:0.0060222659748189085
Iteration:20400	Loss_mean:0.0055671685849665664	Loss_std:0.004024765765673057
Iteration:20500	Loss_mean:0.004356577643502533	Loss_std:0.003140083830415228
Iteration:20600	Loss_mean:0.005676758774934569	Loss_std:0.00496331552782975
Iteration:20700	Loss_mean:0.005221139347413555	Loss_std:0.0037737919215576426
Iteration:20800	Loss_mean:0.006013791931909509	Loss_std:0.006074612956967143
Iteration:20900	Loss_mean:0.005041804226930253	Loss_std:0.003780205211064249
Iteration:21000	Loss_mean:0.00683535617106827	Loss_std:0.007530831127819729
Iteration:21100	Loss_mean:0.0051295367892453215	Loss_std:0.005199877588020807
Iteration:21200	Loss_mean:0.005717827096086694	Loss_std:0.006042399110202888
Iteration:21300	Loss_mean:0.00503125149589323	Loss_std:0.004030076269786782
Iteration:21400	Loss_mean:0.00579623799334513	Loss_std:0.005167326910516723
Iteration:21500	Loss_mean:0.00491802301556163	Loss_std:0.004657794020548269
Iteration:21600	Loss_mean:0.005861961355476524	Loss_std:0.006884475026518282
Iteration:21700	Loss_mean:0.005074633547046688	Loss_std:0.0048965442790608465
Iteration:21800	Loss_mean:0.004673381468310253	Loss_std:0.0038048688807817764
Iteration:21900	Loss_mean:0.00458003022838966	Loss_std:0.0039499871172602435
Iteration:22000	Loss_mean:0.004570873745251447	Loss_std:0.004399303716420444
Iteration:22100	Loss_mean:0.006436752682493534	Loss_std:0.005709365549246173
Iteration:22200	Loss_mean:0.004641741387895308	Loss_std:0.004031985864247496
Iteration:22300	Loss_mean:0.00538680480181938	Loss_std:0.004781349167533362
Iteration:22400	Loss_mean:0.0048238236048200635	Loss_std:0.004373799977390273
Iteration:22500	Loss_mean:0.004708060712728184	Loss_std:0.00475014673450052
Iteration:22600	Loss_mean:0.005895004750345834	Loss_std:0.004599582682734882
Iteration:22700	Loss_mean:0.0050729397476243325	Loss_std:0.0037875270820322306
Iteration:22800	Loss_mean:0.004667042871005833	Loss_std:0.004089328671240732
Iteration:22900	Loss_mean:0.00459183209510229	Loss_std:0.004282695876898604
Iteration:23000	Loss_mean:0.005919988198584179	Loss_std:0.004850922931377075
Iteration:23100	Loss_mean:0.006010414657066576	Loss_std:0.004775510334095386
Iteration:23200	Loss_mean:0.00580891384583083	Loss_std:0.005694440011977045
Iteration:23300	Loss_mean:0.005435770734129619	Loss_std:0.004187062269207001
Iteration:23400	Loss_mean:0.005498050295509529	Loss_std:0.004149788822716935
Iteration:23500	Loss_mean:0.00494309507397702	Loss_std:0.004563951186752309
Iteration:23600	Loss_mean:0.005214842091954779	Loss_std:0.004259013477412418
Iteration:23700	Loss_mean:0.004347872563230339	Loss_std:0.00286934035725725
Iteration:23800	Loss_mean:0.005329198654362699	Loss_std:0.004992769534200414
Iteration:23900	Loss_mean:0.004928186029719655	Loss_std:0.004799098677976127
Iteration:24000	Loss_mean:0.005216482751566218	Loss_std:0.0037787707850834612
Iteration:24100	Loss_mean:0.004356605404173024	Loss_std:0.00394428742600228
Iteration:24200	Loss_mean:0.00433781972824363	Loss_std:0.0036251102573408305
Iteration:24300	Loss_mean:0.004645327302423539	Loss_std:0.0037806369982036512
Iteration:24400	Loss_mean:0.00559626338785165	Loss_std:0.006771138711078209
Iteration:24500	Loss_mean:0.004164432136512915	Loss_std:0.0032190870065110138
Iteration:24600	Loss_mean:0.004790597291794256	Loss_std:0.004488512028462482
Iteration:24700	Loss_mean:0.004207019908353687	Loss_std:0.0031094237247388636
Iteration:24800	Loss_mean:0.004525060096966627	Loss_std:0.003988317446196534
Iteration:24900	Loss_mean:0.004367456174513791	Loss_std:0.0031806460231850807
Iteration:25000	Loss_mean:0.004454384324490092	Loss_std:0.004080836469255228
Iteration:25100	Loss_mean:0.004255585638238699	Loss_std:0.0038574176479081873
Iteration:25200	Loss_mean:0.004711947091418551	Loss_std:0.004020262147842552
Iteration:25300	Loss_mean:0.005119747128192103	Loss_std:0.0039719636831027205
Iteration:25400	Loss_mean:0.004773807136516552	Loss_std:0.0036517972941081567
Iteration:25500	Loss_mean:0.00490318901509454	Loss_std:0.004456409624132652
Iteration:25600	Loss_mean:0.004247778272110736	Loss_std:0.003852123956763035
Iteration:25700	Loss_mean:0.004146605349960737	Loss_std:0.003264878079851395
Iteration:25800	Loss_mean:0.0038458063095458783	Loss_std:0.0028682512603976948
Iteration:25900	Loss_mean:0.00404812604028848	Loss_std:0.004048526120374013
Iteration:26000	Loss_mean:0.0043042243993841114	Loss_std:0.0038479519077375354
Iteration:26100	Loss_mean:0.004797089019702981	Loss_std:0.003782328556194253
Iteration:26200	Loss_mean:0.0049130807032634035	Loss_std:0.005053685416011352
Iteration:26300	Loss_mean:0.004430807984099374	Loss_std:0.003767925536781375
Iteration:26400	Loss_mean:0.0051444798760348935	Loss_std:0.003968592400008341
Iteration:26500	Loss_mean:0.0038008496357360855	Loss_std:0.003681936436101946
Iteration:26600	Loss_mean:0.004380649610975524	Loss_std:0.003442656650874495
Iteration:26700	Loss_mean:0.004510199293217738	Loss_std:0.003390939791656224
Iteration:26800	Loss_mean:0.0043468998845492025	Loss_std:0.00466888621001089
Iteration:26900	Loss_mean:0.004417151994075539	Loss_std:0.0039149657946622955
Iteration:27000	Loss_mean:0.00363798621641763	Loss_std:0.0026852641002499014
Iteration:27100	Loss_mean:0.004458587312783493	Loss_std:0.003624343350887283
Iteration:27200	Loss_mean:0.004529103068780387	Loss_std:0.004450055260721732
Iteration:27300	Loss_mean:0.004785406152223004	Loss_std:0.004010867260641206
Iteration:27400	Loss_mean:0.004844350025814492	Loss_std:0.0038933580784059935
Iteration:27500	Loss_mean:0.003816416421032045	Loss_std:0.0031530509400549455
Iteration:27600	Loss_mean:0.004708835736237233	Loss_std:0.004339239087153702
Iteration:27700	Loss_mean:0.0043575255482574	Loss_std:0.0036909423454317136
Iteration:27800	Loss_mean:0.003835325786858448	Loss_std:0.0033244989052893005
Iteration:27900	Loss_mean:0.0044283671962330115	Loss_std:0.0034862378546423522
Iteration:28000	Loss_mean:0.004316216844890732	Loss_std:0.0034415062102714847
Iteration:28100	Loss_mean:0.004450214676326141	Loss_std:0.003943432631483635
Iteration:28200	Loss_mean:0.004323466282658046	Loss_std:0.0037840878433541302
Iteration:28300	Loss_mean:0.0044391757719859015	Loss_std:0.003906854623343604
Iteration:28400	Loss_mean:0.0038519753006403335	Loss_std:0.003086561071323102
Iteration:28500	Loss_mean:0.005135845669574337	Loss_std:0.004618717961163982
Iteration:28600	Loss_mean:0.003995620797941229	Loss_std:0.002829610825666725
Iteration:28700	Loss_mean:0.0041034513713384515	Loss_std:0.003478392643833153
Iteration:28800	Loss_mean:0.004207503732104669	Loss_std:0.003802992550631227
Iteration:28900	Loss_mean:0.004381016811676091	Loss_std:0.0036914012585733485
Iteration:29000	Loss_mean:0.00396471165047842	Loss_std:0.003805971249811509
Iteration:29100	Loss_mean:0.0043714469479164105	Loss_std:0.0035816801048906654
Iteration:29200	Loss_mean:0.00471868358705251	Loss_std:0.00451555347715944
Iteration:29300	Loss_mean:0.004437889491964597	Loss_std:0.003428558454760055
Iteration:29400	Loss_mean:0.004353664421360009	Loss_std:0.003269469645113034
Iteration:29500	Loss_mean:0.003684888920979574	Loss_std:0.0032660645225133216
Iteration:29600	Loss_mean:0.0035838103818241506	Loss_std:0.0028679556945033348
Iteration:29700	Loss_mean:0.004310793410768383	Loss_std:0.0034292294988920533
Iteration:29800	Loss_mean:0.003982883773642243	Loss_std:0.003693639217418258
Iteration:29900	Loss_mean:0.0038407719592214564	Loss_std:0.003412117647121422
Iteration:30000	Loss_mean:0.0038211515543844143	Loss_std:0.0031863258436626365
Iteration:30100	Loss_mean:0.004178654493007344	Loss_std:0.0038761682526496175
Iteration:30200	Loss_mean:0.003634231327814632	Loss_std:0.0029668089246546155
Iteration:30300	Loss_mean:0.0044634928327286615	Loss_std:0.0045819945648173524
Iteration:30400	Loss_mean:0.004539577484538313	Loss_std:0.0039171356672836255
Iteration:30500	Loss_mean:0.0036782229770324195	Loss_std:0.003225708140684994
Iteration:30600	Loss_mean:0.0041834544448647645	Loss_std:0.003336900317585736
Iteration:30700	Loss_mean:0.003868987307869247	Loss_std:0.0028951015088537657
Iteration:30800	Loss_mean:0.004069570943247527	Loss_std:0.0030118291311070937
Iteration:30900	Loss_mean:0.003797016264470585	Loss_std:0.003267840492277301
Iteration:31000	Loss_mean:0.003819477690703934	Loss_std:0.003573243723360671
Iteration:31100	Loss_mean:0.004207640604290646	Loss_std:0.0037355023941068742
Iteration:31200	Loss_mean:0.004209962247405202	Loss_std:0.0035303164301860443
Iteration:31300	Loss_mean:0.004334359501954168	Loss_std:0.004013864139584951
Iteration:31400	Loss_mean:0.004982390543591464	Loss_std:0.0045477516628589865
Iteration:31500	Loss_mean:0.003749086990428623	Loss_std:0.0028506435433618927
Iteration:31600	Loss_mean:0.004096816327219131	Loss_std:0.0030937162844037634
Iteration:31700	Loss_mean:0.003700618371103701	Loss_std:0.003570831374916482
Iteration:31800	Loss_mean:0.0039179605637764325	Loss_std:0.0035272865319432756
Iteration:31900	Loss_mean:0.004274346019083168	Loss_std:0.0035011190213141584
Iteration:32000	Loss_mean:0.0034690661879722027	Loss_std:0.0029636878326466044
Iteration:32100	Loss_mean:0.004589205596039392	Loss_std:0.005003548260243606
Iteration:32200	Loss_mean:0.004390761685790494	Loss_std:0.003450559262419564
Iteration:32300	Loss_mean:0.004246844368753955	Loss_std:0.0031200856372706988
Iteration:32400	Loss_mean:0.004320365516323363	Loss_std:0.003326164382004667
Iteration:32500	Loss_mean:0.0038909383563441226	Loss_std:0.0032282229204353085
Iteration:32600	Loss_mean:0.004364863082737429	Loss_std:0.0032555452348333627
Iteration:32700	Loss_mean:0.003745952313183807	Loss_std:0.003319373721802086
Iteration:32800	Loss_mean:0.004327323521793005	Loss_std:0.003784434446963211
Iteration:32900	Loss_mean:0.0039944508383632634	Loss_std:0.0034917488439681066
Iteration:33000	Loss_mean:0.00471384516422404	Loss_std:0.004368284541512502
Iteration:33100	Loss_mean:0.003613930815963613	Loss_std:0.0027592428663321586
Iteration:33200	Loss_mean:0.004468791337931179	Loss_std:0.0035699493528808363
Iteration:33300	Loss_mean:0.004485996253497433	Loss_std:0.0034144634234285864
Iteration:33400	Loss_mean:0.0036888388416991802	Loss_std:0.003064710814070617
Iteration:33500	Loss_mean:0.00419658434449957	Loss_std:0.0036698989724952007
Iteration:33600	Loss_mean:0.004094562517275335	Loss_std:0.00380784378402671
Iteration:33700	Loss_mean:0.0035305168265040267	Loss_std:0.0032237978333762
Iteration:33800	Loss_mean:0.0042262572824256495	Loss_std:0.0029040314043689563
Iteration:33900	Loss_mean:0.004653993595420616	Loss_std:0.004335536788640606
Iteration:34000	Loss_mean:0.00385178319978877	Loss_std:0.0028823576842894236
Iteration:34100	Loss_mean:0.004253712554600497	Loss_std:0.0032396591856290115
Iteration:34200	Loss_mean:0.004278338638978312	Loss_std:0.0033713366916553406
Iteration:34300	Loss_mean:0.004127841174340574	Loss_std:0.004310017974452678
Iteration:34400	Loss_mean:0.003451636680983938	Loss_std:0.0025167120425326835
Iteration:34500	Loss_mean:0.004199231885213522	Loss_std:0.003333633112271347
Iteration:34600	Loss_mean:0.004047271756826376	Loss_std:0.0036530576646451843
Iteration:34700	Loss_mean:0.003815975142715615	Loss_std:0.003088959024725756
Iteration:34800	Loss_mean:0.0037031276401830837	Loss_std:0.003032504785823102
Iteration:34900	Loss_mean:0.004104788698605262	Loss_std:0.0029497812321313743
Iteration:35000	Loss_mean:0.004027573448474868	Loss_std:0.0032927260008983393
Iteration:35100	Loss_mean:0.0035750390496104957	Loss_std:0.002685253859745136
Iteration:35200	Loss_mean:0.004234533098933752	Loss_std:0.0036043409856697014
Iteration:35300	Loss_mean:0.003683610363586922	Loss_std:0.0038018824073215015
Iteration:35400	Loss_mean:0.004200757737562526	Loss_std:0.003387736476306926
Iteration:35500	Loss_mean:0.0034792969215777705	Loss_std:0.0029340637681451254
Iteration:35600	Loss_mean:0.004144160033174558	Loss_std:0.0035166557055051053
Iteration:35700	Loss_mean:0.0035993963360670023	Loss_std:0.0031489656396473525
Iteration:35800	Loss_mean:0.004717018801165977	Loss_std:0.003496702495972203
Iteration:35900	Loss_mean:0.003837489022989757	Loss_std:0.0029555310242862834
Iteration:36000	Loss_mean:0.00388109260762576	Loss_std:0.002851371427401189
Iteration:36100	Loss_mean:0.004006784523821807	Loss_std:0.003036698272042488
Iteration:36200	Loss_mean:0.003717965307732811	Loss_std:0.0035653695138777005
Iteration:36300	Loss_mean:0.004206954422115814	Loss_std:0.0030960224493082706
Iteration:36400	Loss_mean:0.0037411194562446326	Loss_std:0.002806364905889786
Iteration:36500	Loss_mean:0.003989738839300117	Loss_std:0.0035270575608542334
Iteration:36600	Loss_mean:0.00406414365334058	Loss_std:0.0035078429986666227
Iteration:36700	Loss_mean:0.003785309754384798	Loss_std:0.0029664340310995864
Iteration:36800	Loss_mean:0.0041314498479914615	Loss_std:0.0031183615987887795
Iteration:36900	Loss_mean:0.004428105638507987	Loss_std:0.0036134202289587083
Iteration:37000	Loss_mean:0.004041363802389242	Loss_std:0.0035162507861638105
Iteration:37100	Loss_mean:0.003667318469815655	Loss_std:0.002968026283261609
Iteration:37200	Loss_mean:0.0038030276606150436	Loss_std:0.0031412155063293688
Iteration:37300	Loss_mean:0.0036616465462429915	Loss_std:0.002715278797771359
Iteration:37400	Loss_mean:0.00420190193108283	Loss_std:0.003771109412953027
Iteration:37500	Loss_mean:0.0033702478939812864	Loss_std:0.0029437998678079145
Iteration:37600	Loss_mean:0.003752935854718089	Loss_std:0.002991804854467087
Iteration:37700	Loss_mean:0.0038516662185429595	Loss_std:0.0028632237252700717
Iteration:37800	Loss_mean:0.004004535175663477	Loss_std:0.003518153671983781
Iteration:37900	Loss_mean:0.0035077615184127353	Loss_std:0.0030341686862786887
Iteration:38000	Loss_mean:0.004099517387221568	Loss_std:0.0030602017562408783
Iteration:38100	Loss_mean:0.0038878934701278922	Loss_std:0.0029384460612547794
Iteration:38200	Loss_mean:0.004140219785185763	Loss_std:0.0031486782998633635
Iteration:38300	Loss_mean:0.0036380618772818706	Loss_std:0.002974916608599553
Iteration:38400	Loss_mean:0.0035662000846787122	Loss_std:0.0033914768305455013
Iteration:38500	Loss_mean:0.0030904187841224486	Loss_std:0.002379530428284666
Iteration:38600	Loss_mean:0.0036741666632303803	Loss_std:0.0029521971369929037
Iteration:38700	Loss_mean:0.0033773508545345975	Loss_std:0.002929128847674587
Iteration:38800	Loss_mean:0.0038230543839381428	Loss_std:0.002702104747823025
Iteration:38900	Loss_mean:0.0035865523666143415	Loss_std:0.002705341959700358
Iteration:39000	Loss_mean:0.004103262722105682	Loss_std:0.0036109359401917383
Iteration:39100	Loss_mean:0.003946807373140473	Loss_std:0.003223622831936908
Iteration:39200	Loss_mean:0.003766831433003972	Loss_std:0.003098600433914361
Iteration:39300	Loss_mean:0.004010328617296182	Loss_std:0.0033981713927938046
Iteration:39400	Loss_mean:0.0033964455716341034	Loss_std:0.003053636225782182
Iteration:39500	Loss_mean:0.0040350437653251	Loss_std:0.0034780021832819053
Iteration:39600	Loss_mean:0.0038008388917660342	Loss_std:0.0038845998100540124
Iteration:39700	Loss_mean:0.003922040325705894	Loss_std:0.0034117733607504645
Iteration:39800	Loss_mean:0.0036786169309198156	Loss_std:0.0029444147910313782
Iteration:39900	Loss_mean:0.003548298635141691	Loss_std:0.002680202661676777
Iteration:40000	Loss_mean:0.0038110745230369504	Loss_std:0.003399576756103166
Iteration:40100	Loss_mean:0.004037083018556586	Loss_std:0.0035310353765545853
Iteration:40200	Loss_mean:0.0038871845333778767	Loss_std:0.002770110515365379
Iteration:40300	Loss_mean:0.0035150799837720113	Loss_std:0.0030016661521415173
Iteration:40400	Loss_mean:0.004105226208012027	Loss_std:0.003446821774413568
Iteration:40500	Loss_mean:0.004555956766125746	Loss_std:0.003766059518222196
Iteration:40600	Loss_mean:0.003892003151704557	Loss_std:0.003106366357701245
Iteration:40700	Loss_mean:0.0034639324869203845	Loss_std:0.00309204546843618
Iteration:40800	Loss_mean:0.003945779985806439	Loss_std:0.0027814904235985978
Iteration:40900	Loss_mean:0.004083908146276372	Loss_std:0.0030853032715432624
Iteration:41000	Loss_mean:0.0038995370215707224	Loss_std:0.0030292560569829025
Iteration:41100	Loss_mean:0.003840807917440543	Loss_std:0.003336049693176006
Iteration:41200	Loss_mean:0.004205172881629551	Loss_std:0.0029268366196528446
Iteration:41300	Loss_mean:0.0033849345502676444	Loss_std:0.0026240806432200315
Iteration:41400	Loss_mean:0.004010363044872065	Loss_std:0.0030759822067720484
Iteration:41500	Loss_mean:0.0035501682239555523	Loss_std:0.0026340839344586864
Iteration:41600	Loss_mean:0.0034321874328088597	Loss_std:0.002873802850705804
Iteration:41700	Loss_mean:0.003528586499451194	Loss_std:0.0031566564848723028
Iteration:41800	Loss_mean:0.003228669476666255	Loss_std:0.0026922728633544776
Iteration:41900	Loss_mean:0.0033385618585271004	Loss_std:0.002515577465351953
Iteration:42000	Loss_mean:0.0034712958001182413	Loss_std:0.00291242964932284
Iteration:42100	Loss_mean:0.0033650168534586555	Loss_std:0.002907041678080192
Iteration:42200	Loss_mean:0.0036593911167801707	Loss_std:0.0030531130730990976
Iteration:42300	Loss_mean:0.004127752869972028	Loss_std:0.003510107594266113
Iteration:42400	Loss_mean:0.0036020645542885177	Loss_std:0.0027115283758688017
Iteration:42500	Loss_mean:0.004074443881654588	Loss_std:0.0035011616280337205
Iteration:42600	Loss_mean:0.0035696006005400704	Loss_std:0.0027235354175516578
Iteration:42700	Loss_mean:0.0035659666734318305	Loss_std:0.0032908420709939668
Iteration:42800	Loss_mean:0.003835053635702934	Loss_std:0.0028645524717735692
Iteration:42900	Loss_mean:0.004315810354892164	Loss_std:0.0039133492316617
Iteration:43000	Loss_mean:0.003438911766279489	Loss_std:0.0033144215795905024
Iteration:43100	Loss_mean:0.0037565423711930636	Loss_std:0.0030610432738239057
Iteration:43200	Loss_mean:0.0038286685322418633	Loss_std:0.003149057577853093
Iteration:43300	Loss_mean:0.0036267194879474117	Loss_std:0.0035434900555542746
Iteration:43400	Loss_mean:0.0035346744694106746	Loss_std:0.0028918957295652665
Iteration:43500	Loss_mean:0.0034217198528494917	Loss_std:0.0026942100718940504
Iteration:43600	Loss_mean:0.004243663168890635	Loss_std:0.0038685825884513165
Iteration:43700	Loss_mean:0.003209681571170222	Loss_std:0.0029459067304909103
Iteration:43800	Loss_mean:0.003494331057809177	Loss_std:0.0025879131025644633
Iteration:43900	Loss_mean:0.004239563367627852	Loss_std:0.00354081568130867
Iteration:44000	Loss_mean:0.003352383977980935	Loss_std:0.002354295476666676
Iteration:44100	Loss_mean:0.0035044693303643727	Loss_std:0.0024891323602178918
Iteration:44200	Loss_mean:0.0038844185550988186	Loss_std:0.003195282136485244
Iteration:44300	Loss_mean:0.0037703301385045053	Loss_std:0.0029708314636672866
Iteration:44400	Loss_mean:0.004036794124986045	Loss_std:0.003709636376750735
Iteration:44500	Loss_mean:0.003931266865474754	Loss_std:0.0030369008167000617
Iteration:44600	Loss_mean:0.003521315676989616	Loss_std:0.0029625953914705246
Iteration:44700	Loss_mean:0.004273889721371233	Loss_std:0.003112845418088313
Iteration:44800	Loss_mean:0.004088482055376517	Loss_std:0.0038687802277462932
Iteration:44900	Loss_mean:0.003636051413996029	Loss_std:0.003107266643803016
Iteration:45000	Loss_mean:0.0038165771426429272	Loss_std:0.0029682022358287143
Iteration:45100	Loss_mean:0.004055402140365914	Loss_std:0.0037697680568282523
Iteration:45200	Loss_mean:0.003461051941922051	Loss_std:0.002929656781767083
Iteration:45300	Loss_mean:0.003343774962995667	Loss_std:0.003005870149174354
Iteration:45400	Loss_mean:0.0037029278941918165	Loss_std:0.0027231183098503703
Iteration:45500	Loss_mean:0.003943219006760046	Loss_std:0.002999111054793548
Iteration:45600	Loss_mean:0.00348657976683171	Loss_std:0.0027098064304313975
Iteration:45700	Loss_mean:0.0034589392649650107	Loss_std:0.0029449842279688815
Iteration:45800	Loss_mean:0.003506535855558468	Loss_std:0.0031667757888547113
Iteration:45900	Loss_mean:0.0040213681968452875	Loss_std:0.00355756211597321
Iteration:46000	Loss_mean:0.003216333619056968	Loss_std:0.0028024391858491194
Iteration:46100	Loss_mean:0.0036883026265422812	Loss_std:0.002625902678030276
Iteration:46200	Loss_mean:0.003778725240226777	Loss_std:0.0033129405967329915
Iteration:46300	Loss_mean:0.003939496627863264	Loss_std:0.003593056050955974
Iteration:46400	Loss_mean:0.003638810853444738	Loss_std:0.002847368225503226
Iteration:46500	Loss_mean:0.0038095784711185843	Loss_std:0.0029725679011547075
Iteration:46600	Loss_mean:0.0031616151600246667	Loss_std:0.0024735154547904864
Iteration:46700	Loss_mean:0.003932214245396608	Loss_std:0.0032737276100530755
Iteration:46800	Loss_mean:0.003306215695629362	Loss_std:0.002602130140404138
Iteration:46900	Loss_mean:0.004400434447088628	Loss_std:0.004527207400636455
Iteration:47000	Loss_mean:0.003252870541618904	Loss_std:0.002647560234784865
Iteration:47100	Loss_mean:0.0034293153858016012	Loss_std:0.0025999120916476988
Iteration:47200	Loss_mean:0.002981826964605716	Loss_std:0.0024458680722300946
Iteration:47300	Loss_mean:0.0037201644132164803	Loss_std:0.0036625103706097637
Iteration:47400	Loss_mean:0.0034341358303390736	Loss_std:0.002383964040938729
Iteration:47500	Loss_mean:0.003524276161697344	Loss_std:0.0029543961716202954
Iteration:47600	Loss_mean:0.0035191875221789815	Loss_std:0.0024401266733769834
Iteration:47700	Loss_mean:0.003219471985466953	Loss_std:0.002462905466307239
Iteration:47800	Loss_mean:0.004202254124902538	Loss_std:0.0033456877519901468
Iteration:47900	Loss_mean:0.004168854254239704	Loss_std:0.0037280508391954324
Iteration:48000	Loss_mean:0.003068707556085428	Loss_std:0.0023475951501071637
Iteration:48100	Loss_mean:0.003430719551324728	Loss_std:0.002720337596059632
Iteration:48200	Loss_mean:0.0035248806754680116	Loss_std:0.0032131316927981974
Iteration:48300	Loss_mean:0.00395696629527265	Loss_std:0.003632901865503648
Iteration:48400	Loss_mean:0.0034942192083690315	Loss_std:0.0029275422714323696
Iteration:48500	Loss_mean:0.003202873777700006	Loss_std:0.002465709863078636
Iteration:48600	Loss_mean:0.003874367843818618	Loss_std:0.0028597100157302024
Iteration:48700	Loss_mean:0.003156523564393865	Loss_std:0.0028518766025431796
Iteration:48800	Loss_mean:0.0031995991096482614	Loss_std:0.002220871353596328
Iteration:48900	Loss_mean:0.0030176538172418076	Loss_std:0.0029021349646410873
Iteration:49000	Loss_mean:0.0035169242664414924	Loss_std:0.0025878920428468372
Iteration:49100	Loss_mean:0.0037491463488549927	Loss_std:0.0028132361450854304
Iteration:49200	Loss_mean:0.003700343966629589	Loss_std:0.0028977499408474414
Iteration:49300	Loss_mean:0.00309058886476123	Loss_std:0.002632202379141523
Iteration:49400	Loss_mean:0.0035378008599218445	Loss_std:0.003063403810702733
Iteration:49500	Loss_mean:0.00297002042792883	Loss_std:0.002249047354210066
Iteration:49600	Loss_mean:0.004020539545526844	Loss_std:0.003246801851961349
Iteration:49700	Loss_mean:0.0030779852464911527	Loss_std:0.00224580190595044
Iteration:49800	Loss_mean:0.003522101448079411	Loss_std:0.002706458797252694
Iteration:49900	Loss_mean:0.0036324699445685837	Loss_std:0.003232953772957129
Modifying K
Fitting model on target unit
Iteration:0	Loss_mean:0.037495482712984085	Loss_std:0.0
Iteration:100	Loss_mean:0.005706528703194635	Loss_std:0.010433196976494818
Iteration:200	Loss_mean:0.001110876498696598	Loss_std:0.001435965246499193
Iteration:300	Loss_mean:0.0006871023291478196	Loss_std:0.0009610215124383286
Iteration:400	Loss_mean:0.0003188539097936882	Loss_std:0.0004884624552672984
Iteration:500	Loss_mean:0.00023431917675452495	Loss_std:0.00028612957178739704
Iteration:600	Loss_mean:0.00017094434312184604	Loss_std:0.0001726518779221624
Iteration:700	Loss_mean:0.00021365299537251303	Loss_std:0.00026840048343809063
Iteration:800	Loss_mean:0.00015503875363719998	Loss_std:0.00018629379442326342
Iteration:900	Loss_mean:0.00013706043391721324	Loss_std:0.00014059246480129374
Iteration:1000	Loss_mean:0.00012263796368642944	Loss_std:0.00012887107142803668
Iteration:1100	Loss_mean:0.00011120359356880271	Loss_std:9.022145973879422e-05
Iteration:1200	Loss_mean:0.0001509652567676767	Loss_std:0.00015746378793180183
Iteration:1300	Loss_mean:0.00012212140315796206	Loss_std:0.00013191664122952178
Iteration:1400	Loss_mean:0.0001216277637473695	Loss_std:0.0002311581712321367
Iteration:1500	Loss_mean:0.00017905696652405822	Loss_std:0.0002266937449844492
Iteration:1600	Loss_mean:0.00012740796933030651	Loss_std:0.0001255019032135627
Iteration:1700	Loss_mean:0.00010087358825558112	Loss_std:7.986486181479443e-05
Iteration:1800	Loss_mean:0.00012205599049323723	Loss_std:0.00014319415394303483
Iteration:1900	Loss_mean:0.00012687081166973257	Loss_std:0.00013836588795978916
Iteration:2000	Loss_mean:0.0001136470673736767	Loss_std:9.64533174865498e-05
Iteration:2100	Loss_mean:0.00016893161706832416	Loss_std:0.0002888483989430549
Iteration:2200	Loss_mean:9.875784190626292e-05	Loss_std:9.721140586269548e-05
Iteration:2300	Loss_mean:9.17706209975222e-05	Loss_std:9.666342826764623e-05
Iteration:2400	Loss_mean:9.924030823071917e-05	Loss_std:9.677749435186958e-05
Iteration:2500	Loss_mean:8.144671474838105e-05	Loss_std:7.404467356309188e-05
Iteration:2600	Loss_mean:9.690801927035864e-05	Loss_std:9.071615394102802e-05
Iteration:2700	Loss_mean:0.00010451739522324033	Loss_std:0.00011051933053985878
Iteration:2800	Loss_mean:0.0001165110092733812	Loss_std:0.00012992792466923138
Iteration:2900	Loss_mean:8.526040237995858e-05	Loss_std:0.00010623466160744866
Iteration:3000	Loss_mean:0.00010314268937463566	Loss_std:0.00012222152662862745
Iteration:3100	Loss_mean:8.800015327096844e-05	Loss_std:7.723076068997114e-05
Iteration:3200	Loss_mean:8.946864015683786e-05	Loss_std:8.25807285180806e-05
Iteration:3300	Loss_mean:0.00011482394914992255	Loss_std:0.00010876700534394276
Iteration:3400	Loss_mean:7.755086051176363e-05	Loss_std:6.199801814976592e-05
Iteration:3500	Loss_mean:6.711092058139911e-05	Loss_std:6.259717464759086e-05
Iteration:3600	Loss_mean:6.916687138186717e-05	Loss_std:6.715933756060861e-05
Iteration:3700	Loss_mean:5.642740169605531e-05	Loss_std:5.3122645670559774e-05
Iteration:3800	Loss_mean:0.0001119662330279425	Loss_std:0.00013298135441631282
Iteration:3900	Loss_mean:6.594127923335691e-05	Loss_std:5.297270961495325e-05
Iteration:4000	Loss_mean:5.714572847864474e-05	Loss_std:6.091416780136158e-05
Iteration:4100	Loss_mean:7.269356163646989e-05	Loss_std:6.27465424639606e-05
Iteration:4200	Loss_mean:8.205762579336806e-05	Loss_std:7.001379036859542e-05
Iteration:4300	Loss_mean:8.277158141936525e-05	Loss_std:8.434119335255505e-05
Iteration:4400	Loss_mean:0.00012465356719530972	Loss_std:0.0001192164349870795
Iteration:4500	Loss_mean:5.519529112461896e-05	Loss_std:5.882081837624186e-05
Iteration:4600	Loss_mean:7.423156168897548e-05	Loss_std:8.448769152913587e-05
Iteration:4700	Loss_mean:5.116360480242221e-05	Loss_std:4.5792620975031634e-05
Iteration:4800	Loss_mean:0.00010037919238584437	Loss_std:0.00010281893809578984
Iteration:4900	Loss_mean:9.635719777548956e-05	Loss_std:0.00018008404414692814
Iteration:5000	Loss_mean:7.102625707148036e-05	Loss_std:6.451019776041029e-05
Iteration:5100	Loss_mean:6.433345930219047e-05	Loss_std:7.779857328065468e-05
Iteration:5200	Loss_mean:3.688400357134469e-05	Loss_std:3.932433906645493e-05
Iteration:5300	Loss_mean:5.2158029568545316e-05	Loss_std:5.222114177186179e-05
Iteration:5400	Loss_mean:7.105188182777056e-05	Loss_std:6.857372893376633e-05
Iteration:5500	Loss_mean:6.100781452460069e-05	Loss_std:5.926226281142113e-05
Iteration:5600	Loss_mean:7.040464655005962e-05	Loss_std:9.270970997286603e-05
Iteration:5700	Loss_mean:4.279642701476405e-05	Loss_std:4.539077897989161e-05
Iteration:5800	Loss_mean:4.435509009056204e-05	Loss_std:4.6487451275903606e-05
Iteration:5900	Loss_mean:5.468561514760495e-05	Loss_std:5.1258157698340304e-05
Iteration:6000	Loss_mean:6.756561973247699e-05	Loss_std:7.58642571460685e-05
Iteration:6100	Loss_mean:7.267703058914776e-05	Loss_std:8.485497090540689e-05
Iteration:6200	Loss_mean:5.206591136101224e-05	Loss_std:5.596236456804443e-05
Iteration:6300	Loss_mean:7.811464673068258e-05	Loss_std:8.146750035392257e-05
Iteration:6400	Loss_mean:4.061277116079509e-05	Loss_std:3.928956331039667e-05
Iteration:6500	Loss_mean:4.149029558448092e-05	Loss_std:3.540371197057487e-05
Iteration:6600	Loss_mean:6.107177872138436e-05	Loss_std:6.112735507019604e-05
Iteration:6700	Loss_mean:6.900947046460715e-05	Loss_std:0.00013446283602441608
Iteration:6800	Loss_mean:5.381486964495252e-05	Loss_std:5.237312395227628e-05
Iteration:6900	Loss_mean:6.538926823282054e-05	Loss_std:6.355400022314058e-05
Iteration:7000	Loss_mean:6.0145545826628674e-05	Loss_std:6.558152730166977e-05
Iteration:7100	Loss_mean:6.963725083437566e-05	Loss_std:6.582839753540289e-05
Iteration:7200	Loss_mean:6.953091245577525e-05	Loss_std:6.913675351048512e-05
Iteration:7300	Loss_mean:5.111732360546739e-05	Loss_std:4.6255302610143585e-05
Iteration:7400	Loss_mean:6.021397991503363e-05	Loss_std:7.148795159309141e-05
Iteration:7500	Loss_mean:8.681445761709482e-05	Loss_std:9.61879248228706e-05
Iteration:7600	Loss_mean:7.584106249169054e-05	Loss_std:9.925788604760954e-05
Iteration:7700	Loss_mean:6.783316472706246e-05	Loss_std:6.72057855204243e-05
Iteration:7800	Loss_mean:4.889146705409075e-05	Loss_std:4.637993177036569e-05
Iteration:7900	Loss_mean:3.395610403970295e-05	Loss_std:3.782209837973758e-05
Iteration:8000	Loss_mean:6.090932595384402e-05	Loss_std:6.600401720687899e-05
Iteration:8100	Loss_mean:9.410585202886068e-05	Loss_std:0.00010237458741318485
Iteration:8200	Loss_mean:5.3672451026613996e-05	Loss_std:5.1144500351845856e-05
Iteration:8300	Loss_mean:8.862723733841448e-05	Loss_std:0.0001019779378994953
Iteration:8400	Loss_mean:6.154419637198316e-05	Loss_std:6.625071235791986e-05
Iteration:8500	Loss_mean:6.626137712032686e-05	Loss_std:7.8667629413754e-05
Iteration:8600	Loss_mean:4.531247916361281e-05	Loss_std:6.079901046753386e-05
Iteration:8700	Loss_mean:4.4496298619947084e-05	Loss_std:3.712137870964263e-05
Iteration:8800	Loss_mean:4.563704458860229e-05	Loss_std:4.557591465306555e-05
Iteration:8900	Loss_mean:5.885676071684998e-05	Loss_std:7.076430177918343e-05
Iteration:9000	Loss_mean:4.025467817371009e-05	Loss_std:3.7662248168965575e-05
Iteration:9100	Loss_mean:5.1388160111969225e-05	Loss_std:5.84993107873134e-05
Iteration:9200	Loss_mean:4.43760996526521e-05	Loss_std:5.271704969587502e-05
Iteration:9300	Loss_mean:4.648994200920242e-05	Loss_std:4.154343544466198e-05
Iteration:9400	Loss_mean:3.69583577338517e-05	Loss_std:3.6120338675950314e-05
Iteration:9500	Loss_mean:3.103389124134992e-05	Loss_std:2.825346031588664e-05
Iteration:9600	Loss_mean:5.4673866388839086e-05	Loss_std:6.11469587447463e-05
Iteration:9700	Loss_mean:7.078321550466171e-05	Loss_std:6.18541660664906e-05
Iteration:9800	Loss_mean:5.289078154191884e-05	Loss_std:5.271453066982246e-05
Iteration:9900	Loss_mean:3.721596803529792e-05	Loss_std:4.735351292972966e-05
Traceback (most recent call last):
  File "fitandpredict.py", line 119, in <module>
    main()
  File "fitandpredict.py", line 116, in main
    fitandpredict(args)
  File "fitandpredict.py", line 100, in fitandpredict
    target_id = np.save(op_path+'target.npy',op_path)
NameError: name 'op_path' is not defined
