Running experiment synthetic
Low rank conversion done
Pretraining model on donor units
Iteration:0	Loss_mean:0.21657401323318481	Loss_std:0.0
Iteration:100	Loss_mean:0.2693875150568783	Loss_std:0.2466165453706376
Iteration:200	Loss_mean:0.22755796171724796	Loss_std:0.19411796718063168
Iteration:300	Loss_mean:0.15991469437256456	Loss_std:0.11488796033971001
Iteration:400	Loss_mean:0.15303407249972223	Loss_std:0.12642196054409188
Iteration:500	Loss_mean:0.09394978526979685	Loss_std:0.06312759901017284
Iteration:600	Loss_mean:0.060415915651246904	Loss_std:0.03948518703655379
Iteration:700	Loss_mean:0.04229386032558977	Loss_std:0.026184804177733927
Iteration:800	Loss_mean:0.03627495124936104	Loss_std:0.023665619477179496
Iteration:900	Loss_mean:0.02919151734560728	Loss_std:0.024452562366184052
Iteration:1000	Loss_mean:0.02294644446577877	Loss_std:0.017659472178277107
Iteration:1100	Loss_mean:0.026180897783488036	Loss_std:0.019400110274872137
Iteration:1200	Loss_mean:0.024668403971008956	Loss_std:0.022569711113547018
Iteration:1300	Loss_mean:0.024309365257504396	Loss_std:0.018775168847985604
Iteration:1400	Loss_mean:0.023704573221039027	Loss_std:0.018916459055083646
Iteration:1500	Loss_mean:0.022260332248406484	Loss_std:0.019942389771479507
Iteration:1600	Loss_mean:0.02177005132078193	Loss_std:0.018443906974408664
Iteration:1700	Loss_mean:0.02324277333682403	Loss_std:0.019457270583140524
Iteration:1800	Loss_mean:0.018858453951543196	Loss_std:0.014403912280926513
Iteration:1900	Loss_mean:0.021717645878670738	Loss_std:0.019411382117369334
Iteration:2000	Loss_mean:0.017756805919343605	Loss_std:0.017320408393968017
Iteration:2100	Loss_mean:0.021697844086447732	Loss_std:0.019465015458480863
Iteration:2200	Loss_mean:0.019252678998745977	Loss_std:0.01941857854840144
Iteration:2300	Loss_mean:0.021066937907598914	Loss_std:0.022944062728256505
Iteration:2400	Loss_mean:0.01912925097043626	Loss_std:0.017534795180804762
Iteration:2500	Loss_mean:0.01948768593952991	Loss_std:0.01842677180678437
Iteration:2600	Loss_mean:0.019122258043498732	Loss_std:0.017393742770064904
Iteration:2700	Loss_mean:0.021033873414853587	Loss_std:0.018291202115673696
Iteration:2800	Loss_mean:0.017620199042139576	Loss_std:0.014830604954268708
Iteration:2900	Loss_mean:0.022173392673721537	Loss_std:0.01877420169395295
Iteration:3000	Loss_mean:0.018794925156398676	Loss_std:0.01831358657389155
Iteration:3100	Loss_mean:0.01924483458627947	Loss_std:0.01585826126992739
Iteration:3200	Loss_mean:0.02255410989979282	Loss_std:0.020733046708155557
Iteration:3300	Loss_mean:0.022346558270510287	Loss_std:0.01897237165860505
Iteration:3400	Loss_mean:0.020720874560065567	Loss_std:0.01809106957533307
Iteration:3500	Loss_mean:0.02451971676433459	Loss_std:0.02230779389352613
Iteration:3600	Loss_mean:0.021120294359279798	Loss_std:0.01835382571660115
Iteration:3700	Loss_mean:0.020233241381356494	Loss_std:0.014859389601653622
Iteration:3800	Loss_mean:0.01937228369526565	Loss_std:0.015726406006908354
Iteration:3900	Loss_mean:0.018504408288281413	Loss_std:0.01636737954178212
Iteration:4000	Loss_mean:0.021657131853280588	Loss_std:0.018756854535553775
Iteration:4100	Loss_mean:0.019670742354064713	Loss_std:0.01695189719610545
Iteration:4200	Loss_mean:0.02191039240686223	Loss_std:0.020689132485794712
Iteration:4300	Loss_mean:0.020688200208242052	Loss_std:0.017136435227179687
Iteration:4400	Loss_mean:0.019305306172464044	Loss_std:0.01866716869817987
Iteration:4500	Loss_mean:0.0203644465553225	Loss_std:0.017841304304238446
Iteration:4600	Loss_mean:0.015784529922530054	Loss_std:0.011547251226369003
Iteration:4700	Loss_mean:0.01861671244550962	Loss_std:0.015072991745792776
Iteration:4800	Loss_mean:0.01670807785994839	Loss_std:0.012994492815782976
Iteration:4900	Loss_mean:0.014061341618071311	Loss_std:0.01047743337952709
Iteration:5000	Loss_mean:0.012515903609455563	Loss_std:0.011511628547952577
Iteration:5100	Loss_mean:0.011503742902423255	Loss_std:0.008782465684127957
Iteration:5200	Loss_mean:0.011882553390460088	Loss_std:0.010668663951460985
Iteration:5300	Loss_mean:0.010303091079113074	Loss_std:0.009074881875292744
Iteration:5400	Loss_mean:0.01112105666368734	Loss_std:0.010521794824293463
Iteration:5500	Loss_mean:0.01210171175771393	Loss_std:0.011235117526156914
Iteration:5600	Loss_mean:0.013291972954757512	Loss_std:0.010863006374979183
Iteration:5700	Loss_mean:0.011456156030762941	Loss_std:0.010780166955834995
Iteration:5800	Loss_mean:0.012952647783677093	Loss_std:0.01345358237357695
Iteration:5900	Loss_mean:0.011515617375262082	Loss_std:0.010598573727131863
Iteration:6000	Loss_mean:0.011704429480887483	Loss_std:0.012265394528306415
Iteration:6100	Loss_mean:0.011539948771824128	Loss_std:0.013929147435599134
Iteration:6200	Loss_mean:0.010296165608451702	Loss_std:0.011426352563503694
Iteration:6300	Loss_mean:0.01125505195785081	Loss_std:0.010761302247258405
Iteration:6400	Loss_mean:0.011314379636896774	Loss_std:0.010307343332076505
Iteration:6500	Loss_mean:0.013051456537796184	Loss_std:0.011838359873811214
Iteration:6600	Loss_mean:0.009619659025920555	Loss_std:0.008450064306693001
Iteration:6700	Loss_mean:0.009421033126418479	Loss_std:0.010962715024746845
Iteration:6800	Loss_mean:0.010431495544034988	Loss_std:0.009091569259580162
Iteration:6900	Loss_mean:0.009689617258263752	Loss_std:0.009248768171850724
Iteration:7000	Loss_mean:0.00990967544610612	Loss_std:0.00995355632695057
Iteration:7100	Loss_mean:0.00854078471311368	Loss_std:0.009238642215268721
Iteration:7200	Loss_mean:0.009710699376300909	Loss_std:0.009781250127945862
Iteration:7300	Loss_mean:0.00977104711229913	Loss_std:0.009915378813429996
Iteration:7400	Loss_mean:0.009154987141955643	Loss_std:0.008097984119247103
Iteration:7500	Loss_mean:0.009323626947007143	Loss_std:0.00858115854145609
Iteration:7600	Loss_mean:0.009253071697894483	Loss_std:0.010942961685805289
Iteration:7700	Loss_mean:0.009741242412419525	Loss_std:0.009402782641682398
Iteration:7800	Loss_mean:0.00976859508373309	Loss_std:0.010823407443450575
Iteration:7900	Loss_mean:0.00899427844735328	Loss_std:0.010387353140870637
Iteration:8000	Loss_mean:0.011090833225171081	Loss_std:0.01010375511136101
Iteration:8100	Loss_mean:0.007968375021591782	Loss_std:0.006891852589944321
Iteration:8200	Loss_mean:0.009071222782367841	Loss_std:0.009709191123910546
Iteration:8300	Loss_mean:0.00921087478287518	Loss_std:0.009067296992723073
Iteration:8400	Loss_mean:0.009170831866795197	Loss_std:0.008663194830341493
Iteration:8500	Loss_mean:0.008553281022468582	Loss_std:0.010724371097992362
Iteration:8600	Loss_mean:0.007947171280975454	Loss_std:0.008281980356968997
Iteration:8700	Loss_mean:0.009581601421814412	Loss_std:0.00885424765199069
Iteration:8800	Loss_mean:0.008854838554398156	Loss_std:0.008907072486935466
Iteration:8900	Loss_mean:0.008978240651194937	Loss_std:0.007974042460805913
Iteration:9000	Loss_mean:0.006922664816956967	Loss_std:0.006501161119821083
Iteration:9100	Loss_mean:0.00948415866412688	Loss_std:0.009656167109239432
Iteration:9200	Loss_mean:0.008119247423601338	Loss_std:0.007131347922085643
Iteration:9300	Loss_mean:0.008915784791461191	Loss_std:0.00970935208060465
Iteration:9400	Loss_mean:0.009677569202613085	Loss_std:0.010438100057564355
Iteration:9500	Loss_mean:0.00775526806130074	Loss_std:0.00915077642701133
Iteration:9600	Loss_mean:0.00879448393941857	Loss_std:0.01015471300545183
Iteration:9700	Loss_mean:0.007690282536786981	Loss_std:0.009536851027244386
Iteration:9800	Loss_mean:0.007420516710262746	Loss_std:0.0071439587302053065
Iteration:9900	Loss_mean:0.010260728755965828	Loss_std:0.010292830673366588
Iteration:10000	Loss_mean:0.007851360782515257	Loss_std:0.008833240671864749
Iteration:10100	Loss_mean:0.00746054375951644	Loss_std:0.008916895536107517
Iteration:10200	Loss_mean:0.005792128856410272	Loss_std:0.0063760414984881
Iteration:10300	Loss_mean:0.008265389889711514	Loss_std:0.008159563361256889
Iteration:10400	Loss_mean:0.006821870632848004	Loss_std:0.00711703495719054
Iteration:10500	Loss_mean:0.008074277908308431	Loss_std:0.007828800888610779
Iteration:10600	Loss_mean:0.007595066631329246	Loss_std:0.007382149377075282
Iteration:10700	Loss_mean:0.007767652142210864	Loss_std:0.007374264201624886
Iteration:10800	Loss_mean:0.007640512629295699	Loss_std:0.0075184742149061005
Iteration:10900	Loss_mean:0.008102172479848378	Loss_std:0.00745455873339387
Iteration:11000	Loss_mean:0.007922059011179953	Loss_std:0.008617921037573976
Iteration:11100	Loss_mean:0.007867449299665168	Loss_std:0.009934934700806848
Iteration:11200	Loss_mean:0.006694166650995612	Loss_std:0.006901800483997079
Iteration:11300	Loss_mean:0.007278499548556283	Loss_std:0.008387678311476333
Iteration:11400	Loss_mean:0.007784260408952832	Loss_std:0.007276681834908712
Iteration:11500	Loss_mean:0.00808020432072226	Loss_std:0.008017244696289248
Iteration:11600	Loss_mean:0.0075455510127358134	Loss_std:0.007159308778917884
Iteration:11700	Loss_mean:0.00842963821720332	Loss_std:0.010241180547274041
Iteration:11800	Loss_mean:0.008540610128547996	Loss_std:0.008840499574754903
Iteration:11900	Loss_mean:0.007563521615811624	Loss_std:0.009680037129083578
Iteration:12000	Loss_mean:0.007946653487160803	Loss_std:0.009242895507900096
Iteration:12100	Loss_mean:0.006562961200834252	Loss_std:0.007441342634184523
Iteration:12200	Loss_mean:0.007864786570426077	Loss_std:0.008262398999891774
Iteration:12300	Loss_mean:0.00787939108966384	Loss_std:0.008428002044061035
Iteration:12400	Loss_mean:0.005999789297347889	Loss_std:0.006455208028132321
Iteration:12500	Loss_mean:0.00709402300301008	Loss_std:0.006930749757354335
Iteration:12600	Loss_mean:0.006967188121634536	Loss_std:0.007054245497840291
Iteration:12700	Loss_mean:0.00724116095690988	Loss_std:0.006641561703442212
Iteration:12800	Loss_mean:0.006607582113938406	Loss_std:0.006789931375239951
Iteration:12900	Loss_mean:0.007226112015778199	Loss_std:0.007399811122921316
Iteration:13000	Loss_mean:0.007344873177353293	Loss_std:0.01013007378326292
Iteration:13100	Loss_mean:0.0065624584766919725	Loss_std:0.005969286501733892
Iteration:13200	Loss_mean:0.007575468183204066	Loss_std:0.009512403526114061
Iteration:13300	Loss_mean:0.0072870463796425615	Loss_std:0.009177292404179362
Iteration:13400	Loss_mean:0.00768339629372349	Loss_std:0.007411357853949016
Iteration:13500	Loss_mean:0.007622809929889627	Loss_std:0.008651771189378116
Iteration:13600	Loss_mean:0.00765358567761723	Loss_std:0.008292552372492842
Iteration:13700	Loss_mean:0.007900723708153236	Loss_std:0.008097200660776587
Iteration:13800	Loss_mean:0.007380191353731789	Loss_std:0.006866524863175133
Iteration:13900	Loss_mean:0.006532062874757685	Loss_std:0.007551323740975144
Iteration:14000	Loss_mean:0.00738206090813037	Loss_std:0.010125319062219286
Iteration:14100	Loss_mean:0.006497760922648013	Loss_std:0.006539190937640488
Iteration:14200	Loss_mean:0.008663253384293057	Loss_std:0.0087294279785937
Iteration:14300	Loss_mean:0.006555753138381987	Loss_std:0.006213090266084736
Iteration:14400	Loss_mean:0.006556217475445009	Loss_std:0.00605532323711503
Iteration:14500	Loss_mean:0.007078472332214005	Loss_std:0.007013155112422057
Iteration:14600	Loss_mean:0.007214086301974021	Loss_std:0.008808772414728626
Iteration:14700	Loss_mean:0.006434722105332184	Loss_std:0.006166646795173844
Iteration:14800	Loss_mean:0.006515840412466787	Loss_std:0.006690837823935906
Iteration:14900	Loss_mean:0.006186320221750066	Loss_std:0.006438482440879083
Iteration:15000	Loss_mean:0.006582804191566538	Loss_std:0.006688530976498662
Iteration:15100	Loss_mean:0.006803079191304278	Loss_std:0.007362529655822467
Iteration:15200	Loss_mean:0.007492869376437739	Loss_std:0.008942708923044945
Iteration:15300	Loss_mean:0.006800765044172295	Loss_std:0.008233505977729212
Iteration:15400	Loss_mean:0.00646449723339174	Loss_std:0.00883405578688388
Iteration:15500	Loss_mean:0.0066983732400694865	Loss_std:0.005893973586155384
Iteration:15600	Loss_mean:0.007937882735859603	Loss_std:0.01148341331905592
Iteration:15700	Loss_mean:0.006089850599819329	Loss_std:0.0060157037485857
Iteration:15800	Loss_mean:0.005850146680604667	Loss_std:0.007370395531915476
Iteration:15900	Loss_mean:0.006454874431947246	Loss_std:0.005837982242538085
Iteration:16000	Loss_mean:0.007663317228434607	Loss_std:0.010088924549590953
Iteration:16100	Loss_mean:0.006575875098933466	Loss_std:0.00760931520173319
Iteration:16200	Loss_mean:0.007372745083994232	Loss_std:0.008341885991632741
Iteration:16300	Loss_mean:0.00673729729373008	Loss_std:0.007817449469544699
Iteration:16400	Loss_mean:0.006415162705816328	Loss_std:0.007235556263722666
Iteration:16500	Loss_mean:0.006677186494052876	Loss_std:0.007415650301290615
Iteration:16600	Loss_mean:0.007248405689606443	Loss_std:0.009492902740328405
Iteration:16700	Loss_mean:0.007337680724740494	Loss_std:0.00985205043547092
Iteration:16800	Loss_mean:0.006296649678843096	Loss_std:0.00573210404969619
Iteration:16900	Loss_mean:0.006784222669666633	Loss_std:0.006969074991031902
Iteration:17000	Loss_mean:0.007583223202964291	Loss_std:0.008901597427859629
Iteration:17100	Loss_mean:0.006217228843888733	Loss_std:0.0071710415652308105
Iteration:17200	Loss_mean:0.007285970380471554	Loss_std:0.007366050286824867
Iteration:17300	Loss_mean:0.008428237685002386	Loss_std:0.010321629998017222
Iteration:17400	Loss_mean:0.005667127153137699	Loss_std:0.005826760976343898
Iteration:17500	Loss_mean:0.008050121681881137	Loss_std:0.009980624950175754
Iteration:17600	Loss_mean:0.007957137128687463	Loss_std:0.009087299294282947
Iteration:17700	Loss_mean:0.005613630673615262	Loss_std:0.005964012818561919
Iteration:17800	Loss_mean:0.006239802905765828	Loss_std:0.007444497173149737
Iteration:17900	Loss_mean:0.0057271976800984704	Loss_std:0.008227960773731472
Iteration:18000	Loss_mean:0.006121118578594178	Loss_std:0.006363425944877014
Iteration:18100	Loss_mean:0.007504554098413791	Loss_std:0.00792012411230192
Iteration:18200	Loss_mean:0.006838937632855959	Loss_std:0.007542219722406765
Iteration:18300	Loss_mean:0.006964947422675323	Loss_std:0.011121871593256899
Iteration:18400	Loss_mean:0.005961677944287658	Loss_std:0.007154479455663763
Iteration:18500	Loss_mean:0.008325631635379978	Loss_std:0.010010179447627247
Iteration:18600	Loss_mean:0.006290037254220806	Loss_std:0.007177171939280808
Iteration:18700	Loss_mean:0.006062960217241198	Loss_std:0.008364769628290714
Iteration:18800	Loss_mean:0.007593102964747232	Loss_std:0.008312585122653381
Iteration:18900	Loss_mean:0.006516688981209881	Loss_std:0.006855112375983407
Iteration:19000	Loss_mean:0.007645305057230871	Loss_std:0.009465419962524917
Iteration:19100	Loss_mean:0.006648572291014716	Loss_std:0.007372568580957236
Iteration:19200	Loss_mean:0.0063355153234442695	Loss_std:0.00604598291744229
Iteration:19300	Loss_mean:0.007403046404360794	Loss_std:0.008560646649764648
Iteration:19400	Loss_mean:0.007090101189096459	Loss_std:0.008786245296754515
Iteration:19500	Loss_mean:0.00594054207962472	Loss_std:0.006468606302112096
Iteration:19600	Loss_mean:0.007086625724041369	Loss_std:0.009336236234504126
Iteration:19700	Loss_mean:0.0076935000065714125	Loss_std:0.008723516518096745
Iteration:19800	Loss_mean:0.006460788273252547	Loss_std:0.007095835817856507
Iteration:19900	Loss_mean:0.005973332774592563	Loss_std:0.006314560546904168
Iteration:20000	Loss_mean:0.006761227360111661	Loss_std:0.008675350482617862
Iteration:20100	Loss_mean:0.006795817709935363	Loss_std:0.008340279651951502
Iteration:20200	Loss_mean:0.007800114913261495	Loss_std:0.010259286730288765
Iteration:20300	Loss_mean:0.006472803319920786	Loss_std:0.008492040682181
Iteration:20400	Loss_mean:0.00900555670639733	Loss_std:0.010095859479887018
Iteration:20500	Loss_mean:0.0064341612084535885	Loss_std:0.007529187488524087
Iteration:20600	Loss_mean:0.007907429610786493	Loss_std:0.011801582711768016
Iteration:20700	Loss_mean:0.0067019471505773255	Loss_std:0.007569596146537271
Iteration:20800	Loss_mean:0.006970257430803031	Loss_std:0.009817844797777017
Iteration:20900	Loss_mean:0.006027182426769286	Loss_std:0.0073348930377752095
Iteration:21000	Loss_mean:0.00643212555180071	Loss_std:0.008567668751427875
Iteration:21100	Loss_mean:0.007721031473774929	Loss_std:0.008508370369730655
Iteration:21200	Loss_mean:0.005785417450824753	Loss_std:0.008710201183111378
Iteration:21300	Loss_mean:0.006112371936906129	Loss_std:0.008040148033986933
Iteration:21400	Loss_mean:0.006141180724371225	Loss_std:0.008072402913536298
Iteration:21500	Loss_mean:0.006425855709239841	Loss_std:0.0060565722766262285
Iteration:21600	Loss_mean:0.006392103137332014	Loss_std:0.008141478816793387
Iteration:21700	Loss_mean:0.0058588922687340525	Loss_std:0.006078828308569298
Iteration:21800	Loss_mean:0.00684349151328206	Loss_std:0.007972602889041712
Iteration:21900	Loss_mean:0.006532179054047447	Loss_std:0.0094229212736514
Iteration:22000	Loss_mean:0.00651189488649834	Loss_std:0.0074594588724918925
Iteration:22100	Loss_mean:0.00668370085535571	Loss_std:0.009442493084788658
Iteration:22200	Loss_mean:0.0056145520418067465	Loss_std:0.006390350620894161
Iteration:22300	Loss_mean:0.005947279782849364	Loss_std:0.0074219042423724286
Iteration:22400	Loss_mean:0.005366456745250616	Loss_std:0.005645615164847976
Iteration:22500	Loss_mean:0.006408708920353092	Loss_std:0.007392984611428491
Iteration:22600	Loss_mean:0.007143563344143331	Loss_std:0.009027646622001206
Iteration:22700	Loss_mean:0.00663436023547547	Loss_std:0.007230299142342146
Iteration:22800	Loss_mean:0.004275679848797153	Loss_std:0.003944223711616946
Iteration:22900	Loss_mean:0.006954749107535463	Loss_std:0.008227931415620521
Iteration:23000	Loss_mean:0.007331642473582178	Loss_std:0.008077148556691642
Iteration:23100	Loss_mean:0.005844148003379814	Loss_std:0.008745154914677223
Iteration:23200	Loss_mean:0.006840116928215139	Loss_std:0.009666019264202422
Iteration:23300	Loss_mean:0.0062471695669228215	Loss_std:0.007684345122710203
Iteration:23400	Loss_mean:0.006535412190423813	Loss_std:0.008350981108791152
Iteration:23500	Loss_mean:0.007309527362231165	Loss_std:0.00814349513037207
Iteration:23600	Loss_mean:0.005906730827118736	Loss_std:0.0066618207326574926
Iteration:23700	Loss_mean:0.006556846822495572	Loss_std:0.00660677875131798
Iteration:23800	Loss_mean:0.0069979682927078105	Loss_std:0.008630840868122552
Iteration:23900	Loss_mean:0.005789505894354079	Loss_std:0.007123008854069723
Iteration:24000	Loss_mean:0.006219578125164844	Loss_std:0.007124383939509614
Iteration:24100	Loss_mean:0.008331008067762014	Loss_std:0.0111950267501695
Iteration:24200	Loss_mean:0.0063893563218880445	Loss_std:0.008286720763541104
Iteration:24300	Loss_mean:0.006800715170102194	Loss_std:0.00793360881938415
Iteration:24400	Loss_mean:0.005798314664862119	Loss_std:0.006927958360916817
Iteration:24500	Loss_mean:0.00662012134824181	Loss_std:0.0065517600776074415
Iteration:24600	Loss_mean:0.006300997060316149	Loss_std:0.008263848954567561
Iteration:24700	Loss_mean:0.008015196837077384	Loss_std:0.010390990641457465
Iteration:24800	Loss_mean:0.006123239009466488	Loss_std:0.008494097337342708
Iteration:24900	Loss_mean:0.005749580425617751	Loss_std:0.006813366729082831
Iteration:25000	Loss_mean:0.007244222520384937	Loss_std:0.010233613893829563
Iteration:25100	Loss_mean:0.006690782704390585	Loss_std:0.0075247997143088555
Iteration:25200	Loss_mean:0.005963245820603333	Loss_std:0.006301707925574895
Iteration:25300	Loss_mean:0.006818985922727734	Loss_std:0.008444743705967312
Iteration:25400	Loss_mean:0.006642817421525251	Loss_std:0.009011240240154544
Iteration:25500	Loss_mean:0.006664305999875069	Loss_std:0.007908224703740207
Iteration:25600	Loss_mean:0.007026313876849599	Loss_std:0.008736791700726113
Iteration:25700	Loss_mean:0.007138027876499109	Loss_std:0.008445407635531017
Iteration:25800	Loss_mean:0.006352934576862026	Loss_std:0.007905520435257983
Iteration:25900	Loss_mean:0.007808613902598154	Loss_std:0.00906079910883726
Iteration:26000	Loss_mean:0.0074004911471274686	Loss_std:0.008067459665332073
Iteration:26100	Loss_mean:0.006694638774497434	Loss_std:0.007873768267549052
Iteration:26200	Loss_mean:0.006697183012729511	Loss_std:0.00818421109497057
Iteration:26300	Loss_mean:0.006771099457109813	Loss_std:0.0075378353892712555
Iteration:26400	Loss_mean:0.005562713608960621	Loss_std:0.006939557854706099
Iteration:26500	Loss_mean:0.004802416457387153	Loss_std:0.005998262760526042
Iteration:26600	Loss_mean:0.00613706887117587	Loss_std:0.007389059668877531
Iteration:26700	Loss_mean:0.007578140707337298	Loss_std:0.009635619431655279
Iteration:26800	Loss_mean:0.0059134677099064	Loss_std:0.007551657040196687
Iteration:26900	Loss_mean:0.005955273891449906	Loss_std:0.007282654071137059
Iteration:27000	Loss_mean:0.005775218158960343	Loss_std:0.006874255009603291
Iteration:27100	Loss_mean:0.005210850829607807	Loss_std:0.006158532540184589
Iteration:27200	Loss_mean:0.005221486849477514	Loss_std:0.005521827681163663
Iteration:27300	Loss_mean:0.005433049915591254	Loss_std:0.006801018991308507
Iteration:27400	Loss_mean:0.006884173526777886	Loss_std:0.006501840493150866
Iteration:27500	Loss_mean:0.00722949042217806	Loss_std:0.009675681272149746
Iteration:27600	Loss_mean:0.00687970980303362	Loss_std:0.01064588387454383
Iteration:27700	Loss_mean:0.006663840496912599	Loss_std:0.008271225397890878
Iteration:27800	Loss_mean:0.005339327612018678	Loss_std:0.006837634725167359
Iteration:27900	Loss_mean:0.006197255924053025	Loss_std:0.00677805949651479
Iteration:28000	Loss_mean:0.006717148589668796	Loss_std:0.007963761239631509
Iteration:28100	Loss_mean:0.006480880760354921	Loss_std:0.0075716688037886235
Iteration:28200	Loss_mean:0.006259222243097611	Loss_std:0.006869940752415132
Iteration:28300	Loss_mean:0.006664633892069105	Loss_std:0.00782636808980854
Iteration:28400	Loss_mean:0.005798784864600748	Loss_std:0.0060647231055433095
Iteration:28500	Loss_mean:0.004615225778252352	Loss_std:0.004595276333972316
Iteration:28600	Loss_mean:0.006406620579364244	Loss_std:0.0073784796021732785
Iteration:28700	Loss_mean:0.006061429360415787	Loss_std:0.006673300568969663
Iteration:28800	Loss_mean:0.005889740864222404	Loss_std:0.008672422987333669
Iteration:28900	Loss_mean:0.005105124025430996	Loss_std:0.005332832995848394
Iteration:29000	Loss_mean:0.00758999269513879	Loss_std:0.009960455680694019
Iteration:29100	Loss_mean:0.0081495608354453	Loss_std:0.009383229608020705
Iteration:29200	Loss_mean:0.007334037630353123	Loss_std:0.009458013029410312
Iteration:29300	Loss_mean:0.005907400316209533	Loss_std:0.006264718166798734
Iteration:29400	Loss_mean:0.0049597357088350695	Loss_std:0.006130057066368607
Iteration:29500	Loss_mean:0.005821448739588959	Loss_std:0.006510199404019858
Iteration:29600	Loss_mean:0.006735418641474098	Loss_std:0.008090084536549181
Iteration:29700	Loss_mean:0.006496172457409557	Loss_std:0.0074913242334962785
Iteration:29800	Loss_mean:0.006143872135289712	Loss_std:0.00848982967646914
Iteration:29900	Loss_mean:0.0058454039978096265	Loss_std:0.00827343175930252
Iteration:30000	Loss_mean:0.005186436265066732	Loss_std:0.006504929062246789
Iteration:30100	Loss_mean:0.0054479487100616095	Loss_std:0.006084169227168139
Iteration:30200	Loss_mean:0.006807746280974243	Loss_std:0.00884249652725449
Iteration:30300	Loss_mean:0.006963385358394589	Loss_std:0.007437521352765263
Iteration:30400	Loss_mean:0.005893242506426759	Loss_std:0.008140859183590731
Iteration:30500	Loss_mean:0.00751943638373632	Loss_std:0.009622355971028618
Iteration:30600	Loss_mean:0.006152141077618581	Loss_std:0.007582174036685768
Iteration:30700	Loss_mean:0.006015333398827352	Loss_std:0.007219005781657244
Iteration:30800	Loss_mean:0.005485097249620594	Loss_std:0.0062514943133539355
Iteration:30900	Loss_mean:0.0058911617155536075	Loss_std:0.006583227065860166
Iteration:31000	Loss_mean:0.005977385544392746	Loss_std:0.007563273007143894
Iteration:31100	Loss_mean:0.0067850806383648885	Loss_std:0.008057451508652521
Iteration:31200	Loss_mean:0.005236117572057992	Loss_std:0.007221797250161686
Iteration:31300	Loss_mean:0.0064175865787547085	Loss_std:0.00724894415020272
Iteration:31400	Loss_mean:0.005624349403660744	Loss_std:0.006000371623609887
Iteration:31500	Loss_mean:0.0069629637466277925	Loss_std:0.008139798260883652
Iteration:31600	Loss_mean:0.006872679344378412	Loss_std:0.008898840360023013
Iteration:31700	Loss_mean:0.005041423882357776	Loss_std:0.0066315352800743466
Iteration:31800	Loss_mean:0.006582199241383932	Loss_std:0.008249280876678085
Iteration:31900	Loss_mean:0.006995299736154266	Loss_std:0.009484038796397616
Iteration:32000	Loss_mean:0.005967714061262086	Loss_std:0.006930011565822583
Iteration:32100	Loss_mean:0.005642093762580771	Loss_std:0.00586274935007621
Iteration:32200	Loss_mean:0.005429287619190291	Loss_std:0.005666398254734064
Iteration:32300	Loss_mean:0.006807472153159324	Loss_std:0.00907652747145943
Iteration:32400	Loss_mean:0.006587302127154544	Loss_std:0.006979995548257675
Iteration:32500	Loss_mean:0.007091705742059275	Loss_std:0.008071701351894797
Iteration:32600	Loss_mean:0.00733812187158037	Loss_std:0.007907832558162912
Iteration:32700	Loss_mean:0.00584884551120922	Loss_std:0.006471213731917401
Iteration:32800	Loss_mean:0.007490795128396712	Loss_std:0.009289815883137886
Iteration:32900	Loss_mean:0.0067517665191553534	Loss_std:0.007431647129552026
Iteration:33000	Loss_mean:0.005964506789750885	Loss_std:0.0066234286024120775
Iteration:33100	Loss_mean:0.006299564937944524	Loss_std:0.006789588924373079
Iteration:33200	Loss_mean:0.0073886210398632106	Loss_std:0.009708108099158128
Iteration:33300	Loss_mean:0.006453394109848886	Loss_std:0.009551869296036339
Iteration:33400	Loss_mean:0.006107060840295162	Loss_std:0.006885666046115917
Iteration:33500	Loss_mean:0.005241982841835124	Loss_std:0.007211748064495355
Iteration:33600	Loss_mean:0.00529042798851151	Loss_std:0.005438643045754074
Iteration:33700	Loss_mean:0.005463261262630113	Loss_std:0.005692970056566427
Iteration:33800	Loss_mean:0.006348688404541463	Loss_std:0.006621334225615342
Iteration:33900	Loss_mean:0.004973609204171225	Loss_std:0.0053905014418999175
Iteration:34000	Loss_mean:0.00718495471344795	Loss_std:0.009779982790341316
Iteration:34100	Loss_mean:0.006652102014631964	Loss_std:0.007043043307897725
Iteration:34200	Loss_mean:0.007965143650653771	Loss_std:0.008798480445799816
Iteration:34300	Loss_mean:0.005790796158544253	Loss_std:0.00624331288379527
Iteration:34400	Loss_mean:0.007113448541786056	Loss_std:0.008520729653314428
Iteration:34500	Loss_mean:0.005839310376613866	Loss_std:0.007853850245429582
Iteration:34600	Loss_mean:0.007490389002196025	Loss_std:0.011954544373941422
Iteration:34700	Loss_mean:0.0062318760814378035	Loss_std:0.007263064528739762
Iteration:34800	Loss_mean:0.0059980400741915215	Loss_std:0.005521974808492071
Iteration:34900	Loss_mean:0.006876571959583089	Loss_std:0.008142935640949084
Iteration:35000	Loss_mean:0.006727775977924466	Loss_std:0.008469958095288022
Iteration:35100	Loss_mean:0.006826629608985968	Loss_std:0.008121750142611425
Iteration:35200	Loss_mean:0.005160086331889033	Loss_std:0.005979553120353243
Iteration:35300	Loss_mean:0.005510662284214049	Loss_std:0.007612188208358745
Iteration:35400	Loss_mean:0.0067515705607365814	Loss_std:0.010137359975893523
Iteration:35500	Loss_mean:0.006670120291819331	Loss_std:0.009389135294956451
Iteration:35600	Loss_mean:0.006612563078233507	Loss_std:0.009585287374322536
Iteration:35700	Loss_mean:0.006843392539012711	Loss_std:0.007884100613377144
Iteration:35800	Loss_mean:0.005838468277943321	Loss_std:0.007929599685420098
Iteration:35900	Loss_mean:0.007262333643739112	Loss_std:0.010731136032971737
Iteration:36000	Loss_mean:0.0061893531974055805	Loss_std:0.008148210879759164
Iteration:36100	Loss_mean:0.00560007126419805	Loss_std:0.005940437577570052
Iteration:36200	Loss_mean:0.005756632915290538	Loss_std:0.006506896146357425
Iteration:36300	Loss_mean:0.0061879730632063	Loss_std:0.007956466377096277
Iteration:36400	Loss_mean:0.0062036534590879456	Loss_std:0.007744534606651514
Iteration:36500	Loss_mean:0.006875168246042449	Loss_std:0.008593468491752533
Iteration:36600	Loss_mean:0.006504173996509053	Loss_std:0.008738595296287536
Iteration:36700	Loss_mean:0.005207433282048441	Loss_std:0.005978043496802801
Iteration:36800	Loss_mean:0.005808894021902234	Loss_std:0.008104631244049683
Iteration:36900	Loss_mean:0.0058972673528478485	Loss_std:0.0070039897597145104
Iteration:37000	Loss_mean:0.005547349942353321	Loss_std:0.006469730470650763
Iteration:37100	Loss_mean:0.005982415738108102	Loss_std:0.00823995502162681
Iteration:37200	Loss_mean:0.005459769110311754	Loss_std:0.006164214269226782
Iteration:37300	Loss_mean:0.007257493923243601	Loss_std:0.010828668489556756
Iteration:37400	Loss_mean:0.006679285531572532	Loss_std:0.008530426650696256
Iteration:37500	Loss_mean:0.0069906951184384525	Loss_std:0.009068898801055679
Iteration:37600	Loss_mean:0.005915201190509834	Loss_std:0.006854866235639733
Iteration:37700	Loss_mean:0.007013798500993289	Loss_std:0.00906878203439567
Iteration:37800	Loss_mean:0.007103537613293156	Loss_std:0.008513665979613012
Iteration:37900	Loss_mean:0.006539283933816478	Loss_std:0.007394682921006359
Iteration:38000	Loss_mean:0.007270364041614812	Loss_std:0.009899552621409369
Iteration:38100	Loss_mean:0.006541016293631401	Loss_std:0.007914253595837124
Iteration:38200	Loss_mean:0.005268059261143207	Loss_std:0.006130641265240937
Iteration:38300	Loss_mean:0.0059791634703287855	Loss_std:0.00655333408513445
Iteration:38400	Loss_mean:0.006024418939778116	Loss_std:0.006593673156045489
Iteration:38500	Loss_mean:0.006178562769491691	Loss_std:0.006385390476903453
Iteration:38600	Loss_mean:0.007143791880807839	Loss_std:0.010514690692017844
Iteration:38700	Loss_mean:0.00499012242682511	Loss_std:0.0062474515138340805
Iteration:38800	Loss_mean:0.006337090722518042	Loss_std:0.005832867853952487
Iteration:38900	Loss_mean:0.006033116971957497	Loss_std:0.007791720733247881
Iteration:39000	Loss_mean:0.006496302340819966	Loss_std:0.007141053777154439
Iteration:39100	Loss_mean:0.006398067905684002	Loss_std:0.009626037703946006
Iteration:39200	Loss_mean:0.005718414434231818	Loss_std:0.007201891310965875
Iteration:39300	Loss_mean:0.006197831394383684	Loss_std:0.006405994588620777
Iteration:39400	Loss_mean:0.007503634348395281	Loss_std:0.010449111687063514
Iteration:39500	Loss_mean:0.005669805133948103	Loss_std:0.006118627174450531
Iteration:39600	Loss_mean:0.0055889400557498446	Loss_std:0.008894279744647024
Iteration:39700	Loss_mean:0.00588344523566775	Loss_std:0.0065651879205064845
Iteration:39800	Loss_mean:0.005082340232038404	Loss_std:0.00609008894199632
Iteration:39900	Loss_mean:0.005008357775222976	Loss_std:0.0068606398369863665
Iteration:40000	Loss_mean:0.0063207281683571636	Loss_std:0.008581527461145795
Iteration:40100	Loss_mean:0.005800765026942827	Loss_std:0.0066200927085297125
Iteration:40200	Loss_mean:0.006319140845444053	Loss_std:0.008187226438422015
Iteration:40300	Loss_mean:0.005750512528466061	Loss_std:0.0071280985005456165
Iteration:40400	Loss_mean:0.0049674490268807854	Loss_std:0.006000496104938971
Iteration:40500	Loss_mean:0.005578409598965664	Loss_std:0.007064264472279883
Iteration:40600	Loss_mean:0.007611747814808041	Loss_std:0.007986638504131276
Iteration:40700	Loss_mean:0.008003126922994852	Loss_std:0.01036514464644693
Iteration:40800	Loss_mean:0.0062610604689689354	Loss_std:0.009260193492380813
Iteration:40900	Loss_mean:0.005069056816864759	Loss_std:0.006309405001854802
Iteration:41000	Loss_mean:0.004885486038401723	Loss_std:0.0046448380177057545
Iteration:41100	Loss_mean:0.0067099560564383865	Loss_std:0.00756811567526849
Iteration:41200	Loss_mean:0.006590296716603916	Loss_std:0.008405565788555428
Iteration:41300	Loss_mean:0.0061012410628609355	Loss_std:0.007676259111453935
Iteration:41400	Loss_mean:0.005505191144184209	Loss_std:0.007410844513312982
Iteration:41500	Loss_mean:0.00498300348437624	Loss_std:0.005608046748941379
Iteration:41600	Loss_mean:0.00611380298709264	Loss_std:0.008288467731439009
Iteration:41700	Loss_mean:0.006169845657423139	Loss_std:0.006577407223438837
Iteration:41800	Loss_mean:0.005116318929358385	Loss_std:0.006867926609956823
Iteration:41900	Loss_mean:0.005396278588450514	Loss_std:0.005847885313781938
Iteration:42000	Loss_mean:0.005865422283532098	Loss_std:0.006442197794075313
Iteration:42100	Loss_mean:0.006230367764947005	Loss_std:0.005891965950331116
Iteration:42200	Loss_mean:0.005301512500154786	Loss_std:0.0058942030938399816
Iteration:42300	Loss_mean:0.0054042891069548205	Loss_std:0.006720708957195147
Iteration:42400	Loss_mean:0.005698859478579834	Loss_std:0.006658120245095413
Iteration:42500	Loss_mean:0.005034952633432113	Loss_std:0.0073795536409896395
Iteration:42600	Loss_mean:0.005933527472661808	Loss_std:0.0059432616421511405
Iteration:42700	Loss_mean:0.007503238618082833	Loss_std:0.009668218265254328
Iteration:42800	Loss_mean:0.004939096324378624	Loss_std:0.006137088465438755
Iteration:42900	Loss_mean:0.0073236702775466254	Loss_std:0.009072651125674142
Iteration:43000	Loss_mean:0.005538681895413902	Loss_std:0.0063082523029301596
Iteration:43100	Loss_mean:0.006476516635739244	Loss_std:0.008676528243232229
Iteration:43200	Loss_mean:0.005322404090838973	Loss_std:0.007788191227789655
Iteration:43300	Loss_mean:0.005821524542407133	Loss_std:0.0069192458640655215
Iteration:43400	Loss_mean:0.00619622237776639	Loss_std:0.007960415927023642
Iteration:43500	Loss_mean:0.005540351452364121	Loss_std:0.0057275623325038355
Iteration:43600	Loss_mean:0.006607021492673084	Loss_std:0.009200921044853035
Iteration:43700	Loss_mean:0.005953581361100077	Loss_std:0.006555273938093254
Iteration:43800	Loss_mean:0.005647998242347967	Loss_std:0.006461661485273141
Iteration:43900	Loss_mean:0.006479553168464918	Loss_std:0.007834886972272422
Iteration:44000	Loss_mean:0.005602031430171337	Loss_std:0.005527527647452118
Iteration:44100	Loss_mean:0.0065628155844751745	Loss_std:0.008272616715496157
Iteration:44200	Loss_mean:0.006986681848356966	Loss_std:0.010352918433640534
Iteration:44300	Loss_mean:0.005785275803355035	Loss_std:0.008144439963075602
Iteration:44400	Loss_mean:0.0056077562557766214	Loss_std:0.007335663291552999
Iteration:44500	Loss_mean:0.006892612287483644	Loss_std:0.00798922697491581
Iteration:44600	Loss_mean:0.004481221673777327	Loss_std:0.005484596015976665
Iteration:44700	Loss_mean:0.007395802838727832	Loss_std:0.008954018115070394
Iteration:44800	Loss_mean:0.0059696078579872846	Loss_std:0.007340527338543953
Iteration:44900	Loss_mean:0.006781218770775013	Loss_std:0.009599571135702006
Iteration:45000	Loss_mean:0.005881120170815848	Loss_std:0.00643132362061333
Iteration:45100	Loss_mean:0.005971937698777765	Loss_std:0.006740567974047113
Iteration:45200	Loss_mean:0.00621761708840495	Loss_std:0.008200626983609377
Iteration:45300	Loss_mean:0.004797353050380479	Loss_std:0.005488116152448243
Iteration:45400	Loss_mean:0.005721107528370339	Loss_std:0.008416544251514354
Iteration:45500	Loss_mean:0.004951296174549497	Loss_std:0.006009235326826871
Iteration:45600	Loss_mean:0.005752328852540813	Loss_std:0.006102816739141055
Iteration:45700	Loss_mean:0.005942933374608401	Loss_std:0.0066814350913224135
Iteration:45800	Loss_mean:0.0067645540967350825	Loss_std:0.009248023863054398
Iteration:45900	Loss_mean:0.006491626019706018	Loss_std:0.007808041210008713
Iteration:46000	Loss_mean:0.0067443324808846225	Loss_std:0.0072205561818877596
Iteration:46100	Loss_mean:0.005398338792147115	Loss_std:0.005767517473575354
Iteration:46200	Loss_mean:0.004737923624925315	Loss_std:0.005852707666490943
Iteration:46300	Loss_mean:0.006404702038853429	Loss_std:0.008673475044405753
Iteration:46400	Loss_mean:0.005029098926461302	Loss_std:0.005833692576714801
Iteration:46500	Loss_mean:0.006605368240270764	Loss_std:0.007132284896639315
Iteration:46600	Loss_mean:0.006482133911631536	Loss_std:0.007874014923997908
Iteration:46700	Loss_mean:0.005511103824828751	Loss_std:0.0059896476662182774
Iteration:46800	Loss_mean:0.005591874861274846	Loss_std:0.005571207663375282
Iteration:46900	Loss_mean:0.006422023793275003	Loss_std:0.00907239036890814
Iteration:47000	Loss_mean:0.004447547509043943	Loss_std:0.005164700858035076
Iteration:47100	Loss_mean:0.005217038266127929	Loss_std:0.00514264023395042
Iteration:47200	Loss_mean:0.005339274890720844	Loss_std:0.005818466222448791
Iteration:47300	Loss_mean:0.005432899229635951	Loss_std:0.0064876353202080305
Iteration:47400	Loss_mean:0.006457579614943825	Loss_std:0.0075314911224839435
Iteration:47500	Loss_mean:0.005680845147580839	Loss_std:0.007763219691602983
Iteration:47600	Loss_mean:0.00834615648316685	Loss_std:0.009951208512701513
Iteration:47700	Loss_mean:0.00567917093867436	Loss_std:0.007337194987394569
Iteration:47800	Loss_mean:0.005705626050475985	Loss_std:0.0071836786143424725
Iteration:47900	Loss_mean:0.006464722283126321	Loss_std:0.008791957090555807
Iteration:48000	Loss_mean:0.006256601113418583	Loss_std:0.008922089344090958
Iteration:48100	Loss_mean:0.0048005898646079	Loss_std:0.005547386432905103
Iteration:48200	Loss_mean:0.005594147656811401	Loss_std:0.006654223238914281
Iteration:48300	Loss_mean:0.0060383438642020336	Loss_std:0.007018968679112191
Iteration:48400	Loss_mean:0.005449077563825995	Loss_std:0.006241641523372433
Iteration:48500	Loss_mean:0.005803581940126605	Loss_std:0.009749212501644488
Iteration:48600	Loss_mean:0.004887340547866188	Loss_std:0.007569071997739448
Iteration:48700	Loss_mean:0.00536494703614153	Loss_std:0.007355835591371986
Iteration:48800	Loss_mean:0.005877121785306372	Loss_std:0.007557819957459357
Iteration:48900	Loss_mean:0.0053142795141320675	Loss_std:0.006462612259600939
Iteration:49000	Loss_mean:0.0056360764103010295	Loss_std:0.0056960636968491725
Iteration:49100	Loss_mean:0.005372360399924218	Loss_std:0.005683351776391253
Iteration:49200	Loss_mean:0.006289756549813319	Loss_std:0.007303993977061011
Iteration:49300	Loss_mean:0.004583762248221319	Loss_std:0.005740679122685872
Iteration:49400	Loss_mean:0.006313278414017987	Loss_std:0.0074019043456064375
Iteration:49500	Loss_mean:0.0056655391529784535	Loss_std:0.0067615040576948825
Iteration:49600	Loss_mean:0.005340582284843549	Loss_std:0.009004668105626017
Iteration:49700	Loss_mean:0.005519714432884939	Loss_std:0.007016427165631498
Iteration:49800	Loss_mean:0.005717501791368704	Loss_std:0.006662477695092856
Iteration:49900	Loss_mean:0.00666743068228243	Loss_std:0.007590668845709596
Modifying K
Low rank conversion done
Fitting model on target unit
Iteration:0	Loss_mean:0.018468035385012627	Loss_std:0.0
Iteration:100	Loss_mean:0.017962271059514024	Loss_std:0.023976669964892908
Iteration:200	Loss_mean:0.018095847304794008	Loss_std:0.010647955418447078
Iteration:300	Loss_mean:0.016594104808755217	Loss_std:0.010479809749345892
Iteration:400	Loss_mean:0.016923481062985957	Loss_std:0.01066024479007424
Iteration:500	Loss_mean:0.01573295392212458	Loss_std:0.010056913305212639
Iteration:600	Loss_mean:0.01618003544979729	Loss_std:0.0096900183822858
Iteration:700	Loss_mean:0.0171622532280162	Loss_std:0.009236270240936983
Iteration:800	Loss_mean:0.015243632839992643	Loss_std:0.010403908951532629
Iteration:900	Loss_mean:0.013893797050695867	Loss_std:0.010174034523760929
Iteration:1000	Loss_mean:0.015810922884847967	Loss_std:0.010252742857841357
Iteration:1100	Loss_mean:0.017416334541048854	Loss_std:0.01206296858361812
Iteration:1200	Loss_mean:0.016748945889994503	Loss_std:0.00957487530529285
Iteration:1300	Loss_mean:0.019201873771380634	Loss_std:0.015052197596945024
Iteration:1400	Loss_mean:0.019242651630192995	Loss_std:0.027769473925718036
Iteration:1500	Loss_mean:0.01948365633841604	Loss_std:0.01535617644218692
Iteration:1600	Loss_mean:0.014397508811671287	Loss_std:0.008725477831801564
Iteration:1700	Loss_mean:0.015080559539492243	Loss_std:0.010366497757273217
Iteration:1800	Loss_mean:0.017058254750445485	Loss_std:0.013058013120517775
Iteration:1900	Loss_mean:0.01617237594211474	Loss_std:0.009695929978013594
Iteration:2000	Loss_mean:0.015805763290263713	Loss_std:0.011011025238449546
Iteration:2100	Loss_mean:0.01536763802403584	Loss_std:0.00943236352552581
Iteration:2200	Loss_mean:0.018877767493249847	Loss_std:0.025096101454682666
Iteration:2300	Loss_mean:0.018522974515799432	Loss_std:0.021148174702497587
Iteration:2400	Loss_mean:0.01766493350500241	Loss_std:0.021488906198610765
Iteration:2500	Loss_mean:0.01447695016511716	Loss_std:0.00927919863528899
Iteration:2600	Loss_mean:0.01998952544294298	Loss_std:0.027197264712326856
Iteration:2700	Loss_mean:0.01594267291482538	Loss_std:0.01958846728754863
Iteration:2800	Loss_mean:0.015368184933904558	Loss_std:0.011530370332237427
Iteration:2900	Loss_mean:0.015484575957525521	Loss_std:0.00933939775770755
Iteration:3000	Loss_mean:0.017044503015931696	Loss_std:0.014300930354380811
Iteration:3100	Loss_mean:0.017376543171703816	Loss_std:0.017770632059077054
Iteration:3200	Loss_mean:0.016854985335376115	Loss_std:0.011134154380358844
Iteration:3300	Loss_mean:0.016835410464555025	Loss_std:0.010916356348596027
Iteration:3400	Loss_mean:0.016986979921348393	Loss_std:0.01127407925582244
Iteration:3500	Loss_mean:0.016119750022189693	Loss_std:0.013689144726740763
Iteration:3600	Loss_mean:0.015879850300843826	Loss_std:0.011972798059264725
Iteration:3700	Loss_mean:0.015143714314326644	Loss_std:0.009723491931260457
Iteration:3800	Loss_mean:0.014789547033142298	Loss_std:0.008494059643253053
Iteration:3900	Loss_mean:0.014614781788550317	Loss_std:0.009039180248585629
Iteration:4000	Loss_mean:0.015986321044620125	Loss_std:0.011430789401648997
Iteration:4100	Loss_mean:0.0161786534904968	Loss_std:0.010873292612286657
Iteration:4200	Loss_mean:0.014574732570908964	Loss_std:0.009078353299963952
Iteration:4300	Loss_mean:0.01857255953596905	Loss_std:0.010364261395747884
Iteration:4400	Loss_mean:0.014029982263455167	Loss_std:0.009548337879470422
Iteration:4500	Loss_mean:0.016560598901705817	Loss_std:0.01296970431506799
Iteration:4600	Loss_mean:0.01590371520956978	Loss_std:0.009447862994130463
Iteration:4700	Loss_mean:0.01532441177405417	Loss_std:0.009598401398543238
Iteration:4800	Loss_mean:0.016312918171752244	Loss_std:0.013335111255487718
Iteration:4900	Loss_mean:0.016863966161618008	Loss_std:0.02044577508345775
Iteration:5000	Loss_mean:0.014494715434266255	Loss_std:0.010274437073333337
Iteration:5100	Loss_mean:0.01318460951675661	Loss_std:0.009030444513329848
Iteration:5200	Loss_mean:0.01362233417108655	Loss_std:0.009633721722981948
Iteration:5300	Loss_mean:0.016071884412085638	Loss_std:0.011210348813349405
Iteration:5400	Loss_mean:0.013843387573724613	Loss_std:0.010251301457095859
Iteration:5500	Loss_mean:0.015318070027278736	Loss_std:0.010285529590450844
Iteration:5600	Loss_mean:0.015455390170682221	Loss_std:0.011321807518238485
Iteration:5700	Loss_mean:0.014597869175486267	Loss_std:0.009635426078237069
Iteration:5800	Loss_mean:0.016366390151670202	Loss_std:0.0202902600921245
Iteration:5900	Loss_mean:0.015721521446248516	Loss_std:0.009360704874114794
Iteration:6000	Loss_mean:0.015966281606815756	Loss_std:0.01595646559481342
Iteration:6100	Loss_mean:0.013580086322035641	Loss_std:0.00885716547858558
Iteration:6200	Loss_mean:0.016710569192655386	Loss_std:0.014679421545997814
Iteration:6300	Loss_mean:0.01344350190483965	Loss_std:0.008790612092060463
Iteration:6400	Loss_mean:0.015447406532475725	Loss_std:0.01069886142239302
Iteration:6500	Loss_mean:0.014969580941833555	Loss_std:0.010164946191307957
Iteration:6600	Loss_mean:0.015905742080649363	Loss_std:0.012790557504011542
Iteration:6700	Loss_mean:0.015307066835230216	Loss_std:0.014147909240100556
Iteration:6800	Loss_mean:0.01248957718606107	Loss_std:0.00854008675784528
Iteration:6900	Loss_mean:0.014636089919367806	Loss_std:0.009939926844137486
Iteration:7000	Loss_mean:0.01592050214065239	Loss_std:0.013157632812179635
Iteration:7100	Loss_mean:0.015410647817188873	Loss_std:0.00959778313765921
Iteration:7200	Loss_mean:0.016447879602201284	Loss_std:0.012852401096382355
Iteration:7300	Loss_mean:0.013195181710179894	Loss_std:0.010345861326848484
Iteration:7400	Loss_mean:0.013526977520668879	Loss_std:0.009562554105276165
Iteration:7500	Loss_mean:0.014745596048887819	Loss_std:0.009755986693875085
Iteration:7600	Loss_mean:0.014064407149562612	Loss_std:0.009716710307745773
Iteration:7700	Loss_mean:0.014070778130553662	Loss_std:0.008860707596954778
Iteration:7800	Loss_mean:0.014041026660706848	Loss_std:0.009294207844388424
Iteration:7900	Loss_mean:0.013504012217745186	Loss_std:0.00785305081764647
Iteration:8000	Loss_mean:0.014928127692546695	Loss_std:0.01080715483139604
Iteration:8100	Loss_mean:0.014685688792960718	Loss_std:0.009762076140424826
Iteration:8200	Loss_mean:0.014086413328768685	Loss_std:0.009507768286253588
Iteration:8300	Loss_mean:0.014062087879283354	Loss_std:0.009434589451876415
Iteration:8400	Loss_mean:0.013987629086477682	Loss_std:0.009449046741847026
Iteration:8500	Loss_mean:0.013215452957665548	Loss_std:0.008387390581340274
Iteration:8600	Loss_mean:0.014591930122114717	Loss_std:0.009660009096266721
Iteration:8700	Loss_mean:0.014708407735452057	Loss_std:0.009680560786509878
Iteration:8800	Loss_mean:0.014015037636272609	Loss_std:0.008145738386437212
Iteration:8900	Loss_mean:0.013700924448203295	Loss_std:0.009773472149132814
Iteration:9000	Loss_mean:0.014813892492093146	Loss_std:0.009130231291187816
Iteration:9100	Loss_mean:0.012669745595194399	Loss_std:0.008304056717356985
Iteration:9200	Loss_mean:0.013882239011581986	Loss_std:0.008437573376128275
Iteration:9300	Loss_mean:0.014826806189958006	Loss_std:0.009149660515259702
Iteration:9400	Loss_mean:0.014050393296638503	Loss_std:0.008915992084010635
Iteration:9500	Loss_mean:0.013756951604736969	Loss_std:0.009673749673443505
Iteration:9600	Loss_mean:0.013096831099828706	Loss_std:0.008304675582653576
Iteration:9700	Loss_mean:0.013932014460442588	Loss_std:0.00962871061576843
Iteration:9800	Loss_mean:0.013087433056207375	Loss_std:0.00881845353803855
Iteration:9900	Loss_mean:0.013579245023429394	Loss_std:0.009157654495003739
Low rank conversion done
