Running experiment synthetic
Pretraining model on donor units
Iteration:0	Loss_mean:0.1538131684064865	Loss_std:0.0
Iteration:100	Loss_mean:0.2416730511561036	Loss_std:0.15789233699834698
Iteration:200	Loss_mean:0.2569792193174362	Loss_std:0.17392785591925808
Iteration:300	Loss_mean:0.1935631176829338	Loss_std:0.13841842153426348
Iteration:400	Loss_mean:0.1578539609350264	Loss_std:0.10998266157695287
Iteration:500	Loss_mean:0.08406348900869488	Loss_std:0.06174451318414549
Iteration:600	Loss_mean:0.05134124877396971	Loss_std:0.031900169573533796
Iteration:700	Loss_mean:0.031611099764704706	Loss_std:0.018682671925957545
Iteration:800	Loss_mean:0.0331830956088379	Loss_std:0.021229292650929026
Iteration:900	Loss_mean:0.022513702628202736	Loss_std:0.016894643231690078
Iteration:1000	Loss_mean:0.025159366170410067	Loss_std:0.02174199783055205
Iteration:1100	Loss_mean:0.021909444394987078	Loss_std:0.016043522288131818
Iteration:1200	Loss_mean:0.02300771201495081	Loss_std:0.01862734326931513
Iteration:1300	Loss_mean:0.020641163818072527	Loss_std:0.014466710238009377
Iteration:1400	Loss_mean:0.02161701665725559	Loss_std:0.01383900399756976
Iteration:1500	Loss_mean:0.02296408954774961	Loss_std:0.017222745064605003
Iteration:1600	Loss_mean:0.020964670155663043	Loss_std:0.017858096299090184
Iteration:1700	Loss_mean:0.021570064341649414	Loss_std:0.016916557185118995
Iteration:1800	Loss_mean:0.01882603724487126	Loss_std:0.02001798561723879
Iteration:1900	Loss_mean:0.021546689444221556	Loss_std:0.018340441365144806
Iteration:2000	Loss_mean:0.018405350317480043	Loss_std:0.01734461114062563
Iteration:2100	Loss_mean:0.023242991610895842	Loss_std:0.019301629421575695
Iteration:2200	Loss_mean:0.020987126934342085	Loss_std:0.018690324206625357
Iteration:2300	Loss_mean:0.02121781002730131	Loss_std:0.017119796222225644
Iteration:2400	Loss_mean:0.019418149271514265	Loss_std:0.015232468126754422
Iteration:2500	Loss_mean:0.020254022085573524	Loss_std:0.019636676641170376
Iteration:2600	Loss_mean:0.018765043965540826	Loss_std:0.01751940519457516
Iteration:2700	Loss_mean:0.020894464401062577	Loss_std:0.017681163665968065
Iteration:2800	Loss_mean:0.017923141149803996	Loss_std:0.01633571655088015
Iteration:2900	Loss_mean:0.022254216596484185	Loss_std:0.017434671764013622
Iteration:3000	Loss_mean:0.019883489207131788	Loss_std:0.016230032168730424
Iteration:3100	Loss_mean:0.01846681783674285	Loss_std:0.014162256506739909
Iteration:3200	Loss_mean:0.01991085485322401	Loss_std:0.01928281343618708
Iteration:3300	Loss_mean:0.023703512761276215	Loss_std:0.020193284680088703
Iteration:3400	Loss_mean:0.0193959021801129	Loss_std:0.015715743211679154
Iteration:3500	Loss_mean:0.021433609477244316	Loss_std:0.01806478713601138
Iteration:3600	Loss_mean:0.01899918920127675	Loss_std:0.016895867012635866
Iteration:3700	Loss_mean:0.020175575776956976	Loss_std:0.01753851118372211
Iteration:3800	Loss_mean:0.021214528037235142	Loss_std:0.014770382129818597
Iteration:3900	Loss_mean:0.018856369238346816	Loss_std:0.019789098328577132
Iteration:4000	Loss_mean:0.019495968078263103	Loss_std:0.017660386195189812
Iteration:4100	Loss_mean:0.019938451671041548	Loss_std:0.014738228811938406
Iteration:4200	Loss_mean:0.020902526148129253	Loss_std:0.02071887971942285
Iteration:4300	Loss_mean:0.02122153353644535	Loss_std:0.01744417276009607
Iteration:4400	Loss_mean:0.02103070852346718	Loss_std:0.01525703739202575
Iteration:4500	Loss_mean:0.020796450190246105	Loss_std:0.01727910242820751
Iteration:4600	Loss_mean:0.0178456967510283	Loss_std:0.012884301190097244
Iteration:4700	Loss_mean:0.02280763117945753	Loss_std:0.015825673730419536
Iteration:4800	Loss_mean:0.02088439140236005	Loss_std:0.016915104096863805
Iteration:4900	Loss_mean:0.0205907657998614	Loss_std:0.016129027451817667
Iteration:5000	Loss_mean:0.01804609932936728	Loss_std:0.016177547447118662
Iteration:5100	Loss_mean:0.020782225108705463	Loss_std:0.015605219897483012
Iteration:5200	Loss_mean:0.020594133434351534	Loss_std:0.014939024240810304
Iteration:5300	Loss_mean:0.018526039158459753	Loss_std:0.014473266888722058
Iteration:5400	Loss_mean:0.018576796809211375	Loss_std:0.01625051369527336
Iteration:5500	Loss_mean:0.020798385890666394	Loss_std:0.016450578505266756
Iteration:5600	Loss_mean:0.01597429208224639	Loss_std:0.019673268586441847
Iteration:5700	Loss_mean:0.018594025319907816	Loss_std:0.015260359275848281
Iteration:5800	Loss_mean:0.01874956798972562	Loss_std:0.016620732419638233
Iteration:5900	Loss_mean:0.020510141239501536	Loss_std:0.01656947307631651
Iteration:6000	Loss_mean:0.021234191032126547	Loss_std:0.01950004720708999
Iteration:6100	Loss_mean:0.019433529439847917	Loss_std:0.017293935988235542
Iteration:6200	Loss_mean:0.016572933855932205	Loss_std:0.012439123930117306
Iteration:6300	Loss_mean:0.020775434360839427	Loss_std:0.016474670149708544
Iteration:6400	Loss_mean:0.019558093554805964	Loss_std:0.014009969082122974
Iteration:6500	Loss_mean:0.01919718652497977	Loss_std:0.015287038476945538
Iteration:6600	Loss_mean:0.021052734167315065	Loss_std:0.018918724676357284
Iteration:6700	Loss_mean:0.020710199068998916	Loss_std:0.023033138547602243
Iteration:6800	Loss_mean:0.019787360806949438	Loss_std:0.016623817447293975
Iteration:6900	Loss_mean:0.01891582176787779	Loss_std:0.013139455732663551
Iteration:7000	Loss_mean:0.020545588239328935	Loss_std:0.01888713166745226
Iteration:7100	Loss_mean:0.018562306734966113	Loss_std:0.012287648872086434
Iteration:7200	Loss_mean:0.015377676635980607	Loss_std:0.013498591134288595
Iteration:7300	Loss_mean:0.014887168862915133	Loss_std:0.014824714695912873
Iteration:7400	Loss_mean:0.01768489240668714	Loss_std:0.019667584913798296
Iteration:7500	Loss_mean:0.014816842913860455	Loss_std:0.01701832977746132
Iteration:7600	Loss_mean:0.015087852402939462	Loss_std:0.017794614509137652
Iteration:7700	Loss_mean:0.01565390297328122	Loss_std:0.015946876960147793
Iteration:7800	Loss_mean:0.012366716968244873	Loss_std:0.011266030218051512
Iteration:7900	Loss_mean:0.01312880188896088	Loss_std:0.01350364761363207
Iteration:8000	Loss_mean:0.00992917356576072	Loss_std:0.009338049146005549
Iteration:8100	Loss_mean:0.01297384572244482	Loss_std:0.013180440126417529
Iteration:8200	Loss_mean:0.014008197752409614	Loss_std:0.013803963859311168
Iteration:8300	Loss_mean:0.013094846157182474	Loss_std:0.01693943555487399
Iteration:8400	Loss_mean:0.012036936302247342	Loss_std:0.012588093533461239
Iteration:8500	Loss_mean:0.014663227412675041	Loss_std:0.015831952778548666
Iteration:8600	Loss_mean:0.012253410178236663	Loss_std:0.009845360703030517
Iteration:8700	Loss_mean:0.015071629162994213	Loss_std:0.019370353553342917
Iteration:8800	Loss_mean:0.011417136905365624	Loss_std:0.010904280219009445
Iteration:8900	Loss_mean:0.012714809897588567	Loss_std:0.01616453354343539
Iteration:9000	Loss_mean:0.011348668245773297	Loss_std:0.012999676047180695
Iteration:9100	Loss_mean:0.013860245471587405	Loss_std:0.017579472624043496
Iteration:9200	Loss_mean:0.01121364239428658	Loss_std:0.012120274131634324
Iteration:9300	Loss_mean:0.012061453828937373	Loss_std:0.011769323239472837
Iteration:9400	Loss_mean:0.012364322718349285	Loss_std:0.015259563839937675
Iteration:9500	Loss_mean:0.010568369475658984	Loss_std:0.009945138459980511
Iteration:9600	Loss_mean:0.010258038882457186	Loss_std:0.008639808692045952
Iteration:9700	Loss_mean:0.012323017740272916	Loss_std:0.015173799791915724
Iteration:9800	Loss_mean:0.00944265090598492	Loss_std:0.00933030478613918
Iteration:9900	Loss_mean:0.01046512764354702	Loss_std:0.009111933821804545
Iteration:10000	Loss_mean:0.010390028242545668	Loss_std:0.00960865181396202
Iteration:10100	Loss_mean:0.010588195825112051	Loss_std:0.00833069221238463
Iteration:10200	Loss_mean:0.0085671160655329	Loss_std:0.008606053575932094
Iteration:10300	Loss_mean:0.011504435856477358	Loss_std:0.015046969355413876
Iteration:10400	Loss_mean:0.011248192506900522	Loss_std:0.011874116888706892
Iteration:10500	Loss_mean:0.009052166289184243	Loss_std:0.008036772213075213
Iteration:10600	Loss_mean:0.009328503551078029	Loss_std:0.007587942580821334
Iteration:10700	Loss_mean:0.008705937343474943	Loss_std:0.008454572724349074
Iteration:10800	Loss_mean:0.010499007443431765	Loss_std:0.009292342162365417
Iteration:10900	Loss_mean:0.011843199208087754	Loss_std:0.011757639148664891
Iteration:11000	Loss_mean:0.008017184441996505	Loss_std:0.0063507085513082205
Iteration:11100	Loss_mean:0.011520113950246014	Loss_std:0.014137160475530638
Iteration:11200	Loss_mean:0.009123343287501483	Loss_std:0.010629544668927467
Iteration:11300	Loss_mean:0.01153081299882615	Loss_std:0.012021827788571304
Iteration:11400	Loss_mean:0.0094717256835429	Loss_std:0.008288418310261402
Iteration:11500	Loss_mean:0.008916086913086475	Loss_std:0.0070534183562286105
Iteration:11600	Loss_mean:0.008466145983620664	Loss_std:0.006952746845818283
Iteration:11700	Loss_mean:0.011470112215465633	Loss_std:0.014855273008051744
Iteration:11800	Loss_mean:0.008959097207116429	Loss_std:0.009419836631977863
Iteration:11900	Loss_mean:0.010217475548561197	Loss_std:0.010172228780080938
Iteration:12000	Loss_mean:0.008983096937154187	Loss_std:0.009805392687246655
Iteration:12100	Loss_mean:0.007631718195480062	Loss_std:0.006168159928971099
Iteration:12200	Loss_mean:0.007786508189456072	Loss_std:0.007557132607065459
Iteration:12300	Loss_mean:0.0077157351940695664	Loss_std:0.006470708758443588
Iteration:12400	Loss_mean:0.00895365964024677	Loss_std:0.006830248342973523
Iteration:12500	Loss_mean:0.009302018029993633	Loss_std:0.008389749926052917
Iteration:12600	Loss_mean:0.009584968704584753	Loss_std:0.010020178994038058
Iteration:12700	Loss_mean:0.011384831317554927	Loss_std:0.009068238895958746
Iteration:12800	Loss_mean:0.008741866109630791	Loss_std:0.007052690654222607
Iteration:12900	Loss_mean:0.01002984929451486	Loss_std:0.008941128884952212
Iteration:13000	Loss_mean:0.009722634622303303	Loss_std:0.008062377020428644
Iteration:13100	Loss_mean:0.009112579344946425	Loss_std:0.007625465406682241
Iteration:13200	Loss_mean:0.009699023464345374	Loss_std:0.00962944370736105
Iteration:13300	Loss_mean:0.009614635298785288	Loss_std:0.009421455013198844
Iteration:13400	Loss_mean:0.008301479567671776	Loss_std:0.006621709696146754
Iteration:13500	Loss_mean:0.007134743817296112	Loss_std:0.0077873427988700335
Iteration:13600	Loss_mean:0.008633640031621325	Loss_std:0.005946444075911089
Iteration:13700	Loss_mean:0.008450915792491288	Loss_std:0.0065616088593585635
Iteration:13800	Loss_mean:0.00996902410108305	Loss_std:0.009845513967956717
Iteration:13900	Loss_mean:0.008747677089777426	Loss_std:0.007364490292363398
Iteration:14000	Loss_mean:0.010270931773484336	Loss_std:0.009720122997831654
Iteration:14100	Loss_mean:0.007670063082696288	Loss_std:0.006439353902624816
Iteration:14200	Loss_mean:0.009177193573596015	Loss_std:0.009275394202401858
Iteration:14300	Loss_mean:0.008758935696969275	Loss_std:0.006761587010356242
Iteration:14400	Loss_mean:0.007097669021895854	Loss_std:0.007013012878041701
Iteration:14500	Loss_mean:0.008358314022771082	Loss_std:0.008587061050191561
Iteration:14600	Loss_mean:0.010396386506618	Loss_std:0.010574748345929558
Iteration:14700	Loss_mean:0.008507709911791608	Loss_std:0.006712677452757615
Iteration:14800	Loss_mean:0.009053239166387356	Loss_std:0.006525812551523235
Iteration:14900	Loss_mean:0.008299321279046125	Loss_std:0.004950257514621032
Iteration:15000	Loss_mean:0.009077746868133545	Loss_std:0.00745435340771854
Iteration:15100	Loss_mean:0.009286858368141112	Loss_std:0.011784519370610426
Iteration:15200	Loss_mean:0.007742658178394777	Loss_std:0.007967374877450363
Iteration:15300	Loss_mean:0.009109545474784682	Loss_std:0.007951137106129498
Iteration:15400	Loss_mean:0.00887485459810705	Loss_std:0.007855155446570982
Iteration:15500	Loss_mean:0.0068513794298633	Loss_std:0.005846040744108772
Iteration:15600	Loss_mean:0.010168791573814815	Loss_std:0.011811086272494335
Iteration:15700	Loss_mean:0.007389647954259999	Loss_std:0.0053447392251853975
Iteration:15800	Loss_mean:0.007582828589656856	Loss_std:0.005815397651243416
Iteration:15900	Loss_mean:0.007437569715984864	Loss_std:0.006267922583445562
Iteration:16000	Loss_mean:0.008463361713220366	Loss_std:0.008187539602631543
Iteration:16100	Loss_mean:0.008230064734598273	Loss_std:0.007483655914808251
Iteration:16200	Loss_mean:0.008591750832747493	Loss_std:0.01239358930186915
Iteration:16300	Loss_mean:0.007995215961127542	Loss_std:0.006103901181873252
Iteration:16400	Loss_mean:0.007888147371613741	Loss_std:0.007694674160240029
Iteration:16500	Loss_mean:0.0077090909704566005	Loss_std:0.007074538349025875
Iteration:16600	Loss_mean:0.009325261079138726	Loss_std:0.007469420610001069
Iteration:16700	Loss_mean:0.009371230720716994	Loss_std:0.008756564500331632
Iteration:16800	Loss_mean:0.007185560332800378	Loss_std:0.005872001549681623
Iteration:16900	Loss_mean:0.007349700193590252	Loss_std:0.006113534513735709
Iteration:17000	Loss_mean:0.007780656237518997	Loss_std:0.006250757783031656
Iteration:17100	Loss_mean:0.007111391219950747	Loss_std:0.004819542482242701
Iteration:17200	Loss_mean:0.007146818937180797	Loss_std:0.0056892947031380635
Iteration:17300	Loss_mean:0.009557879593412508	Loss_std:0.009746336751458126
Iteration:17400	Loss_mean:0.007753897496004356	Loss_std:0.006530896783234122
Iteration:17500	Loss_mean:0.008478235750226304	Loss_std:0.007710231697770986
Iteration:17600	Loss_mean:0.008186556818254758	Loss_std:0.006529278457601633
Iteration:17700	Loss_mean:0.008067023745679762	Loss_std:0.005823678249218497
Iteration:17800	Loss_mean:0.008297677222799393	Loss_std:0.005767365553698193
Iteration:17900	Loss_mean:0.008966035325356643	Loss_std:0.01006063639653854
Iteration:18000	Loss_mean:0.007694703856250271	Loss_std:0.005826272520457644
Iteration:18100	Loss_mean:0.00880822892926517	Loss_std:0.006257025258049595
Iteration:18200	Loss_mean:0.008808879403768516	Loss_std:0.007484781413195255
Iteration:18300	Loss_mean:0.008899296461968333	Loss_std:0.008645002531308702
Iteration:18400	Loss_mean:0.008599171059177024	Loss_std:0.006393328585952908
Iteration:18500	Loss_mean:0.009099447127518943	Loss_std:0.008022241415679846
Iteration:18600	Loss_mean:0.007979238131374586	Loss_std:0.0063020769747467766
Iteration:18700	Loss_mean:0.007710669607076852	Loss_std:0.006268314213923906
Iteration:18800	Loss_mean:0.007422253072218154	Loss_std:0.0060653404013875315
Iteration:18900	Loss_mean:0.007227064045800944	Loss_std:0.0072682850432751155
Iteration:19000	Loss_mean:0.008488969210557116	Loss_std:0.009657159211207002
Iteration:19100	Loss_mean:0.007241619644337334	Loss_std:0.005137141599755771
Iteration:19200	Loss_mean:0.006914880681288196	Loss_std:0.005938260618035011
Iteration:19300	Loss_mean:0.008122717583974008	Loss_std:0.007424312195622385
Iteration:19400	Loss_mean:0.008608196183486143	Loss_std:0.008889661014319164
Iteration:19500	Loss_mean:0.007342953023762675	Loss_std:0.006009307414273779
Iteration:19600	Loss_mean:0.007818713461383596	Loss_std:0.005817976340203741
Iteration:19700	Loss_mean:0.008436871885787695	Loss_std:0.0077363960573386915
Iteration:19800	Loss_mean:0.006917840257592615	Loss_std:0.005425889044396395
Iteration:19900	Loss_mean:0.007435313359674183	Loss_std:0.004818143371979352
Iteration:20000	Loss_mean:0.007473161628440721	Loss_std:0.005728612517698572
Iteration:20100	Loss_mean:0.008220028227078728	Loss_std:0.008581972820365836
Iteration:20200	Loss_mean:0.008452875362272606	Loss_std:0.007677618343979929
Iteration:20300	Loss_mean:0.008279444206855259	Loss_std:0.00821094510281671
Iteration:20400	Loss_mean:0.00829601545461628	Loss_std:0.009582296750398409
Iteration:20500	Loss_mean:0.008021795555250719	Loss_std:0.006368634863257678
Iteration:20600	Loss_mean:0.00872799188560748	Loss_std:0.009878162803726342
Iteration:20700	Loss_mean:0.007871292316049222	Loss_std:0.005320446163339696
Iteration:20800	Loss_mean:0.007841680948695284	Loss_std:0.0070406644398558664
Iteration:20900	Loss_mean:0.007112232193394448	Loss_std:0.006218905738706
Iteration:21000	Loss_mean:0.007920049919266602	Loss_std:0.005943605178060623
Iteration:21100	Loss_mean:0.00753530140616931	Loss_std:0.0054473239149853735
Iteration:21200	Loss_mean:0.007147106020493083	Loss_std:0.00720991815009545
Iteration:21300	Loss_mean:0.007293055437039584	Loss_std:0.005337627967828781
Iteration:21400	Loss_mean:0.007623361515143188	Loss_std:0.005640022806145033
Iteration:21500	Loss_mean:0.008015676602954045	Loss_std:0.007049048384086404
Iteration:21600	Loss_mean:0.008243913201149554	Loss_std:0.006956310530478377
Iteration:21700	Loss_mean:0.006912604406825267	Loss_std:0.005043855553432839
Iteration:21800	Loss_mean:0.0072789189097238706	Loss_std:0.005272363726994226
Iteration:21900	Loss_mean:0.007767193383042468	Loss_std:0.006706184941315467
Iteration:22000	Loss_mean:0.008330202404758893	Loss_std:0.007865327210037505
Iteration:22100	Loss_mean:0.006960009779431857	Loss_std:0.006728905118040596
Iteration:22200	Loss_mean:0.007003522605300532	Loss_std:0.005852706368842987
Iteration:22300	Loss_mean:0.006814644330588635	Loss_std:0.005477750936510401
Iteration:22400	Loss_mean:0.007194020029201056	Loss_std:0.006115999492889807
Iteration:22500	Loss_mean:0.007323643902782351	Loss_std:0.0068401605181819605
Iteration:22600	Loss_mean:0.008527903966605663	Loss_std:0.009190464897536305
Iteration:22700	Loss_mean:0.007842846947751241	Loss_std:0.005234852550136292
Iteration:22800	Loss_mean:0.006240412236766133	Loss_std:0.0039074681003317385
Iteration:22900	Loss_mean:0.008498491729260422	Loss_std:0.006877187610769756
Iteration:23000	Loss_mean:0.007044252168925596	Loss_std:0.006354111677805678
Iteration:23100	Loss_mean:0.006978674625715939	Loss_std:0.0068464146556226945
Iteration:23200	Loss_mean:0.008265290601557354	Loss_std:0.007691166687224503
Iteration:23300	Loss_mean:0.009684956928831525	Loss_std:0.007527682803738838
Iteration:23400	Loss_mean:0.007474351255514194	Loss_std:0.004974542100377745
Iteration:23500	Loss_mean:0.006848128258934594	Loss_std:0.004814536743694936
Iteration:23600	Loss_mean:0.00737127733475063	Loss_std:0.005166275199263362
Iteration:23700	Loss_mean:0.006701062992942752	Loss_std:0.004949182091205006
Iteration:23800	Loss_mean:0.00734114881761343	Loss_std:0.007291332229098115
Iteration:23900	Loss_mean:0.007244310934765963	Loss_std:0.005906486589650884
Iteration:24000	Loss_mean:0.007156491788082349	Loss_std:0.005369973327319512
Iteration:24100	Loss_mean:0.008035783606246696	Loss_std:0.010255185004691714
Iteration:24200	Loss_mean:0.007332107678230386	Loss_std:0.0048252519643352774
Iteration:24300	Loss_mean:0.007109071930208302	Loss_std:0.005960930533090232
Iteration:24400	Loss_mean:0.007714363178820349	Loss_std:0.005121962540085317
Iteration:24500	Loss_mean:0.007181576941075036	Loss_std:0.005832750909233477
Iteration:24600	Loss_mean:0.007664615736575797	Loss_std:0.0061917516611625515
Iteration:24700	Loss_mean:0.006966549202916212	Loss_std:0.009825856926331937
Iteration:24800	Loss_mean:0.007741265355143696	Loss_std:0.007382567496810129
Iteration:24900	Loss_mean:0.007415962266677525	Loss_std:0.004844002457713893
Iteration:25000	Loss_mean:0.00902619657877949	Loss_std:0.008784006476791466
Iteration:25100	Loss_mean:0.006734951336475206	Loss_std:0.004910679408394966
Iteration:25200	Loss_mean:0.006893149120733142	Loss_std:0.005013978901907427
Iteration:25300	Loss_mean:0.007331535695702769	Loss_std:0.0071810245662843235
Iteration:25400	Loss_mean:0.007344771521602524	Loss_std:0.00883798366368501
Iteration:25500	Loss_mean:0.007379245794072631	Loss_std:0.00675471708696092
Iteration:25600	Loss_mean:0.007830113571180845	Loss_std:0.006367577767406647
Iteration:25700	Loss_mean:0.007681818090059096	Loss_std:0.007222635547163442
Iteration:25800	Loss_mean:0.00811280117435672	Loss_std:0.006175683846938317
Iteration:25900	Loss_mean:0.00883760204873397	Loss_std:0.008546603332999447
Iteration:26000	Loss_mean:0.00652792089516879	Loss_std:0.00570538019002783
Iteration:26100	Loss_mean:0.006458980736351805	Loss_std:0.005739596310442916
Iteration:26200	Loss_mean:0.0073987825233780315	Loss_std:0.00810826074934612
Iteration:26300	Loss_mean:0.006700939729780657	Loss_std:0.004790550114595145
Iteration:26400	Loss_mean:0.007282736924826168	Loss_std:0.005692973195389605
Iteration:26500	Loss_mean:0.006941668682920863	Loss_std:0.004848713877163201
Iteration:26600	Loss_mean:0.007453480715557816	Loss_std:0.005163839445733221
Iteration:26700	Loss_mean:0.007970934935074184	Loss_std:0.007763006876787319
Iteration:26800	Loss_mean:0.007331691664367099	Loss_std:0.006356227174802798
Iteration:26900	Loss_mean:0.006676885676279198	Loss_std:0.0055062488551451344
Iteration:27000	Loss_mean:0.0068513874686323105	Loss_std:0.004650781679013623
Iteration:27100	Loss_mean:0.006984137475010357	Loss_std:0.005230364952277389
Iteration:27200	Loss_mean:0.0061204752800404095	Loss_std:0.004223592973767982
Iteration:27300	Loss_mean:0.0069994014663461715	Loss_std:0.005512803233884072
Iteration:27400	Loss_mean:0.006350107993821439	Loss_std:0.004882947611685744
Iteration:27500	Loss_mean:0.00799501111236168	Loss_std:0.010802498479316656
Iteration:27600	Loss_mean:0.00826108439156087	Loss_std:0.008167317471707892
Iteration:27700	Loss_mean:0.007109528831788339	Loss_std:0.005224912703465735
Iteration:27800	Loss_mean:0.006569958671389031	Loss_std:0.004444240843309443
Iteration:27900	Loss_mean:0.006702166814357043	Loss_std:0.004453028303396083
Iteration:28000	Loss_mean:0.00714062120867311	Loss_std:0.006709318131205706
Iteration:28100	Loss_mean:0.006941003790998366	Loss_std:0.0056660999887163
Iteration:28200	Loss_mean:0.007307855487597408	Loss_std:0.005075753894794796
Iteration:28300	Loss_mean:0.006412745511661342	Loss_std:0.004857338433553549
Iteration:28400	Loss_mean:0.006074545797382598	Loss_std:0.004018323220778561
Iteration:28500	Loss_mean:0.006524417544897005	Loss_std:0.004416124420506035
Iteration:28600	Loss_mean:0.005860401927566272	Loss_std:0.004528391396896378
Iteration:28700	Loss_mean:0.007374937949571177	Loss_std:0.005900902863730256
Iteration:28800	Loss_mean:0.00877997061877977	Loss_std:0.007462987093388018
Iteration:28900	Loss_mean:0.00629883784269623	Loss_std:0.004933534301202921
Iteration:29000	Loss_mean:0.008434934311662801	Loss_std:0.00918812958135918
Iteration:29100	Loss_mean:0.006830026075840578	Loss_std:0.006004835169707176
Iteration:29200	Loss_mean:0.0072989756192691855	Loss_std:0.005865006479623818
Iteration:29300	Loss_mean:0.007255802776817291	Loss_std:0.006187973351818381
Iteration:29400	Loss_mean:0.00702538418743643	Loss_std:0.00465729719374065
Iteration:29500	Loss_mean:0.0064829797042330025	Loss_std:0.004402080108713109
Iteration:29600	Loss_mean:0.006659801173227607	Loss_std:0.006405708773603138
Iteration:29700	Loss_mean:0.006129539526009467	Loss_std:0.005737521137987547
Iteration:29800	Loss_mean:0.008648374699550914	Loss_std:0.008775666288724511
Iteration:29900	Loss_mean:0.006644330176568474	Loss_std:0.004016900238794855
Iteration:30000	Loss_mean:0.006019206031851354	Loss_std:0.004830662824909728
Iteration:30100	Loss_mean:0.007084662391862367	Loss_std:0.004897842112606761
Iteration:30200	Loss_mean:0.008198200459883082	Loss_std:0.006642183955139541
Iteration:30300	Loss_mean:0.00731638436918729	Loss_std:0.005652046322366399
Iteration:30400	Loss_mean:0.007442727477828157	Loss_std:0.005406144939929363
Iteration:30500	Loss_mean:0.007193465537566226	Loss_std:0.00704479007493563
Iteration:30600	Loss_mean:0.00787119179367437	Loss_std:0.006106218432978094
Iteration:30700	Loss_mean:0.007052756488483283	Loss_std:0.006844717198779479
Iteration:30800	Loss_mean:0.006501539655728266	Loss_std:0.005299628596104772
Iteration:30900	Loss_mean:0.00636308533459669	Loss_std:0.0043618547705398655
Iteration:31000	Loss_mean:0.006839054294323433	Loss_std:0.005653581710743578
Iteration:31100	Loss_mean:0.006522397786429792	Loss_std:0.005424518033390307
Iteration:31200	Loss_mean:0.007030854918557452	Loss_std:0.004831758442481476
Iteration:31300	Loss_mean:0.007840325057259179	Loss_std:0.006358021881365138
Iteration:31400	Loss_mean:0.006165102101876982	Loss_std:0.004294283114620702
Iteration:31500	Loss_mean:0.006843352325595333	Loss_std:0.005197123428428679
Iteration:31600	Loss_mean:0.007110164024998085	Loss_std:0.0052201290212190495
Iteration:31700	Loss_mean:0.0060759675735243945	Loss_std:0.004829109398493087
Iteration:31800	Loss_mean:0.0070708018552977595	Loss_std:0.005775045564531558
Iteration:31900	Loss_mean:0.007304291458203807	Loss_std:0.006682057198972008
Iteration:32000	Loss_mean:0.006896074712203699	Loss_std:0.007265974013722887
Iteration:32100	Loss_mean:0.006867236227990361	Loss_std:0.005446702769467221
Iteration:32200	Loss_mean:0.0058480648726254	Loss_std:0.004239566148549464
Iteration:32300	Loss_mean:0.007263438164372928	Loss_std:0.007275245909062821
Iteration:32400	Loss_mean:0.0064708414164488205	Loss_std:0.0055813327397988425
Iteration:32500	Loss_mean:0.007001511843809567	Loss_std:0.0067560546053244425
Iteration:32600	Loss_mean:0.007811737276715576	Loss_std:0.006470711092780889
Iteration:32700	Loss_mean:0.006964014280893025	Loss_std:0.005386127165007711
Iteration:32800	Loss_mean:0.007645502922241576	Loss_std:0.007261306149164371
Iteration:32900	Loss_mean:0.007244242235301499	Loss_std:0.006818496150263625
Iteration:33000	Loss_mean:0.007106645454623504	Loss_std:0.006989375515530985
Iteration:33100	Loss_mean:0.006863095039734617	Loss_std:0.004889694619217981
Iteration:33200	Loss_mean:0.007148196960188215	Loss_std:0.007133208992161477
Iteration:33300	Loss_mean:0.007667733857524581	Loss_std:0.008175462895741102
Iteration:33400	Loss_mean:0.006671145890941262	Loss_std:0.004466937938012457
Iteration:33500	Loss_mean:0.007448800810270768	Loss_std:0.006145799228088777
Iteration:33600	Loss_mean:0.006270275514325476	Loss_std:0.0035555444472975413
Iteration:33700	Loss_mean:0.00644758422873565	Loss_std:0.004293934331685217
Iteration:33800	Loss_mean:0.006455582860216964	Loss_std:0.0053401637263628295
Iteration:33900	Loss_mean:0.006474330943092355	Loss_std:0.00398374516072213
Iteration:34000	Loss_mean:0.006673856768502446	Loss_std:0.007454665577823514
Iteration:34100	Loss_mean:0.00618178954893665	Loss_std:0.005132411454290021
Iteration:34200	Loss_mean:0.006773633496050024	Loss_std:0.007331549099858282
Iteration:34300	Loss_mean:0.0063204591244721085	Loss_std:0.0042893547663851225
Iteration:34400	Loss_mean:0.007376276963186683	Loss_std:0.00691471412150097
Iteration:34500	Loss_mean:0.007067965821770486	Loss_std:0.007079997229313988
Iteration:34600	Loss_mean:0.008661040809820407	Loss_std:0.008789952034788287
Iteration:34700	Loss_mean:0.007273761146643664	Loss_std:0.005995623788929441
Iteration:34800	Loss_mean:0.005737610432843212	Loss_std:0.004123669750225274
Iteration:34900	Loss_mean:0.0072837906140193805	Loss_std:0.0052726253802244305
Iteration:35000	Loss_mean:0.006504386242595501	Loss_std:0.0052413263289177855
Iteration:35100	Loss_mean:0.0066582556314097015	Loss_std:0.006604092989742406
Iteration:35200	Loss_mean:0.006568173356354237	Loss_std:0.005730344824757932
Iteration:35300	Loss_mean:0.006634388917445904	Loss_std:0.004845720806495733
Iteration:35400	Loss_mean:0.007928304482193197	Loss_std:0.007449510015647311
Iteration:35500	Loss_mean:0.006798664833477233	Loss_std:0.0063407408986820785
Iteration:35600	Loss_mean:0.008472149049193831	Loss_std:0.008322468575529839
Iteration:35700	Loss_mean:0.0071747655348008265	Loss_std:0.005980758012848966
Iteration:35800	Loss_mean:0.007385760550387204	Loss_std:0.0057077690380391635
Iteration:35900	Loss_mean:0.008512448385445168	Loss_std:0.009742124807821419
Iteration:36000	Loss_mean:0.006890061718295328	Loss_std:0.004922169148805708
Iteration:36100	Loss_mean:0.005752006773618632	Loss_std:0.003961161183051952
Iteration:36200	Loss_mean:0.007101509533822536	Loss_std:0.005129970362594797
Iteration:36300	Loss_mean:0.00757364046497969	Loss_std:0.005518591695627208
Iteration:36400	Loss_mean:0.006088930088153575	Loss_std:0.005994987284429362
Iteration:36500	Loss_mean:0.006083636257426406	Loss_std:0.005603894062933703
Iteration:36600	Loss_mean:0.00601771710527828	Loss_std:0.004340251916367959
Iteration:36700	Loss_mean:0.006304854594636708	Loss_std:0.004565802915723816
Iteration:36800	Loss_mean:0.007122478468445479	Loss_std:0.005221225759647883
Iteration:36900	Loss_mean:0.007342506968470843	Loss_std:0.005999087208966677
Iteration:37000	Loss_mean:0.0068946485610649685	Loss_std:0.0046868237600332955
Iteration:37100	Loss_mean:0.006615233875563718	Loss_std:0.005585240758605557
Iteration:37200	Loss_mean:0.006454857907738187	Loss_std:0.004121869832658756
Iteration:37300	Loss_mean:0.007347508559178095	Loss_std:0.007230121856493023
Iteration:37400	Loss_mean:0.00692449374080752	Loss_std:0.005344191044956509
Iteration:37500	Loss_mean:0.00687184551890823	Loss_std:0.007807819697727918
Iteration:37600	Loss_mean:0.006364716380048776	Loss_std:0.0045087193129062595
Iteration:37700	Loss_mean:0.007890443780925125	Loss_std:0.007269265827770735
Iteration:37800	Loss_mean:0.007897345299643348	Loss_std:0.005512246715344607
Iteration:37900	Loss_mean:0.0066896695887226085	Loss_std:0.005004029620912795
Iteration:38000	Loss_mean:0.00726352473233419	Loss_std:0.0069365290347376376
Iteration:38100	Loss_mean:0.006664161297812825	Loss_std:0.005453972944283007
Iteration:38200	Loss_mean:0.006490453467267798	Loss_std:0.004438195993188454
Iteration:38300	Loss_mean:0.0060587837402272275	Loss_std:0.004786293585302034
Iteration:38400	Loss_mean:0.00635073624081997	Loss_std:0.004926557611817222
Iteration:38500	Loss_mean:0.006234642977651674	Loss_std:0.004136509268502497
Iteration:38600	Loss_mean:0.007381546541400894	Loss_std:0.007983786247641109
Iteration:38700	Loss_mean:0.007308749238982273	Loss_std:0.006465535150223396
Iteration:38800	Loss_mean:0.006785229438537499	Loss_std:0.005243336471096091
Iteration:38900	Loss_mean:0.006242194989099516	Loss_std:0.005630564405149482
Iteration:39000	Loss_mean:0.006488795542391017	Loss_std:0.006089503436925201
Iteration:39100	Loss_mean:0.006791325439698994	Loss_std:0.006341152600283422
Iteration:39200	Loss_mean:0.006318466502052616	Loss_std:0.005351405568827964
Iteration:39300	Loss_mean:0.006075782707775943	Loss_std:0.00421237125679001
Iteration:39400	Loss_mean:0.00644211720851672	Loss_std:0.006457287597234298
Iteration:39500	Loss_mean:0.006359002738900017	Loss_std:0.004275592633210182
Iteration:39600	Loss_mean:0.0072427836613496764	Loss_std:0.006650504324014129
Iteration:39700	Loss_mean:0.006880760106432717	Loss_std:0.005811614801801415
Iteration:39800	Loss_mean:0.006394101396581391	Loss_std:0.0036438254729465715
Iteration:39900	Loss_mean:0.006694769451714819	Loss_std:0.005102493151057726
Iteration:40000	Loss_mean:0.007435694787636749	Loss_std:0.007095942737443764
Iteration:40100	Loss_mean:0.006795540918246843	Loss_std:0.005937119152524662
Iteration:40200	Loss_mean:0.006522225614462513	Loss_std:0.005286535664135215
Iteration:40300	Loss_mean:0.007857113883364946	Loss_std:0.006606908328299348
Iteration:40400	Loss_mean:0.006328394294250757	Loss_std:0.004527051674608417
Iteration:40500	Loss_mean:0.006664895480644191	Loss_std:0.006808817015559366
Iteration:40600	Loss_mean:0.007416308623214718	Loss_std:0.00681131431460498
Iteration:40700	Loss_mean:0.008934652042662493	Loss_std:0.007183911099795584
Iteration:40800	Loss_mean:0.0070562243245512945	Loss_std:0.0049210491645983465
Iteration:40900	Loss_mean:0.006424007453897502	Loss_std:0.004704221450203724
Iteration:41000	Loss_mean:0.00606177653571649	Loss_std:0.00416485778137888
Iteration:41100	Loss_mean:0.006398041992979415	Loss_std:0.005388646926802017
Iteration:41200	Loss_mean:0.006972796875488712	Loss_std:0.006152831934018969
Iteration:41300	Loss_mean:0.006699294575082604	Loss_std:0.005039465348544537
Iteration:41400	Loss_mean:0.0076423832696673345	Loss_std:0.006166351730850848
Iteration:41500	Loss_mean:0.006403919174772454	Loss_std:0.004423847622532032
Iteration:41600	Loss_mean:0.0068857516621210375	Loss_std:0.0047894799993706315
Iteration:41700	Loss_mean:0.0053387995028606385	Loss_std:0.0039039382774518207
Iteration:41800	Loss_mean:0.006241850010374037	Loss_std:0.004373060920199443
Iteration:41900	Loss_mean:0.006177785163272347	Loss_std:0.0044310441742138286
Iteration:42000	Loss_mean:0.0057419035051862015	Loss_std:0.004015114379825551
Iteration:42100	Loss_mean:0.0057670004555257035	Loss_std:0.00414479526194206
Iteration:42200	Loss_mean:0.005784102728721336	Loss_std:0.0037691197574006093
Iteration:42300	Loss_mean:0.007207845703305793	Loss_std:0.004875184402251056
Iteration:42400	Loss_mean:0.007145837638236116	Loss_std:0.0061288255678214705
Iteration:42500	Loss_mean:0.007329429645178607	Loss_std:0.0064758894384315275
Iteration:42600	Loss_mean:0.005581722659117077	Loss_std:0.004017995732906448
Iteration:42700	Loss_mean:0.007219955128566653	Loss_std:0.00593835456724061
Iteration:42800	Loss_mean:0.006339617989724502	Loss_std:0.004994586156622438
Iteration:42900	Loss_mean:0.00599057057639584	Loss_std:0.0063816108131468695
Iteration:43000	Loss_mean:0.006948710668402782	Loss_std:0.004661620823346609
Iteration:43100	Loss_mean:0.00682973015747848	Loss_std:0.006124056616194583
Iteration:43200	Loss_mean:0.0070789323887038335	Loss_std:0.0051665656129934725
Iteration:43300	Loss_mean:0.006804572281189394	Loss_std:0.0061910821025458
Iteration:43400	Loss_mean:0.007481759297443205	Loss_std:0.0072075236564381655
Iteration:43500	Loss_mean:0.006602918331991532	Loss_std:0.005141565634849163
Iteration:43600	Loss_mean:0.0073353336648870025	Loss_std:0.0055343938190056995
Iteration:43700	Loss_mean:0.006569498659537203	Loss_std:0.005578699337328331
Iteration:43800	Loss_mean:0.005712009633425623	Loss_std:0.0033974584866075853
Iteration:43900	Loss_mean:0.0070069415528269015	Loss_std:0.005559181045331062
Iteration:44000	Loss_mean:0.00597047618481156	Loss_std:0.0040597639547496215
Iteration:44100	Loss_mean:0.00659025043460133	Loss_std:0.006287920164919447
Iteration:44200	Loss_mean:0.007735090144669812	Loss_std:0.00848807237043863
Iteration:44300	Loss_mean:0.00699480005656369	Loss_std:0.0081370252561388
Iteration:44400	Loss_mean:0.0059292742889374495	Loss_std:0.004671948035847398
Iteration:44500	Loss_mean:0.0069228590640705075	Loss_std:0.0057597688360126265
Iteration:44600	Loss_mean:0.006089731198226218	Loss_std:0.004508459239990996
Iteration:44700	Loss_mean:0.006683355519053294	Loss_std:0.0056957826111086836
Iteration:44800	Loss_mean:0.0062205773132154715	Loss_std:0.006932444593594359
Iteration:44900	Loss_mean:0.006666832601185888	Loss_std:0.006541280458204384
Iteration:45000	Loss_mean:0.007249250495406158	Loss_std:0.0060756854148957705
Iteration:45100	Loss_mean:0.006528178279841086	Loss_std:0.004415040569934936
Iteration:45200	Loss_mean:0.0077311817598820195	Loss_std:0.006100948957633911
Iteration:45300	Loss_mean:0.0063594061433104795	Loss_std:0.004132458520845553
Iteration:45400	Loss_mean:0.006758758722498897	Loss_std:0.005432290129964913
Iteration:45500	Loss_mean:0.007030110808627797	Loss_std:0.005947085775122996
Iteration:45600	Loss_mean:0.005837532793957507	Loss_std:0.004375377248766798
Iteration:45700	Loss_mean:0.0058890455309665414	Loss_std:0.0046485570124726126
Iteration:45800	Loss_mean:0.007124728436974692	Loss_std:0.005893899588288249
Iteration:45900	Loss_mean:0.006789894569883472	Loss_std:0.004591033575263241
Iteration:46000	Loss_mean:0.0063315243754186665	Loss_std:0.004747072230850808
Iteration:46100	Loss_mean:0.006739347754046321	Loss_std:0.004440476141331128
Iteration:46200	Loss_mean:0.006545828132220777	Loss_std:0.004047247215475885
Iteration:46300	Loss_mean:0.007187947632664873	Loss_std:0.006465147298096114
Iteration:46400	Loss_mean:0.006778526113412227	Loss_std:0.004889994923579622
Iteration:46500	Loss_mean:0.006766355793188268	Loss_std:0.005323680700401493
Iteration:46600	Loss_mean:0.006775433386428631	Loss_std:0.004785442978851113
Iteration:46700	Loss_mean:0.00595975203659691	Loss_std:0.004757435806048495
Iteration:46800	Loss_mean:0.005825429008036735	Loss_std:0.004712134410389079
Iteration:46900	Loss_mean:0.006916988650191342	Loss_std:0.006214422862120718
Iteration:47000	Loss_mean:0.006066637885669479	Loss_std:0.003755910848686223
Iteration:47100	Loss_mean:0.005295079806674039	Loss_std:0.004365848641124494
Iteration:47200	Loss_mean:0.006829160668748955	Loss_std:0.005507995892269772
Iteration:47300	Loss_mean:0.00671155423471646	Loss_std:0.005894509553628074
Iteration:47400	Loss_mean:0.00694496361851634	Loss_std:0.004813035834720922
Iteration:47500	Loss_mean:0.006475563965577749	Loss_std:0.004736281431261021
Iteration:47600	Loss_mean:0.008167990762995032	Loss_std:0.007760116955890185
Iteration:47700	Loss_mean:0.006449055205703189	Loss_std:0.00524839524294076
Iteration:47800	Loss_mean:0.006339778843903332	Loss_std:0.0040745176270127435
Iteration:47900	Loss_mean:0.006161564823123626	Loss_std:0.0050078667861399905
Iteration:48000	Loss_mean:0.007574603669927456	Loss_std:0.007673179326382041
Iteration:48100	Loss_mean:0.006250219929606829	Loss_std:0.004422335056444045
Iteration:48200	Loss_mean:0.006309396897704573	Loss_std:0.00441606334831263
Iteration:48300	Loss_mean:0.006699900317034917	Loss_std:0.0046672185974822086
Iteration:48400	Loss_mean:0.00617163745147991	Loss_std:0.00450001521908096
Iteration:48500	Loss_mean:0.007894749072147534	Loss_std:0.007998836260206366
Iteration:48600	Loss_mean:0.0065030216233571995	Loss_std:0.006781118937910624
Iteration:48700	Loss_mean:0.005770098542743653	Loss_std:0.004669400887373759
Iteration:48800	Loss_mean:0.006794845700933365	Loss_std:0.004636295632186553
Iteration:48900	Loss_mean:0.005934934523866104	Loss_std:0.005398076474370245
Iteration:49000	Loss_mean:0.006110820715985028	Loss_std:0.005188048206993062
Iteration:49100	Loss_mean:0.007175721016719763	Loss_std:0.005987092539027042
Iteration:49200	Loss_mean:0.006949280483386246	Loss_std:0.005722253867614756
Iteration:49300	Loss_mean:0.006462178517103893	Loss_std:0.004315019720425577
Iteration:49400	Loss_mean:0.006273252513656189	Loss_std:0.0038579600465679094
Iteration:49500	Loss_mean:0.006734555611037649	Loss_std:0.00406008683180469
Iteration:49600	Loss_mean:0.006094938982714666	Loss_std:0.004798350968360988
Iteration:49700	Loss_mean:0.00591383684608445	Loss_std:0.005072794403068757
Iteration:49800	Loss_mean:0.0063297619634249715	Loss_std:0.004482492707137725
Iteration:49900	Loss_mean:0.006773861248220782	Loss_std:0.005347810739501412
Modifying K
Fitting model on target unit
Iteration:0	Loss_mean:0.009206564165651798	Loss_std:0.0
Iteration:100	Loss_mean:0.010900446058694797	Loss_std:0.017076646668770856
Iteration:200	Loss_mean:0.01141174279520783	Loss_std:0.010055660171627874
Iteration:300	Loss_mean:0.01025788865150389	Loss_std:0.009497789929281644
Iteration:400	Loss_mean:0.00949488820755505	Loss_std:0.008648856523735057
Iteration:500	Loss_mean:0.008579748516003747	Loss_std:0.0094299438235467
Iteration:600	Loss_mean:0.010399443800270091	Loss_std:0.00944679196498941
Iteration:700	Loss_mean:0.009140623463026713	Loss_std:0.008557665874656185
Iteration:800	Loss_mean:0.0071846367536636535	Loss_std:0.008508095037245735
Iteration:900	Loss_mean:0.007813896965162713	Loss_std:0.00860326702183382
Iteration:1000	Loss_mean:0.008306037250440568	Loss_std:0.008525338264768567
Iteration:1100	Loss_mean:0.009534389140826533	Loss_std:0.008519012003672468
Iteration:1200	Loss_mean:0.008424131822102936	Loss_std:0.007619309220584987
Iteration:1300	Loss_mean:0.010451059967235778	Loss_std:0.011187826757039793
Iteration:1400	Loss_mean:0.010080036130966618	Loss_std:0.013832752502092044
Iteration:1500	Loss_mean:0.010101748370434507	Loss_std:0.009346639418448072
Iteration:1600	Loss_mean:0.009028047943538696	Loss_std:0.00843523745731291
Iteration:1700	Loss_mean:0.008249738963422714	Loss_std:0.007420209377054975
Iteration:1800	Loss_mean:0.009068085986364167	Loss_std:0.008484130805403946
Iteration:1900	Loss_mean:0.0075497275475936475	Loss_std:0.008066007324892021
Iteration:2000	Loss_mean:0.008937160447167115	Loss_std:0.009313380071621124
Iteration:2100	Loss_mean:0.008263510704782675	Loss_std:0.008140382945482812
Iteration:2200	Loss_mean:0.010455607122130459	Loss_std:0.014033547799653752
Iteration:2300	Loss_mean:0.009681124900089344	Loss_std:0.009465284687822232
Iteration:2400	Loss_mean:0.009984139625739772	Loss_std:0.010639178674619125
Iteration:2500	Loss_mean:0.008390500083769438	Loss_std:0.008274188236623561
Iteration:2600	Loss_mean:0.009262502149795182	Loss_std:0.00903713238569837
Iteration:2700	Loss_mean:0.009200074295949889	Loss_std:0.01003660346192125
Iteration:2800	Loss_mean:0.008141676531668054	Loss_std:0.008743948449152925
Iteration:2900	Loss_mean:0.009000401137309383	Loss_std:0.007892699443436589
Iteration:3000	Loss_mean:0.008563190807326464	Loss_std:0.008118712161734397
Iteration:3100	Loss_mean:0.008775976831966546	Loss_std:0.008376476128645451
Iteration:3200	Loss_mean:0.010049112147244159	Loss_std:0.008548952043021958
Iteration:3300	Loss_mean:0.009451568296208279	Loss_std:0.008641423780182213
Iteration:3400	Loss_mean:0.00735429465494235	Loss_std:0.007098614026700086
Iteration:3500	Loss_mean:0.008079707559663802	Loss_std:0.007299922702865672
Iteration:3600	Loss_mean:0.008074497956185952	Loss_std:0.008402153078216462
Iteration:3700	Loss_mean:0.007217363215895603	Loss_std:0.007160179645499181
Iteration:3800	Loss_mean:0.009230017846566624	Loss_std:0.008138729687778243
Iteration:3900	Loss_mean:0.008450176152109634	Loss_std:0.007801070546180751
Iteration:4000	Loss_mean:0.007960159873473458	Loss_std:0.007807649204715783
Iteration:4100	Loss_mean:0.009506972719391342	Loss_std:0.009235652928798571
Iteration:4200	Loss_mean:0.0077007881554891355	Loss_std:0.007740514943675166
Iteration:4300	Loss_mean:0.010823997504921863	Loss_std:0.008454139755336043
Iteration:4400	Loss_mean:0.007153154772604467	Loss_std:0.00807286131127013
Iteration:4500	Loss_mean:0.008536899789614836	Loss_std:0.00888643960392581
Iteration:4600	Loss_mean:0.00766861509764567	Loss_std:0.006721471370238423
Iteration:4700	Loss_mean:0.00848936945971218	Loss_std:0.007280195622841431
Iteration:4800	Loss_mean:0.008416428837590502	Loss_std:0.007801874890533941
Iteration:4900	Loss_mean:0.008298043517715997	Loss_std:0.008432768221069052
Iteration:5000	Loss_mean:0.0079982051317711	Loss_std:0.0075176473999289456
Iteration:5100	Loss_mean:0.007767639029843849	Loss_std:0.007481539558582194
Iteration:5200	Loss_mean:0.0074162722612163634	Loss_std:0.007577745240801103
Iteration:5300	Loss_mean:0.007090271776614827	Loss_std:0.006762309737994938
Iteration:5400	Loss_mean:0.007979837718921771	Loss_std:0.007043375103546244
Iteration:5500	Loss_mean:0.00804889527047635	Loss_std:0.008043359219244012
Iteration:5600	Loss_mean:0.00794813523403718	Loss_std:0.007511904503582612
Iteration:5700	Loss_mean:0.007327798924125091	Loss_std:0.007566039047017978
Iteration:5800	Loss_mean:0.007933174221325317	Loss_std:0.007794676368088266
Iteration:5900	Loss_mean:0.008269826125979308	Loss_std:0.007969537283640556
Iteration:6000	Loss_mean:0.008133852876198944	Loss_std:0.007146178464041609
Iteration:6100	Loss_mean:0.007036214674226358	Loss_std:0.00682760606487219
Iteration:6200	Loss_mean:0.008381822657102021	Loss_std:0.007348093829997958
Iteration:6300	Loss_mean:0.007771246363845421	Loss_std:0.007013178344730168
Iteration:6400	Loss_mean:0.007145037939408212	Loss_std:0.0067750458331534485
Iteration:6500	Loss_mean:0.008060175929786055	Loss_std:0.008016972830681509
Iteration:6600	Loss_mean:0.008617920141623471	Loss_std:0.007734946718844215
Iteration:6700	Loss_mean:0.007426923345046816	Loss_std:0.006431714397345277
Iteration:6800	Loss_mean:0.007262203281570691	Loss_std:0.0068734196515728655
Iteration:6900	Loss_mean:0.008021385747924796	Loss_std:0.006667411054336517
Iteration:7000	Loss_mean:0.00782809049153002	Loss_std:0.0068158059526372584
Iteration:7100	Loss_mean:0.008091604955043295	Loss_std:0.007125617372289296
Iteration:7200	Loss_mean:0.007364869945376995	Loss_std:0.0067961765112289985
Iteration:7300	Loss_mean:0.006654119384547812	Loss_std:0.005985664218502674
Iteration:7400	Loss_mean:0.006487196320267685	Loss_std:0.007114852850148638
Iteration:7500	Loss_mean:0.007068498821245157	Loss_std:0.007128672899800749
Iteration:7600	Loss_mean:0.007875252788289799	Loss_std:0.0071484361869903
Iteration:7700	Loss_mean:0.0072964461069204845	Loss_std:0.00636777380041906
Iteration:7800	Loss_mean:0.006884171998754027	Loss_std:0.005935490099771685
Iteration:7900	Loss_mean:0.007911083980143303	Loss_std:0.006953701196752212
Iteration:8000	Loss_mean:0.007633889663702575	Loss_std:0.0069317958898563944
Iteration:8100	Loss_mean:0.007190240025811363	Loss_std:0.006409847784455424
Iteration:8200	Loss_mean:0.005640184798830887	Loss_std:0.005355554606153375
Iteration:8300	Loss_mean:0.006771912144176895	Loss_std:0.007022534052031987
Iteration:8400	Loss_mean:0.007735478068680095	Loss_std:0.006163536803626334
Iteration:8500	Loss_mean:0.006731918733348721	Loss_std:0.006320706000298273
Iteration:8600	Loss_mean:0.007986753206787399	Loss_std:0.006821882086601235
Iteration:8700	Loss_mean:0.007223890494497027	Loss_std:0.00668295963634735
Iteration:8800	Loss_mean:0.007443185674637789	Loss_std:0.005679301007280732
Iteration:8900	Loss_mean:0.007304673027101671	Loss_std:0.007135395200450979
Iteration:9000	Loss_mean:0.006571642386334133	Loss_std:0.006940665580873785
Iteration:9100	Loss_mean:0.006306138636064134	Loss_std:0.006112191262700996
Iteration:9200	Loss_mean:0.006866635262776981	Loss_std:0.005802323237924728
Iteration:9300	Loss_mean:0.006998873105112579	Loss_std:0.005700302985150528
Iteration:9400	Loss_mean:0.007029982305975863	Loss_std:0.006492478291976199
Iteration:9500	Loss_mean:0.006849905896488053	Loss_std:0.008170816781493482
Iteration:9600	Loss_mean:0.007819613759056664	Loss_std:0.006630817522379137
Iteration:9700	Loss_mean:0.006720997704542242	Loss_std:0.00602367465099047
Iteration:9800	Loss_mean:0.006514088555268245	Loss_std:0.006155304374494861
Iteration:9900	Loss_mean:0.005930946803855477	Loss_std:0.005197259244560415
