Running experiment synthetic
Pretraining model on donor units
Iteration:0	Loss_mean:1.6034858226776123	Loss_std:0.0
Iteration:100	Loss_mean:0.6573385542072355	Loss_std:0.5766818240348226
Iteration:200	Loss_mean:0.676388148078695	Loss_std:0.4350364034597756
Iteration:300	Loss_mean:0.4988254524115473	Loss_std:0.44292264415501276
Iteration:400	Loss_mean:0.2959623301960528	Loss_std:0.2972922459749633
Iteration:500	Loss_mean:0.27404339322820304	Loss_std:0.27666381110571053
Iteration:600	Loss_mean:0.16746573240729049	Loss_std:0.19099665101799723
Iteration:700	Loss_mean:0.18124147416907363	Loss_std:0.17553599690335678
Iteration:800	Loss_mean:0.13601124617329333	Loss_std:0.15683531547246002
Iteration:900	Loss_mean:0.17390829045558348	Loss_std:0.2120340663538488
Iteration:1000	Loss_mean:0.11209351881872863	Loss_std:0.13305831407547267
Iteration:1100	Loss_mean:0.10351042812966625	Loss_std:0.09609402561652872
Iteration:1200	Loss_mean:0.12269814394181594	Loss_std:0.12339097284116664
Iteration:1300	Loss_mean:0.08265085803519469	Loss_std:0.09965233025956582
Iteration:1400	Loss_mean:0.0641419607232092	Loss_std:0.07135757272613105
Iteration:1500	Loss_mean:0.05980123135057511	Loss_std:0.062318092343030054
Iteration:1600	Loss_mean:0.03841029027709737	Loss_std:0.03314950791556625
Iteration:1700	Loss_mean:0.03443589871632866	Loss_std:0.03456790219943453
Iteration:1800	Loss_mean:0.03581103894837725	Loss_std:0.04845371645272137
Iteration:1900	Loss_mean:0.030602006565895862	Loss_std:0.03849770069641588
Iteration:2000	Loss_mean:0.02669897880827193	Loss_std:0.030014623418589115
Iteration:2100	Loss_mean:0.026642527074582176	Loss_std:0.03181285817269446
Iteration:2200	Loss_mean:0.024248096278170123	Loss_std:0.02356746235854705
Iteration:2300	Loss_mean:0.01779859658825444	Loss_std:0.019180708738753164
Iteration:2400	Loss_mean:0.025586229260079564	Loss_std:0.027861709751766963
Iteration:2500	Loss_mean:0.022062426546763162	Loss_std:0.021571201652614076
Iteration:2600	Loss_mean:0.023967733577883336	Loss_std:0.019750163262075255
Iteration:2700	Loss_mean:0.022681273075868376	Loss_std:0.02381234097665825
Iteration:2800	Loss_mean:0.02267731249681674	Loss_std:0.026616439252002067
Iteration:2900	Loss_mean:0.02512975028192159	Loss_std:0.026347369552540717
Iteration:3000	Loss_mean:0.02312177777886973	Loss_std:0.026529002191826138
Iteration:3100	Loss_mean:0.018885006040509324	Loss_std:0.020155726234594495
Iteration:3200	Loss_mean:0.02118666007261709	Loss_std:0.021953318103506377
Iteration:3300	Loss_mean:0.02299609704186878	Loss_std:0.022740875772803388
Iteration:3400	Loss_mean:0.02170903955338872	Loss_std:0.022267605545536074
Iteration:3500	Loss_mean:0.017532975682479447	Loss_std:0.01736291104553404
Iteration:3600	Loss_mean:0.02188978751335526	Loss_std:0.02200414202254957
Iteration:3700	Loss_mean:0.017115289596258663	Loss_std:0.021475601817274415
Iteration:3800	Loss_mean:0.024463059055087798	Loss_std:0.024897838094685605
Iteration:3900	Loss_mean:0.018757105373661032	Loss_std:0.017753404856136325
Iteration:4000	Loss_mean:0.020942888803838287	Loss_std:0.023263649690295596
Iteration:4100	Loss_mean:0.02336468149907887	Loss_std:0.02693767162778423
Iteration:4200	Loss_mean:0.020513152751955203	Loss_std:0.02403552403343747
Iteration:4300	Loss_mean:0.021766661836882122	Loss_std:0.021023771694057794
Iteration:4400	Loss_mean:0.01829743606649572	Loss_std:0.018239685966677504
Iteration:4500	Loss_mean:0.013722425864834804	Loss_std:0.016100540334617743
Iteration:4600	Loss_mean:0.018375915851211174	Loss_std:0.019228595853377026
Iteration:4700	Loss_mean:0.02273291160487133	Loss_std:0.025519367128804118
Iteration:4800	Loss_mean:0.02224236595673574	Loss_std:0.021148270900208363
Iteration:4900	Loss_mean:0.021015736691770145	Loss_std:0.02482123886681339
Iteration:5000	Loss_mean:0.025557451747299637	Loss_std:0.027038992868147795
Iteration:5100	Loss_mean:0.023345662775973323	Loss_std:0.02858825277742414
Iteration:5200	Loss_mean:0.02233379919838626	Loss_std:0.0233949690501047
Iteration:5300	Loss_mean:0.021037236588599625	Loss_std:0.02645076459848862
Iteration:5400	Loss_mean:0.0205091687773529	Loss_std:0.02645769084397747
Iteration:5500	Loss_mean:0.01792050421994645	Loss_std:0.017905985663777324
Iteration:5600	Loss_mean:0.01626612860825844	Loss_std:0.017057424193866532
Iteration:5700	Loss_mean:0.022346266458334867	Loss_std:0.022732170738132638
Iteration:5800	Loss_mean:0.0180055539085879	Loss_std:0.01876833832064791
Iteration:5900	Loss_mean:0.018069925346135277	Loss_std:0.01707757326241021
Iteration:6000	Loss_mean:0.018997172327144655	Loss_std:0.02037759390983231
Iteration:6100	Loss_mean:0.019259096988962485	Loss_std:0.021756566149613805
Iteration:6200	Loss_mean:0.016204179839460268	Loss_std:0.016361833659428397
Iteration:6300	Loss_mean:0.018908744878863216	Loss_std:0.019568778230701953
Iteration:6400	Loss_mean:0.015465964962495492	Loss_std:0.016210886995522734
Iteration:6500	Loss_mean:0.01739690319766851	Loss_std:0.020905542766486446
Iteration:6600	Loss_mean:0.019174476154439617	Loss_std:0.019585519507167415
Iteration:6700	Loss_mean:0.02341446176331374	Loss_std:0.029977857546846204
Iteration:6800	Loss_mean:0.020776269716152457	Loss_std:0.023197459223389578
Iteration:6900	Loss_mean:0.018974040009488817	Loss_std:0.02137129309998859
Iteration:7000	Loss_mean:0.014987267833748773	Loss_std:0.015892736567308906
Iteration:7100	Loss_mean:0.01860788857738953	Loss_std:0.018896632317489486
Iteration:7200	Loss_mean:0.020656651574536226	Loss_std:0.02622950912824444
Iteration:7300	Loss_mean:0.01606924666732084	Loss_std:0.017310281835122728
Iteration:7400	Loss_mean:0.018662513031449633	Loss_std:0.02447285005538095
Iteration:7500	Loss_mean:0.01859101030873717	Loss_std:0.019434328864546595
Iteration:7600	Loss_mean:0.01536159486953693	Loss_std:0.019734103261048963
Iteration:7700	Loss_mean:0.017319187251414406	Loss_std:0.019517802241045903
Iteration:7800	Loss_mean:0.015075751443255285	Loss_std:0.014990277768957233
Iteration:7900	Loss_mean:0.0205426467100051	Loss_std:0.02256612554522557
Iteration:8000	Loss_mean:0.016855156152450944	Loss_std:0.019578802371303154
Iteration:8100	Loss_mean:0.016538103892817162	Loss_std:0.0153733796232146
Iteration:8200	Loss_mean:0.023624371577006968	Loss_std:0.026426115071747743
Iteration:8300	Loss_mean:0.01551289065508172	Loss_std:0.01780709188703093
Iteration:8400	Loss_mean:0.015420187145064119	Loss_std:0.01845519233432411
Iteration:8500	Loss_mean:0.016490216251841047	Loss_std:0.018136442036522194
Iteration:8600	Loss_mean:0.017763228908734163	Loss_std:0.015728616408953084
Iteration:8700	Loss_mean:0.013580922486580676	Loss_std:0.014050023376813
Iteration:8800	Loss_mean:0.01908619911133428	Loss_std:0.02206713700592171
Iteration:8900	Loss_mean:0.019142214932762726	Loss_std:0.02173554424872961
Iteration:9000	Loss_mean:0.017816893680210343	Loss_std:0.01752288002148538
Iteration:9100	Loss_mean:0.014190881909016753	Loss_std:0.014164028680297126
Iteration:9200	Loss_mean:0.018000710358610377	Loss_std:0.020949635141898605
Iteration:9300	Loss_mean:0.016346244170708814	Loss_std:0.01819171258408371
Iteration:9400	Loss_mean:0.01804469369686558	Loss_std:0.024571703365863815
Iteration:9500	Loss_mean:0.014500789318990428	Loss_std:0.013896281613797709
Iteration:9600	Loss_mean:0.016782091593777294	Loss_std:0.02052482649345189
Iteration:9700	Loss_mean:0.01424072297901148	Loss_std:0.014776507553662293
Iteration:9800	Loss_mean:0.01575242860126309	Loss_std:0.016906848936078054
Iteration:9900	Loss_mean:0.015548508141073399	Loss_std:0.016965711982072817
Iteration:10000	Loss_mean:0.01520826209889492	Loss_std:0.015775926989699103
Iteration:10100	Loss_mean:0.01697532962236437	Loss_std:0.019073194901324995
Iteration:10200	Loss_mean:0.017363485164241865	Loss_std:0.019178583579892116
Iteration:10300	Loss_mean:0.015512845995399403	Loss_std:0.01978026757541676
Iteration:10400	Loss_mean:0.016755870471752133	Loss_std:0.019168360215774834
Iteration:10500	Loss_mean:0.017767058267636457	Loss_std:0.017066037469810332
Iteration:10600	Loss_mean:0.015408395198755897	Loss_std:0.022528084201971672
Iteration:10700	Loss_mean:0.013824138581694569	Loss_std:0.016214096971137418
Iteration:10800	Loss_mean:0.01700188893068116	Loss_std:0.017752246475256576
Iteration:10900	Loss_mean:0.014403339411801426	Loss_std:0.015325298616896674
Iteration:11000	Loss_mean:0.013515066889294759	Loss_std:0.014491330889867007
Iteration:11100	Loss_mean:0.013572808265162167	Loss_std:0.013402171380303642
Iteration:11200	Loss_mean:0.014075132425059565	Loss_std:0.01319460574158959
Iteration:11300	Loss_mean:0.014437441254267469	Loss_std:0.016728758690679975
Iteration:11400	Loss_mean:0.01539277024799958	Loss_std:0.01684180947974567
Iteration:11500	Loss_mean:0.015396192913030973	Loss_std:0.017827190976424247
Iteration:11600	Loss_mean:0.012846780284889973	Loss_std:0.011868537165066353
Iteration:11700	Loss_mean:0.013990653645128076	Loss_std:0.015743316654472737
Iteration:11800	Loss_mean:0.011736195820340072	Loss_std:0.011851171979826176
Iteration:11900	Loss_mean:0.013349541351672087	Loss_std:0.014624743058601609
Iteration:12000	Loss_mean:0.014516954009231996	Loss_std:0.014201818062892196
Iteration:12100	Loss_mean:0.014844653593754628	Loss_std:0.014766863657792718
Iteration:12200	Loss_mean:0.017432551106940083	Loss_std:0.020606846849904072
Iteration:12300	Loss_mean:0.015223243439977522	Loss_std:0.016246180519803484
Iteration:12400	Loss_mean:0.012239012643840396	Loss_std:0.013114631336302056
Iteration:12500	Loss_mean:0.013996033863813864	Loss_std:0.016124407157125653
Iteration:12600	Loss_mean:0.0122812664679077	Loss_std:0.01374699755283275
Iteration:12700	Loss_mean:0.01412654547524653	Loss_std:0.015493148627316596
Iteration:12800	Loss_mean:0.013332236874502997	Loss_std:0.014229333558958387
Iteration:12900	Loss_mean:0.01211491508738618	Loss_std:0.013145220316514671
Iteration:13000	Loss_mean:0.01192022427192569	Loss_std:0.009959660889978102
Iteration:13100	Loss_mean:0.014377506974997232	Loss_std:0.01749049382570101
Iteration:13200	Loss_mean:0.014262295773951337	Loss_std:0.01429440496989139
Iteration:13300	Loss_mean:0.014028826820285757	Loss_std:0.014817068813017338
Iteration:13400	Loss_mean:0.013305458624927269	Loss_std:0.015439846815273026
Iteration:13500	Loss_mean:0.011726939074724213	Loss_std:0.01156838580997331
Iteration:13600	Loss_mean:0.011393624399970577	Loss_std:0.012118307078916623
Iteration:13700	Loss_mean:0.013815317725384375	Loss_std:0.013061810681168066
Iteration:13800	Loss_mean:0.013362639544648119	Loss_std:0.014526603189572985
Iteration:13900	Loss_mean:0.01189479511929676	Loss_std:0.014076168803854476
Iteration:14000	Loss_mean:0.01147362073178556	Loss_std:0.013096229848462463
Iteration:14100	Loss_mean:0.01049604102401645	Loss_std:0.011405679915081752
Iteration:14200	Loss_mean:0.014855258685529407	Loss_std:0.018708588312836096
Iteration:14300	Loss_mean:0.01258278038658318	Loss_std:0.015175595360415493
Iteration:14400	Loss_mean:0.012740315337359788	Loss_std:0.015462226014356104
Iteration:14500	Loss_mean:0.014415391847724095	Loss_std:0.015216174389269045
Iteration:14600	Loss_mean:0.011016590505460045	Loss_std:0.011208821297062334
Iteration:14700	Loss_mean:0.01438990423677069	Loss_std:0.018125618585800966
Iteration:14800	Loss_mean:0.014595542991737603	Loss_std:0.015298398978251169
Iteration:14900	Loss_mean:0.01533783165165005	Loss_std:0.016687027125940716
Iteration:15000	Loss_mean:0.01443179114459781	Loss_std:0.01606862716399769
Iteration:15100	Loss_mean:0.01261853079951834	Loss_std:0.013310818346515464
Iteration:15200	Loss_mean:0.01325853348855162	Loss_std:0.014612507333298871
Iteration:15300	Loss_mean:0.01304337936147931	Loss_std:0.015524413551878016
Iteration:15400	Loss_mean:0.013655912129906937	Loss_std:0.014969650963730237
Iteration:15500	Loss_mean:0.01070441925425257	Loss_std:0.01303300957429689
Iteration:15600	Loss_mean:0.015437420544330963	Loss_std:0.017382942208760577
Iteration:15700	Loss_mean:0.011796382100874326	Loss_std:0.012721314586083813
Iteration:15800	Loss_mean:0.012811303217022214	Loss_std:0.013696607386643344
Iteration:15900	Loss_mean:0.012370999062113697	Loss_std:0.012513226201869412
Iteration:16000	Loss_mean:0.014186247993638972	Loss_std:0.015721387829991048
Iteration:16100	Loss_mean:0.010159621285347385	Loss_std:0.011776362140144023
Iteration:16200	Loss_mean:0.011553582949582052	Loss_std:0.013239808404438344
Iteration:16300	Loss_mean:0.013510249409882817	Loss_std:0.014994738094010062
Iteration:16400	Loss_mean:0.013031168045126834	Loss_std:0.013283228734069771
Iteration:16500	Loss_mean:0.012275638477294706	Loss_std:0.01122901860533427
Iteration:16600	Loss_mean:0.012093977629992878	Loss_std:0.0142654820294351
Iteration:16700	Loss_mean:0.010728438642036053	Loss_std:0.01363007246953362
Iteration:16800	Loss_mean:0.0143951203225879	Loss_std:0.014511484645261741
Iteration:16900	Loss_mean:0.0119106812493078	Loss_std:0.01296840864716885
Iteration:17000	Loss_mean:0.013631573635202586	Loss_std:0.015909968726125153
Iteration:17100	Loss_mean:0.014097377021826105	Loss_std:0.018127592583990042
Iteration:17200	Loss_mean:0.00928232891323205	Loss_std:0.008940695874587156
Iteration:17300	Loss_mean:0.011250409638305427	Loss_std:0.011011600372948429
Iteration:17400	Loss_mean:0.012378408747590584	Loss_std:0.013843028485601866
Iteration:17500	Loss_mean:0.013487058706887182	Loss_std:0.015531680755925896
Iteration:17600	Loss_mean:0.012580956729009359	Loss_std:0.014804767049041453
Iteration:17700	Loss_mean:0.011813804903940763	Loss_std:0.011857888190500113
Iteration:17800	Loss_mean:0.009900590277575248	Loss_std:0.011491211218541563
Iteration:17900	Loss_mean:0.01293906467701163	Loss_std:0.014039943103189413
Iteration:18000	Loss_mean:0.011984034180641175	Loss_std:0.013217832563958469
Iteration:18100	Loss_mean:0.012715235627129005	Loss_std:0.013713238367619908
Iteration:18200	Loss_mean:0.012689785756519996	Loss_std:0.01189242815117817
Iteration:18300	Loss_mean:0.012466350662944024	Loss_std:0.013438521511259004
Iteration:18400	Loss_mean:0.01063867294735246	Loss_std:0.014518095206432222
Iteration:18500	Loss_mean:0.011087046076136175	Loss_std:0.010207710229438918
Iteration:18600	Loss_mean:0.011086299625276297	Loss_std:0.011305024612556603
Iteration:18700	Loss_mean:0.01203846031363355	Loss_std:0.01568122867784234
Iteration:18800	Loss_mean:0.009949357193340802	Loss_std:0.010790204910143947
Iteration:18900	Loss_mean:0.010593156433096738	Loss_std:0.0105949953429294
Iteration:19000	Loss_mean:0.009688585380554287	Loss_std:0.008875916461944106
Iteration:19100	Loss_mean:0.010821594264707529	Loss_std:0.012972321803603672
Iteration:19200	Loss_mean:0.011833785032067681	Loss_std:0.014358108341068357
Iteration:19300	Loss_mean:0.010505936641129665	Loss_std:0.013314786905986774
Iteration:19400	Loss_mean:0.010061006482446828	Loss_std:0.012142988005496786
Iteration:19500	Loss_mean:0.012997328611600096	Loss_std:0.0183648940597649
Iteration:19600	Loss_mean:0.008307591818011132	Loss_std:0.0071203212658507795
Iteration:19700	Loss_mean:0.01095802763105894	Loss_std:0.01196372590547236
Iteration:19800	Loss_mean:0.00993527782477031	Loss_std:0.009455135658793861
Iteration:19900	Loss_mean:0.010216775458059147	Loss_std:0.010923866082629262
Iteration:20000	Loss_mean:0.010108040755803814	Loss_std:0.011378821698459355
Iteration:20100	Loss_mean:0.01122853041808412	Loss_std:0.010954482017376284
Iteration:20200	Loss_mean:0.010746304681815673	Loss_std:0.012710120376188834
Iteration:20300	Loss_mean:0.012460883454841677	Loss_std:0.015405225614210245
Iteration:20400	Loss_mean:0.011017616586668737	Loss_std:0.01507847016019136
Iteration:20500	Loss_mean:0.010936525567740319	Loss_std:0.013031306159264825
Iteration:20600	Loss_mean:0.012027812172746052	Loss_std:0.015088695257545994
Iteration:20700	Loss_mean:0.012004697112424766	Loss_std:0.012356365042210944
Iteration:20800	Loss_mean:0.010089462131618347	Loss_std:0.009851270876055496
Iteration:20900	Loss_mean:0.009518911322973054	Loss_std:0.009563754207968449
Iteration:21000	Loss_mean:0.011634267954941607	Loss_std:0.010275365676538908
Iteration:21100	Loss_mean:0.01052971276880271	Loss_std:0.011184954299505428
Iteration:21200	Loss_mean:0.010749702692264692	Loss_std:0.012076230187724142
Iteration:21300	Loss_mean:0.01020065103599336	Loss_std:0.012459765538342753
Iteration:21400	Loss_mean:0.01083468719109078	Loss_std:0.010131399710312882
Iteration:21500	Loss_mean:0.012440980763894913	Loss_std:0.014017217915721018
Iteration:21600	Loss_mean:0.009027299031658912	Loss_std:0.009554796289766887
Iteration:21700	Loss_mean:0.011738949091877657	Loss_std:0.012832569231608632
Iteration:21800	Loss_mean:0.00996333014467382	Loss_std:0.010293177946952486
Iteration:21900	Loss_mean:0.011261528176582943	Loss_std:0.01309631316595954
Iteration:22000	Loss_mean:0.009338835258567997	Loss_std:0.009503605463123725
Iteration:22100	Loss_mean:0.01129420814650075	Loss_std:0.011797605115785547
Iteration:22200	Loss_mean:0.011496515582548454	Loss_std:0.013911007390502599
Iteration:22300	Loss_mean:0.010974629156262381	Loss_std:0.010745363336913862
Iteration:22400	Loss_mean:0.012319922527385643	Loss_std:0.013607487573152702
Iteration:22500	Loss_mean:0.007777479668293381	Loss_std:0.008594269927556278
Iteration:22600	Loss_mean:0.010655236259917728	Loss_std:0.011212972964273513
Iteration:22700	Loss_mean:0.009531781163241248	Loss_std:0.009549587511496161
Iteration:22800	Loss_mean:0.010706723231342039	Loss_std:0.011457790653822183
Iteration:22900	Loss_mean:0.00940888619501493	Loss_std:0.009927174607126221
Iteration:23000	Loss_mean:0.010640827480328881	Loss_std:0.010917687484706428
Iteration:23100	Loss_mean:0.009649743318223046	Loss_std:0.008625569668287807
Iteration:23200	Loss_mean:0.00913817388816824	Loss_std:0.008523847180799207
Iteration:23300	Loss_mean:0.010255753488054324	Loss_std:0.009771667579372024
Iteration:23400	Loss_mean:0.011110271599009139	Loss_std:0.014292496049975404
Iteration:23500	Loss_mean:0.012189630291022695	Loss_std:0.012296453858020934
Iteration:23600	Loss_mean:0.009724292404898733	Loss_std:0.008642538771495028
Iteration:23700	Loss_mean:0.009241427996021229	Loss_std:0.009832296742210776
Iteration:23800	Loss_mean:0.011795021955913398	Loss_std:0.012088710356598899
Iteration:23900	Loss_mean:0.009621131043822971	Loss_std:0.009950120771116677
Iteration:24000	Loss_mean:0.009295146084550652	Loss_std:0.009257824381195335
Iteration:24100	Loss_mean:0.010520946879405529	Loss_std:0.008629181985534149
Iteration:24200	Loss_mean:0.01008071044801909	Loss_std:0.01083448711692783
Iteration:24300	Loss_mean:0.008655177211549016	Loss_std:0.009583044737869747
Iteration:24400	Loss_mean:0.009309617993612846	Loss_std:0.011237468547407087
Iteration:24500	Loss_mean:0.010780837987695122	Loss_std:0.010383519831812488
Iteration:24600	Loss_mean:0.009520333365580882	Loss_std:0.011525483435794813
Iteration:24700	Loss_mean:0.01064084092649864	Loss_std:0.01159734500573918
Iteration:24800	Loss_mean:0.00871517037070589	Loss_std:0.007299251971570043
Iteration:24900	Loss_mean:0.011561449803739379	Loss_std:0.012414554951801087
Iteration:25000	Loss_mean:0.011546869802477886	Loss_std:0.012367275927021547
Iteration:25100	Loss_mean:0.011276395993954793	Loss_std:0.017440920135223855
Iteration:25200	Loss_mean:0.010480067192111165	Loss_std:0.010371580199223586
Iteration:25300	Loss_mean:0.009781916939391521	Loss_std:0.009895220222691122
Iteration:25400	Loss_mean:0.008688901915302267	Loss_std:0.007771416296419916
Iteration:25500	Loss_mean:0.009658675486462017	Loss_std:0.00932176537339075
Iteration:25600	Loss_mean:0.009644896875106496	Loss_std:0.010407927072767234
Iteration:25700	Loss_mean:0.009808198745304253	Loss_std:0.010235834901527572
Iteration:25800	Loss_mean:0.0087665330776872	Loss_std:0.009134869137492254
Iteration:25900	Loss_mean:0.008898240821872605	Loss_std:0.008923401292390155
Iteration:26000	Loss_mean:0.010022069401456975	Loss_std:0.009099464085861837
Iteration:26100	Loss_mean:0.009935094827160356	Loss_std:0.011834350121721854
Iteration:26200	Loss_mean:0.00873386793275131	Loss_std:0.008843426674892088
Iteration:26300	Loss_mean:0.008217450832307804	Loss_std:0.007771289625726073
Iteration:26400	Loss_mean:0.009376917104818859	Loss_std:0.009269387695785667
Iteration:26500	Loss_mean:0.008475096572256006	Loss_std:0.008223664996868052
Iteration:26600	Loss_mean:0.009155003264604602	Loss_std:0.00934153718006674
Iteration:26700	Loss_mean:0.009482762510888278	Loss_std:0.010663554443783693
Iteration:26800	Loss_mean:0.009069877572910627	Loss_std:0.01266262469679822
Iteration:26900	Loss_mean:0.009969950210506794	Loss_std:0.010701362805720253
Iteration:27000	Loss_mean:0.009233490845508641	Loss_std:0.009579841844758045
Iteration:27100	Loss_mean:0.009077858862074208	Loss_std:0.009749834803053303
Iteration:27200	Loss_mean:0.008317840740073735	Loss_std:0.009712058679559854
Iteration:27300	Loss_mean:0.009862109127243456	Loss_std:0.009787495538770102
Iteration:27400	Loss_mean:0.008269912039831979	Loss_std:0.009246631385562292
Iteration:27500	Loss_mean:0.009826509564627486	Loss_std:0.011235148988033449
Iteration:27600	Loss_mean:0.009246332185621214	Loss_std:0.008659102313182057
Iteration:27700	Loss_mean:0.011280797951330896	Loss_std:0.014526764926157629
Iteration:27800	Loss_mean:0.009407541332475376	Loss_std:0.009240603380041545
Iteration:27900	Loss_mean:0.00901163005422859	Loss_std:0.009469787653595112
Iteration:28000	Loss_mean:0.00819727558609884	Loss_std:0.008706430550843542
Iteration:28100	Loss_mean:0.008971095786473598	Loss_std:0.009326389901964521
Iteration:28200	Loss_mean:0.00920339746910031	Loss_std:0.009368750669786065
Iteration:28300	Loss_mean:0.009752390670109889	Loss_std:0.01245185578306402
Iteration:28400	Loss_mean:0.008294809228827945	Loss_std:0.008320454726263327
Iteration:28500	Loss_mean:0.00935368792477675	Loss_std:0.010797654092667815
Iteration:28600	Loss_mean:0.010741344760681386	Loss_std:0.012856581699601298
Iteration:28700	Loss_mean:0.009245058726137359	Loss_std:0.012183670127975362
Iteration:28800	Loss_mean:0.010135438781435368	Loss_std:0.011526131423294547
Iteration:28900	Loss_mean:0.007815296416056298	Loss_std:0.009748474802245811
Iteration:29000	Loss_mean:0.00862401281192433	Loss_std:0.008071201370193808
Iteration:29100	Loss_mean:0.0097271745091507	Loss_std:0.009534628441870353
Iteration:29200	Loss_mean:0.008397014224756276	Loss_std:0.008938670174187325
Iteration:29300	Loss_mean:0.009595689820198459	Loss_std:0.008937304781536521
Iteration:29400	Loss_mean:0.007205543695235974	Loss_std:0.007555877307727707
Iteration:29500	Loss_mean:0.008956210154283327	Loss_std:0.008771082455013393
Iteration:29600	Loss_mean:0.010968485288449301	Loss_std:0.011093248657637172
Iteration:29700	Loss_mean:0.008670448425982613	Loss_std:0.009990892768571564
Iteration:29800	Loss_mean:0.010587792090373114	Loss_std:0.009452035339070939
Iteration:29900	Loss_mean:0.008989503929478814	Loss_std:0.008846696436396337
Iteration:30000	Loss_mean:0.008823080367833427	Loss_std:0.0104149911218589
Iteration:30100	Loss_mean:0.008595156214287272	Loss_std:0.010654727245118355
Iteration:30200	Loss_mean:0.009474170689791207	Loss_std:0.00946912975387112
Iteration:30300	Loss_mean:0.009339035874872934	Loss_std:0.009963031624340413
Iteration:30400	Loss_mean:0.009446447122700192	Loss_std:0.010059262682571199
Iteration:30500	Loss_mean:0.009472511292042327	Loss_std:0.009104609263255006
Iteration:30600	Loss_mean:0.008251913124477142	Loss_std:0.01114330081786107
Iteration:30700	Loss_mean:0.009155147539713653	Loss_std:0.009046311943801429
Iteration:30800	Loss_mean:0.008225288483372424	Loss_std:0.007539212252400793
Iteration:30900	Loss_mean:0.010584164518222678	Loss_std:0.014527712611896969
Iteration:31000	Loss_mean:0.010562382842472288	Loss_std:0.011765519344048445
Iteration:31100	Loss_mean:0.009816472876264016	Loss_std:0.010224090855649749
Iteration:31200	Loss_mean:0.008129906137437502	Loss_std:0.008445886233158152
Iteration:31300	Loss_mean:0.010258579692053899	Loss_std:0.010712724970019986
Iteration:31400	Loss_mean:0.009430682923775748	Loss_std:0.010042553653238022
Iteration:31500	Loss_mean:0.007708093944675056	Loss_std:0.009804421882090094
Iteration:31600	Loss_mean:0.007769522444432369	Loss_std:0.00706295905264109
Iteration:31700	Loss_mean:0.00855251073196996	Loss_std:0.009540652548447392
Iteration:31800	Loss_mean:0.009553266977891326	Loss_std:0.009483119538701646
Iteration:31900	Loss_mean:0.007999923298302746	Loss_std:0.008200197811923902
Iteration:32000	Loss_mean:0.00974410917613568	Loss_std:0.011097854815809858
Iteration:32100	Loss_mean:0.007867031159694306	Loss_std:0.007595572833977499
Iteration:32200	Loss_mean:0.008876732690259815	Loss_std:0.009256735597278848
Iteration:32300	Loss_mean:0.008436065935384249	Loss_std:0.007242313372699289
Iteration:32400	Loss_mean:0.008522649892038317	Loss_std:0.008235989303357836
Iteration:32500	Loss_mean:0.007105730295588728	Loss_std:0.00653847751649828
Iteration:32600	Loss_mean:0.009981697845250891	Loss_std:0.010252727566561974
Iteration:32700	Loss_mean:0.010352389570580272	Loss_std:0.013568993312535022
Iteration:32800	Loss_mean:0.00949276470739278	Loss_std:0.00992506953598492
Iteration:32900	Loss_mean:0.009060241509287153	Loss_std:0.010641313642274533
Iteration:33000	Loss_mean:0.008647772338881622	Loss_std:0.009119114011341394
Iteration:33100	Loss_mean:0.009169317887572106	Loss_std:0.008355201598343357
Iteration:33200	Loss_mean:0.008664608397812117	Loss_std:0.008897038495697908
Iteration:33300	Loss_mean:0.008846859219966063	Loss_std:0.009256293142067669
Iteration:33400	Loss_mean:0.008582768583291909	Loss_std:0.008528884494437878
Iteration:33500	Loss_mean:0.008989540768525331	Loss_std:0.010988767922431966
Iteration:33600	Loss_mean:0.008796467787251459	Loss_std:0.010318257581864896
Iteration:33700	Loss_mean:0.009721505570923909	Loss_std:0.012976000369690167
Iteration:33800	Loss_mean:0.008929960739078525	Loss_std:0.008799533731300761
Iteration:33900	Loss_mean:0.009452864388586023	Loss_std:0.009379458550763593
Iteration:34000	Loss_mean:0.009467297316150506	Loss_std:0.009351686941666182
Iteration:34100	Loss_mean:0.006365781601989511	Loss_std:0.006672721943578335
Iteration:34200	Loss_mean:0.008239745859500545	Loss_std:0.008532828073207632
Iteration:34300	Loss_mean:0.00983143585108337	Loss_std:0.00990895867510801
Iteration:34400	Loss_mean:0.008538057857076637	Loss_std:0.008502856532679143
Iteration:34500	Loss_mean:0.010268068850569084	Loss_std:0.009116055443370026
Iteration:34600	Loss_mean:0.009011977500267675	Loss_std:0.008397511350596909
Iteration:34700	Loss_mean:0.009639648779120762	Loss_std:0.01094799427631701
Iteration:34800	Loss_mean:0.009893588577033369	Loss_std:0.00993837025564378
Iteration:34900	Loss_mean:0.009529489942797226	Loss_std:0.009027485525886248
Iteration:35000	Loss_mean:0.008372969172778539	Loss_std:0.007376414889901643
Iteration:35100	Loss_mean:0.009223963667536736	Loss_std:0.00992397404910575
Iteration:35200	Loss_mean:0.007208634890412213	Loss_std:0.006850483141129167
Iteration:35300	Loss_mean:0.009605158242557081	Loss_std:0.01069137604204761
Iteration:35400	Loss_mean:0.009403292563001741	Loss_std:0.009858206994205903
Iteration:35500	Loss_mean:0.007916261256686994	Loss_std:0.009137116214845874
Iteration:35600	Loss_mean:0.009187773400262812	Loss_std:0.009557633471198668
Iteration:35700	Loss_mean:0.008068886596302036	Loss_std:0.007263240173857289
Iteration:35800	Loss_mean:0.008247311554514454	Loss_std:0.008460296910437967
Iteration:35900	Loss_mean:0.0074134194397629475	Loss_std:0.008254310150421424
Iteration:36000	Loss_mean:0.009457435643489588	Loss_std:0.00983421569519048
Iteration:36100	Loss_mean:0.006806350484403083	Loss_std:0.007768512052764239
Iteration:36200	Loss_mean:0.008841874074241786	Loss_std:0.009933009205370652
Iteration:36300	Loss_mean:0.007199524209354422	Loss_std:0.007899654733099951
Iteration:36400	Loss_mean:0.008098889288303325	Loss_std:0.009515551683355763
Iteration:36500	Loss_mean:0.007292422091923072	Loss_std:0.00729483723559991
Iteration:36600	Loss_mean:0.008047316075899289	Loss_std:0.007045672434452647
Iteration:36700	Loss_mean:0.008456386716898124	Loss_std:0.010043366621049545
Iteration:36800	Loss_mean:0.008159863922446674	Loss_std:0.008638417209503299
Iteration:36900	Loss_mean:0.00936198294890346	Loss_std:0.010740259588319173
Iteration:37000	Loss_mean:0.008228469249224872	Loss_std:0.00797599792761571
Iteration:37100	Loss_mean:0.008045845003180148	Loss_std:0.008393071983046495
Iteration:37200	Loss_mean:0.007604595983007129	Loss_std:0.008309847538346257
Iteration:37300	Loss_mean:0.0072726514817912855	Loss_std:0.00786202886193088
Iteration:37400	Loss_mean:0.007696721714983141	Loss_std:0.006726528016318739
Iteration:37500	Loss_mean:0.009028705092350719	Loss_std:0.013769302685499711
Iteration:37600	Loss_mean:0.008058552253723974	Loss_std:0.008685505372146797
Iteration:37700	Loss_mean:0.007733514492210816	Loss_std:0.0061180572049949755
Iteration:37800	Loss_mean:0.009181621205207192	Loss_std:0.009150377449167493
Iteration:37900	Loss_mean:0.008822905105917015	Loss_std:0.010164055205770748
Iteration:38000	Loss_mean:0.00803794764313352	Loss_std:0.008495137820090953
Iteration:38100	Loss_mean:0.007866650602827575	Loss_std:0.009672853413501275
Iteration:38200	Loss_mean:0.007701049209499615	Loss_std:0.006787757121684518
Iteration:38300	Loss_mean:0.008473710345861037	Loss_std:0.01006538155810232
Iteration:38400	Loss_mean:0.00816801867855247	Loss_std:0.008618321590785022
Iteration:38500	Loss_mean:0.010059198308590566	Loss_std:0.008461087922911854
Iteration:38600	Loss_mean:0.006831431545215309	Loss_std:0.007573052138915696
Iteration:38700	Loss_mean:0.009482415213133208	Loss_std:0.008445131271420103
Iteration:38800	Loss_mean:0.009503241356360376	Loss_std:0.008992968362937243
Iteration:38900	Loss_mean:0.006535559712392569	Loss_std:0.007170812447629055
Iteration:39000	Loss_mean:0.010089311640476807	Loss_std:0.011396670829824295
Iteration:39100	Loss_mean:0.00963949592485733	Loss_std:0.010742903392805252
Iteration:39200	Loss_mean:0.0075191143444862975	Loss_std:0.007322372337330297
Iteration:39300	Loss_mean:0.008242597092630604	Loss_std:0.009052515435273252
Iteration:39400	Loss_mean:0.007839378925782512	Loss_std:0.007957972487565995
Iteration:39500	Loss_mean:0.008600243743348984	Loss_std:0.009676305689347265
Iteration:39600	Loss_mean:0.008587752942648876	Loss_std:0.009924674155883731
Iteration:39700	Loss_mean:0.007105299680843018	Loss_std:0.00781501351350894
Iteration:39800	Loss_mean:0.009455116345197894	Loss_std:0.010630234561165453
Iteration:39900	Loss_mean:0.009344042927755253	Loss_std:0.010181625529757255
Iteration:40000	Loss_mean:0.0076295929141633675	Loss_std:0.008896888739966847
Iteration:40100	Loss_mean:0.008394746120611671	Loss_std:0.009178412186920327
Iteration:40200	Loss_mean:0.008152656578113237	Loss_std:0.008864831768423094
Iteration:40300	Loss_mean:0.006671379545878153	Loss_std:0.006263606002707726
Iteration:40400	Loss_mean:0.007709157938261341	Loss_std:0.007887520054009627
Iteration:40500	Loss_mean:0.006867628915715613	Loss_std:0.008406895623088762
Iteration:40600	Loss_mean:0.008223943197081099	Loss_std:0.007482946544928263
Iteration:40700	Loss_mean:0.007037976699939464	Loss_std:0.007156151879924571
Iteration:40800	Loss_mean:0.008270577356770446	Loss_std:0.009517686616266122
Iteration:40900	Loss_mean:0.007560535297052411	Loss_std:0.006623623310751324
Iteration:41000	Loss_mean:0.010248299967788626	Loss_std:0.009367619308539885
Iteration:41100	Loss_mean:0.0074185583600774405	Loss_std:0.007315740374481454
Iteration:41200	Loss_mean:0.007513542064389185	Loss_std:0.00786254313578355
Iteration:41300	Loss_mean:0.00748083946906263	Loss_std:0.006331112700544814
Iteration:41400	Loss_mean:0.007749577038084681	Loss_std:0.00885166317852478
Iteration:41500	Loss_mean:0.008348669142797006	Loss_std:0.009003103376523191
Iteration:41600	Loss_mean:0.0087793031783076	Loss_std:0.008671375801702621
Iteration:41700	Loss_mean:0.007129014706988528	Loss_std:0.007811612494728551
Iteration:41800	Loss_mean:0.006881565976145794	Loss_std:0.006846646181486066
Iteration:41900	Loss_mean:0.00702837608558184	Loss_std:0.007088686955145364
Iteration:42000	Loss_mean:0.00809871902471059	Loss_std:0.006408570659411735
Iteration:42100	Loss_mean:0.00799077016839874	Loss_std:0.007007472761809111
Iteration:42200	Loss_mean:0.007927554292064088	Loss_std:0.012515836206146904
Iteration:42300	Loss_mean:0.008209428852442215	Loss_std:0.008399575676499096
Iteration:42400	Loss_mean:0.007669696367083816	Loss_std:0.009482393966965787
Iteration:42500	Loss_mean:0.0072363094297179485	Loss_std:0.007072747454597543
Iteration:42600	Loss_mean:0.006528712325562082	Loss_std:0.006324454625224891
Iteration:42700	Loss_mean:0.00802959050044592	Loss_std:0.009503378902935738
Iteration:42800	Loss_mean:0.007328915900625361	Loss_std:0.007120531639526674
Iteration:42900	Loss_mean:0.008005552353497479	Loss_std:0.008343253231339838
Iteration:43000	Loss_mean:0.008630377813533414	Loss_std:0.009827400324980333
Iteration:43100	Loss_mean:0.008319340977323009	Loss_std:0.008542076705300865
Iteration:43200	Loss_mean:0.008109131616947707	Loss_std:0.00878205925007625
Iteration:43300	Loss_mean:0.007358317111975338	Loss_std:0.006107694879425257
Iteration:43400	Loss_mean:0.007838387037118082	Loss_std:0.007700970557040529
Iteration:43500	Loss_mean:0.008560069368904806	Loss_std:0.007210388545714134
Iteration:43600	Loss_mean:0.008349011941609205	Loss_std:0.006928118506853921
Iteration:43700	Loss_mean:0.007172673371078417	Loss_std:0.0076128796773533855
Iteration:43800	Loss_mean:0.006024609812448034	Loss_std:0.005685301563417199
Iteration:43900	Loss_mean:0.007953137294825864	Loss_std:0.008312404751415486
Iteration:44000	Loss_mean:0.007175056823216437	Loss_std:0.006557301309733514
Iteration:44100	Loss_mean:0.009588811231951695	Loss_std:0.007981964449731375
Iteration:44200	Loss_mean:0.006343154388455332	Loss_std:0.005894720945667551
Iteration:44300	Loss_mean:0.008950931428116746	Loss_std:0.008956137163790363
Iteration:44400	Loss_mean:0.009254071801697137	Loss_std:0.00856771191203892
Iteration:44500	Loss_mean:0.007677428534807404	Loss_std:0.0086017193150031
Iteration:44600	Loss_mean:0.0074718052946263925	Loss_std:0.007717519212374515
Iteration:44700	Loss_mean:0.007498955315022613	Loss_std:0.006394481589034487
Iteration:44800	Loss_mean:0.00934176956070587	Loss_std:0.0098663143487895
Iteration:44900	Loss_mean:0.00873294640393965	Loss_std:0.008500899226560124
Iteration:45000	Loss_mean:0.009339794488041661	Loss_std:0.009214440802172891
Iteration:45100	Loss_mean:0.007951132676164435	Loss_std:0.00836062776621172
Iteration:45200	Loss_mean:0.0073501917568501085	Loss_std:0.007449611124550418
Iteration:45300	Loss_mean:0.0068143325112032475	Loss_std:0.00657528625153499
Iteration:45400	Loss_mean:0.007272510771763337	Loss_std:0.006818195099779522
Iteration:45500	Loss_mean:0.008345443514372164	Loss_std:0.010340318821929022
Iteration:45600	Loss_mean:0.007932739148964174	Loss_std:0.007276401835276505
Iteration:45700	Loss_mean:0.007587819337022666	Loss_std:0.007317434895749892
Iteration:45800	Loss_mean:0.007660036931060859	Loss_std:0.007551898299056512
Iteration:45900	Loss_mean:0.007447889831382781	Loss_std:0.00772022374041956
Iteration:46000	Loss_mean:0.007135218718103715	Loss_std:0.006224993481522062
Iteration:46100	Loss_mean:0.0075769214202864536	Loss_std:0.008250218464520231
Iteration:46200	Loss_mean:0.006382596889698107	Loss_std:0.006276130679836111
Iteration:46300	Loss_mean:0.008462037575154681	Loss_std:0.008601858351088416
Iteration:46400	Loss_mean:0.0066379072818563145	Loss_std:0.008282561889511503
Iteration:46500	Loss_mean:0.007954830210583168	Loss_std:0.009455082093061012
Iteration:46600	Loss_mean:0.007875474659049359	Loss_std:0.007362284024479577
Iteration:46700	Loss_mean:0.007499521389254369	Loss_std:0.007812568952195498
Iteration:46800	Loss_mean:0.008123635657466367	Loss_std:0.009313946727226406
Iteration:46900	Loss_mean:0.007149900049844291	Loss_std:0.007443163446208133
Iteration:47000	Loss_mean:0.007796560619171941	Loss_std:0.008292379811928836
Iteration:47100	Loss_mean:0.007732538988657325	Loss_std:0.007497666324704402
Iteration:47200	Loss_mean:0.007907863502186956	Loss_std:0.008261247602114016
Iteration:47300	Loss_mean:0.007707710516406223	Loss_std:0.007812169364924449
Iteration:47400	Loss_mean:0.008096332066343167	Loss_std:0.0067752388978505615
Iteration:47500	Loss_mean:0.006164052369394994	Loss_std:0.006924090928975964
Iteration:47600	Loss_mean:0.007316355611801555	Loss_std:0.0072490852611535985
Iteration:47700	Loss_mean:0.006433666461853136	Loss_std:0.0070172858414525195
Iteration:47800	Loss_mean:0.006637855947619755	Loss_std:0.007602050328986301
Iteration:47900	Loss_mean:0.0059323576102906376	Loss_std:0.0057144625830865626
Iteration:48000	Loss_mean:0.007452289287339226	Loss_std:0.007303109656548478
Iteration:48100	Loss_mean:0.007770175954919978	Loss_std:0.008809129714786815
Iteration:48200	Loss_mean:0.007469160031832871	Loss_std:0.00694522150942096
Iteration:48300	Loss_mean:0.00846799454808206	Loss_std:0.007746112075147264
Iteration:48400	Loss_mean:0.008333183959693997	Loss_std:0.008170517866505037
Iteration:48500	Loss_mean:0.008538756489142542	Loss_std:0.008309330907917948
Iteration:48600	Loss_mean:0.006934325374895706	Loss_std:0.006519328507721782
Iteration:48700	Loss_mean:0.007940799143980257	Loss_std:0.008083976209809374
Iteration:48800	Loss_mean:0.00664543014834635	Loss_std:0.007014143222604058
Iteration:48900	Loss_mean:0.008739314339763951	Loss_std:0.009412598411480656
Iteration:49000	Loss_mean:0.008313522485332214	Loss_std:0.008253786230324913
Iteration:49100	Loss_mean:0.006880563977611018	Loss_std:0.00680381103363126
Iteration:49200	Loss_mean:0.008169715913518304	Loss_std:0.007540166798778597
Iteration:49300	Loss_mean:0.0076580011231999374	Loss_std:0.007077609569482553
Iteration:49400	Loss_mean:0.0065364617012346575	Loss_std:0.007003732614870099
Iteration:49500	Loss_mean:0.007011914654285647	Loss_std:0.008073190437810822
Iteration:49600	Loss_mean:0.0065791229964088415	Loss_std:0.0053964076452390685
Iteration:49700	Loss_mean:0.007882718643668341	Loss_std:0.00697283384318093
Iteration:49800	Loss_mean:0.00802146812517094	Loss_std:0.007928704999434225
Iteration:49900	Loss_mean:0.008393162669017329	Loss_std:0.007531584917225701
Modifying K
Fitting model on target unit
Iteration:0	Loss_mean:0.0011291399132460356	Loss_std:0.0
Iteration:100	Loss_mean:0.006889037874479982	Loss_std:0.005831149710639715
Iteration:200	Loss_mean:0.00815983550833721	Loss_std:0.00935998848939525
Iteration:300	Loss_mean:0.007991072148615785	Loss_std:0.00878722265391446
Iteration:400	Loss_mean:0.006815754613780882	Loss_std:0.00629596376548743
Iteration:500	Loss_mean:0.005900973012248869	Loss_std:0.005087597053660137
Iteration:600	Loss_mean:0.006959597057866631	Loss_std:0.007916155068454186
Iteration:700	Loss_mean:0.007750884372799191	Loss_std:0.007795349883717363
Iteration:800	Loss_mean:0.006687363913770241	Loss_std:0.007521783639146213
Iteration:900	Loss_mean:0.0057419858815410405	Loss_std:0.005759350847530745
Iteration:1000	Loss_mean:0.006372338323235454	Loss_std:0.006274030048914853
Iteration:1100	Loss_mean:0.00698135368154908	Loss_std:0.006041929657968778
Iteration:1200	Loss_mean:0.007046225220801716	Loss_std:0.006969100864626837
Iteration:1300	Loss_mean:0.005898284316645004	Loss_std:0.005830147638630866
Iteration:1400	Loss_mean:0.007005667103885571	Loss_std:0.006836044027271682
Iteration:1500	Loss_mean:0.006615556476353959	Loss_std:0.007723450092867404
Iteration:1600	Loss_mean:0.006770768736168975	Loss_std:0.006251291290564382
Iteration:1700	Loss_mean:0.007486401423011557	Loss_std:0.007583638173876131
Iteration:1800	Loss_mean:0.006358673152171832	Loss_std:0.005569730455841072
Iteration:1900	Loss_mean:0.007280583972224122	Loss_std:0.0077420063010992775
Iteration:2000	Loss_mean:0.007282836230879184	Loss_std:0.008149640977891228
Iteration:2100	Loss_mean:0.006498098221454711	Loss_std:0.00622563524724158
Iteration:2200	Loss_mean:0.006596277503995225	Loss_std:0.0065747621314042005
Iteration:2300	Loss_mean:0.006189281926926924	Loss_std:0.006974834349691828
Iteration:2400	Loss_mean:0.006485524761228589	Loss_std:0.0063640932618716905
Iteration:2500	Loss_mean:0.007357576142339894	Loss_std:0.008474654190202487
Iteration:2600	Loss_mean:0.007057043326785788	Loss_std:0.006030714086065968
Iteration:2700	Loss_mean:0.007178786938338817	Loss_std:0.007006529984497427
Iteration:2800	Loss_mean:0.006258239583112299	Loss_std:0.0067698216830328235
Iteration:2900	Loss_mean:0.00579341186057718	Loss_std:0.005160885978251572
Iteration:3000	Loss_mean:0.007380874089358258	Loss_std:0.007093814032043475
Iteration:3100	Loss_mean:0.006754702519319835	Loss_std:0.006064640870836535
Iteration:3200	Loss_mean:0.006053992309589375	Loss_std:0.006075576024586404
Iteration:3300	Loss_mean:0.006137748687194744	Loss_std:0.005580159584288074
Iteration:3400	Loss_mean:0.006298926404633675	Loss_std:0.006070765961495256
Iteration:3500	Loss_mean:0.006566180092049762	Loss_std:0.0063522018432188255
Iteration:3600	Loss_mean:0.0074236837518492395	Loss_std:0.007382128916913658
Iteration:3700	Loss_mean:0.007180046355097147	Loss_std:0.007302099145606389
Iteration:3800	Loss_mean:0.005427097580256941	Loss_std:0.006692633699963625
Iteration:3900	Loss_mean:0.00600344371085157	Loss_std:0.006128887897635249
Iteration:4000	Loss_mean:0.005754208192665828	Loss_std:0.0059486637588325115
Iteration:4100	Loss_mean:0.006046456898475299	Loss_std:0.006123501796490461
Iteration:4200	Loss_mean:0.007081349070776923	Loss_std:0.006610146313464073
Iteration:4300	Loss_mean:0.006875585516463616	Loss_std:0.006453824050845642
Iteration:4400	Loss_mean:0.006274157104780897	Loss_std:0.0069297986022025
Iteration:4500	Loss_mean:0.00645301749551436	Loss_std:0.006133134751404859
Iteration:4600	Loss_mean:0.005541221808671253	Loss_std:0.005545844030306043
Iteration:4700	Loss_mean:0.006588681409848505	Loss_std:0.00666395098441422
Iteration:4800	Loss_mean:0.006665167117253077	Loss_std:0.006386188808348724
Iteration:4900	Loss_mean:0.0056262709415750576	Loss_std:0.006148458163708176
Iteration:5000	Loss_mean:0.005574199121474522	Loss_std:0.00568800400124389
Iteration:5100	Loss_mean:0.006872851594089298	Loss_std:0.007144086823635596
Iteration:5200	Loss_mean:0.0061752588666058724	Loss_std:0.0058349357650159875
Iteration:5300	Loss_mean:0.005923545383993769	Loss_std:0.006243693832862072
Iteration:5400	Loss_mean:0.007600071629531158	Loss_std:0.007935330265112154
Iteration:5500	Loss_mean:0.004964498923363862	Loss_std:0.005597025707375962
Iteration:5600	Loss_mean:0.005971153390009931	Loss_std:0.006109487254505202
Iteration:5700	Loss_mean:0.00674418057926232	Loss_std:0.006854190247051087
Iteration:5800	Loss_mean:0.006427085893083131	Loss_std:0.005706709981993758
Iteration:5900	Loss_mean:0.006441578572703293	Loss_std:0.006202010887853825
Iteration:6000	Loss_mean:0.006945590026625723	Loss_std:0.007006751027518392
Iteration:6100	Loss_mean:0.007515283082248061	Loss_std:0.008111847334889106
Iteration:6200	Loss_mean:0.004393387093732599	Loss_std:0.0043267996635947955
Iteration:6300	Loss_mean:0.00564896006428171	Loss_std:0.005216178005149394
Iteration:6400	Loss_mean:0.0042526294119124945	Loss_std:0.003967463400408096
Iteration:6500	Loss_mean:0.005492042386867979	Loss_std:0.005907110612943884
Iteration:6600	Loss_mean:0.005714868695768018	Loss_std:0.0054922434082057565
Iteration:6700	Loss_mean:0.005941049766079232	Loss_std:0.006337647491703213
Iteration:6800	Loss_mean:0.007469407850539938	Loss_std:0.006697948739467047
Iteration:6900	Loss_mean:0.007017507949858555	Loss_std:0.006922318518359266
Iteration:7000	Loss_mean:0.005771744767152995	Loss_std:0.005346679444267043
Iteration:7100	Loss_mean:0.006299727708101273	Loss_std:0.006541277845075953
Iteration:7200	Loss_mean:0.006156949337455444	Loss_std:0.006789816831688635
Iteration:7300	Loss_mean:0.007019323273816554	Loss_std:0.006142583502295651
Iteration:7400	Loss_mean:0.005621251764168846	Loss_std:0.0064909488507182735
Iteration:7500	Loss_mean:0.005392706822603941	Loss_std:0.004778972845076043
Iteration:7600	Loss_mean:0.005144999896547233	Loss_std:0.005813585116450469
Iteration:7700	Loss_mean:0.006124578163435217	Loss_std:0.006260627498715486
Iteration:7800	Loss_mean:0.006680122578854935	Loss_std:0.006827234541521253
Iteration:7900	Loss_mean:0.006577346084995952	Loss_std:0.007640697635170923
Iteration:8000	Loss_mean:0.005809957941655739	Loss_std:0.0057895559625123294
Iteration:8100	Loss_mean:0.006119654404938046	Loss_std:0.006561126338328896
Iteration:8200	Loss_mean:0.005509695818827823	Loss_std:0.00534872712851476
Iteration:8300	Loss_mean:0.005647615845373366	Loss_std:0.005992849216871778
Iteration:8400	Loss_mean:0.005037737083330285	Loss_std:0.0044285089847368436
Iteration:8500	Loss_mean:0.006250195249631361	Loss_std:0.007307926028392835
Iteration:8600	Loss_mean:0.005787337216574997	Loss_std:0.00692216826329716
Iteration:8700	Loss_mean:0.005649728660064284	Loss_std:0.005801961909664825
Iteration:8800	Loss_mean:0.005544176277762745	Loss_std:0.0051451754449083655
Iteration:8900	Loss_mean:0.005946024256190867	Loss_std:0.006250366567564485
Iteration:9000	Loss_mean:0.006308020685064548	Loss_std:0.005555734106362142
Iteration:9100	Loss_mean:0.006009426369691937	Loss_std:0.006505886095175261
Iteration:9200	Loss_mean:0.006518589519218949	Loss_std:0.00657286545785481
Iteration:9300	Loss_mean:0.00627812974016706	Loss_std:0.005475059085177876
Iteration:9400	Loss_mean:0.005738049591163872	Loss_std:0.0062962508829803995
Iteration:9500	Loss_mean:0.006542571979443892	Loss_std:0.006425999429548415
Iteration:9600	Loss_mean:0.0057704195345809235	Loss_std:0.006620907815279809
Iteration:9700	Loss_mean:0.005443928343884181	Loss_std:0.005723772235697049
Iteration:9800	Loss_mean:0.0059766533185575095	Loss_std:0.006172576701161505
Iteration:9900	Loss_mean:0.0057371149052050895	Loss_std:0.004624106962590915
