Running experiment synthetic
Pretraining model on donor units
Iteration:0	Loss_mean:0.9746097922325134	Loss_std:0.0
Iteration:100	Loss_mean:0.5680233403295278	Loss_std:0.49039062880188233
Iteration:200	Loss_mean:0.3476583265513182	Loss_std:0.31381563740215124
Iteration:300	Loss_mean:0.2549715998023748	Loss_std:0.2238545349616891
Iteration:400	Loss_mean:0.16040113074705004	Loss_std:0.10848402571911762
Iteration:500	Loss_mean:0.11367081332951784	Loss_std:0.08312371480735399
Iteration:600	Loss_mean:0.06406143316999077	Loss_std:0.03704766479535466
Iteration:700	Loss_mean:0.051026503187604245	Loss_std:0.031738774529353836
Iteration:800	Loss_mean:0.03791312239132821	Loss_std:0.028715205824921538
Iteration:900	Loss_mean:0.0301607349421829	Loss_std:0.02209711106714571
Iteration:1000	Loss_mean:0.025842691618017853	Loss_std:0.01835497429681353
Iteration:1100	Loss_mean:0.02477347576059401	Loss_std:0.01730534556542899
Iteration:1200	Loss_mean:0.02540679310448468	Loss_std:0.0257607146415748
Iteration:1300	Loss_mean:0.02718044171575457	Loss_std:0.021858631722411166
Iteration:1400	Loss_mean:0.024014868927188217	Loss_std:0.01911223181979317
Iteration:1500	Loss_mean:0.02477962923934683	Loss_std:0.021354053165920362
Iteration:1600	Loss_mean:0.024048054709564896	Loss_std:0.020254616658345007
Iteration:1700	Loss_mean:0.025530581593047826	Loss_std:0.01871061771695746
Iteration:1800	Loss_mean:0.018595479945652187	Loss_std:0.014583346305097257
Iteration:1900	Loss_mean:0.021898724322672935	Loss_std:0.018408041899634953
Iteration:2000	Loss_mean:0.020760345661547035	Loss_std:0.018700421796031326
Iteration:2100	Loss_mean:0.024234549994580447	Loss_std:0.02039792927250118
Iteration:2200	Loss_mean:0.02077176289865747	Loss_std:0.017800935050300632
Iteration:2300	Loss_mean:0.022317728430498392	Loss_std:0.023645107801595004
Iteration:2400	Loss_mean:0.021947054606862366	Loss_std:0.016352536601359872
Iteration:2500	Loss_mean:0.023309011165983974	Loss_std:0.02126476188766327
Iteration:2600	Loss_mean:0.021057356880046427	Loss_std:0.01747537859206631
Iteration:2700	Loss_mean:0.022017999025993048	Loss_std:0.017972893180948787
Iteration:2800	Loss_mean:0.01850944314384833	Loss_std:0.015749197351521336
Iteration:2900	Loss_mean:0.025608404790982604	Loss_std:0.021316538837893997
Iteration:3000	Loss_mean:0.020073924451135098	Loss_std:0.01709743284956862
Iteration:3100	Loss_mean:0.020149458849336953	Loss_std:0.014940422673623928
Iteration:3200	Loss_mean:0.02383095057448372	Loss_std:0.021396409869856275
Iteration:3300	Loss_mean:0.02442911353544332	Loss_std:0.021438433751198232
Iteration:3400	Loss_mean:0.022114550820551814	Loss_std:0.019269516317711635
Iteration:3500	Loss_mean:0.0248054642486386	Loss_std:0.018894153364634337
Iteration:3600	Loss_mean:0.02314344091224484	Loss_std:0.01704732032445444
Iteration:3700	Loss_mean:0.021630117227323352	Loss_std:0.016753933635925304
Iteration:3800	Loss_mean:0.02099559182766825	Loss_std:0.015393309257914847
Iteration:3900	Loss_mean:0.02065492467256263	Loss_std:0.016861005413435146
Iteration:4000	Loss_mean:0.022782332019414753	Loss_std:0.017961349177251288
Iteration:4100	Loss_mean:0.02275792313972488	Loss_std:0.01797297357857529
Iteration:4200	Loss_mean:0.02229162387200631	Loss_std:0.02035595658995246
Iteration:4300	Loss_mean:0.022608377560973166	Loss_std:0.016153125244512893
Iteration:4400	Loss_mean:0.020863406457938254	Loss_std:0.016455333244413832
Iteration:4500	Loss_mean:0.023243733271956443	Loss_std:0.019182711948200537
Iteration:4600	Loss_mean:0.017886926198843866	Loss_std:0.012581308986353193
Iteration:4700	Loss_mean:0.02232213897164911	Loss_std:0.019258062835270658
Iteration:4800	Loss_mean:0.02140835676342249	Loss_std:0.016543087918380415
Iteration:4900	Loss_mean:0.01886107259429991	Loss_std:0.011172339872419876
Iteration:5000	Loss_mean:0.016372257557231932	Loss_std:0.013712650790243695
Iteration:5100	Loss_mean:0.015051212863763794	Loss_std:0.010223005706619805
Iteration:5200	Loss_mean:0.013792246470693499	Loss_std:0.008889937563587445
Iteration:5300	Loss_mean:0.01654093496967107	Loss_std:0.013161627967568623
Iteration:5400	Loss_mean:0.014657480318564921	Loss_std:0.009742535129291097
Iteration:5500	Loss_mean:0.01559550043195486	Loss_std:0.01187277178834152
Iteration:5600	Loss_mean:0.013933767890557646	Loss_std:0.00821541232507884
Iteration:5700	Loss_mean:0.014392592577496543	Loss_std:0.012649945947261973
Iteration:5800	Loss_mean:0.01426059597171843	Loss_std:0.010673201475414994
Iteration:5900	Loss_mean:0.014793320882599801	Loss_std:0.013524594501498344
Iteration:6000	Loss_mean:0.016236465917900206	Loss_std:0.013009400569314707
Iteration:6100	Loss_mean:0.011958786142640747	Loss_std:0.007386570017434787
Iteration:6200	Loss_mean:0.012396701844409108	Loss_std:0.008033125102575103
Iteration:6300	Loss_mean:0.015996695857029408	Loss_std:0.012028071571044224
Iteration:6400	Loss_mean:0.013321870646905154	Loss_std:0.008119611596071517
Iteration:6500	Loss_mean:0.01303923107101582	Loss_std:0.009717038839712944
Iteration:6600	Loss_mean:0.011149093665881082	Loss_std:0.008152410728727045
Iteration:6700	Loss_mean:0.012568776297848671	Loss_std:0.00923516363809728
Iteration:6800	Loss_mean:0.012411226206459104	Loss_std:0.008283828097661112
Iteration:6900	Loss_mean:0.011642489033984021	Loss_std:0.008523060760151278
Iteration:7000	Loss_mean:0.01285061833448708	Loss_std:0.009229771226943864
Iteration:7100	Loss_mean:0.010761045791441574	Loss_std:0.00741450714141282
Iteration:7200	Loss_mean:0.010729666964616627	Loss_std:0.006022154755323656
Iteration:7300	Loss_mean:0.011926479510730132	Loss_std:0.008225271437006748
Iteration:7400	Loss_mean:0.011698981008958071	Loss_std:0.007182905339052562
Iteration:7500	Loss_mean:0.010365221095271408	Loss_std:0.00573818430769341
Iteration:7600	Loss_mean:0.011691649240674451	Loss_std:0.008689752020879736
Iteration:7700	Loss_mean:0.011209441621322185	Loss_std:0.007203139664594546
Iteration:7800	Loss_mean:0.011392768383957445	Loss_std:0.0073032913188874355
Iteration:7900	Loss_mean:0.011693850692827254	Loss_std:0.008501145672140805
Iteration:8000	Loss_mean:0.011487661972641944	Loss_std:0.005814371220546312
Iteration:8100	Loss_mean:0.010850573184434324	Loss_std:0.0069256478623089725
Iteration:8200	Loss_mean:0.011019315661396831	Loss_std:0.0072123908200312295
Iteration:8300	Loss_mean:0.010661877137608826	Loss_std:0.007047175452990533
Iteration:8400	Loss_mean:0.010234151902841404	Loss_std:0.005585216054364288
Iteration:8500	Loss_mean:0.012924871167633682	Loss_std:0.009003578726200145
Iteration:8600	Loss_mean:0.010706822084030137	Loss_std:0.007618088143881302
Iteration:8700	Loss_mean:0.010146972215734422	Loss_std:0.005950734140662798
Iteration:8800	Loss_mean:0.010805101993028074	Loss_std:0.006569358157472486
Iteration:8900	Loss_mean:0.010536735318601132	Loss_std:0.006084320263560317
Iteration:9000	Loss_mean:0.009392447592690588	Loss_std:0.005834572837188906
Iteration:9100	Loss_mean:0.01089420905103907	Loss_std:0.007620408177115224
Iteration:9200	Loss_mean:0.010437854423653335	Loss_std:0.006439309047728091
Iteration:9300	Loss_mean:0.010146249651443213	Loss_std:0.0065003954018290604
Iteration:9400	Loss_mean:0.011972908428870142	Loss_std:0.009343066986680557
Iteration:9500	Loss_mean:0.010826594363898039	Loss_std:0.007918121239309829
Iteration:9600	Loss_mean:0.01083947861334309	Loss_std:0.006744332344465519
Iteration:9700	Loss_mean:0.010452620687428861	Loss_std:0.00709863635247648
Iteration:9800	Loss_mean:0.009267157788854093	Loss_std:0.005961163220950641
Iteration:9900	Loss_mean:0.010985597225371749	Loss_std:0.00818416349287084
Iteration:10000	Loss_mean:0.009157528392970562	Loss_std:0.00596242471427961
Iteration:10100	Loss_mean:0.011307190558873116	Loss_std:0.006591623048758921
Iteration:10200	Loss_mean:0.008211969311814756	Loss_std:0.0050789163224671426
Iteration:10300	Loss_mean:0.010153440730646253	Loss_std:0.005435164398682418
Iteration:10400	Loss_mean:0.009603692246600985	Loss_std:0.005822110043279717
Iteration:10500	Loss_mean:0.00908767674700357	Loss_std:0.005251756603953859
Iteration:10600	Loss_mean:0.00977798679145053	Loss_std:0.005768450354096255
Iteration:10700	Loss_mean:0.009237293507903815	Loss_std:0.005179458757554822
Iteration:10800	Loss_mean:0.010412886682897806	Loss_std:0.005780588547118954
Iteration:10900	Loss_mean:0.011201436577830464	Loss_std:0.0079493759514808
Iteration:11000	Loss_mean:0.010161126831080764	Loss_std:0.005788890404015503
Iteration:11100	Loss_mean:0.010413169828243553	Loss_std:0.009358995779169628
Iteration:11200	Loss_mean:0.009371933321235702	Loss_std:0.005241251687262443
Iteration:11300	Loss_mean:0.009873323315987363	Loss_std:0.006595769654373202
Iteration:11400	Loss_mean:0.009993747827829793	Loss_std:0.0061022383590914175
Iteration:11500	Loss_mean:0.010620103052351624	Loss_std:0.006369305334839334
Iteration:11600	Loss_mean:0.009736443504225463	Loss_std:0.005799689654332752
Iteration:11700	Loss_mean:0.010060813000891358	Loss_std:0.0077676212495737555
Iteration:11800	Loss_mean:0.010151026624953374	Loss_std:0.007256388870361055
Iteration:11900	Loss_mean:0.00957498577889055	Loss_std:0.0064997504709989485
Iteration:12000	Loss_mean:0.009017571611329912	Loss_std:0.005495999682724472
Iteration:12100	Loss_mean:0.00857069883379154	Loss_std:0.0049638185950381586
Iteration:12200	Loss_mean:0.008476209227228537	Loss_std:0.00498303853979917
Iteration:12300	Loss_mean:0.010317571512423455	Loss_std:0.006817010996197379
Iteration:12400	Loss_mean:0.010116051505319775	Loss_std:0.005696936036004031
Iteration:12500	Loss_mean:0.009746756779495627	Loss_std:0.005623889474581284
Iteration:12600	Loss_mean:0.009679741340805776	Loss_std:0.005298506863978226
Iteration:12700	Loss_mean:0.010390697957482188	Loss_std:0.006095380022055455
Iteration:12800	Loss_mean:0.009095606529153883	Loss_std:0.004556029485685735
Iteration:12900	Loss_mean:0.009028663035715	Loss_std:0.004959710865249406
Iteration:13000	Loss_mean:0.0105380770820193	Loss_std:0.008403097869562942
Iteration:13100	Loss_mean:0.009806275505106897	Loss_std:0.005314118804486166
Iteration:13200	Loss_mean:0.01005282236263156	Loss_std:0.007548308240443567
Iteration:13300	Loss_mean:0.009452676235232502	Loss_std:0.005648133022359476
Iteration:13400	Loss_mean:0.009616510178893804	Loss_std:0.006267662562794782
Iteration:13500	Loss_mean:0.009028236083686351	Loss_std:0.006128019376714478
Iteration:13600	Loss_mean:0.009257208222988993	Loss_std:0.00531459757348068
Iteration:13700	Loss_mean:0.010347576248459518	Loss_std:0.007601181953017164
Iteration:13800	Loss_mean:0.010017847991548479	Loss_std:0.005713291770496146
Iteration:13900	Loss_mean:0.00880418105283752	Loss_std:0.005152551613573383
Iteration:14000	Loss_mean:0.009616807419806719	Loss_std:0.006979026666813245
Iteration:14100	Loss_mean:0.008980758089455776	Loss_std:0.00430361188027163
Iteration:14200	Loss_mean:0.010680305627174676	Loss_std:0.006577747859485364
Iteration:14300	Loss_mean:0.009640662871534004	Loss_std:0.0049926388425916
Iteration:14400	Loss_mean:0.008811392817879096	Loss_std:0.005483767207016424
Iteration:14500	Loss_mean:0.008630033330991865	Loss_std:0.0045961860043253686
Iteration:14600	Loss_mean:0.008867878536693751	Loss_std:0.005406175663718814
Iteration:14700	Loss_mean:0.009157755223568528	Loss_std:0.0048835831617341716
Iteration:14800	Loss_mean:0.00949358550598845	Loss_std:0.00530660862969179
Iteration:14900	Loss_mean:0.009088411347474902	Loss_std:0.004429922688375213
Iteration:15000	Loss_mean:0.008499127998948097	Loss_std:0.004112029379372579
Iteration:15100	Loss_mean:0.008108984219725245	Loss_std:0.004948757673160728
Iteration:15200	Loss_mean:0.009216300488915294	Loss_std:0.005797525218942389
Iteration:15300	Loss_mean:0.009372774658259005	Loss_std:0.005595843186600336
Iteration:15400	Loss_mean:0.00994013467687182	Loss_std:0.006982809373910675
Iteration:15500	Loss_mean:0.008951613472308963	Loss_std:0.005841790565278498
Iteration:15600	Loss_mean:0.010194160336395726	Loss_std:0.008381210908903484
Iteration:15700	Loss_mean:0.008984728646464647	Loss_std:0.004948382262578614
Iteration:15800	Loss_mean:0.008584511170629411	Loss_std:0.005072017253832231
Iteration:15900	Loss_mean:0.008658401896245777	Loss_std:0.004434199153431134
Iteration:16000	Loss_mean:0.00883683439460583	Loss_std:0.005973124086003571
Iteration:16100	Loss_mean:0.008754767290083692	Loss_std:0.005736998733434156
Iteration:16200	Loss_mean:0.008888307572342456	Loss_std:0.004822541053675846
Iteration:16300	Loss_mean:0.008641029864083976	Loss_std:0.005049642192662559
Iteration:16400	Loss_mean:0.009443280114792287	Loss_std:0.0068890468640869
Iteration:16500	Loss_mean:0.009043040601536632	Loss_std:0.006012365701259169
Iteration:16600	Loss_mean:0.009638789361342787	Loss_std:0.005286252482727834
Iteration:16700	Loss_mean:0.00885710960952565	Loss_std:0.004309518066871992
Iteration:16800	Loss_mean:0.008883815511362627	Loss_std:0.004789285448559186
Iteration:16900	Loss_mean:0.00854356564115733	Loss_std:0.005381837415795549
Iteration:17000	Loss_mean:0.009138059415854514	Loss_std:0.004697452455653037
Iteration:17100	Loss_mean:0.008937404335010796	Loss_std:0.00496174739667672
Iteration:17200	Loss_mean:0.008076126695377751	Loss_std:0.003966283215646973
Iteration:17300	Loss_mean:0.010597022889414802	Loss_std:0.008005492653107262
Iteration:17400	Loss_mean:0.008052498660981655	Loss_std:0.004896525373656507
Iteration:17500	Loss_mean:0.009789891401305794	Loss_std:0.006188765511519142
Iteration:17600	Loss_mean:0.009604413961060345	Loss_std:0.0053563641673776445
Iteration:17700	Loss_mean:0.009489048637915403	Loss_std:0.006029814754473337
Iteration:17800	Loss_mean:0.008407283576671034	Loss_std:0.004130010555146716
Iteration:17900	Loss_mean:0.009105538853909821	Loss_std:0.00669834275541793
Iteration:18000	Loss_mean:0.008188793055014685	Loss_std:0.004670133046041172
Iteration:18100	Loss_mean:0.010004769153892994	Loss_std:0.00681610701533616
Iteration:18200	Loss_mean:0.009424371891655028	Loss_std:0.005573478718501333
Iteration:18300	Loss_mean:0.009724753119517118	Loss_std:0.006487628430046239
Iteration:18400	Loss_mean:0.00885521968593821	Loss_std:0.005378370667961448
Iteration:18500	Loss_mean:0.009550981316715479	Loss_std:0.006863727594988584
Iteration:18600	Loss_mean:0.009088266578037291	Loss_std:0.005012619715889662
Iteration:18700	Loss_mean:0.00835998344933614	Loss_std:0.0051321616579535
Iteration:18800	Loss_mean:0.010162261680234224	Loss_std:0.0060752036597579015
Iteration:18900	Loss_mean:0.008681695661507546	Loss_std:0.004846855882637073
Iteration:19000	Loss_mean:0.009523199131363071	Loss_std:0.0066511106353150376
Iteration:19100	Loss_mean:0.007897981569403783	Loss_std:0.005803784553647168
Iteration:19200	Loss_mean:0.008427884518168867	Loss_std:0.004894908465921859
Iteration:19300	Loss_mean:0.00888839807244949	Loss_std:0.005894407060859011
Iteration:19400	Loss_mean:0.00883668230380863	Loss_std:0.006158849511542413
Iteration:19500	Loss_mean:0.008832601822214202	Loss_std:0.00552452105133333
Iteration:19600	Loss_mean:0.010425712355645373	Loss_std:0.007377103734541232
Iteration:19700	Loss_mean:0.009534793482162058	Loss_std:0.00624975777592404
Iteration:19800	Loss_mean:0.00926790561643429	Loss_std:0.006374659227476869
Iteration:19900	Loss_mean:0.008720600453671068	Loss_std:0.006088606402419464
Iteration:20000	Loss_mean:0.00917304797214456	Loss_std:0.006354104045260426
Iteration:20100	Loss_mean:0.009300462070386857	Loss_std:0.00659899069820802
Iteration:20200	Loss_mean:0.009223939629737287	Loss_std:0.005347690606436689
Iteration:20300	Loss_mean:0.009144927684683352	Loss_std:0.0076641443586085685
Iteration:20400	Loss_mean:0.009993428421439602	Loss_std:0.006969009042201101
Iteration:20500	Loss_mean:0.009173111907439307	Loss_std:0.006081332489614865
Iteration:20600	Loss_mean:0.010370671449927614	Loss_std:0.007817094754947547
Iteration:20700	Loss_mean:0.00920984779833816	Loss_std:0.00484194022068415
Iteration:20800	Loss_mean:0.009007888748310506	Loss_std:0.005586645195861084
Iteration:20900	Loss_mean:0.00886461439076811	Loss_std:0.006426617928847281
Iteration:21000	Loss_mean:0.009365412683109753	Loss_std:0.006160072149662677
Iteration:21100	Loss_mean:0.009068227126263081	Loss_std:0.004836730165303002
Iteration:21200	Loss_mean:0.008559052859200165	Loss_std:0.005194100628673995
Iteration:21300	Loss_mean:0.008310724499169737	Loss_std:0.003997937739871569
Iteration:21400	Loss_mean:0.009057074498850853	Loss_std:0.005673232223411072
Iteration:21500	Loss_mean:0.00952159111853689	Loss_std:0.005882771693834887
Iteration:21600	Loss_mean:0.008305789640871808	Loss_std:0.004986431503671215
Iteration:21700	Loss_mean:0.008184206713922322	Loss_std:0.005174805964330147
Iteration:21800	Loss_mean:0.008497115971986205	Loss_std:0.005216544259696589
Iteration:21900	Loss_mean:0.00887304607196711	Loss_std:0.005839180324063943
Iteration:22000	Loss_mean:0.008573595301713794	Loss_std:0.005432330356065614
Iteration:22100	Loss_mean:0.008943495812127366	Loss_std:0.005677901603419258
Iteration:22200	Loss_mean:0.007904842690331862	Loss_std:0.004460751890674225
Iteration:22300	Loss_mean:0.008566487844800576	Loss_std:0.005561257832122103
Iteration:22400	Loss_mean:0.008997685414506122	Loss_std:0.0064132004619094265
Iteration:22500	Loss_mean:0.00855891097919084	Loss_std:0.005321488730983911
Iteration:22600	Loss_mean:0.009724292270839215	Loss_std:0.005861824306117643
Iteration:22700	Loss_mean:0.00958544047898613	Loss_std:0.006286443261896296
Iteration:22800	Loss_mean:0.007418004210339859	Loss_std:0.003281659568905913
Iteration:22900	Loss_mean:0.008760785767808556	Loss_std:0.0052687946554937845
Iteration:23000	Loss_mean:0.009330582458060234	Loss_std:0.007069656252591701
Iteration:23100	Loss_mean:0.008590296120382845	Loss_std:0.005575281524792593
Iteration:23200	Loss_mean:0.009223687322810292	Loss_std:0.008149154926153052
Iteration:23300	Loss_mean:0.009541884630452841	Loss_std:0.005874867908241551
Iteration:23400	Loss_mean:0.009424481180030853	Loss_std:0.005489753217596604
Iteration:23500	Loss_mean:0.00927306515048258	Loss_std:0.005833336265876865
Iteration:23600	Loss_mean:0.00846881267381832	Loss_std:0.0045636825886690695
Iteration:23700	Loss_mean:0.008764399196952582	Loss_std:0.004910543273914025
Iteration:23800	Loss_mean:0.008960366434184835	Loss_std:0.005484054733178773
Iteration:23900	Loss_mean:0.008313264700118452	Loss_std:0.004785007352951393
Iteration:24000	Loss_mean:0.008534750194521622	Loss_std:0.005040147320860895
Iteration:24100	Loss_mean:0.010083688028389588	Loss_std:0.008288358461226305
Iteration:24200	Loss_mean:0.009456905816914513	Loss_std:0.006060698848556748
Iteration:24300	Loss_mean:0.008784215820487589	Loss_std:0.005212603574970181
Iteration:24400	Loss_mean:0.008703990924404935	Loss_std:0.005259007420997519
Iteration:24500	Loss_mean:0.009173974335426464	Loss_std:0.005468233518752613
Iteration:24600	Loss_mean:0.009055372142465785	Loss_std:0.006009075186370137
Iteration:24700	Loss_mean:0.00957102855318226	Loss_std:0.008291824383055134
Iteration:24800	Loss_mean:0.00896078750374727	Loss_std:0.006337998962842575
Iteration:24900	Loss_mean:0.009618802892509848	Loss_std:0.00548106828345605
Iteration:25000	Loss_mean:0.009897466632537544	Loss_std:0.008214215453084513
Iteration:25100	Loss_mean:0.008486928011989222	Loss_std:0.004689570383173104
Iteration:25200	Loss_mean:0.008749476303346455	Loss_std:0.004341942365645241
Iteration:25300	Loss_mean:0.009528554785065353	Loss_std:0.0066761879566048605
Iteration:25400	Loss_mean:0.008862416165065952	Loss_std:0.007421252406571005
Iteration:25500	Loss_mean:0.008886326601495966	Loss_std:0.0055032700996014376
Iteration:25600	Loss_mean:0.009119055145420133	Loss_std:0.007432999039433833
Iteration:25700	Loss_mean:0.009431065986864268	Loss_std:0.006321080664199946
Iteration:25800	Loss_mean:0.009402119857259094	Loss_std:0.006238344173585343
Iteration:25900	Loss_mean:0.010280133136548101	Loss_std:0.00737237399135679
Iteration:26000	Loss_mean:0.009485662125516683	Loss_std:0.006002303568354021
Iteration:26100	Loss_mean:0.008687312268884853	Loss_std:0.005165309496271715
Iteration:26200	Loss_mean:0.009060944342054426	Loss_std:0.007432610467169901
Iteration:26300	Loss_mean:0.008744971683481708	Loss_std:0.005212639507761169
Iteration:26400	Loss_mean:0.008837374984286725	Loss_std:0.005379045159659015
Iteration:26500	Loss_mean:0.008432460159529	Loss_std:0.005009414222010575
Iteration:26600	Loss_mean:0.009271642148960382	Loss_std:0.0058712129067068535
Iteration:26700	Loss_mean:0.009592048892518506	Loss_std:0.006662646998407
Iteration:26800	Loss_mean:0.008691895039519296	Loss_std:0.004931989376259747
Iteration:26900	Loss_mean:0.008334823257755489	Loss_std:0.004801042202900414
Iteration:27000	Loss_mean:0.008334909341065212	Loss_std:0.005013151838954368
Iteration:27100	Loss_mean:0.007677009651670233	Loss_std:0.0037019376465925436
Iteration:27200	Loss_mean:0.007618430401198566	Loss_std:0.003278970461713264
Iteration:27300	Loss_mean:0.008647940943483264	Loss_std:0.0052360159253455555
Iteration:27400	Loss_mean:0.00941833161865361	Loss_std:0.005095670471253666
Iteration:27500	Loss_mean:0.00910411323653534	Loss_std:0.0064915239225229624
Iteration:27600	Loss_mean:0.009059436339884996	Loss_std:0.006828840952332542
Iteration:27700	Loss_mean:0.008984076920896769	Loss_std:0.00588863406845324
Iteration:27800	Loss_mean:0.008221922956872732	Loss_std:0.005102929375499736
Iteration:27900	Loss_mean:0.00879398497287184	Loss_std:0.005620065167077559
Iteration:28000	Loss_mean:0.00826108173467219	Loss_std:0.005846668157516484
Iteration:28100	Loss_mean:0.008712275559082628	Loss_std:0.005538923084901811
Iteration:28200	Loss_mean:0.008242984231328592	Loss_std:0.004463350550498071
Iteration:28300	Loss_mean:0.007914044564822689	Loss_std:0.005336257500586259
Iteration:28400	Loss_mean:0.008480576481670141	Loss_std:0.005342608836425017
Iteration:28500	Loss_mean:0.007684421098092571	Loss_std:0.003921896783678217
Iteration:28600	Loss_mean:0.008179547401960007	Loss_std:0.005044599515290809
Iteration:28700	Loss_mean:0.008743839241797105	Loss_std:0.00514755807446618
Iteration:28800	Loss_mean:0.008562189171207137	Loss_std:0.005913699560566888
Iteration:28900	Loss_mean:0.008176342061487958	Loss_std:0.005394689221226934
Iteration:29000	Loss_mean:0.009880171947879718	Loss_std:0.006799089286110256
Iteration:29100	Loss_mean:0.009820050776470452	Loss_std:0.007333268857447837
Iteration:29200	Loss_mean:0.009426162969321012	Loss_std:0.006875966884304355
Iteration:29300	Loss_mean:0.008707789804320782	Loss_std:0.004753688235586195
Iteration:29400	Loss_mean:0.008081088262842968	Loss_std:0.00410016520257707
Iteration:29500	Loss_mean:0.008681792417773978	Loss_std:0.004341985829052206
Iteration:29600	Loss_mean:0.009123525229515508	Loss_std:0.005640971180771431
Iteration:29700	Loss_mean:0.00860144047997892	Loss_std:0.005787577759381746
Iteration:29800	Loss_mean:0.008795160817680881	Loss_std:0.005747945701477522
Iteration:29900	Loss_mean:0.008140888132620603	Loss_std:0.004804434499433479
Iteration:30000	Loss_mean:0.0076745042210677634	Loss_std:0.004410377261690514
Iteration:30100	Loss_mean:0.008564016547752544	Loss_std:0.004635317944784138
Iteration:30200	Loss_mean:0.009487462240504101	Loss_std:0.006622375903793553
Iteration:30300	Loss_mean:0.009589153544511645	Loss_std:0.0052150327001197145
Iteration:30400	Loss_mean:0.008570094358874484	Loss_std:0.005863968438943797
Iteration:30500	Loss_mean:0.00899571121786721	Loss_std:0.006714807070910888
Iteration:30600	Loss_mean:0.009503604817437008	Loss_std:0.006378322430630012
Iteration:30700	Loss_mean:0.009329787952592596	Loss_std:0.005593499489364795
Iteration:30800	Loss_mean:0.008121722161304206	Loss_std:0.00441395992821037
Iteration:30900	Loss_mean:0.008175713018281384	Loss_std:0.00619916921553009
Iteration:31000	Loss_mean:0.008483765977434814	Loss_std:0.005301068674407912
Iteration:31100	Loss_mean:0.009095248174853623	Loss_std:0.005896782268310016
Iteration:31200	Loss_mean:0.00833943931851536	Loss_std:0.004575905363501674
Iteration:31300	Loss_mean:0.008898571447934956	Loss_std:0.006342904664660423
Iteration:31400	Loss_mean:0.007671273462474346	Loss_std:0.0038589133102564462
Iteration:31500	Loss_mean:0.009444156833924354	Loss_std:0.005434933604587726
Iteration:31600	Loss_mean:0.009957054510014132	Loss_std:0.006701010544337605
Iteration:31700	Loss_mean:0.008182282997295261	Loss_std:0.00489681979672794
Iteration:31800	Loss_mean:0.009282718325266615	Loss_std:0.006469068003414494
Iteration:31900	Loss_mean:0.009439831038471312	Loss_std:0.005854474044872412
Iteration:32000	Loss_mean:0.007893119594082237	Loss_std:0.005118099051334284
Iteration:32100	Loss_mean:0.009020792164374142	Loss_std:0.005620089729730704
Iteration:32200	Loss_mean:0.007887558571528643	Loss_std:0.004730758097606638
Iteration:32300	Loss_mean:0.009094615292269737	Loss_std:0.006200245198626211
Iteration:32400	Loss_mean:0.009082737071439624	Loss_std:0.005453487547847333
Iteration:32500	Loss_mean:0.008612862443551422	Loss_std:0.005720578802796855
Iteration:32600	Loss_mean:0.009527589841745794	Loss_std:0.005673703584403288
Iteration:32700	Loss_mean:0.009247820368036628	Loss_std:0.006261903284601937
Iteration:32800	Loss_mean:0.00885176552226767	Loss_std:0.005998957857829348
Iteration:32900	Loss_mean:0.008851749449968338	Loss_std:0.004940101988953142
Iteration:33000	Loss_mean:0.008804418216459452	Loss_std:0.005247979338622561
Iteration:33100	Loss_mean:0.008728331634774805	Loss_std:0.004559997123348652
Iteration:33200	Loss_mean:0.009185690185986459	Loss_std:0.006464787251036808
Iteration:33300	Loss_mean:0.008839780986309052	Loss_std:0.005593794736929122
Iteration:33400	Loss_mean:0.009131530617596582	Loss_std:0.005207874204297166
Iteration:33500	Loss_mean:0.00838163155829534	Loss_std:0.005274018205918621
Iteration:33600	Loss_mean:0.007745813332730904	Loss_std:0.004030168346023783
Iteration:33700	Loss_mean:0.009003164797322825	Loss_std:0.00534099895853111
Iteration:33800	Loss_mean:0.008213452505879104	Loss_std:0.0046618703235785895
Iteration:33900	Loss_mean:0.008095039508771152	Loss_std:0.004110742353975926
Iteration:34000	Loss_mean:0.008205901817418634	Loss_std:0.005280924044130402
Iteration:34100	Loss_mean:0.00842055344954133	Loss_std:0.005798315775969886
Iteration:34200	Loss_mean:0.009181704013608396	Loss_std:0.006577341834464899
Iteration:34300	Loss_mean:0.008100357993971557	Loss_std:0.004275389595842399
Iteration:34400	Loss_mean:0.008395446501672267	Loss_std:0.004683377443290161
Iteration:34500	Loss_mean:0.00858161979354918	Loss_std:0.005849572832964987
Iteration:34600	Loss_mean:0.00955779204145074	Loss_std:0.006531256733094285
Iteration:34700	Loss_mean:0.0085930429934524	Loss_std:0.004769760546863979
Iteration:34800	Loss_mean:0.00857670888537541	Loss_std:0.004123385028924274
Iteration:34900	Loss_mean:0.00854694567155093	Loss_std:0.0047688888241552395
Iteration:35000	Loss_mean:0.007805066279834136	Loss_std:0.004080485662672299
Iteration:35100	Loss_mean:0.009512480043340474	Loss_std:0.005369653392692665
Iteration:35200	Loss_mean:0.008349593341699801	Loss_std:0.005673300687793606
Iteration:35300	Loss_mean:0.008520053128013388	Loss_std:0.00645080930802818
Iteration:35400	Loss_mean:0.009392322604544461	Loss_std:0.006521249188328137
Iteration:35500	Loss_mean:0.008735915995202959	Loss_std:0.006483638593029997
Iteration:35600	Loss_mean:0.009356673833681271	Loss_std:0.007011198299381011
Iteration:35700	Loss_mean:0.009452933014836162	Loss_std:0.007476860102124496
Iteration:35800	Loss_mean:0.008779806250240654	Loss_std:0.005759778047800985
Iteration:35900	Loss_mean:0.009963437025435269	Loss_std:0.006640576860271814
Iteration:36000	Loss_mean:0.007915826324606315	Loss_std:0.0048284628644299004
Iteration:36100	Loss_mean:0.008153840973973274	Loss_std:0.005061613525359675
Iteration:36200	Loss_mean:0.008719773959601298	Loss_std:0.00480406701573246
Iteration:36300	Loss_mean:0.009411935843527317	Loss_std:0.005714783011462607
Iteration:36400	Loss_mean:0.009060712329810485	Loss_std:0.007008335922512706
Iteration:36500	Loss_mean:0.008617265571374447	Loss_std:0.006360006832906295
Iteration:36600	Loss_mean:0.008453510296531021	Loss_std:0.005661976582890385
Iteration:36700	Loss_mean:0.007385960530955344	Loss_std:0.004313572686973561
Iteration:36800	Loss_mean:0.009179254298796877	Loss_std:0.006336047668904042
Iteration:36900	Loss_mean:0.008570731522049756	Loss_std:0.0050703140019627765
Iteration:37000	Loss_mean:0.008274187195347622	Loss_std:0.004204721667897198
Iteration:37100	Loss_mean:0.008566469275392593	Loss_std:0.0054275974064545
Iteration:37200	Loss_mean:0.007811558585381136	Loss_std:0.004477454665605199
Iteration:37300	Loss_mean:0.00875756318680942	Loss_std:0.0064154426808975505
Iteration:37400	Loss_mean:0.008577136360108852	Loss_std:0.005845219757772553
Iteration:37500	Loss_mean:0.009111107303760945	Loss_std:0.0073204251121812445
Iteration:37600	Loss_mean:0.008700485930894501	Loss_std:0.005117410272931461
Iteration:37700	Loss_mean:0.009620735989883542	Loss_std:0.0066001094635412755
Iteration:37800	Loss_mean:0.009357904428616165	Loss_std:0.005612145315057313
Iteration:37900	Loss_mean:0.008039297724608332	Loss_std:0.003997011426585541
Iteration:38000	Loss_mean:0.00898603383684531	Loss_std:0.005353670543992291
Iteration:38100	Loss_mean:0.008834544034907594	Loss_std:0.005438792739601693
Iteration:38200	Loss_mean:0.008269529001554475	Loss_std:0.004101943392973431
Iteration:38300	Loss_mean:0.008014940520515665	Loss_std:0.004331512828251909
Iteration:38400	Loss_mean:0.008804892632178962	Loss_std:0.005177778746150711
Iteration:38500	Loss_mean:0.008360441516852007	Loss_std:0.005300075257627097
Iteration:38600	Loss_mean:0.009548692428506911	Loss_std:0.007219424483663731
Iteration:38700	Loss_mean:0.008507207313086837	Loss_std:0.0055759870321322475
Iteration:38800	Loss_mean:0.008961789712775498	Loss_std:0.005202652411115877
Iteration:38900	Loss_mean:0.007997169287409633	Loss_std:0.005266631945795857
Iteration:39000	Loss_mean:0.009196761813946068	Loss_std:0.006094032110186445
Iteration:39100	Loss_mean:0.00804285358870402	Loss_std:0.005233753707144004
Iteration:39200	Loss_mean:0.008017992308596148	Loss_std:0.004480755686784825
Iteration:39300	Loss_mean:0.007769986551720649	Loss_std:0.0040310179627491465
Iteration:39400	Loss_mean:0.008495589101221413	Loss_std:0.006209094211019456
Iteration:39500	Loss_mean:0.008172118297079579	Loss_std:0.004086486120470493
Iteration:39600	Loss_mean:0.008311867737211287	Loss_std:0.005220225021085178
Iteration:39700	Loss_mean:0.008608033311320469	Loss_std:0.005828794073547053
Iteration:39800	Loss_mean:0.008221855803858489	Loss_std:0.005864839203956568
Iteration:39900	Loss_mean:0.0079895385063719	Loss_std:0.005724184328061111
Iteration:40000	Loss_mean:0.00912464179797098	Loss_std:0.006762113168349303
Iteration:40100	Loss_mean:0.008804836613126098	Loss_std:0.005846776352108294
Iteration:40200	Loss_mean:0.008286999678239227	Loss_std:0.004704797802025074
Iteration:40300	Loss_mean:0.008648907507304102	Loss_std:0.004561867002771696
Iteration:40400	Loss_mean:0.007660970452707261	Loss_std:0.00523172642381419
Iteration:40500	Loss_mean:0.008341507911682129	Loss_std:0.004895052697519811
Iteration:40600	Loss_mean:0.009566825001966208	Loss_std:0.005750474952855442
Iteration:40700	Loss_mean:0.010593343884684145	Loss_std:0.00689928620571062
Iteration:40800	Loss_mean:0.00917693889583461	Loss_std:0.006690059056398006
Iteration:40900	Loss_mean:0.008159839967265724	Loss_std:0.005467317395043442
Iteration:41000	Loss_mean:0.008058498810860328	Loss_std:0.0039347043341996105
Iteration:41100	Loss_mean:0.008884958289563656	Loss_std:0.0050375302947227255
Iteration:41200	Loss_mean:0.008867648458108305	Loss_std:0.005672848888188382
Iteration:41300	Loss_mean:0.007974159678560681	Loss_std:0.004362828017645674
Iteration:41400	Loss_mean:0.009045246195746585	Loss_std:0.005779825351043725
Iteration:41500	Loss_mean:0.007930021387292072	Loss_std:0.004624424341888687
Iteration:41600	Loss_mean:0.008395205455599353	Loss_std:0.004940403899248016
Iteration:41700	Loss_mean:0.007724581512156874	Loss_std:0.004705620403267777
Iteration:41800	Loss_mean:0.008400353698525577	Loss_std:0.005525309897266263
Iteration:41900	Loss_mean:0.008041911905165762	Loss_std:0.0044874177601557045
Iteration:42000	Loss_mean:0.008207159783923999	Loss_std:0.005572428563674174
Iteration:42100	Loss_mean:0.008248851818498224	Loss_std:0.004516244507377679
Iteration:42200	Loss_mean:0.0076825281931087374	Loss_std:0.0042780737930734536
Iteration:42300	Loss_mean:0.008649797161342575	Loss_std:0.005499691848626583
Iteration:42400	Loss_mean:0.008251380568835884	Loss_std:0.005417336738688647
Iteration:42500	Loss_mean:0.008754414597060532	Loss_std:0.006855222119414828
Iteration:42600	Loss_mean:0.008154917490901425	Loss_std:0.0038179277817827037
Iteration:42700	Loss_mean:0.009573253339040093	Loss_std:0.0056381287634657065
Iteration:42800	Loss_mean:0.008101830425439403	Loss_std:0.005511379833053622
Iteration:42900	Loss_mean:0.008634588486747816	Loss_std:0.006157874839203398
Iteration:43000	Loss_mean:0.008452276436146348	Loss_std:0.004571304576656313
Iteration:43100	Loss_mean:0.008484601739328355	Loss_std:0.0053854666541872185
Iteration:43200	Loss_mean:0.007918215209501795	Loss_std:0.005486149840798234
Iteration:43300	Loss_mean:0.007824937729164958	Loss_std:0.004614503541355036
Iteration:43400	Loss_mean:0.008454463018570096	Loss_std:0.0056231276363439015
Iteration:43500	Loss_mean:0.008007657991256564	Loss_std:0.004387033699191707
Iteration:43600	Loss_mean:0.008845812265644782	Loss_std:0.005736593877139142
Iteration:43700	Loss_mean:0.008217315027723089	Loss_std:0.004812761824119442
Iteration:43800	Loss_mean:0.007638556967722252	Loss_std:0.003918443551956414
Iteration:43900	Loss_mean:0.008577047358267009	Loss_std:0.004303225773073965
Iteration:44000	Loss_mean:0.008189285405678674	Loss_std:0.004065793828912865
Iteration:44100	Loss_mean:0.008496871407842263	Loss_std:0.00581165920315182
Iteration:44200	Loss_mean:0.0091370516596362	Loss_std:0.006307922585323834
Iteration:44300	Loss_mean:0.008003602207172661	Loss_std:0.00533652364943614
Iteration:44400	Loss_mean:0.00791266053682193	Loss_std:0.004999275977293552
Iteration:44500	Loss_mean:0.008152071358636022	Loss_std:0.004715419011381049
Iteration:44600	Loss_mean:0.007344051880063489	Loss_std:0.004926583916259998
Iteration:44700	Loss_mean:0.009290363027248531	Loss_std:0.006392379386779594
Iteration:44800	Loss_mean:0.008177763293497264	Loss_std:0.005241904481172787
Iteration:44900	Loss_mean:0.008215085990959778	Loss_std:0.006099220677886306
Iteration:45000	Loss_mean:0.0085027926415205	Loss_std:0.005325311486490727
Iteration:45100	Loss_mean:0.008291602388489992	Loss_std:0.004438645392509625
Iteration:45200	Loss_mean:0.009108077260898427	Loss_std:0.005488155916267804
Iteration:45300	Loss_mean:0.007809320169035345	Loss_std:0.004108947132188196
Iteration:45400	Loss_mean:0.00855132294818759	Loss_std:0.005639036527923051
Iteration:45500	Loss_mean:0.008131460202857852	Loss_std:0.006173210445214388
Iteration:45600	Loss_mean:0.007925770928850398	Loss_std:0.004564178131309
Iteration:45700	Loss_mean:0.008528714135754853	Loss_std:0.005217812703382505
Iteration:45800	Loss_mean:0.008678513175109401	Loss_std:0.005199849186071263
Iteration:45900	Loss_mean:0.009140794734703377	Loss_std:0.005770348204644104
Iteration:46000	Loss_mean:0.009224482120480389	Loss_std:0.004752206574104508
Iteration:46100	Loss_mean:0.0087756710476242	Loss_std:0.004529357856822433
Iteration:46200	Loss_mean:0.007623903058702126	Loss_std:0.0043263908372078805
Iteration:46300	Loss_mean:0.009057135648326949	Loss_std:0.005866802252589871
Iteration:46400	Loss_mean:0.007830646922811865	Loss_std:0.005165959541528376
Iteration:46500	Loss_mean:0.00919394225347787	Loss_std:0.007121496828055372
Iteration:46600	Loss_mean:0.008539813027018681	Loss_std:0.004883429704499646
Iteration:46700	Loss_mean:0.007749570793239399	Loss_std:0.004128902354874959
Iteration:46800	Loss_mean:0.00784891176270321	Loss_std:0.004230807963197467
Iteration:46900	Loss_mean:0.009327429257100448	Loss_std:0.0064484845028903014
Iteration:47000	Loss_mean:0.007366843041963876	Loss_std:0.003648415214686361
Iteration:47100	Loss_mean:0.007043714529718272	Loss_std:0.003804697956522043
Iteration:47200	Loss_mean:0.008325984299881383	Loss_std:0.006247196341927013
Iteration:47300	Loss_mean:0.008448428749106824	Loss_std:0.005429980449651941
Iteration:47400	Loss_mean:0.008667753054760396	Loss_std:0.004639371368937636
Iteration:47500	Loss_mean:0.008242512677097693	Loss_std:0.005093144388172444
Iteration:47600	Loss_mean:0.010322228787699714	Loss_std:0.007827371740426133
Iteration:47700	Loss_mean:0.00887937805848196	Loss_std:0.005914724291495387
Iteration:47800	Loss_mean:0.007641065549105406	Loss_std:0.004086365613348802
Iteration:47900	Loss_mean:0.008256641740445048	Loss_std:0.005747481009027584
Iteration:48000	Loss_mean:0.009052034158958121	Loss_std:0.00732540015088382
Iteration:48100	Loss_mean:0.00843806729419157	Loss_std:0.004828004608651183
Iteration:48200	Loss_mean:0.008251912964042277	Loss_std:0.0040298346569059874
Iteration:48300	Loss_mean:0.008139409574214369	Loss_std:0.004245673687320932
Iteration:48400	Loss_mean:0.008152066544862464	Loss_std:0.0044437392529863545
Iteration:48500	Loss_mean:0.009285743753425777	Loss_std:0.007958387645170035
Iteration:48600	Loss_mean:0.007868015486747027	Loss_std:0.006003186402570179
Iteration:48700	Loss_mean:0.007674558141734451	Loss_std:0.0040282437308622725
Iteration:48800	Loss_mean:0.009602495761355386	Loss_std:0.007538169773405497
Iteration:48900	Loss_mean:0.008053153948858381	Loss_std:0.007071599374605523
Iteration:49000	Loss_mean:0.007753900792449713	Loss_std:0.004062520341418204
Iteration:49100	Loss_mean:0.008190339708235114	Loss_std:0.005003460039106479
Iteration:49200	Loss_mean:0.008090276876464486	Loss_std:0.0038786446125310793
Iteration:49300	Loss_mean:0.007854284076020122	Loss_std:0.004349941416948995
Iteration:49400	Loss_mean:0.009032616261392831	Loss_std:0.005165429117184345
Iteration:49500	Loss_mean:0.008266181076178327	Loss_std:0.004393762990635967
Iteration:49600	Loss_mean:0.007605170455062762	Loss_std:0.0058997979065618916
Iteration:49700	Loss_mean:0.008540173126384616	Loss_std:0.005026602893514099
Iteration:49800	Loss_mean:0.008295106233563275	Loss_std:0.0045708072220189905
Iteration:49900	Loss_mean:0.0095575558883138	Loss_std:0.006770017506455397
Modifying K
Fitting model on target unit
Iteration:0	Loss_mean:0.03990112617611885	Loss_std:0.0
Iteration:100	Loss_mean:0.015574537755455822	Loss_std:0.021684378714750912
Iteration:200	Loss_mean:0.01632274257251993	Loss_std:0.009029788072406798
Iteration:300	Loss_mean:0.013668775286059826	Loss_std:0.008139749703634507
Iteration:400	Loss_mean:0.014581172158941627	Loss_std:0.00885885849045074
Iteration:500	Loss_mean:0.01307288118870929	Loss_std:0.0074005170448655155
Iteration:600	Loss_mean:0.013643354829400777	Loss_std:0.007314654061584841
Iteration:700	Loss_mean:0.013589260701555759	Loss_std:0.007252489431276327
Iteration:800	Loss_mean:0.013389233705820515	Loss_std:0.008993044210046609
Iteration:900	Loss_mean:0.012505848007276655	Loss_std:0.007965026569938149
Iteration:1000	Loss_mean:0.01188683630549349	Loss_std:0.007772739308413825
Iteration:1100	Loss_mean:0.013344659411814064	Loss_std:0.009690900669149157
Iteration:1200	Loss_mean:0.013264087054412812	Loss_std:0.007375015905849949
Iteration:1300	Loss_mean:0.014275220757117495	Loss_std:0.011298177891931776
Iteration:1400	Loss_mean:0.015234834696166218	Loss_std:0.0247576119960348
Iteration:1500	Loss_mean:0.015641203495906666	Loss_std:0.012280493659319684
Iteration:1600	Loss_mean:0.011985371176851913	Loss_std:0.007615077884802623
Iteration:1700	Loss_mean:0.012025418397970498	Loss_std:0.007441430070979562
Iteration:1800	Loss_mean:0.013509234871016816	Loss_std:0.010529730867245922
Iteration:1900	Loss_mean:0.012339810552075505	Loss_std:0.007124834992218174
Iteration:2000	Loss_mean:0.012369780750013888	Loss_std:0.007488675491892985
Iteration:2100	Loss_mean:0.011366111242678016	Loss_std:0.006708146725977395
Iteration:2200	Loss_mean:0.015771041963016614	Loss_std:0.02336650605650638
Iteration:2300	Loss_mean:0.013764281595358625	Loss_std:0.012376136460441362
Iteration:2400	Loss_mean:0.01263754058512859	Loss_std:0.009105609892629705
Iteration:2500	Loss_mean:0.011293360590934753	Loss_std:0.007356420359860387
Iteration:2600	Loss_mean:0.012808995875529946	Loss_std:0.007238111509922773
Iteration:2700	Loss_mean:0.011909454491687939	Loss_std:0.007054560489666581
Iteration:2800	Loss_mean:0.011779942908324301	Loss_std:0.007263555892561529
Iteration:2900	Loss_mean:0.011684787855483592	Loss_std:0.006565015780181178
Iteration:3000	Loss_mean:0.011257876788731665	Loss_std:0.007599965642003162
Iteration:3100	Loss_mean:0.01195631931303069	Loss_std:0.007117860524355692
Iteration:3200	Loss_mean:0.012740626875311136	Loss_std:0.007797807716632872
Iteration:3300	Loss_mean:0.01174132063635625	Loss_std:0.007565027980408064
Iteration:3400	Loss_mean:0.013537105235736818	Loss_std:0.00849378414495316
Iteration:3500	Loss_mean:0.01184263285715133	Loss_std:0.006679031949269484
Iteration:3600	Loss_mean:0.01146818152978085	Loss_std:0.007896014995625623
Iteration:3700	Loss_mean:0.011751696532592178	Loss_std:0.0068172651704664945
Iteration:3800	Loss_mean:0.011827239685226231	Loss_std:0.006831409273365667
Iteration:3900	Loss_mean:0.011344691943377257	Loss_std:0.0073056538147332085
Iteration:4000	Loss_mean:0.011363724977709353	Loss_std:0.006525036966391901
Iteration:4100	Loss_mean:0.012754197044996545	Loss_std:0.00857966985958885
Iteration:4200	Loss_mean:0.011685221657389775	Loss_std:0.006734417179808945
Iteration:4300	Loss_mean:0.013922141888760961	Loss_std:0.008409678578253959
Iteration:4400	Loss_mean:0.010650046227965504	Loss_std:0.00638306775091803
Iteration:4500	Loss_mean:0.012463977963197976	Loss_std:0.007568465130096986
Iteration:4600	Loss_mean:0.011595103007857687	Loss_std:0.007154853049955574
Iteration:4700	Loss_mean:0.012316595022566617	Loss_std:0.0072263046448567125
Iteration:4800	Loss_mean:0.011649147984571754	Loss_std:0.006981596131275213
Iteration:4900	Loss_mean:0.012500922364415601	Loss_std:0.007905052236213335
Iteration:5000	Loss_mean:0.01131617178209126	Loss_std:0.006835226786303718
Iteration:5100	Loss_mean:0.010711484372150153	Loss_std:0.006978431647721914
Iteration:5200	Loss_mean:0.010717915365239606	Loss_std:0.007148765726516151
Iteration:5300	Loss_mean:0.011558058089576662	Loss_std:0.006898441644708853
Iteration:5400	Loss_mean:0.01085343245184049	Loss_std:0.006573052481450444
Iteration:5500	Loss_mean:0.012430756546091288	Loss_std:0.007058710486277021
Iteration:5600	Loss_mean:0.011045434776460751	Loss_std:0.007058017322698423
Iteration:5700	Loss_mean:0.01177870421204716	Loss_std:0.007089539103071229
Iteration:5800	Loss_mean:0.011072177849127911	Loss_std:0.007129696782478065
Iteration:5900	Loss_mean:0.012177715150173754	Loss_std:0.007490066102973578
Iteration:6000	Loss_mean:0.012157703379634767	Loss_std:0.006772103661350981
Iteration:6100	Loss_mean:0.011150323618203402	Loss_std:0.007209208906906257
Iteration:6200	Loss_mean:0.011604540812550112	Loss_std:0.007110361636645758
Iteration:6300	Loss_mean:0.0102576459874399	Loss_std:0.005567709751654628
Iteration:6400	Loss_mean:0.01182894160039723	Loss_std:0.0070827194967784625
Iteration:6500	Loss_mean:0.010547291759867222	Loss_std:0.007297990206796176
Iteration:6600	Loss_mean:0.012155519594671205	Loss_std:0.007016759213457968
Iteration:6700	Loss_mean:0.0120560318994103	Loss_std:0.007089941182111515
Iteration:6800	Loss_mean:0.010618748215492815	Loss_std:0.006831991829506671
Iteration:6900	Loss_mean:0.011387520347489044	Loss_std:0.006855468030789354
Iteration:7000	Loss_mean:0.011143331369385123	Loss_std:0.00643495920127395
Iteration:7100	Loss_mean:0.012700336366542615	Loss_std:0.0071069172949400385
Iteration:7200	Loss_mean:0.011826250089798122	Loss_std:0.007604244397247034
Iteration:7300	Loss_mean:0.00958078368799761	Loss_std:0.006062330310398074
Iteration:7400	Loss_mean:0.010070008431794121	Loss_std:0.006933602252038189
Iteration:7500	Loss_mean:0.010267316994722933	Loss_std:0.005903237252290626
Iteration:7600	Loss_mean:0.010941177977947518	Loss_std:0.007356774997694193
Iteration:7700	Loss_mean:0.010711422770982608	Loss_std:0.006258200362896671
Iteration:7800	Loss_mean:0.011842829092638568	Loss_std:0.006916968572648207
Iteration:7900	Loss_mean:0.01085422359756194	Loss_std:0.0060892078156025405
Iteration:8000	Loss_mean:0.012030863359104842	Loss_std:0.0063030934854810166
Iteration:8100	Loss_mean:0.010938934991136193	Loss_std:0.005826533042736894
Iteration:8200	Loss_mean:0.010756102210143581	Loss_std:0.006204968536822146
Iteration:8300	Loss_mean:0.011047918299445882	Loss_std:0.006680889467485362
Iteration:8400	Loss_mean:0.011030917570460588	Loss_std:0.006761949303120436
Iteration:8500	Loss_mean:0.01003332579159178	Loss_std:0.006057186140959951
Iteration:8600	Loss_mean:0.01112275279359892	Loss_std:0.007184161357375916
Iteration:8700	Loss_mean:0.011478456343756988	Loss_std:0.006396068017853655
Iteration:8800	Loss_mean:0.011464507487835363	Loss_std:0.006538064020927173
Iteration:8900	Loss_mean:0.011103978281607852	Loss_std:0.007555719249622818
Iteration:9000	Loss_mean:0.01016577086993493	Loss_std:0.006420452070792567
Iteration:9100	Loss_mean:0.009619319015182554	Loss_std:0.006049478895243779
Iteration:9200	Loss_mean:0.010646721766097472	Loss_std:0.00658748152131252
Iteration:9300	Loss_mean:0.01174862960819155	Loss_std:0.006396989634754453
Iteration:9400	Loss_mean:0.010082270499551668	Loss_std:0.005735003033566905
Iteration:9500	Loss_mean:0.010228600532282145	Loss_std:0.006914871498725913
Iteration:9600	Loss_mean:0.01013933353999164	Loss_std:0.006058718797496966
Iteration:9700	Loss_mean:0.009712507453514263	Loss_std:0.00633057598670965
Iteration:9800	Loss_mean:0.009630256660166196	Loss_std:0.005708105678222266
Iteration:9900	Loss_mean:0.010269671223359183	Loss_std:0.006143432818373331
