Running experiment synthetic
Pretraining model on donor units
Iteration:0	Loss_mean:1.506512999534607	Loss_std:0.0
Iteration:100	Loss_mean:0.7574149998277426	Loss_std:0.5817778422860056
Iteration:200	Loss_mean:0.5719185479916632	Loss_std:0.4375240025012956
Iteration:300	Loss_mean:0.492692517824471	Loss_std:0.43202204963898166
Iteration:400	Loss_mean:0.27866757187992336	Loss_std:0.28744750116044404
Iteration:500	Loss_mean:0.2315020116791129	Loss_std:0.229855087592634
Iteration:600	Loss_mean:0.18631229714490474	Loss_std:0.16942668449099066
Iteration:700	Loss_mean:0.12666034070774912	Loss_std:0.11391905663011181
Iteration:800	Loss_mean:0.11570647115353495	Loss_std:0.09529641648124357
Iteration:900	Loss_mean:0.12242036157287657	Loss_std:0.1196450326361419
Iteration:1000	Loss_mean:0.09711403409484774	Loss_std:0.07116973284495967
Iteration:1100	Loss_mean:0.0842305357172154	Loss_std:0.07943246772589856
Iteration:1200	Loss_mean:0.07065339982509614	Loss_std:0.06909844761872593
Iteration:1300	Loss_mean:0.05551679197698831	Loss_std:0.04540177063942009
Iteration:1400	Loss_mean:0.04069759059697389	Loss_std:0.03598157703681263
Iteration:1500	Loss_mean:0.03500871711352374	Loss_std:0.02792145573315387
Iteration:1600	Loss_mean:0.03057234717765823	Loss_std:0.028145984907371448
Iteration:1700	Loss_mean:0.024423821616219355	Loss_std:0.019596057984575355
Iteration:1800	Loss_mean:0.021697960524470546	Loss_std:0.01684629871745958
Iteration:1900	Loss_mean:0.024093952286057173	Loss_std:0.019119857363916092
Iteration:2000	Loss_mean:0.023197401550132783	Loss_std:0.019558140722521326
Iteration:2100	Loss_mean:0.018961784278508274	Loss_std:0.017632078993551285
Iteration:2200	Loss_mean:0.017905605137348176	Loss_std:0.014405273377431697
Iteration:2300	Loss_mean:0.018841005557333118	Loss_std:0.017422979146281426
Iteration:2400	Loss_mean:0.02058103625080548	Loss_std:0.018555359320922008
Iteration:2500	Loss_mean:0.019415041697211564	Loss_std:0.018430045275067766
Iteration:2600	Loss_mean:0.017709805192425848	Loss_std:0.019065036251264805
Iteration:2700	Loss_mean:0.02174494762904942	Loss_std:0.021198400047175745
Iteration:2800	Loss_mean:0.02109171211370267	Loss_std:0.02129699028865318
Iteration:2900	Loss_mean:0.01477776292245835	Loss_std:0.014427871212965867
Iteration:3000	Loss_mean:0.021954639767063782	Loss_std:0.023646226956199657
Iteration:3100	Loss_mean:0.01821665237657726	Loss_std:0.016179234235079984
Iteration:3200	Loss_mean:0.018762956421123817	Loss_std:0.020150233575246417
Iteration:3300	Loss_mean:0.016078362042317166	Loss_std:0.015569493317829974
Iteration:3400	Loss_mean:0.018450919591123237	Loss_std:0.018949012786346253
Iteration:3500	Loss_mean:0.018970460367127087	Loss_std:0.019398865147914474
Iteration:3600	Loss_mean:0.01663535486208275	Loss_std:0.015345297585488773
Iteration:3700	Loss_mean:0.020415480197407306	Loss_std:0.018690073377343835
Iteration:3800	Loss_mean:0.020453929553041234	Loss_std:0.02101174621596807
Iteration:3900	Loss_mean:0.020519467124831863	Loss_std:0.01754347650181387
Iteration:4000	Loss_mean:0.015925955005222932	Loss_std:0.01905261291425047
Iteration:4100	Loss_mean:0.01919897422369104	Loss_std:0.018727609689427546
Iteration:4200	Loss_mean:0.016826476647984236	Loss_std:0.016808511330486234
Iteration:4300	Loss_mean:0.01867089453910012	Loss_std:0.017722323183598232
Iteration:4400	Loss_mean:0.01749360514804721	Loss_std:0.01961039792996666
Iteration:4500	Loss_mean:0.01622562647506129	Loss_std:0.015155579650734616
Iteration:4600	Loss_mean:0.017258944420609622	Loss_std:0.018213527030268163
Iteration:4700	Loss_mean:0.01658534988295287	Loss_std:0.016533617501220156
Iteration:4800	Loss_mean:0.020498105863225646	Loss_std:0.021965500029132296
Iteration:4900	Loss_mean:0.016160534359514714	Loss_std:0.017618175154398813
Iteration:5000	Loss_mean:0.019395690765231847	Loss_std:0.016432019301809826
Iteration:5100	Loss_mean:0.017178484827745706	Loss_std:0.015763464750853304
Iteration:5200	Loss_mean:0.017544159732642582	Loss_std:0.019125236214698676
Iteration:5300	Loss_mean:0.018422931520617566	Loss_std:0.015693272448898905
Iteration:5400	Loss_mean:0.016068302775966003	Loss_std:0.016632712859718072
Iteration:5500	Loss_mean:0.014122270420193673	Loss_std:0.011667471879691912
Iteration:5600	Loss_mean:0.015781376451195685	Loss_std:0.015711417179603827
Iteration:5700	Loss_mean:0.015249823766644112	Loss_std:0.017615424549986373
Iteration:5800	Loss_mean:0.013564021150814369	Loss_std:0.01309555535237112
Iteration:5900	Loss_mean:0.011807146813953295	Loss_std:0.009769460528372145
Iteration:6000	Loss_mean:0.01279276477987878	Loss_std:0.01100547725327061
Iteration:6100	Loss_mean:0.013959161846432835	Loss_std:0.012517956675142251
Iteration:6200	Loss_mean:0.01357572959852405	Loss_std:0.012128802480911848
Iteration:6300	Loss_mean:0.013119387234328315	Loss_std:0.011951235242576725
Iteration:6400	Loss_mean:0.012151188413845375	Loss_std:0.012095699951204847
Iteration:6500	Loss_mean:0.012651298946002499	Loss_std:0.010009787633110076
Iteration:6600	Loss_mean:0.013486301458906383	Loss_std:0.015833727282424694
Iteration:6700	Loss_mean:0.011383588215685449	Loss_std:0.010927602108173421
Iteration:6800	Loss_mean:0.011675870583858342	Loss_std:0.01082423888905635
Iteration:6900	Loss_mean:0.010511795790516771	Loss_std:0.008199271609221946
Iteration:7000	Loss_mean:0.012837856561236548	Loss_std:0.00997059875652938
Iteration:7100	Loss_mean:0.012003162736655214	Loss_std:0.011068734137255997
Iteration:7200	Loss_mean:0.011530905574909411	Loss_std:0.009725783707221972
Iteration:7300	Loss_mean:0.011450841503683478	Loss_std:0.011503472641559044
Iteration:7400	Loss_mean:0.010571557126240805	Loss_std:0.009281829023402159
Iteration:7500	Loss_mean:0.01159502973780036	Loss_std:0.009689345303550367
Iteration:7600	Loss_mean:0.012222875958541409	Loss_std:0.011002871973356136
Iteration:7700	Loss_mean:0.01300123070483096	Loss_std:0.010692284035191476
Iteration:7800	Loss_mean:0.010907643696991726	Loss_std:0.010033036624576061
Iteration:7900	Loss_mean:0.0127684091986157	Loss_std:0.010801406247525739
Iteration:8000	Loss_mean:0.010179983442358207	Loss_std:0.008479766475873762
Iteration:8100	Loss_mean:0.009708885747531894	Loss_std:0.006685165116860417
Iteration:8200	Loss_mean:0.00979956947499886	Loss_std:0.006676127492054018
Iteration:8300	Loss_mean:0.01065898200380616	Loss_std:0.008635584987609076
Iteration:8400	Loss_mean:0.011346940762014129	Loss_std:0.009466949037962764
Iteration:8500	Loss_mean:0.013362466513935942	Loss_std:0.012693854913723898
Iteration:8600	Loss_mean:0.011330250717001035	Loss_std:0.010266752652638584
Iteration:8700	Loss_mean:0.011200493039796129	Loss_std:0.010017686671991164
Iteration:8800	Loss_mean:0.010637603553477674	Loss_std:0.010287678763126638
Iteration:8900	Loss_mean:0.009226323053590023	Loss_std:0.00815111229320404
Iteration:9000	Loss_mean:0.01167662818887038	Loss_std:0.010284286243978424
Iteration:9100	Loss_mean:0.01174839357539895	Loss_std:0.011644783142962243
Iteration:9200	Loss_mean:0.010848687597317622	Loss_std:0.008355514561160021
Iteration:9300	Loss_mean:0.011205368700902909	Loss_std:0.009788794453874181
Iteration:9400	Loss_mean:0.010834270291379653	Loss_std:0.009407455282196685
Iteration:9500	Loss_mean:0.010298642521956936	Loss_std:0.008848860351698502
Iteration:9600	Loss_mean:0.010647793412790634	Loss_std:0.01044867800338944
Iteration:9700	Loss_mean:0.010589386394713074	Loss_std:0.009660322011141965
Iteration:9800	Loss_mean:0.008942850215244108	Loss_std:0.0063124196158396975
Iteration:9900	Loss_mean:0.009716307719354517	Loss_std:0.00827135077512007
Iteration:10000	Loss_mean:0.011489886884228327	Loss_std:0.009863119305336877
Iteration:10100	Loss_mean:0.01040849844168406	Loss_std:0.011941423343516317
Iteration:10200	Loss_mean:0.01173896705149673	Loss_std:0.010996611500623775
Iteration:10300	Loss_mean:0.009712962241028435	Loss_std:0.0085852792838266
Iteration:10400	Loss_mean:0.010932432650006376	Loss_std:0.009378742577602017
Iteration:10500	Loss_mean:0.007788039891747758	Loss_std:0.0066695499869744435
Iteration:10600	Loss_mean:0.009780999147915281	Loss_std:0.007871159350667713
Iteration:10700	Loss_mean:0.010446138954721391	Loss_std:0.008634235278985991
Iteration:10800	Loss_mean:0.010269995377748274	Loss_std:0.007898751233399191
Iteration:10900	Loss_mean:0.010306014385423622	Loss_std:0.008626542606219227
Iteration:11000	Loss_mean:0.011986432757112198	Loss_std:0.009258656714748258
Iteration:11100	Loss_mean:0.010417177739436739	Loss_std:0.008029496883133622
Iteration:11200	Loss_mean:0.009982890823157503	Loss_std:0.007630691292782061
Iteration:11300	Loss_mean:0.009094649731414392	Loss_std:0.007823896395787587
Iteration:11400	Loss_mean:0.010117044703802093	Loss_std:0.007471589956621786
Iteration:11500	Loss_mean:0.011169131061178632	Loss_std:0.009678367804546888
Iteration:11600	Loss_mean:0.010126316202804447	Loss_std:0.00760696886363945
Iteration:11700	Loss_mean:0.01035086638177745	Loss_std:0.009262303099209451
Iteration:11800	Loss_mean:0.009881796024565119	Loss_std:0.008197069940331658
Iteration:11900	Loss_mean:0.00932772397645749	Loss_std:0.008419413650970495
Iteration:12000	Loss_mean:0.009200719731743447	Loss_std:0.007634462322679654
Iteration:12100	Loss_mean:0.009485662475344724	Loss_std:0.00738233693594155
Iteration:12200	Loss_mean:0.011096737921470777	Loss_std:0.008147504512741712
Iteration:12300	Loss_mean:0.010269632837735116	Loss_std:0.008058358322030454
Iteration:12400	Loss_mean:0.008696009411942214	Loss_std:0.006849710721541056
Iteration:12500	Loss_mean:0.009632414520019665	Loss_std:0.00678669712920287
Iteration:12600	Loss_mean:0.008669036416104064	Loss_std:0.0067979907200947974
Iteration:12700	Loss_mean:0.01008415243937634	Loss_std:0.009372899945689761
Iteration:12800	Loss_mean:0.009950929207261651	Loss_std:0.008450846093101871
Iteration:12900	Loss_mean:0.009163559383014218	Loss_std:0.007016207668228628
Iteration:13000	Loss_mean:0.010672334191622213	Loss_std:0.009809441894393109
Iteration:13100	Loss_mean:0.008041267929365858	Loss_std:0.005444959797788683
Iteration:13200	Loss_mean:0.009058685562922619	Loss_std:0.008165556811729443
Iteration:13300	Loss_mean:0.008574985748855396	Loss_std:0.006487682821826598
Iteration:13400	Loss_mean:0.00934551093610935	Loss_std:0.0072777050522481075
Iteration:13500	Loss_mean:0.009498162731761113	Loss_std:0.007711437762901943
Iteration:13600	Loss_mean:0.008957254196284339	Loss_std:0.007398684029347938
Iteration:13700	Loss_mean:0.010781816786620766	Loss_std:0.011572370601100607
Iteration:13800	Loss_mean:0.009113529188325628	Loss_std:0.00663892801114515
Iteration:13900	Loss_mean:0.009400700952974149	Loss_std:0.008338848242557588
Iteration:14000	Loss_mean:0.008609686009585858	Loss_std:0.005574024956618666
Iteration:14100	Loss_mean:0.008586680053849705	Loss_std:0.006077739639013832
Iteration:14200	Loss_mean:0.008162549615371972	Loss_std:0.006326540631553798
Iteration:14300	Loss_mean:0.009301606444059871	Loss_std:0.006745084165616222
Iteration:14400	Loss_mean:0.010804055917542427	Loss_std:0.00927083812656925
Iteration:14500	Loss_mean:0.008899656630819663	Loss_std:0.007126257651675213
Iteration:14600	Loss_mean:0.008772460706532002	Loss_std:0.006820517193979828
Iteration:14700	Loss_mean:0.009982819765573367	Loss_std:0.006681145822711059
Iteration:14800	Loss_mean:0.007723601523321122	Loss_std:0.00575842179403996
Iteration:14900	Loss_mean:0.008020558785356116	Loss_std:0.006177731964426753
Iteration:15000	Loss_mean:0.008883557224762625	Loss_std:0.007336610379925848
Iteration:15100	Loss_mean:0.008199521680362523	Loss_std:0.0073261825000468
Iteration:15200	Loss_mean:0.0095829429209698	Loss_std:0.006921299281598817
Iteration:15300	Loss_mean:0.007128116503590718	Loss_std:0.004145613025863927
Iteration:15400	Loss_mean:0.009062474220991134	Loss_std:0.0063150239404356386
Iteration:15500	Loss_mean:0.007636120856041088	Loss_std:0.004843520565206823
Iteration:15600	Loss_mean:0.008875572347897105	Loss_std:0.006532734637172007
Iteration:15700	Loss_mean:0.008573660787078552	Loss_std:0.006836742207560018
Iteration:15800	Loss_mean:0.008497501596575602	Loss_std:0.006166494080590052
Iteration:15900	Loss_mean:0.008198701208457351	Loss_std:0.005357087645365629
Iteration:16000	Loss_mean:0.008166749442170839	Loss_std:0.005504696177912764
Iteration:16100	Loss_mean:0.008529749005101622	Loss_std:0.005895863815710761
Iteration:16200	Loss_mean:0.007996082019526512	Loss_std:0.006503007781229757
Iteration:16300	Loss_mean:0.008099798666662536	Loss_std:0.0059067691250620745
Iteration:16400	Loss_mean:0.007942847408703529	Loss_std:0.005590034064718125
Iteration:16500	Loss_mean:0.008190299761481582	Loss_std:0.005832626702951722
Iteration:16600	Loss_mean:0.007436502202181145	Loss_std:0.004707364103897569
Iteration:16700	Loss_mean:0.007913295252656098	Loss_std:0.005681209366674067
Iteration:16800	Loss_mean:0.00891706460271962	Loss_std:0.006074237601293514
Iteration:16900	Loss_mean:0.008079686955024954	Loss_std:0.007376712644455361
Iteration:17000	Loss_mean:0.00862053778837435	Loss_std:0.006067010516654263
Iteration:17100	Loss_mean:0.007459291151026264	Loss_std:0.005352627113827065
Iteration:17200	Loss_mean:0.006869280959945172	Loss_std:0.004808174718844017
Iteration:17300	Loss_mean:0.008093102785060181	Loss_std:0.0049685642145627824
Iteration:17400	Loss_mean:0.008188862896058708	Loss_std:0.006208877939545055
Iteration:17500	Loss_mean:0.009410446729743853	Loss_std:0.008265082193198355
Iteration:17600	Loss_mean:0.008097953924443574	Loss_std:0.006659992694783243
Iteration:17700	Loss_mean:0.008155012455536053	Loss_std:0.00793621292678616
Iteration:17800	Loss_mean:0.007586916268337518	Loss_std:0.004497931929594786
Iteration:17900	Loss_mean:0.008422495599661487	Loss_std:0.006454128059374459
Iteration:18000	Loss_mean:0.007511920655088033	Loss_std:0.005756470679794403
Iteration:18100	Loss_mean:0.006524307387298905	Loss_std:0.004512852031183047
Iteration:18200	Loss_mean:0.0069716948911082	Loss_std:0.004341937617138067
Iteration:18300	Loss_mean:0.007572830131393858	Loss_std:0.00668252124047664
Iteration:18400	Loss_mean:0.008183512280229479	Loss_std:0.006810116933023643
Iteration:18500	Loss_mean:0.00741645457514096	Loss_std:0.005399349458866011
Iteration:18600	Loss_mean:0.007708902906160802	Loss_std:0.004903225668986171
Iteration:18700	Loss_mean:0.0076790997543139386	Loss_std:0.005499820285818376
Iteration:18800	Loss_mean:0.008093981825222727	Loss_std:0.005913577943154628
Iteration:18900	Loss_mean:0.008003528887638823	Loss_std:0.005824148458551263
Iteration:19000	Loss_mean:0.008294508054968902	Loss_std:0.005416430424452814
Iteration:19100	Loss_mean:0.0065501926804427055	Loss_std:0.0047911953076429335
Iteration:19200	Loss_mean:0.007742942120530643	Loss_std:0.005471380762169033
Iteration:19300	Loss_mean:0.006892661469755694	Loss_std:0.004874659464753366
Iteration:19400	Loss_mean:0.007713435644982383	Loss_std:0.004901444998949374
Iteration:19500	Loss_mean:0.006496096275513992	Loss_std:0.0038268418157028604
Iteration:19600	Loss_mean:0.0074437616806244476	Loss_std:0.0052777871524972335
Iteration:19700	Loss_mean:0.007067945650778711	Loss_std:0.005121690908996776
Iteration:19800	Loss_mean:0.007869093186454847	Loss_std:0.00497009972907487
Iteration:19900	Loss_mean:0.007417165188817307	Loss_std:0.005234848510361673
Iteration:20000	Loss_mean:0.007959880120470188	Loss_std:0.006279449460007362
Iteration:20100	Loss_mean:0.0068391796598734796	Loss_std:0.004422141007188935
Iteration:20200	Loss_mean:0.006834679536696058	Loss_std:0.005157832698620154
Iteration:20300	Loss_mean:0.007442820761934854	Loss_std:0.004829073181722789
Iteration:20400	Loss_mean:0.007403200551052578	Loss_std:0.00515041565687147
Iteration:20500	Loss_mean:0.007653641442884691	Loss_std:0.006543362480052575
Iteration:20600	Loss_mean:0.007492860428174026	Loss_std:0.0046758760649776845
Iteration:20700	Loss_mean:0.007136988922138698	Loss_std:0.0044786322879705855
Iteration:20800	Loss_mean:0.007175953186815604	Loss_std:0.0059019535675447835
Iteration:20900	Loss_mean:0.0073204959405120465	Loss_std:0.004734622180919258
Iteration:21000	Loss_mean:0.007012972836382687	Loss_std:0.0049758538276684664
Iteration:21100	Loss_mean:0.007317448890535161	Loss_std:0.005342691346985783
Iteration:21200	Loss_mean:0.006924659125506878	Loss_std:0.004042250886958202
Iteration:21300	Loss_mean:0.00775813544052653	Loss_std:0.005245024320412685
Iteration:21400	Loss_mean:0.006758127671200782	Loss_std:0.00437259768213537
Iteration:21500	Loss_mean:0.0069171228271443395	Loss_std:0.00399756587474395
Iteration:21600	Loss_mean:0.006972900902910624	Loss_std:0.003939500505068072
Iteration:21700	Loss_mean:0.007707562277792021	Loss_std:0.004830883023198143
Iteration:21800	Loss_mean:0.007553780382731929	Loss_std:0.006511307309048841
Iteration:21900	Loss_mean:0.008019934862386436	Loss_std:0.005512260212602268
Iteration:22000	Loss_mean:0.008212863692897372	Loss_std:0.006465018672584099
Iteration:22100	Loss_mean:0.00705183316138573	Loss_std:0.0044930180832732985
Iteration:22200	Loss_mean:0.007285602375050076	Loss_std:0.004011749616378298
Iteration:22300	Loss_mean:0.007104746197001077	Loss_std:0.004829951141530098
Iteration:22400	Loss_mean:0.007300321928487392	Loss_std:0.004930453767068023
Iteration:22500	Loss_mean:0.006999865804682486	Loss_std:0.005181426039889617
Iteration:22600	Loss_mean:0.0069114476334652866	Loss_std:0.004642824398596108
Iteration:22700	Loss_mean:0.006984807648113929	Loss_std:0.004595418704792652
Iteration:22800	Loss_mean:0.006731630887952633	Loss_std:0.005110242739970004
Iteration:22900	Loss_mean:0.007493355399928987	Loss_std:0.005615437305516613
Iteration:23000	Loss_mean:0.008014839784591459	Loss_std:0.005279096818104178
Iteration:23100	Loss_mean:0.007366821130272001	Loss_std:0.006381153951362201
Iteration:23200	Loss_mean:0.007029755491530522	Loss_std:0.004292195079453637
Iteration:23300	Loss_mean:0.008411955135234166	Loss_std:0.006274455795242217
Iteration:23400	Loss_mean:0.006889677605067845	Loss_std:0.004349201750016446
Iteration:23500	Loss_mean:0.006107360734022222	Loss_std:0.003933981619869112
Iteration:23600	Loss_mean:0.006348963470081799	Loss_std:0.004017610798608832
Iteration:23700	Loss_mean:0.00736436317616608	Loss_std:0.004792372452597757
Iteration:23800	Loss_mean:0.007593129859887995	Loss_std:0.004746125794633727
Iteration:23900	Loss_mean:0.006789107708609663	Loss_std:0.004823257169935036
Iteration:24000	Loss_mean:0.00726159319805447	Loss_std:0.005333260995495831
Iteration:24100	Loss_mean:0.007626069434918463	Loss_std:0.005024153511577443
Iteration:24200	Loss_mean:0.0067310374986846	Loss_std:0.00459804848905439
Iteration:24300	Loss_mean:0.007140232178498991	Loss_std:0.004061671737694186
Iteration:24400	Loss_mean:0.008211021687020547	Loss_std:0.005352344107989644
Iteration:24500	Loss_mean:0.007019523053895682	Loss_std:0.005297894342394309
Iteration:24600	Loss_mean:0.007075978206703439	Loss_std:0.0040753895926533504
Iteration:24700	Loss_mean:0.006802818101423327	Loss_std:0.0039177208742922146
Iteration:24800	Loss_mean:0.006966420042444952	Loss_std:0.0048194162480943055
Iteration:24900	Loss_mean:0.006538686367566698	Loss_std:0.003812916754384509
Iteration:25000	Loss_mean:0.0072426841605920346	Loss_std:0.004427007998529921
Iteration:25100	Loss_mean:0.007641416105325333	Loss_std:0.006428365853500413
Iteration:25200	Loss_mean:0.006820544401416555	Loss_std:0.004207772737974272
Iteration:25300	Loss_mean:0.0068545663118129594	Loss_std:0.004140431887426867
Iteration:25400	Loss_mean:0.007030651500972453	Loss_std:0.004876472033657257
Iteration:25500	Loss_mean:0.0064713864846271466	Loss_std:0.00509255478421352
Iteration:25600	Loss_mean:0.0070175161297083835	Loss_std:0.004384163713757223
Iteration:25700	Loss_mean:0.007060248322231928	Loss_std:0.004715498234208175
Iteration:25800	Loss_mean:0.0066052096424391495	Loss_std:0.00428009327155516
Iteration:25900	Loss_mean:0.006736218977021053	Loss_std:0.004583240787624898
Iteration:26000	Loss_mean:0.007269963024300523	Loss_std:0.004758968128827294
Iteration:26100	Loss_mean:0.0069261965254554525	Loss_std:0.005014410335479112
Iteration:26200	Loss_mean:0.006372755831107497	Loss_std:0.0038389150851035427
Iteration:26300	Loss_mean:0.0064213004038902	Loss_std:0.004711726115020161
Iteration:26400	Loss_mean:0.007122792513109743	Loss_std:0.00536176135329947
Iteration:26500	Loss_mean:0.006971221131971106	Loss_std:0.0052720958084967445
Iteration:26600	Loss_mean:0.006609554263995961	Loss_std:0.004878469244199779
Iteration:26700	Loss_mean:0.00687107534497045	Loss_std:0.004738457057361765
Iteration:26800	Loss_mean:0.007420719206565991	Loss_std:0.0051335912005591525
Iteration:26900	Loss_mean:0.006138315648422576	Loss_std:0.0036122756767948943
Iteration:27000	Loss_mean:0.0063822579855332155	Loss_std:0.004073680280240378
Iteration:27100	Loss_mean:0.005821739867096767	Loss_std:0.003969170157567593
Iteration:27200	Loss_mean:0.006588837390881963	Loss_std:0.004769163863262015
Iteration:27300	Loss_mean:0.007112484329263679	Loss_std:0.004554191449023337
Iteration:27400	Loss_mean:0.0059935518761631106	Loss_std:0.003549159440290246
Iteration:27500	Loss_mean:0.006451399428769946	Loss_std:0.0038215604797846906
Iteration:27600	Loss_mean:0.007081118647474796	Loss_std:0.00460705483285717
Iteration:27700	Loss_mean:0.006291439442429691	Loss_std:0.0044942599297565795
Iteration:27800	Loss_mean:0.00721789141301997	Loss_std:0.004224244290042932
Iteration:27900	Loss_mean:0.006918237889767625	Loss_std:0.004178646074221551
Iteration:28000	Loss_mean:0.006284602686064318	Loss_std:0.0042193199636735065
Iteration:28100	Loss_mean:0.0066871345194522295	Loss_std:0.0049946284964796734
Iteration:28200	Loss_mean:0.0061497961665736515	Loss_std:0.004607367207954475
Iteration:28300	Loss_mean:0.007335260859981645	Loss_std:0.005048705404866548
Iteration:28400	Loss_mean:0.005392838070401922	Loss_std:0.003298966162667333
Iteration:28500	Loss_mean:0.005947367106564343	Loss_std:0.00429275075686123
Iteration:28600	Loss_mean:0.007087764351745136	Loss_std:0.004617089939996473
Iteration:28700	Loss_mean:0.007206695811473765	Loss_std:0.005041848833040302
Iteration:28800	Loss_mean:0.006043495932244696	Loss_std:0.0039477651762011914
Iteration:28900	Loss_mean:0.00564503682195209	Loss_std:0.0034989486820932543
Iteration:29000	Loss_mean:0.006970686290878802	Loss_std:0.004523261211183576
Iteration:29100	Loss_mean:0.00693146282224916	Loss_std:0.004456545966896177
Iteration:29200	Loss_mean:0.006653341742348857	Loss_std:0.004944195826503416
Iteration:29300	Loss_mean:0.006472975331125781	Loss_std:0.003960128898141987
Iteration:29400	Loss_mean:0.006469922217656858	Loss_std:0.004288096619520716
Iteration:29500	Loss_mean:0.006062250920222141	Loss_std:0.004233213938143063
Iteration:29600	Loss_mean:0.007793942753341981	Loss_std:0.005331140037598181
Iteration:29700	Loss_mean:0.005976740566838998	Loss_std:0.0039824864381963225
Iteration:29800	Loss_mean:0.006517962253419682	Loss_std:0.004362884999133872
Iteration:29900	Loss_mean:0.005661081009311602	Loss_std:0.0035485987431005156
Iteration:30000	Loss_mean:0.006842248290340649	Loss_std:0.0051584921366261294
Iteration:30100	Loss_mean:0.006262908775825054	Loss_std:0.003553778636283234
Iteration:30200	Loss_mean:0.006956871656002477	Loss_std:0.004770647891868432
Iteration:30300	Loss_mean:0.006591388209490106	Loss_std:0.004428322099490334
Iteration:30400	Loss_mean:0.0065086819184944035	Loss_std:0.004444413769192736
Iteration:30500	Loss_mean:0.006352112242311705	Loss_std:0.0045311050033720116
Iteration:30600	Loss_mean:0.006846948210150004	Loss_std:0.003555786623412747
Iteration:30700	Loss_mean:0.0066816501392167995	Loss_std:0.004112147530090913
Iteration:30800	Loss_mean:0.006677002940268722	Loss_std:0.004241295553358466
Iteration:30900	Loss_mean:0.0060246868868125605	Loss_std:0.003856602577358996
Iteration:31000	Loss_mean:0.006989624601555988	Loss_std:0.005493399705368177
Iteration:31100	Loss_mean:0.007134408197598532	Loss_std:0.005073039727212359
Iteration:31200	Loss_mean:0.006286536700208671	Loss_std:0.0040997067237238975
Iteration:31300	Loss_mean:0.006284831593511626	Loss_std:0.003608660305786589
Iteration:31400	Loss_mean:0.006425516940653324	Loss_std:0.0036237646674515873
Iteration:31500	Loss_mean:0.0071770869614556435	Loss_std:0.004540772716438036
Iteration:31600	Loss_mean:0.005958550769719295	Loss_std:0.003854636217413851
Iteration:31700	Loss_mean:0.006909441988682374	Loss_std:0.00444128974870102
Iteration:31800	Loss_mean:0.006609206680150237	Loss_std:0.004318586775857684
Iteration:31900	Loss_mean:0.006971705651667434	Loss_std:0.004846841712331215
Iteration:32000	Loss_mean:0.006343889537965879	Loss_std:0.0038550107917627707
Iteration:32100	Loss_mean:0.006084346265997738	Loss_std:0.003810396639676595
Iteration:32200	Loss_mean:0.006362456451170146	Loss_std:0.004534465050298189
Iteration:32300	Loss_mean:0.00694786145380931	Loss_std:0.004432596827211697
Iteration:32400	Loss_mean:0.006378597403527237	Loss_std:0.004075553878199132
Iteration:32500	Loss_mean:0.0063364612334407865	Loss_std:0.0035618024634764523
Iteration:32600	Loss_mean:0.006443412757944316	Loss_std:0.004479388704843835
Iteration:32700	Loss_mean:0.006665710502129513	Loss_std:0.004563233265085081
Iteration:32800	Loss_mean:0.006494344040402211	Loss_std:0.00411039654982121
Iteration:32900	Loss_mean:0.006111705239163712	Loss_std:0.0034385815783665114
Iteration:33000	Loss_mean:0.007560495009165606	Loss_std:0.004508653742721958
Iteration:33100	Loss_mean:0.007415991711895913	Loss_std:0.004784736075679992
Iteration:33200	Loss_mean:0.007186231759842485	Loss_std:0.004436810007149356
Iteration:33300	Loss_mean:0.006671072522294708	Loss_std:0.004381892978523306
Iteration:33400	Loss_mean:0.007985335284029133	Loss_std:0.006404756888801279
Iteration:33500	Loss_mean:0.006498994520225097	Loss_std:0.00395262789376248
Iteration:33600	Loss_mean:0.006184658323181793	Loss_std:0.004131371130724803
Iteration:33700	Loss_mean:0.007047840042359894	Loss_std:0.004961205838826712
Iteration:33800	Loss_mean:0.006164970188401639	Loss_std:0.004614914020557286
Iteration:33900	Loss_mean:0.0064303407788975165	Loss_std:0.00460375582449239
Iteration:34000	Loss_mean:0.00632235174824018	Loss_std:0.0038435461543493317
Iteration:34100	Loss_mean:0.006376792454975657	Loss_std:0.00455451826325003
Iteration:34200	Loss_mean:0.007213405138463714	Loss_std:0.00415228449760895
Iteration:34300	Loss_mean:0.006389226372702978	Loss_std:0.0038523885399783867
Iteration:34400	Loss_mean:0.00604951792745851	Loss_std:0.0033424439817410934
Iteration:34500	Loss_mean:0.006344826168497093	Loss_std:0.003457614318433982
Iteration:34600	Loss_mean:0.0064995310571976	Loss_std:0.004083437640710756
Iteration:34700	Loss_mean:0.0062569498977973126	Loss_std:0.0038248924801542413
Iteration:34800	Loss_mean:0.006907373917638324	Loss_std:0.004367838300922471
Iteration:34900	Loss_mean:0.006716258439701051	Loss_std:0.00572500053971369
Iteration:35000	Loss_mean:0.006340625293087214	Loss_std:0.004146952209403631
Iteration:35100	Loss_mean:0.00594829605834093	Loss_std:0.00345061319659237
Iteration:35200	Loss_mean:0.006466226488701068	Loss_std:0.004127030175060848
Iteration:35300	Loss_mean:0.006608183482894674	Loss_std:0.004315286446271557
Iteration:35400	Loss_mean:0.0073307430965360255	Loss_std:0.005579641054323504
Iteration:35500	Loss_mean:0.005962158197071403	Loss_std:0.0032960283190828213
Iteration:35600	Loss_mean:0.006404841663897969	Loss_std:0.00423206068185732
Iteration:35700	Loss_mean:0.005940784887643531	Loss_std:0.0038191292901904607
Iteration:35800	Loss_mean:0.006632449666503817	Loss_std:0.0039698403458824135
Iteration:35900	Loss_mean:0.006462067639222369	Loss_std:0.003960706551099077
Iteration:36000	Loss_mean:0.007109676491236314	Loss_std:0.004374159143177712
Iteration:36100	Loss_mean:0.006939231066498905	Loss_std:0.0041435091828281746
Iteration:36200	Loss_mean:0.006394734056084417	Loss_std:0.004313716649633799
Iteration:36300	Loss_mean:0.0065554996178252625	Loss_std:0.003863024658306128
Iteration:36400	Loss_mean:0.007013569689588621	Loss_std:0.004479589643539576
Iteration:36500	Loss_mean:0.006670265140710399	Loss_std:0.004465772576845038
Iteration:36600	Loss_mean:0.00677196418895619	Loss_std:0.004666411850021225
Iteration:36700	Loss_mean:0.006094116603198927	Loss_std:0.004315600074054772
Iteration:36800	Loss_mean:0.005920847379602492	Loss_std:0.003733514142344448
Iteration:36900	Loss_mean:0.0067729686692473475	Loss_std:0.004217687756229665
Iteration:37000	Loss_mean:0.0061931416037259625	Loss_std:0.004542556489503701
Iteration:37100	Loss_mean:0.006875187307596207	Loss_std:0.003908132454409809
Iteration:37200	Loss_mean:0.005748197872308083	Loss_std:0.004280772089908419
Iteration:37300	Loss_mean:0.006642316775105428	Loss_std:0.004718388492639508
Iteration:37400	Loss_mean:0.005894333198957611	Loss_std:0.003819651342948148
Iteration:37500	Loss_mean:0.006723239720158745	Loss_std:0.004425268590878076
Iteration:37600	Loss_mean:0.006194807192659937	Loss_std:0.0039848092979209776
Iteration:37700	Loss_mean:0.006673287734738551	Loss_std:0.003680387321303386
Iteration:37800	Loss_mean:0.005906732359144371	Loss_std:0.00408076456892057
Iteration:37900	Loss_mean:0.005695532505633309	Loss_std:0.003274188447104647
Iteration:38000	Loss_mean:0.006916677872941364	Loss_std:0.005152508892591167
Iteration:38100	Loss_mean:0.007021197567228228	Loss_std:0.004874378505878712
Iteration:38200	Loss_mean:0.005832447046414018	Loss_std:0.003540777201008859
Iteration:38300	Loss_mean:0.006233988963067531	Loss_std:0.003930561942492679
Iteration:38400	Loss_mean:0.006077243225299753	Loss_std:0.003803839926278525
Iteration:38500	Loss_mean:0.006181840313365683	Loss_std:0.004073992704348066
Iteration:38600	Loss_mean:0.006450228269095533	Loss_std:0.005105406087734941
Iteration:38700	Loss_mean:0.006118746815191116	Loss_std:0.0034879537722927855
Iteration:38800	Loss_mean:0.0063310281487065365	Loss_std:0.004612114301841266
Iteration:38900	Loss_mean:0.006389530272281263	Loss_std:0.0046951393007094045
Iteration:39000	Loss_mean:0.006541632351872977	Loss_std:0.004049611835677461
Iteration:39100	Loss_mean:0.0064489350112853575	Loss_std:0.004033989927484252
Iteration:39200	Loss_mean:0.0068142425821861256	Loss_std:0.0042438586972039245
Iteration:39300	Loss_mean:0.006314565705833957	Loss_std:0.003794785829306909
Iteration:39400	Loss_mean:0.006350409720907919	Loss_std:0.004068426751781512
Iteration:39500	Loss_mean:0.005507561403210275	Loss_std:0.0036625274812478897
Iteration:39600	Loss_mean:0.005501453049946576	Loss_std:0.003550197436205458
Iteration:39700	Loss_mean:0.006535902377509046	Loss_std:0.003958568519651443
Iteration:39800	Loss_mean:0.005779923519003205	Loss_std:0.0033584478116028375
Iteration:39900	Loss_mean:0.00587644113402348	Loss_std:0.003934692511130095
Iteration:40000	Loss_mean:0.006913724062032997	Loss_std:0.00492293089106295
Iteration:40100	Loss_mean:0.006341784651158378	Loss_std:0.003580199613748808
Iteration:40200	Loss_mean:0.006114094505901449	Loss_std:0.004293296157313567
Iteration:40300	Loss_mean:0.0057736369455233215	Loss_std:0.004003330103648662
Iteration:40400	Loss_mean:0.006660034431843087	Loss_std:0.004064884522472357
Iteration:40500	Loss_mean:0.005803504337964113	Loss_std:0.004262173693258863
Iteration:40600	Loss_mean:0.005748013897973578	Loss_std:0.003666568728040257
Iteration:40700	Loss_mean:0.006487195887602866	Loss_std:0.0039998913439499816
Iteration:40800	Loss_mean:0.0068212200747802855	Loss_std:0.004985771465656181
Iteration:40900	Loss_mean:0.005691880445228889	Loss_std:0.003244856991194991
Iteration:41000	Loss_mean:0.00591617064725142	Loss_std:0.00394868405046555
Iteration:41100	Loss_mean:0.007902881502523086	Loss_std:0.006135868463458902
Iteration:41200	Loss_mean:0.0056558902480173855	Loss_std:0.0038205298076277195
Iteration:41300	Loss_mean:0.006298764232778922	Loss_std:0.004264615544216926
Iteration:41400	Loss_mean:0.006354082931648008	Loss_std:0.004148629501835579
Iteration:41500	Loss_mean:0.006705549542675726	Loss_std:0.0037530989013236393
Iteration:41600	Loss_mean:0.0057247463749808955	Loss_std:0.003319885835954713
Iteration:41700	Loss_mean:0.005875625820917776	Loss_std:0.0036955936371680796
Iteration:41800	Loss_mean:0.006193731485400349	Loss_std:0.0037891774934066453
Iteration:41900	Loss_mean:0.006594039523042739	Loss_std:0.004107103953523093
Iteration:42000	Loss_mean:0.006604984165460337	Loss_std:0.004078096246376373
Iteration:42100	Loss_mean:0.005954370924737305	Loss_std:0.0038844716767794
Iteration:42200	Loss_mean:0.00659317426092457	Loss_std:0.0037814004881758997
Iteration:42300	Loss_mean:0.006507349749153945	Loss_std:0.003966944167941446
Iteration:42400	Loss_mean:0.005823205665801651	Loss_std:0.00364740805299966
Iteration:42500	Loss_mean:0.007129557822481729	Loss_std:0.005441685784661656
Iteration:42600	Loss_mean:0.006791463654953986	Loss_std:0.004462129007409368
Iteration:42700	Loss_mean:0.006055991660687141	Loss_std:0.003557204058041018
Iteration:42800	Loss_mean:0.005871997491631191	Loss_std:0.003582623165813943
Iteration:42900	Loss_mean:0.006478917304193601	Loss_std:0.004113743175901402
Iteration:43000	Loss_mean:0.007047410096274689	Loss_std:0.004088901889507139
Iteration:43100	Loss_mean:0.005631668324349448	Loss_std:0.0033415367945349183
Iteration:43200	Loss_mean:0.005940776875067968	Loss_std:0.004250404109423384
Iteration:43300	Loss_mean:0.005618662035558373	Loss_std:0.003570602693246706
Iteration:43400	Loss_mean:0.006327265324653126	Loss_std:0.0037330624333385943
Iteration:43500	Loss_mean:0.006694974780548364	Loss_std:0.003631713472891757
Iteration:43600	Loss_mean:0.006385993877192959	Loss_std:0.003853976063754024
Iteration:43700	Loss_mean:0.007336192418006249	Loss_std:0.004344301144870436
Iteration:43800	Loss_mean:0.005954768916126341	Loss_std:0.0037096929085320557
Iteration:43900	Loss_mean:0.007104148482903838	Loss_std:0.004917022165499747
Iteration:44000	Loss_mean:0.0061205531284213065	Loss_std:0.004025663718895326
Iteration:44100	Loss_mean:0.006646388603257947	Loss_std:0.004183587467787259
Iteration:44200	Loss_mean:0.005840732858923729	Loss_std:0.0033249182908153666
Iteration:44300	Loss_mean:0.006021835920982994	Loss_std:0.003723260346600392
Iteration:44400	Loss_mean:0.005927383448870387	Loss_std:0.004002399812588706
Iteration:44500	Loss_mean:0.006029469926725142	Loss_std:0.0036352725145838
Iteration:44600	Loss_mean:0.00592540144600207	Loss_std:0.003641372708232056
Iteration:44700	Loss_mean:0.0055969446801464075	Loss_std:0.0037218946281413964
Iteration:44800	Loss_mean:0.006580341806693468	Loss_std:0.004556077813170588
Iteration:44900	Loss_mean:0.006493146878783591	Loss_std:0.004041505926241839
Iteration:45000	Loss_mean:0.005950431991950608	Loss_std:0.003320280912598454
Iteration:45100	Loss_mean:0.006859691523350193	Loss_std:0.004221772405570847
Iteration:45200	Loss_mean:0.006049398041795939	Loss_std:0.003495059996932535
Iteration:45300	Loss_mean:0.006429226632026257	Loss_std:0.003955589382423834
Iteration:45400	Loss_mean:0.005906148104695603	Loss_std:0.0035453764850070717
Iteration:45500	Loss_mean:0.006008024954935536	Loss_std:0.0036486070835357034
Iteration:45600	Loss_mean:0.006204608200350776	Loss_std:0.004191703225924977
Iteration:45700	Loss_mean:0.006153276442782954	Loss_std:0.003669444970633179
Iteration:45800	Loss_mean:0.005839391750050708	Loss_std:0.003391157885072971
Iteration:45900	Loss_mean:0.006927519823657349	Loss_std:0.004597466988175236
Iteration:46000	Loss_mean:0.006384778826031834	Loss_std:0.004761217808351432
Iteration:46100	Loss_mean:0.005931659491616301	Loss_std:0.003300499495140184
Iteration:46200	Loss_mean:0.006731177034671418	Loss_std:0.004257317684944849
Iteration:46300	Loss_mean:0.006446947625372559	Loss_std:0.004080072120981748
Iteration:46400	Loss_mean:0.006557145818078425	Loss_std:0.004970640891367224
Iteration:46500	Loss_mean:0.0058506452146684755	Loss_std:0.0035269988103771243
Iteration:46600	Loss_mean:0.005829967342142481	Loss_std:0.0033695043838397553
Iteration:46700	Loss_mean:0.005542549170204438	Loss_std:0.0034617450426872943
Iteration:46800	Loss_mean:0.0060819505876861515	Loss_std:0.0035923548503511327
Iteration:46900	Loss_mean:0.0068077995086787265	Loss_std:0.005196934409923197
Iteration:47000	Loss_mean:0.005574708938947879	Loss_std:0.003591259070339958
Iteration:47100	Loss_mean:0.007048763076309115	Loss_std:0.003777099672881543
Iteration:47200	Loss_mean:0.006615611697779969	Loss_std:0.0040312155740642504
Iteration:47300	Loss_mean:0.007068594428128563	Loss_std:0.005053314595806525
Iteration:47400	Loss_mean:0.005841246712952853	Loss_std:0.0034312088965419425
Iteration:47500	Loss_mean:0.0057478775404160845	Loss_std:0.003196950040407889
Iteration:47600	Loss_mean:0.005874096306506545	Loss_std:0.003657140806822614
Iteration:47700	Loss_mean:0.00606899965350749	Loss_std:0.003940729058922589
Iteration:47800	Loss_mean:0.005415884988033213	Loss_std:0.0031568577486534907
Iteration:47900	Loss_mean:0.006331800375482999	Loss_std:0.004151824749469562
Iteration:48000	Loss_mean:0.005619432926760055	Loss_std:0.003294135957860193
Iteration:48100	Loss_mean:0.006279320302419364	Loss_std:0.0037642300989297116
Iteration:48200	Loss_mean:0.0058282829605741425	Loss_std:0.0033713307419628836
Iteration:48300	Loss_mean:0.006241696385550313	Loss_std:0.003637053444346143
Iteration:48400	Loss_mean:0.006779513040091842	Loss_std:0.005092836516656974
Iteration:48500	Loss_mean:0.006445915125077591	Loss_std:0.0036304865393152895
Iteration:48600	Loss_mean:0.006654494985705242	Loss_std:0.0038279472315098104
Iteration:48700	Loss_mean:0.006336849899380468	Loss_std:0.004079303731056671
Iteration:48800	Loss_mean:0.005614839526242576	Loss_std:0.003852130312145179
Iteration:48900	Loss_mean:0.005961682011839002	Loss_std:0.0030854240405130758
Iteration:49000	Loss_mean:0.00638262827298604	Loss_std:0.003850740038398146
Iteration:49100	Loss_mean:0.005806590793072246	Loss_std:0.004030833220822865
Iteration:49200	Loss_mean:0.006138231069780886	Loss_std:0.0035212407315717673
Iteration:49300	Loss_mean:0.006428083169739693	Loss_std:0.003928120963063832
Iteration:49400	Loss_mean:0.005927474814816378	Loss_std:0.0040579131009360675
Iteration:49500	Loss_mean:0.005746680317097344	Loss_std:0.0035267062933259517
Iteration:49600	Loss_mean:0.006744289075140841	Loss_std:0.004448830094293973
Iteration:49700	Loss_mean:0.0057019141904311255	Loss_std:0.0033992600051144903
Iteration:49800	Loss_mean:0.006112611087737605	Loss_std:0.004037022209308411
Iteration:49900	Loss_mean:0.005934210259583779	Loss_std:0.0037839870073013695
Modifying K
Fitting model on target unit
Iteration:0	Loss_mean:0.009105361066758633	Loss_std:0.0
Iteration:100	Loss_mean:0.006094120367779396	Loss_std:0.003639204698086999
Iteration:200	Loss_mean:0.0060897732456214725	Loss_std:0.004027953458545345
Iteration:300	Loss_mean:0.005739150769659318	Loss_std:0.0036296539895992607
Iteration:400	Loss_mean:0.006323463876033202	Loss_std:0.003992127114771082
Iteration:500	Loss_mean:0.005481083792983554	Loss_std:0.003131476534908635
Iteration:600	Loss_mean:0.005727609990281053	Loss_std:0.0035864702276151394
Iteration:700	Loss_mean:0.006080429330759216	Loss_std:0.003925428473455702
Iteration:800	Loss_mean:0.006244511583354324	Loss_std:0.003902955392123
Iteration:900	Loss_mean:0.006059628473594785	Loss_std:0.004098707857109444
Iteration:1000	Loss_mean:0.005992055427632295	Loss_std:0.003406706141812405
Iteration:1100	Loss_mean:0.005466651316964999	Loss_std:0.0031703927976619896
Iteration:1200	Loss_mean:0.006024545350228437	Loss_std:0.003707389900377367
Iteration:1300	Loss_mean:0.005066471531608841	Loss_std:0.002936898599476039
Iteration:1400	Loss_mean:0.00522941357048694	Loss_std:0.003228295025107342
Iteration:1500	Loss_mean:0.005829402335657505	Loss_std:0.0037438467445801114
Iteration:1600	Loss_mean:0.0056161987560335545	Loss_std:0.003399131162771872
Iteration:1700	Loss_mean:0.006090051611536183	Loss_std:0.0036366206895788494
Iteration:1800	Loss_mean:0.005398737524810713	Loss_std:0.00330007023493554
Iteration:1900	Loss_mean:0.005424250367796048	Loss_std:0.0032820868783082157
Iteration:2000	Loss_mean:0.0059444147578324195	Loss_std:0.0036657559422332777
Iteration:2100	Loss_mean:0.006216848693729844	Loss_std:0.004226214715320536
Iteration:2200	Loss_mean:0.005686265269177966	Loss_std:0.003175728505950692
Iteration:2300	Loss_mean:0.005390017593745142	Loss_std:0.003331817029370244
Iteration:2400	Loss_mean:0.005503523100051097	Loss_std:0.003979765829391157
Iteration:2500	Loss_mean:0.005383141737256665	Loss_std:0.003514900185879415
Iteration:2600	Loss_mean:0.005329778691229876	Loss_std:0.003318353485312868
Iteration:2700	Loss_mean:0.0057201856398023665	Loss_std:0.0036143457204489576
Iteration:2800	Loss_mean:0.005399181265966035	Loss_std:0.0030224067991475277
Iteration:2900	Loss_mean:0.005221607924322597	Loss_std:0.0035563714114539243
Iteration:3000	Loss_mean:0.005651242965250276	Loss_std:0.003443618608970369
Iteration:3100	Loss_mean:0.005364489960484207	Loss_std:0.00285393771409126
Iteration:3200	Loss_mean:0.005662415771512315	Loss_std:0.0036052455202842688
Iteration:3300	Loss_mean:0.004796230720821768	Loss_std:0.002696221980254652
Iteration:3400	Loss_mean:0.005587520968401804	Loss_std:0.0038930548581689772
Iteration:3500	Loss_mean:0.005167091582843568	Loss_std:0.002954402817602707
Iteration:3600	Loss_mean:0.005317691067175474	Loss_std:0.0035556305612517093
Iteration:3700	Loss_mean:0.005497724938759347	Loss_std:0.0035269546658097555
Iteration:3800	Loss_mean:0.005829728385433555	Loss_std:0.0036170557354310547
Iteration:3900	Loss_mean:0.005445821509929374	Loss_std:0.0032486020617338825
Iteration:4000	Loss_mean:0.0057416253711562604	Loss_std:0.0035110331553777213
Iteration:4100	Loss_mean:0.005181858660653234	Loss_std:0.0033736755550920505
Iteration:4200	Loss_mean:0.005170561301056296	Loss_std:0.003878731351422256
Iteration:4300	Loss_mean:0.005152581805596128	Loss_std:0.0033285252660798987
Iteration:4400	Loss_mean:0.0054318723827600475	Loss_std:0.0032223635052338138
Iteration:4500	Loss_mean:0.00501147381728515	Loss_std:0.0031245498982107856
Iteration:4600	Loss_mean:0.004928427907871082	Loss_std:0.0029721610342729353
Iteration:4700	Loss_mean:0.005329887738917023	Loss_std:0.00344048617194083
Iteration:4800	Loss_mean:0.005564001952006947	Loss_std:0.0035984008569919903
Iteration:4900	Loss_mean:0.0055269562744069845	Loss_std:0.004054642222170428
Iteration:5000	Loss_mean:0.005474969749629963	Loss_std:0.0036878027268077993
Iteration:5100	Loss_mean:0.0053041939379181715	Loss_std:0.0034751437194587573
Iteration:5200	Loss_mean:0.005019514703308232	Loss_std:0.003259987034893664
Iteration:5300	Loss_mean:0.005390470799175091	Loss_std:0.0033822480712065424
Iteration:5400	Loss_mean:0.0054478556226240475	Loss_std:0.0033534817420247
Iteration:5500	Loss_mean:0.005418020039796829	Loss_std:0.003310542456907317
Iteration:5600	Loss_mean:0.00516679649008438	Loss_std:0.00318486751859364
Iteration:5700	Loss_mean:0.005213824907550588	Loss_std:0.0029985155635450047
Iteration:5800	Loss_mean:0.005655037742108107	Loss_std:0.004653555185871436
Iteration:5900	Loss_mean:0.005433517872588709	Loss_std:0.0032811439133028563
Iteration:6000	Loss_mean:0.005398679458885454	Loss_std:0.003303521574333465
Iteration:6100	Loss_mean:0.005394580679130741	Loss_std:0.0032938600413334926
Iteration:6200	Loss_mean:0.005310426088399254	Loss_std:0.0035112521831499885
Iteration:6300	Loss_mean:0.005307286587776616	Loss_std:0.004186421936466413
Iteration:6400	Loss_mean:0.005614375465083868	Loss_std:0.0035714298815750075
Iteration:6500	Loss_mean:0.00459144509077305	Loss_std:0.003029756346998967
Iteration:6600	Loss_mean:0.0055032208119519055	Loss_std:0.0037563808516284333
Iteration:6700	Loss_mean:0.004985620431834831	Loss_std:0.003370764530873875
Iteration:6800	Loss_mean:0.0054425414791330695	Loss_std:0.003722618124387089
Iteration:6900	Loss_mean:0.005161443691467866	Loss_std:0.003792757187165231
Iteration:7000	Loss_mean:0.005082809795276262	Loss_std:0.0032660635929904107
Iteration:7100	Loss_mean:0.005413563530892134	Loss_std:0.0030485960695580076
Iteration:7200	Loss_mean:0.004957465297775343	Loss_std:0.0031773681862663403
Iteration:7300	Loss_mean:0.005046785987724433	Loss_std:0.003390988639499108
Iteration:7400	Loss_mean:0.004866573213948868	Loss_std:0.002985582762518119
Iteration:7500	Loss_mean:0.005647647380828858	Loss_std:0.0040411807036443235
Iteration:7600	Loss_mean:0.00571730186813511	Loss_std:0.00415690944603633
Iteration:7700	Loss_mean:0.005449873264878989	Loss_std:0.0031426258389154445
Iteration:7800	Loss_mean:0.00453128770517651	Loss_std:0.002886937324540528
Iteration:7900	Loss_mean:0.0051830860735208265	Loss_std:0.0033751043933856503
Iteration:8000	Loss_mean:0.004842779700411483	Loss_std:0.003006971370804337
Iteration:8100	Loss_mean:0.005188365305075422	Loss_std:0.0032453953542581257
Iteration:8200	Loss_mean:0.004899757965758909	Loss_std:0.0032491800924938537
Iteration:8300	Loss_mean:0.005111920938361436	Loss_std:0.0031211110322191455
Iteration:8400	Loss_mean:0.005011964252626058	Loss_std:0.0028540723483443885
Iteration:8500	Loss_mean:0.004836080330132973	Loss_std:0.0029296991750212835
Iteration:8600	Loss_mean:0.004889207015512511	Loss_std:0.0032843354416717692
Iteration:8700	Loss_mean:0.005110078474972397	Loss_std:0.003299841273928909
Iteration:8800	Loss_mean:0.004962884199339896	Loss_std:0.0034758608325286817
Iteration:8900	Loss_mean:0.00534336649114266	Loss_std:0.002881394252842726
Iteration:9000	Loss_mean:0.005063363744266098	Loss_std:0.0030256028149388613
Iteration:9100	Loss_mean:0.004933825891639571	Loss_std:0.0033162092376904408
Iteration:9200	Loss_mean:0.004930760817951523	Loss_std:0.002852643027143961
Iteration:9300	Loss_mean:0.004966844463488087	Loss_std:0.0035516094399775343
Iteration:9400	Loss_mean:0.004881674157513771	Loss_std:0.0034391477421205113
Iteration:9500	Loss_mean:0.005573662485112436	Loss_std:0.003692472328699768
Iteration:9600	Loss_mean:0.005216754548891913	Loss_std:0.0032346580759642805
Iteration:9700	Loss_mean:0.004930007784860208	Loss_std:0.0029633041991305835
Iteration:9800	Loss_mean:0.005339969929482322	Loss_std:0.0030093823635469834
Iteration:9900	Loss_mean:0.005526877531665377	Loss_std:0.004070186143378976
