Running experiment synthetic
Pretraining model on donor units
Iteration:0	Loss_mean:0.08008721470832825	Loss_std:0.0
Iteration:100	Loss_mean:0.15991480227559804	Loss_std:0.1022376682578708
Iteration:200	Loss_mean:0.11099894020706415	Loss_std:0.05513645730482979
Iteration:300	Loss_mean:0.09805920600891113	Loss_std:0.05350896504569212
Iteration:400	Loss_mean:0.08048972975462675	Loss_std:0.04553633339369739
Iteration:500	Loss_mean:0.05344946118071675	Loss_std:0.029068420298550418
Iteration:600	Loss_mean:0.04033550842665136	Loss_std:0.02606853703987995
Iteration:700	Loss_mean:0.029961752081289886	Loss_std:0.016906040120284363
Iteration:800	Loss_mean:0.028586589638143776	Loss_std:0.018963328645207164
Iteration:900	Loss_mean:0.02454195498023182	Loss_std:0.02206304371117296
Iteration:1000	Loss_mean:0.023609684305265544	Loss_std:0.01874343542320681
Iteration:1100	Loss_mean:0.02188781652599573	Loss_std:0.015005666980153706
Iteration:1200	Loss_mean:0.024553582470398395	Loss_std:0.021358140955212556
Iteration:1300	Loss_mean:0.023847692031413317	Loss_std:0.014681737566132756
Iteration:1400	Loss_mean:0.02354240509448573	Loss_std:0.017282308408803928
Iteration:1500	Loss_mean:0.0226045751827769	Loss_std:0.016246625782321774
Iteration:1600	Loss_mean:0.02261987653095275	Loss_std:0.01878828490841635
Iteration:1700	Loss_mean:0.023908170452341438	Loss_std:0.0174311705048547
Iteration:1800	Loss_mean:0.0188187055522576	Loss_std:0.016537548732918246
Iteration:1900	Loss_mean:0.02242486609844491	Loss_std:0.01601440350552025
Iteration:2000	Loss_mean:0.019812139270361514	Loss_std:0.017278420331469976
Iteration:2100	Loss_mean:0.02285594222135842	Loss_std:0.01780751554371142
Iteration:2200	Loss_mean:0.020822857921011746	Loss_std:0.017280165454436152
Iteration:2300	Loss_mean:0.02151020337827504	Loss_std:0.018787076109104114
Iteration:2400	Loss_mean:0.02074069231748581	Loss_std:0.016085726105975636
Iteration:2500	Loss_mean:0.021373779624700547	Loss_std:0.018767788274864406
Iteration:2600	Loss_mean:0.019042258833069356	Loss_std:0.016589482602229425
Iteration:2700	Loss_mean:0.02050060221692547	Loss_std:0.01514145284458093
Iteration:2800	Loss_mean:0.01849303817609325	Loss_std:0.014222214204933033
Iteration:2900	Loss_mean:0.023926484929397702	Loss_std:0.01714908790984308
Iteration:3000	Loss_mean:0.02062590474728495	Loss_std:0.015623439852638182
Iteration:3100	Loss_mean:0.0197000682214275	Loss_std:0.012424032270792452
Iteration:3200	Loss_mean:0.0227815294242464	Loss_std:0.020617082436430643
Iteration:3300	Loss_mean:0.0253282384108752	Loss_std:0.021597345257731302
Iteration:3400	Loss_mean:0.020348869990557433	Loss_std:0.01676455265811774
Iteration:3500	Loss_mean:0.022922549904324116	Loss_std:0.016717811843088307
Iteration:3600	Loss_mean:0.02174105097190477	Loss_std:0.017799168434183686
Iteration:3700	Loss_mean:0.0217210748558864	Loss_std:0.01646842605918719
Iteration:3800	Loss_mean:0.021192016461864114	Loss_std:0.014118614401391899
Iteration:3900	Loss_mean:0.020720200953073798	Loss_std:0.017825936396768664
Iteration:4000	Loss_mean:0.023060532428789884	Loss_std:0.017945082913710858
Iteration:4100	Loss_mean:0.021906206393614413	Loss_std:0.015500873787671026
Iteration:4200	Loss_mean:0.02168601139681414	Loss_std:0.020008585835035023
Iteration:4300	Loss_mean:0.021747936718165873	Loss_std:0.014918254852770067
Iteration:4400	Loss_mean:0.021080634333193304	Loss_std:0.014583412783518272
Iteration:4500	Loss_mean:0.021065175957046448	Loss_std:0.016231804088180535
Iteration:4600	Loss_mean:0.01844445536728017	Loss_std:0.012094276307924583
Iteration:4700	Loss_mean:0.023421474979259074	Loss_std:0.01680709181144031
Iteration:4800	Loss_mean:0.022054025328252465	Loss_std:0.015792462444014648
Iteration:4900	Loss_mean:0.021622936301864685	Loss_std:0.0148053413131129
Iteration:5000	Loss_mean:0.01879389544017613	Loss_std:0.014171116261789022
Iteration:5100	Loss_mean:0.021771900309249758	Loss_std:0.016315475136899633
Iteration:5200	Loss_mean:0.021788372872397304	Loss_std:0.014357586593363659
Iteration:5300	Loss_mean:0.018908751527778805	Loss_std:0.013138223524142302
Iteration:5400	Loss_mean:0.01957595547195524	Loss_std:0.016237550739573958
Iteration:5500	Loss_mean:0.02330798373557627	Loss_std:0.016223843177879636
Iteration:5600	Loss_mean:0.018013127534650265	Loss_std:0.01721850971470013
Iteration:5700	Loss_mean:0.02008482966106385	Loss_std:0.013121096682636496
Iteration:5800	Loss_mean:0.019954361873678862	Loss_std:0.01844830684911211
Iteration:5900	Loss_mean:0.022380782305262983	Loss_std:0.017211003269810947
Iteration:6000	Loss_mean:0.02243712347233668	Loss_std:0.020061185582664873
Iteration:6100	Loss_mean:0.019202419063076376	Loss_std:0.014621287812297133
Iteration:6200	Loss_mean:0.020049343744758516	Loss_std:0.014455770330333116
Iteration:6300	Loss_mean:0.021853418725077064	Loss_std:0.01493916480305115
Iteration:6400	Loss_mean:0.020431553907692433	Loss_std:0.014263895748233092
Iteration:6500	Loss_mean:0.021425641253590585	Loss_std:0.01827659307993996
Iteration:6600	Loss_mean:0.02216545773204416	Loss_std:0.016597619908574304
Iteration:6700	Loss_mean:0.021615256641525776	Loss_std:0.021834688616886835
Iteration:6800	Loss_mean:0.02099041599081829	Loss_std:0.017432035532338835
Iteration:6900	Loss_mean:0.017731013889424503	Loss_std:0.012538026272953338
Iteration:7000	Loss_mean:0.02049100391799584	Loss_std:0.01584246513581639
Iteration:7100	Loss_mean:0.018118731708964334	Loss_std:0.015760679828272648
Iteration:7200	Loss_mean:0.02003891798434779	Loss_std:0.013941701064303091
Iteration:7300	Loss_mean:0.0178902924945578	Loss_std:0.011975819417829485
Iteration:7400	Loss_mean:0.02267001273809001	Loss_std:0.01773171937720179
Iteration:7500	Loss_mean:0.018673388657625765	Loss_std:0.013364455405070655
Iteration:7600	Loss_mean:0.018540909938747064	Loss_std:0.017803043981234615
Iteration:7700	Loss_mean:0.01881071678129956	Loss_std:0.014599339929297914
Iteration:7800	Loss_mean:0.017822195109911263	Loss_std:0.01348014563597928
Iteration:7900	Loss_mean:0.017286642710678278	Loss_std:0.015960787275715576
Iteration:8000	Loss_mean:0.015661560600856318	Loss_std:0.009668085529345062
Iteration:8100	Loss_mean:0.015453953021205962	Loss_std:0.011123119226617064
Iteration:8200	Loss_mean:0.014993534175446258	Loss_std:0.009798965965538505
Iteration:8300	Loss_mean:0.013372981381835417	Loss_std:0.008819927560499102
Iteration:8400	Loss_mean:0.012926526069641113	Loss_std:0.00952543701603805
Iteration:8500	Loss_mean:0.015786118905525656	Loss_std:0.012729278597233702
Iteration:8600	Loss_mean:0.014003410526784136	Loss_std:0.0099345695359724
Iteration:8700	Loss_mean:0.01394024257431738	Loss_std:0.009525138098769086
Iteration:8800	Loss_mean:0.014730313000036403	Loss_std:0.012221561753914272
Iteration:8900	Loss_mean:0.01211450510425493	Loss_std:0.008225558492138381
Iteration:9000	Loss_mean:0.011048645545961334	Loss_std:0.006670417152105646
Iteration:9100	Loss_mean:0.012436560495989396	Loss_std:0.009748695484485972
Iteration:9200	Loss_mean:0.013946952865226195	Loss_std:0.010742557621365978
Iteration:9300	Loss_mean:0.013076254258630798	Loss_std:0.008746130931003527
Iteration:9400	Loss_mean:0.014439198444597423	Loss_std:0.01125561547036938
Iteration:9500	Loss_mean:0.011695950886933133	Loss_std:0.008116355482883166
Iteration:9600	Loss_mean:0.012842696950538085	Loss_std:0.008997989443898237
Iteration:9700	Loss_mean:0.011821164335124194	Loss_std:0.010531100037719964
Iteration:9800	Loss_mean:0.010853301798633766	Loss_std:0.00752764979363143
Iteration:9900	Loss_mean:0.011756537151522934	Loss_std:0.009393945316820114
Iteration:10000	Loss_mean:0.011110286642797292	Loss_std:0.008389607276546633
Iteration:10100	Loss_mean:0.01331521469866857	Loss_std:0.008324752311623053
Iteration:10200	Loss_mean:0.010146980080753565	Loss_std:0.007385483573416449
Iteration:10300	Loss_mean:0.011368862814852037	Loss_std:0.007354501123906292
Iteration:10400	Loss_mean:0.011105554412933998	Loss_std:0.008398783167856892
Iteration:10500	Loss_mean:0.009014536236645655	Loss_std:0.006244148155470426
Iteration:10600	Loss_mean:0.010928297197679057	Loss_std:0.007316027380697607
Iteration:10700	Loss_mean:0.010156213075388222	Loss_std:0.006906937664107524
Iteration:10800	Loss_mean:0.011280325554544106	Loss_std:0.0077892855734783325
Iteration:10900	Loss_mean:0.012446924715768547	Loss_std:0.008097344793917282
Iteration:11000	Loss_mean:0.012676201270660386	Loss_std:0.008370798006450431
Iteration:11100	Loss_mean:0.012116008187877014	Loss_std:0.010976936407052152
Iteration:11200	Loss_mean:0.010911077994096558	Loss_std:0.00710069564939704
Iteration:11300	Loss_mean:0.012227380339754745	Loss_std:0.010254737228418832
Iteration:11400	Loss_mean:0.01065079694846645	Loss_std:0.007358259468072965
Iteration:11500	Loss_mean:0.0121546988573391	Loss_std:0.00769331753858459
Iteration:11600	Loss_mean:0.01103252149594482	Loss_std:0.007294442656812191
Iteration:11700	Loss_mean:0.010715934915351681	Loss_std:0.00968412701607984
Iteration:11800	Loss_mean:0.010723811934003607	Loss_std:0.009131859242012373
Iteration:11900	Loss_mean:0.011102763281669467	Loss_std:0.008032395956348767
Iteration:12000	Loss_mean:0.010230957999447128	Loss_std:0.007253811109851319
Iteration:12100	Loss_mean:0.00968927608220838	Loss_std:0.007237321140205376
Iteration:12200	Loss_mean:0.010542022604495287	Loss_std:0.008943504259686492
Iteration:12300	Loss_mean:0.011113570412853734	Loss_std:0.008863973538204178
Iteration:12400	Loss_mean:0.010863634331617505	Loss_std:0.00798540458394992
Iteration:12500	Loss_mean:0.01094454825099092	Loss_std:0.008106177002351684
Iteration:12600	Loss_mean:0.010620609503239392	Loss_std:0.006931230579599699
Iteration:12700	Loss_mean:0.011642901829909534	Loss_std:0.008056736988304824
Iteration:12800	Loss_mean:0.0107281883910764	Loss_std:0.006973492797465211
Iteration:12900	Loss_mean:0.01037007933948189	Loss_std:0.00664372249359228
Iteration:13000	Loss_mean:0.011075152853736654	Loss_std:0.00927138805138447
Iteration:13100	Loss_mean:0.010011677750153467	Loss_std:0.006995251798296786
Iteration:13200	Loss_mean:0.009960661029908805	Loss_std:0.007447508110279468
Iteration:13300	Loss_mean:0.010463618389330805	Loss_std:0.009261860149923596
Iteration:13400	Loss_mean:0.009760620525630656	Loss_std:0.00713545044035515
Iteration:13500	Loss_mean:0.009610908408649265	Loss_std:0.007077753763710028
Iteration:13600	Loss_mean:0.010833394307410345	Loss_std:0.007579200097174148
Iteration:13700	Loss_mean:0.011289222167106346	Loss_std:0.008667375677121645
Iteration:13800	Loss_mean:0.011321356597472914	Loss_std:0.007108966114199243
Iteration:13900	Loss_mean:0.009784663587925024	Loss_std:0.00846945551726199
Iteration:14000	Loss_mean:0.011117088394821622	Loss_std:0.009450823493801701
Iteration:14100	Loss_mean:0.008971739254193381	Loss_std:0.005835158200541215
Iteration:14200	Loss_mean:0.010693709385814145	Loss_std:0.007531295205813958
Iteration:14300	Loss_mean:0.009895122912130318	Loss_std:0.0067469093568690115
Iteration:14400	Loss_mean:0.009562170868157409	Loss_std:0.007319383443877477
Iteration:14500	Loss_mean:0.009330371587420814	Loss_std:0.007260612153856109
Iteration:14600	Loss_mean:0.010215929059777409	Loss_std:0.008289917858606935
Iteration:14700	Loss_mean:0.009229276193364057	Loss_std:0.005948985503067276
Iteration:14800	Loss_mean:0.010227095712907612	Loss_std:0.006417576646823949
Iteration:14900	Loss_mean:0.00983871515840292	Loss_std:0.006284239535744935
Iteration:15000	Loss_mean:0.009731501782662235	Loss_std:0.005577474642856785
Iteration:15100	Loss_mean:0.010070299764629453	Loss_std:0.007379373877293939
Iteration:15200	Loss_mean:0.009684032139484771	Loss_std:0.007708660176326367
Iteration:15300	Loss_mean:0.009585414336470421	Loss_std:0.006900061421697039
Iteration:15400	Loss_mean:0.01082716092816554	Loss_std:0.009097482114421964
Iteration:15500	Loss_mean:0.00934185337042436	Loss_std:0.006676278645143912
Iteration:15600	Loss_mean:0.010633304846705868	Loss_std:0.01028763397394447
Iteration:15700	Loss_mean:0.009468003952642903	Loss_std:0.006353304795936856
Iteration:15800	Loss_mean:0.009789648534497247	Loss_std:0.007409415718298239
Iteration:15900	Loss_mean:0.009242539076367393	Loss_std:0.005701222643724278
Iteration:16000	Loss_mean:0.009763170663500204	Loss_std:0.008629778673629964
Iteration:16100	Loss_mean:0.00926276807906106	Loss_std:0.007483609152962447
Iteration:16200	Loss_mean:0.009930780694121495	Loss_std:0.00768985497837346
Iteration:16300	Loss_mean:0.009716271153884008	Loss_std:0.007775204821422688
Iteration:16400	Loss_mean:0.010349962138279807	Loss_std:0.008396948923005345
Iteration:16500	Loss_mean:0.00976011587306857	Loss_std:0.00717719728880297
Iteration:16600	Loss_mean:0.011063042680907529	Loss_std:0.008920457741256466
Iteration:16700	Loss_mean:0.01083795640617609	Loss_std:0.008979208866164391
Iteration:16800	Loss_mean:0.008497706662165	Loss_std:0.005225298459220599
Iteration:16900	Loss_mean:0.009370815166039392	Loss_std:0.006767631626915482
Iteration:17000	Loss_mean:0.010311209369683638	Loss_std:0.008979597940375261
Iteration:17100	Loss_mean:0.009052681531466078	Loss_std:0.006029301405838522
Iteration:17200	Loss_mean:0.009552319077774882	Loss_std:0.006458907809408859
Iteration:17300	Loss_mean:0.010739166034618393	Loss_std:0.008854577683500422
Iteration:17400	Loss_mean:0.00905143161478918	Loss_std:0.006173102815463688
Iteration:17500	Loss_mean:0.010255601189564914	Loss_std:0.00714528826770536
Iteration:17600	Loss_mean:0.010582808781182394	Loss_std:0.009139976581998485
Iteration:17700	Loss_mean:0.010192417587386444	Loss_std:0.006860667500319279
Iteration:17800	Loss_mean:0.009648005173075944	Loss_std:0.006516400254917545
Iteration:17900	Loss_mean:0.009811334164696746	Loss_std:0.00868820629671014
Iteration:18000	Loss_mean:0.008890188719378784	Loss_std:0.006180837621713744
Iteration:18100	Loss_mean:0.010204169299686327	Loss_std:0.007145770434421683
Iteration:18200	Loss_mean:0.009851826944359345	Loss_std:0.007087507287626443
Iteration:18300	Loss_mean:0.01082773942820495	Loss_std:0.00977558772611918
Iteration:18400	Loss_mean:0.010241121729486623	Loss_std:0.007889684301410918
Iteration:18500	Loss_mean:0.011238516938174143	Loss_std:0.01002563267256936
Iteration:18600	Loss_mean:0.009924992483283858	Loss_std:0.006871469294164964
Iteration:18700	Loss_mean:0.008504329352872446	Loss_std:0.006262279612545975
Iteration:18800	Loss_mean:0.01051045145955868	Loss_std:0.007941755863644758
Iteration:18900	Loss_mean:0.009724406097084283	Loss_std:0.007375402189016036
Iteration:19000	Loss_mean:0.010204494132194668	Loss_std:0.008457693224267874
Iteration:19100	Loss_mean:0.008865629326901398	Loss_std:0.007014761678962296
Iteration:19200	Loss_mean:0.00895707195624709	Loss_std:0.005558338471247698
Iteration:19300	Loss_mean:0.010547041607787832	Loss_std:0.009035768831283864
Iteration:19400	Loss_mean:0.01004063011612743	Loss_std:0.008976522673668271
Iteration:19500	Loss_mean:0.009521829659934155	Loss_std:0.007317159427491487
Iteration:19600	Loss_mean:0.011340868287952617	Loss_std:0.00893060754280238
Iteration:19700	Loss_mean:0.010840991279110312	Loss_std:0.007058110084726198
Iteration:19800	Loss_mean:0.009116975080105475	Loss_std:0.00600030247657937
Iteration:19900	Loss_mean:0.008982311274157837	Loss_std:0.005850764864218171
Iteration:20000	Loss_mean:0.009362787075806409	Loss_std:0.007679988049778684
Iteration:20100	Loss_mean:0.009802910233847797	Loss_std:0.00785196928945437
Iteration:20200	Loss_mean:0.011089522241381928	Loss_std:0.009408506672097345
Iteration:20300	Loss_mean:0.00957102676620707	Loss_std:0.008483575971590909
Iteration:20400	Loss_mean:0.010441432455554605	Loss_std:0.009425157301910079
Iteration:20500	Loss_mean:0.00935169416014105	Loss_std:0.007517705756533133
Iteration:20600	Loss_mean:0.011483589033305179	Loss_std:0.010797107955548524
Iteration:20700	Loss_mean:0.009518632707186043	Loss_std:0.006614974399937591
Iteration:20800	Loss_mean:0.010217237441102043	Loss_std:0.009315017128528493
Iteration:20900	Loss_mean:0.00868176568299532	Loss_std:0.0061622488265518
Iteration:21000	Loss_mean:0.009873427959391848	Loss_std:0.007162134607160326
Iteration:21100	Loss_mean:0.009886456741951407	Loss_std:0.007077811289578158
Iteration:21200	Loss_mean:0.009220904730027542	Loss_std:0.007451394766759107
Iteration:21300	Loss_mean:0.00894854961836245	Loss_std:0.006932700457070765
Iteration:21400	Loss_mean:0.009796430752612651	Loss_std:0.00766156784913181
Iteration:21500	Loss_mean:0.008961571864783763	Loss_std:0.006661658532631334
Iteration:21600	Loss_mean:0.008459679749212228	Loss_std:0.005988747843399816
Iteration:21700	Loss_mean:0.008560331568587572	Loss_std:0.006406245951144883
Iteration:21800	Loss_mean:0.00927568345097825	Loss_std:0.006668789172020053
Iteration:21900	Loss_mean:0.009881557042244821	Loss_std:0.008884243002670397
Iteration:22000	Loss_mean:0.0096372097384301	Loss_std:0.0067475200301734825
Iteration:22100	Loss_mean:0.009019282228546217	Loss_std:0.007886197598856793
Iteration:22200	Loss_mean:0.00861331457272172	Loss_std:0.006837831977644291
Iteration:22300	Loss_mean:0.008256955263786949	Loss_std:0.006078770916705693
Iteration:22400	Loss_mean:0.008298307853983715	Loss_std:0.005787876444292717
Iteration:22500	Loss_mean:0.0089500295027392	Loss_std:0.007266484479617592
Iteration:22600	Loss_mean:0.010571852191351355	Loss_std:0.007296413141080875
Iteration:22700	Loss_mean:0.009739148804219439	Loss_std:0.007102436879704251
Iteration:22800	Loss_mean:0.007331561119644903	Loss_std:0.004276415791046275
Iteration:22900	Loss_mean:0.009973680456751026	Loss_std:0.007313420507204896
Iteration:23000	Loss_mean:0.009339476876193657	Loss_std:0.0074242056041770215
Iteration:23100	Loss_mean:0.009694571683648973	Loss_std:0.008377281535364567
Iteration:23200	Loss_mean:0.010150409118505194	Loss_std:0.008206204587407652
Iteration:23300	Loss_mean:0.010973568321205676	Loss_std:0.007444375605228139
Iteration:23400	Loss_mean:0.010121603482111823	Loss_std:0.008051803811805203
Iteration:23500	Loss_mean:0.009592309651197865	Loss_std:0.0081093074129224
Iteration:23600	Loss_mean:0.009403387852362357	Loss_std:0.006474640769775956
Iteration:23700	Loss_mean:0.0084064485586714	Loss_std:0.005758655948522459
Iteration:23800	Loss_mean:0.009360113614820875	Loss_std:0.00810609385507391
Iteration:23900	Loss_mean:0.009571964151691646	Loss_std:0.0073569562881586675
Iteration:24000	Loss_mean:0.00966960511286743	Loss_std:0.006779240755235219
Iteration:24100	Loss_mean:0.010810142275004183	Loss_std:0.01012080490496613
Iteration:24200	Loss_mean:0.01005001752753742	Loss_std:0.007342555274193181
Iteration:24300	Loss_mean:0.00905269487237092	Loss_std:0.0072435093282215215
Iteration:24400	Loss_mean:0.009441045437706635	Loss_std:0.00681579597308652
Iteration:24500	Loss_mean:0.010213778865872882	Loss_std:0.007086392346564918
Iteration:24600	Loss_mean:0.00981012343778275	Loss_std:0.006555711184943165
Iteration:24700	Loss_mean:0.009628092318889685	Loss_std:0.008838262293585747
Iteration:24800	Loss_mean:0.00936361553016468	Loss_std:0.007456468333941298
Iteration:24900	Loss_mean:0.009809579397551716	Loss_std:0.006641243594036443
Iteration:25000	Loss_mean:0.010120381250744685	Loss_std:0.009499309070564278
Iteration:25100	Loss_mean:0.008668727460317313	Loss_std:0.005917523637933342
Iteration:25200	Loss_mean:0.009417970407521353	Loss_std:0.005394787710822329
Iteration:25300	Loss_mean:0.009842242767335847	Loss_std:0.007803180159466103
Iteration:25400	Loss_mean:0.008756959988968447	Loss_std:0.007865890757002251
Iteration:25500	Loss_mean:0.009880774985067547	Loss_std:0.008007781980296884
Iteration:25600	Loss_mean:0.009844306982122361	Loss_std:0.007437406811875193
Iteration:25700	Loss_mean:0.009747215649113058	Loss_std:0.008066846304421055
Iteration:25800	Loss_mean:0.009727190071716905	Loss_std:0.00707927977725021
Iteration:25900	Loss_mean:0.009560834253206849	Loss_std:0.007465142000970084
Iteration:26000	Loss_mean:0.010093227957258932	Loss_std:0.008659230506856491
Iteration:26100	Loss_mean:0.008830629257718102	Loss_std:0.00728964776405968
Iteration:26200	Loss_mean:0.00924370788037777	Loss_std:0.007999419441431043
Iteration:26300	Loss_mean:0.009399718224303797	Loss_std:0.006410445794981307
Iteration:26400	Loss_mean:0.008821248973254115	Loss_std:0.006273337711793929
Iteration:26500	Loss_mean:0.008428821511333808	Loss_std:0.006168479174312874
Iteration:26600	Loss_mean:0.009472896090010181	Loss_std:0.006731829878238147
Iteration:26700	Loss_mean:0.00990183141984744	Loss_std:0.008341712281665328
Iteration:26800	Loss_mean:0.00841662533232011	Loss_std:0.006718690037357379
Iteration:26900	Loss_mean:0.0085309659386985	Loss_std:0.006293005707748125
Iteration:27000	Loss_mean:0.008412047087549581	Loss_std:0.005680295212088235
Iteration:27100	Loss_mean:0.00825968400691636	Loss_std:0.00645474823306853
Iteration:27200	Loss_mean:0.008117749833036213	Loss_std:0.0050607650784532925
Iteration:27300	Loss_mean:0.009674159317510202	Loss_std:0.007338600146159443
Iteration:27400	Loss_mean:0.00929517847718671	Loss_std:0.005721982471795898
Iteration:27500	Loss_mean:0.01045090022846125	Loss_std:0.009395464780734074
Iteration:27600	Loss_mean:0.009703086982481181	Loss_std:0.008060614180717747
Iteration:27700	Loss_mean:0.009685589717701077	Loss_std:0.007536617044587363
Iteration:27800	Loss_mean:0.008498182618932332	Loss_std:0.006412786988906736
Iteration:27900	Loss_mean:0.00903544500906719	Loss_std:0.006446511382886178
Iteration:28000	Loss_mean:0.009012524906429462	Loss_std:0.00797935878242061
Iteration:28100	Loss_mean:0.009128259679418988	Loss_std:0.007578926885626148
Iteration:28200	Loss_mean:0.009120098234852776	Loss_std:0.0060241120182729395
Iteration:28300	Loss_mean:0.008341205379692837	Loss_std:0.006898195874126448
Iteration:28400	Loss_mean:0.008268030497129075	Loss_std:0.004662875393567108
Iteration:28500	Loss_mean:0.0075893097731750455	Loss_std:0.004488738095435942
Iteration:28600	Loss_mean:0.008949840498389676	Loss_std:0.007643802735057231
Iteration:28700	Loss_mean:0.009113973250059644	Loss_std:0.005984586573904151
Iteration:28800	Loss_mean:0.009670621563564054	Loss_std:0.00820676549407557
Iteration:28900	Loss_mean:0.00846139182074694	Loss_std:0.005968590681610804
Iteration:29000	Loss_mean:0.010620396935846656	Loss_std:0.009185129146553912
Iteration:29100	Loss_mean:0.010727525373804383	Loss_std:0.00883625801248395
Iteration:29200	Loss_mean:0.010112016731873154	Loss_std:0.007607336820833633
Iteration:29300	Loss_mean:0.00874570201645838	Loss_std:0.006127261376743754
Iteration:29400	Loss_mean:0.008564143707626499	Loss_std:0.0050362931576132105
Iteration:29500	Loss_mean:0.008641428856644779	Loss_std:0.006072086130060903
Iteration:29600	Loss_mean:0.009072995873866603	Loss_std:0.007556437019004992
Iteration:29700	Loss_mean:0.008728048189659603	Loss_std:0.007193775469587574
Iteration:29800	Loss_mean:0.010172259998507798	Loss_std:0.008664732469311752
Iteration:29900	Loss_mean:0.008523389558540657	Loss_std:0.006255717582874749
Iteration:30000	Loss_mean:0.007513863100903109	Loss_std:0.004839000833991057
Iteration:30100	Loss_mean:0.008098985747783444	Loss_std:0.005025319782194734
Iteration:30200	Loss_mean:0.010063012852333486	Loss_std:0.007756851133571014
Iteration:30300	Loss_mean:0.010085750956786797	Loss_std:0.0067275562359879835
Iteration:30400	Loss_mean:0.009334922764683142	Loss_std:0.008046011279612273
Iteration:30500	Loss_mean:0.010170974223874509	Loss_std:0.008206102109300678
Iteration:30600	Loss_mean:0.010287387346616016	Loss_std:0.008006612849027176
Iteration:30700	Loss_mean:0.009611880509764888	Loss_std:0.006847243222089366
Iteration:30800	Loss_mean:0.008363658154848963	Loss_std:0.005607532772716174
Iteration:30900	Loss_mean:0.008330321431276388	Loss_std:0.0063991526361474585
Iteration:31000	Loss_mean:0.009133798803668469	Loss_std:0.006936241024286734
Iteration:31100	Loss_mean:0.008855851329863072	Loss_std:0.0060697014726789926
Iteration:31200	Loss_mean:0.008100573560222984	Loss_std:0.0058867092256782265
Iteration:31300	Loss_mean:0.009266997985250783	Loss_std:0.006854593366194559
Iteration:31400	Loss_mean:0.008348162047041115	Loss_std:0.006345329214257639
Iteration:31500	Loss_mean:0.010140222507761792	Loss_std:0.0072283269576077875
Iteration:31600	Loss_mean:0.010038061962695792	Loss_std:0.008224528922713126
Iteration:31700	Loss_mean:0.008416523896157742	Loss_std:0.006299438286895257
Iteration:31800	Loss_mean:0.009327424670918844	Loss_std:0.007532152598823283
Iteration:31900	Loss_mean:0.010582305641146377	Loss_std:0.008983992140761258
Iteration:32000	Loss_mean:0.008523396902019158	Loss_std:0.008096220452326663
Iteration:32100	Loss_mean:0.008815720237034839	Loss_std:0.006816059716086701
Iteration:32200	Loss_mean:0.008400185967329889	Loss_std:0.0059469252747669996
Iteration:32300	Loss_mean:0.010130137517116965	Loss_std:0.008435663032217483
Iteration:32400	Loss_mean:0.009026856293203309	Loss_std:0.006840269470885366
Iteration:32500	Loss_mean:0.008992035118862986	Loss_std:0.00716158317829131
Iteration:32600	Loss_mean:0.01037677849351894	Loss_std:0.008056113158326769
Iteration:32700	Loss_mean:0.008970041485736147	Loss_std:0.005890587733361508
Iteration:32800	Loss_mean:0.009394461183110252	Loss_std:0.007520270063150237
Iteration:32900	Loss_mean:0.009121391612570733	Loss_std:0.006597636577481382
Iteration:33000	Loss_mean:0.009455415318952873	Loss_std:0.008691703008433733
Iteration:33100	Loss_mean:0.009565072655677796	Loss_std:0.006318269894840899
Iteration:33200	Loss_mean:0.009651994163868948	Loss_std:0.007764782737263753
Iteration:33300	Loss_mean:0.009130426935153082	Loss_std:0.006231566138968077
Iteration:33400	Loss_mean:0.009012073865160347	Loss_std:0.006258614503141521
Iteration:33500	Loss_mean:0.008513176278502215	Loss_std:0.0060254681671561405
Iteration:33600	Loss_mean:0.00828926000627689	Loss_std:0.004985617216986228
Iteration:33700	Loss_mean:0.008645274759619497	Loss_std:0.005713155725798028
Iteration:33800	Loss_mean:0.008159046777291224	Loss_std:0.0056525302364322655
Iteration:33900	Loss_mean:0.00812111490231473	Loss_std:0.004967835946584808
Iteration:34000	Loss_mean:0.00842327946680598	Loss_std:0.008016726260013863
Iteration:34100	Loss_mean:0.008607858680188657	Loss_std:0.005455802387395707
Iteration:34200	Loss_mean:0.010003470327937976	Loss_std:0.008863932426216428
Iteration:34300	Loss_mean:0.008286546088056639	Loss_std:0.005128315126406915
Iteration:34400	Loss_mean:0.009749445135967108	Loss_std:0.00804876541150956
Iteration:34500	Loss_mean:0.008865645755431615	Loss_std:0.006663881360230077
Iteration:34600	Loss_mean:0.011018137739156372	Loss_std:0.010444984214845725
Iteration:34700	Loss_mean:0.008916761482832953	Loss_std:0.006396982304036806
Iteration:34800	Loss_mean:0.008187288069166243	Loss_std:0.005262628667771227
Iteration:34900	Loss_mean:0.009937875026953407	Loss_std:0.008182528346662351
Iteration:35000	Loss_mean:0.00838507551001385	Loss_std:0.006111360465857538
Iteration:35100	Loss_mean:0.00956751811580034	Loss_std:0.007059118046347414
Iteration:35200	Loss_mean:0.008496547701070086	Loss_std:0.006523881727638493
Iteration:35300	Loss_mean:0.00865944813354872	Loss_std:0.007159879079660932
Iteration:35400	Loss_mean:0.009799846878740937	Loss_std:0.008188625655978774
Iteration:35500	Loss_mean:0.009915932648582385	Loss_std:0.008973110769433718
Iteration:35600	Loss_mean:0.009879290264798328	Loss_std:0.008545601785070061
Iteration:35700	Loss_mean:0.010398142923368141	Loss_std:0.008573794583981418
Iteration:35800	Loss_mean:0.009445209999103098	Loss_std:0.007271648210342692
Iteration:35900	Loss_mean:0.010895702810958028	Loss_std:0.008985844450848208
Iteration:36000	Loss_mean:0.00886949545238167	Loss_std:0.006511091507884731
Iteration:36100	Loss_mean:0.007615521831903607	Loss_std:0.00494394827891589
Iteration:36200	Loss_mean:0.009339771672384813	Loss_std:0.006108488829283494
Iteration:36300	Loss_mean:0.009399276158073917	Loss_std:0.007127326252661289
Iteration:36400	Loss_mean:0.009173118384787814	Loss_std:0.007807057937629154
Iteration:36500	Loss_mean:0.008616154671180994	Loss_std:0.00776242088685645
Iteration:36600	Loss_mean:0.008784007290960289	Loss_std:0.0074878861776539254
Iteration:36700	Loss_mean:0.007391969412565231	Loss_std:0.004981504918743178
Iteration:36800	Loss_mean:0.00974713372590486	Loss_std:0.008707814888796317
Iteration:36900	Loss_mean:0.00933304485399276	Loss_std:0.006847965717270195
Iteration:37000	Loss_mean:0.009162930197780951	Loss_std:0.006917188076135354
Iteration:37100	Loss_mean:0.008999568468425423	Loss_std:0.006995808330960904
Iteration:37200	Loss_mean:0.008362250367645175	Loss_std:0.005414589550287199
Iteration:37300	Loss_mean:0.009373588432790712	Loss_std:0.009326192863981227
Iteration:37400	Loss_mean:0.009035706801805645	Loss_std:0.006765470992616429
Iteration:37500	Loss_mean:0.00888749584555626	Loss_std:0.008480048804871076
Iteration:37600	Loss_mean:0.0089791830687318	Loss_std:0.007013547437287827
Iteration:37700	Loss_mean:0.009973253021016718	Loss_std:0.007862305048397035
Iteration:37800	Loss_mean:0.009515798558568348	Loss_std:0.0077870482746528885
Iteration:37900	Loss_mean:0.009281175148207694	Loss_std:0.006228398255305315
Iteration:38000	Loss_mean:0.009190201370511204	Loss_std:0.008200784592446927
Iteration:38100	Loss_mean:0.009122098272491712	Loss_std:0.007381518975660254
Iteration:38200	Loss_mean:0.008908021098468452	Loss_std:0.005704120986153037
Iteration:38300	Loss_mean:0.008177474056137725	Loss_std:0.006016095014250277
Iteration:38400	Loss_mean:0.009056063079624437	Loss_std:0.006348210569461735
Iteration:38500	Loss_mean:0.00900281150941737	Loss_std:0.00585993544542089
Iteration:38600	Loss_mean:0.01098266445682384	Loss_std:0.009885412961575848
Iteration:38700	Loss_mean:0.008323839956428856	Loss_std:0.006583438705319783
Iteration:38800	Loss_mean:0.009079965184791945	Loss_std:0.0055529812667429995
Iteration:38900	Loss_mean:0.008584437700192212	Loss_std:0.006813548581338524
Iteration:39000	Loss_mean:0.009086473675852176	Loss_std:0.00633442177842741
Iteration:39100	Loss_mean:0.009190974883968011	Loss_std:0.008466535446484525
Iteration:39200	Loss_mean:0.008087305238004773	Loss_std:0.006866687480667463
Iteration:39300	Loss_mean:0.007984999873442575	Loss_std:0.005412040286067437
Iteration:39400	Loss_mean:0.010099659636616708	Loss_std:0.009850288087921136
Iteration:39500	Loss_mean:0.007849102722248062	Loss_std:0.0052978415775225525
Iteration:39600	Loss_mean:0.008711881970521062	Loss_std:0.00853447282789331
Iteration:39700	Loss_mean:0.008127857307554222	Loss_std:0.0057610476802358495
Iteration:39800	Loss_mean:0.007840490983217024	Loss_std:0.005030915865891332
Iteration:39900	Loss_mean:0.007917040405445733	Loss_std:0.006482354228146702
Iteration:40000	Loss_mean:0.00994798366969917	Loss_std:0.009008184686420086
Iteration:40100	Loss_mean:0.008646573883015662	Loss_std:0.00605886947575075
Iteration:40200	Loss_mean:0.009166466414462775	Loss_std:0.007479505112276223
Iteration:40300	Loss_mean:0.008911004099063575	Loss_std:0.006099748249974779
Iteration:40400	Loss_mean:0.007992302447091789	Loss_std:0.0064332198075867965
Iteration:40500	Loss_mean:0.008306518917670473	Loss_std:0.006787683637446921
Iteration:40600	Loss_mean:0.009936583628877997	Loss_std:0.00797683709411709
Iteration:40700	Loss_mean:0.01173297388246283	Loss_std:0.00931563051369975
Iteration:40800	Loss_mean:0.009497831960907206	Loss_std:0.008630507306992472
Iteration:40900	Loss_mean:0.008253797389334067	Loss_std:0.005701661614993508
Iteration:41000	Loss_mean:0.008525204783072695	Loss_std:0.005565451262048567
Iteration:41100	Loss_mean:0.009527439886587672	Loss_std:0.006891678626739831
Iteration:41200	Loss_mean:0.009218069722410292	Loss_std:0.007966196003330676
Iteration:41300	Loss_mean:0.00886684691417031	Loss_std:0.006401959679778402
Iteration:41400	Loss_mean:0.008730944315902888	Loss_std:0.006288967575230434
Iteration:41500	Loss_mean:0.00857187646557577	Loss_std:0.005615789416376989
Iteration:41600	Loss_mean:0.00895773516735062	Loss_std:0.007146538494307182
Iteration:41700	Loss_mean:0.00836598349036649	Loss_std:0.006057502519822563
Iteration:41800	Loss_mean:0.00850563485524617	Loss_std:0.006385484762022032
Iteration:41900	Loss_mean:0.008508060914464296	Loss_std:0.00505893412550496
Iteration:42000	Loss_mean:0.008249331284314394	Loss_std:0.006142226007235707
Iteration:42100	Loss_mean:0.007603585690958425	Loss_std:0.004494807749204943
Iteration:42200	Loss_mean:0.007607099787564948	Loss_std:0.0043230849480205965
Iteration:42300	Loss_mean:0.008670285510597751	Loss_std:0.005466012635520054
Iteration:42400	Loss_mean:0.008846235162345693	Loss_std:0.007938414772715608
Iteration:42500	Loss_mean:0.009304775091586635	Loss_std:0.008333958530851244
Iteration:42600	Loss_mean:0.00809929389914032	Loss_std:0.005083119169210137
Iteration:42700	Loss_mean:0.01015670734050218	Loss_std:0.008718267494651955
Iteration:42800	Loss_mean:0.007863677935674787	Loss_std:0.005833098343709691
Iteration:42900	Loss_mean:0.008461264095458318	Loss_std:0.007052603032196062
Iteration:43000	Loss_mean:0.00915615975332912	Loss_std:0.006419391854213925
Iteration:43100	Loss_mean:0.009814651677152142	Loss_std:0.008870884368499041
Iteration:43200	Loss_mean:0.00854386627615895	Loss_std:0.007147480956855903
Iteration:43300	Loss_mean:0.008131743738194927	Loss_std:0.006807384407237646
Iteration:43400	Loss_mean:0.00894088630680926	Loss_std:0.007884351296180288
Iteration:43500	Loss_mean:0.008636585441417993	Loss_std:0.0061154425671953875
Iteration:43600	Loss_mean:0.00965924426796846	Loss_std:0.008492989856270235
Iteration:43700	Loss_mean:0.0080859944295662	Loss_std:0.006085418106738924
Iteration:43800	Loss_mean:0.007872177871176974	Loss_std:0.005490605664240795
Iteration:43900	Loss_mean:0.009247990967705845	Loss_std:0.007329384544521103
Iteration:44000	Loss_mean:0.007808734718710184	Loss_std:0.004554424530542498
Iteration:44100	Loss_mean:0.009383587017655372	Loss_std:0.007173385229956389
Iteration:44200	Loss_mean:0.009769402124220505	Loss_std:0.008584304393675213
Iteration:44300	Loss_mean:0.008218312336830423	Loss_std:0.006737024350927098
Iteration:44400	Loss_mean:0.008251439029118046	Loss_std:0.007117236246434814
Iteration:44500	Loss_mean:0.009053984680213034	Loss_std:0.006573032601843
Iteration:44600	Loss_mean:0.007526637378614396	Loss_std:0.0050876677675845755
Iteration:44700	Loss_mean:0.009890625193947926	Loss_std:0.0077685426706091566
Iteration:44800	Loss_mean:0.008320355114992708	Loss_std:0.0068234462380384895
Iteration:44900	Loss_mean:0.00900327072275104	Loss_std:0.009974576012169892
Iteration:45000	Loss_mean:0.008573729769559578	Loss_std:0.006636473971148836
Iteration:45100	Loss_mean:0.008468730107415468	Loss_std:0.0056851587667060745
Iteration:45200	Loss_mean:0.009558794456534087	Loss_std:0.006861438826731915
Iteration:45300	Loss_mean:0.008649215893819928	Loss_std:0.004767911603430475
Iteration:45400	Loss_mean:0.008771197581663727	Loss_std:0.0076167611189728495
Iteration:45500	Loss_mean:0.0083968018257292	Loss_std:0.006044369427843896
Iteration:45600	Loss_mean:0.008063583244802431	Loss_std:0.005657679278277257
Iteration:45700	Loss_mean:0.008649196788901463	Loss_std:0.006894191340264831
Iteration:45800	Loss_mean:0.00955908457399346	Loss_std:0.008654009567979046
Iteration:45900	Loss_mean:0.009050436364486814	Loss_std:0.006302135901293973
Iteration:46000	Loss_mean:0.008821548676351085	Loss_std:0.006335656570959536
Iteration:46100	Loss_mean:0.008399080214148853	Loss_std:0.004560707001363725
Iteration:46200	Loss_mean:0.007787236843723804	Loss_std:0.004792277504220615
Iteration:46300	Loss_mean:0.009379333110991865	Loss_std:0.008493660590048245
Iteration:46400	Loss_mean:0.00767940229474334	Loss_std:0.004992692401788881
Iteration:46500	Loss_mean:0.009351507182000205	Loss_std:0.007546330079599176
Iteration:46600	Loss_mean:0.00957414623699151	Loss_std:0.006773792026573066
Iteration:46700	Loss_mean:0.008565250716055744	Loss_std:0.006092462957267336
Iteration:46800	Loss_mean:0.008156898689921945	Loss_std:0.005901987626414497
Iteration:46900	Loss_mean:0.009644612486008555	Loss_std:0.008296043475306814
Iteration:47000	Loss_mean:0.007328247716650367	Loss_std:0.004211779119689852
Iteration:47100	Loss_mean:0.007059581037901807	Loss_std:0.004847877286578094
Iteration:47200	Loss_mean:0.00826587931951508	Loss_std:0.005991352624661348
Iteration:47300	Loss_mean:0.008786416188522708	Loss_std:0.006888526739976873
Iteration:47400	Loss_mean:0.008861852085974533	Loss_std:0.0057793840058862215
Iteration:47500	Loss_mean:0.008668163999682293	Loss_std:0.006149283664920553
Iteration:47600	Loss_mean:0.011066325467836577	Loss_std:0.010563425189097033
Iteration:47700	Loss_mean:0.008947379852179438	Loss_std:0.006434692850185035
Iteration:47800	Loss_mean:0.008644278728170321	Loss_std:0.0063173386636245655
Iteration:47900	Loss_mean:0.008677597381174565	Loss_std:0.007435245870003627
Iteration:48000	Loss_mean:0.009201082829968073	Loss_std:0.008947065194421623
Iteration:48100	Loss_mean:0.008224564691772684	Loss_std:0.0050948828106144655
Iteration:48200	Loss_mean:0.008196877934387885	Loss_std:0.005512970031084998
Iteration:48300	Loss_mean:0.009159361527999864	Loss_std:0.0062324135110849565
Iteration:48400	Loss_mean:0.00835974355810322	Loss_std:0.005692754163877975
Iteration:48500	Loss_mean:0.009629177753813565	Loss_std:0.009633765139456163
Iteration:48600	Loss_mean:0.00816004427964799	Loss_std:0.006847033646907207
Iteration:48700	Loss_mean:0.008359862570068799	Loss_std:0.006524066599534183
Iteration:48800	Loss_mean:0.008488878778880462	Loss_std:0.006460230708594253
Iteration:48900	Loss_mean:0.0086792074891855	Loss_std:0.007827331775224447
Iteration:49000	Loss_mean:0.008266057721339166	Loss_std:0.0056064713923673955
Iteration:49100	Loss_mean:0.007921405014349148	Loss_std:0.00527729832777954
Iteration:49200	Loss_mean:0.008782974404748529	Loss_std:0.006342639320944542
Iteration:49300	Loss_mean:0.007950385551666841	Loss_std:0.0054906502798182195
Iteration:49400	Loss_mean:0.009538858770392835	Loss_std:0.00625966582178638
Iteration:49500	Loss_mean:0.008395528453984297	Loss_std:0.005927991032950145
Iteration:49600	Loss_mean:0.008064641440869309	Loss_std:0.0076998219238784416
Iteration:49700	Loss_mean:0.008087734309374355	Loss_std:0.0047485868934490855
Iteration:49800	Loss_mean:0.00802105310605839	Loss_std:0.004637050278118415
Iteration:49900	Loss_mean:0.00964475615415722	Loss_std:0.007396967201849943
Modifying K
Fitting model on target unit
Iteration:0	Loss_mean:0.0032150738406926394	Loss_std:0.0
Iteration:100	Loss_mean:0.015834615259664134	Loss_std:0.021342528104139013
Iteration:200	Loss_mean:0.017531036669388413	Loss_std:0.009999479751240603
Iteration:300	Loss_mean:0.015540325620677323	Loss_std:0.009947789078708557
Iteration:400	Loss_mean:0.01599414897907991	Loss_std:0.010417193062148502
Iteration:500	Loss_mean:0.01453650243813172	Loss_std:0.009727731669904108
Iteration:600	Loss_mean:0.01487530319020152	Loss_std:0.008853004055852808
Iteration:700	Loss_mean:0.016169090197654442	Loss_std:0.008982660691418969
Iteration:800	Loss_mean:0.012857563863799442	Loss_std:0.009623616593252813
Iteration:900	Loss_mean:0.012942289129132405	Loss_std:0.009703151807384553
Iteration:1000	Loss_mean:0.014694403969333508	Loss_std:0.009636052513890516
Iteration:1100	Loss_mean:0.01592893407156225	Loss_std:0.011349343066093986
Iteration:1200	Loss_mean:0.015575556589756161	Loss_std:0.008900024710939473
Iteration:1300	Loss_mean:0.016102225385257043	Loss_std:0.01181623431155936
Iteration:1400	Loss_mean:0.01773664502077736	Loss_std:0.02111227805861168
Iteration:1500	Loss_mean:0.01639880512608215	Loss_std:0.011891733601386609
Iteration:1600	Loss_mean:0.013645811875467189	Loss_std:0.009462952787051782
Iteration:1700	Loss_mean:0.013901990422746167	Loss_std:0.009224037556481662
Iteration:1800	Loss_mean:0.015367465942399577	Loss_std:0.009845540963709492
Iteration:1900	Loss_mean:0.013343111545545981	Loss_std:0.008727885530288063
Iteration:2000	Loss_mean:0.013586824053199963	Loss_std:0.009976645235323794
Iteration:2100	Loss_mean:0.014908525217324496	Loss_std:0.009376488532754352
Iteration:2200	Loss_mean:0.0168583792867139	Loss_std:0.01853443895703676
Iteration:2300	Loss_mean:0.01623857923783362	Loss_std:0.012872085056311952
Iteration:2400	Loss_mean:0.014683864246471785	Loss_std:0.011757260371039673
Iteration:2500	Loss_mean:0.012914446105714888	Loss_std:0.008022342284329827
Iteration:2600	Loss_mean:0.016367150981677694	Loss_std:0.012603319770587554
Iteration:2700	Loss_mean:0.01449804705218412	Loss_std:0.014217222107508695
Iteration:2800	Loss_mean:0.012459111609496176	Loss_std:0.008385745151183802
Iteration:2900	Loss_mean:0.013616529683349653	Loss_std:0.007943842717343247
Iteration:3000	Loss_mean:0.014902842440642416	Loss_std:0.0097985931220226
Iteration:3100	Loss_mean:0.014185493513359688	Loss_std:0.008691124118504544
Iteration:3200	Loss_mean:0.014768770002410747	Loss_std:0.009410553884058752
Iteration:3300	Loss_mean:0.013274865389976185	Loss_std:0.008796328369801307
Iteration:3400	Loss_mean:0.013972177496179938	Loss_std:0.00972470012332095
Iteration:3500	Loss_mean:0.012568650405155495	Loss_std:0.007925267713355721
Iteration:3600	Loss_mean:0.013715576829854399	Loss_std:0.009285458510991947
Iteration:3700	Loss_mean:0.013530550673604012	Loss_std:0.008472704089374714
Iteration:3800	Loss_mean:0.013743208350497298	Loss_std:0.008559647388130247
Iteration:3900	Loss_mean:0.013110732836648821	Loss_std:0.007873490182743111
Iteration:4000	Loss_mean:0.013420189985190518	Loss_std:0.008263033641371053
Iteration:4100	Loss_mean:0.013573011200642214	Loss_std:0.009382442726556663
Iteration:4200	Loss_mean:0.013982824687846005	Loss_std:0.008493581431397838
Iteration:4300	Loss_mean:0.016023327289149167	Loss_std:0.008219945799126242
Iteration:4400	Loss_mean:0.012046485967002809	Loss_std:0.007569707207250486
Iteration:4500	Loss_mean:0.014200515801785513	Loss_std:0.00872059314067514
Iteration:4600	Loss_mean:0.013278635691385716	Loss_std:0.008048225582282856
Iteration:4700	Loss_mean:0.013455214200075716	Loss_std:0.008019218110622048
Iteration:4800	Loss_mean:0.013129957834607922	Loss_std:0.008144075782237612
Iteration:4900	Loss_mean:0.013768774459604173	Loss_std:0.009792886664534473
Iteration:5000	Loss_mean:0.01295309595647268	Loss_std:0.008918787203867776
Iteration:5100	Loss_mean:0.011671241628937424	Loss_std:0.008189539558239707
Iteration:5200	Loss_mean:0.011697992364061065	Loss_std:0.007914827656936092
Iteration:5300	Loss_mean:0.012687319420510903	Loss_std:0.007944932390610688
Iteration:5400	Loss_mean:0.011946422002511099	Loss_std:0.007404018649867495
Iteration:5500	Loss_mean:0.011842055399902164	Loss_std:0.007452896994863928
Iteration:5600	Loss_mean:0.012698104936571326	Loss_std:0.007950354976703485
Iteration:5700	Loss_mean:0.0129492530785501	Loss_std:0.007452974716904951
Iteration:5800	Loss_mean:0.012745398717815987	Loss_std:0.008713681608404742
Iteration:5900	Loss_mean:0.012596341816242784	Loss_std:0.0074856925500905586
Iteration:6000	Loss_mean:0.012764939175685868	Loss_std:0.007014503703587329
Iteration:6100	Loss_mean:0.012336344492505305	Loss_std:0.008442149649159639
Iteration:6200	Loss_mean:0.014538466855883598	Loss_std:0.008043365162846077
Iteration:6300	Loss_mean:0.011534527430776507	Loss_std:0.007179299249425229
Iteration:6400	Loss_mean:0.012987774668144993	Loss_std:0.00818610801062816
Iteration:6500	Loss_mean:0.012769829572644085	Loss_std:0.008509442162289459
Iteration:6600	Loss_mean:0.013767261407338083	Loss_std:0.008353118392860797
Iteration:6700	Loss_mean:0.012725548624293878	Loss_std:0.008008733524530558
Iteration:6800	Loss_mean:0.011504668678971939	Loss_std:0.008517765052577132
Iteration:6900	Loss_mean:0.011497812032466755	Loss_std:0.006819711442198802
Iteration:7000	Loss_mean:0.012647154753794894	Loss_std:0.0069962438000701135
Iteration:7100	Loss_mean:0.013034825852955692	Loss_std:0.007729129103562639
Iteration:7200	Loss_mean:0.0120516832487192	Loss_std:0.007021088512659974
Iteration:7300	Loss_mean:0.01050992414529901	Loss_std:0.0059932333332186425
Iteration:7400	Loss_mean:0.010789036069763825	Loss_std:0.007495417014934001
Iteration:7500	Loss_mean:0.012197482048650272	Loss_std:0.007892831909927473
Iteration:7600	Loss_mean:0.01231885323766619	Loss_std:0.008123098189658931
Iteration:7700	Loss_mean:0.012405992812709883	Loss_std:0.007435443808092103
Iteration:7800	Loss_mean:0.0115709880850045	Loss_std:0.007219670355317281
Iteration:7900	Loss_mean:0.012302104331320151	Loss_std:0.006945245977178277
Iteration:8000	Loss_mean:0.012425104384310543	Loss_std:0.006492250714158994
Iteration:8100	Loss_mean:0.011998863886110484	Loss_std:0.007375381521505825
Iteration:8200	Loss_mean:0.011361763422028161	Loss_std:0.007835835883212247
Iteration:8300	Loss_mean:0.011923677578452044	Loss_std:0.0068793068530264454
Iteration:8400	Loss_mean:0.010731149712810292	Loss_std:0.006667385938397494
Iteration:8500	Loss_mean:0.010773794478736817	Loss_std:0.006979683026102945
Iteration:8600	Loss_mean:0.011906922279158606	Loss_std:0.007535395438583795
Iteration:8700	Loss_mean:0.012880078406305983	Loss_std:0.007899773450557094
Iteration:8800	Loss_mean:0.011958340954151936	Loss_std:0.006814458228587826
Iteration:8900	Loss_mean:0.010597644870867952	Loss_std:0.0074805965854113695
Iteration:9000	Loss_mean:0.01080225311103277	Loss_std:0.007124239059907641
Iteration:9100	Loss_mean:0.011371132890926674	Loss_std:0.006637487925031334
Iteration:9200	Loss_mean:0.01179278557014186	Loss_std:0.007366802801435795
Iteration:9300	Loss_mean:0.011321346702170559	Loss_std:0.006713693332486451
Iteration:9400	Loss_mean:0.01176421222393401	Loss_std:0.007486653077972607
Iteration:9500	Loss_mean:0.010859306489583104	Loss_std:0.007495960386794595
Iteration:9600	Loss_mean:0.01063589823548682	Loss_std:0.006340436934874798
Iteration:9700	Loss_mean:0.010941236834623851	Loss_std:0.0072852538497445675
Iteration:9800	Loss_mean:0.010532980343559756	Loss_std:0.007305811484471156
Iteration:9900	Loss_mean:0.010227395838010125	Loss_std:0.007628249770493192
