Running experiment synthetic
Pretraining model on donor units
Iteration:0	Loss_mean:0.2303452491760254	Loss_std:0.0
Iteration:100	Loss_mean:0.27964314494340214	Loss_std:0.29545707284384465
Iteration:200	Loss_mean:0.20117133012259727	Loss_std:0.21888745470326348
Iteration:300	Loss_mean:0.131796830939129	Loss_std:0.17196960478579418
Iteration:400	Loss_mean:0.10528087515558582	Loss_std:0.1147531712702771
Iteration:500	Loss_mean:0.09322366793465335	Loss_std:0.08908280094761464
Iteration:600	Loss_mean:0.08180436812806874	Loss_std:0.07520348161329117
Iteration:700	Loss_mean:0.06068996675487142	Loss_std:0.055272092864384385
Iteration:800	Loss_mean:0.0542078639727697	Loss_std:0.056872015345367934
Iteration:900	Loss_mean:0.04261136890418129	Loss_std:0.04901579226974507
Iteration:1000	Loss_mean:0.037458117880159986	Loss_std:0.04496847157146345
Iteration:1100	Loss_mean:0.039380776307079944	Loss_std:0.043591349492264966
Iteration:1200	Loss_mean:0.03436734015820548	Loss_std:0.03275308473214245
Iteration:1300	Loss_mean:0.02317198567528976	Loss_std:0.024397749764266508
Iteration:1400	Loss_mean:0.024718541135662235	Loss_std:0.030621362198528186
Iteration:1500	Loss_mean:0.02874291725769581	Loss_std:0.030555588727934308
Iteration:1600	Loss_mean:0.027858567902376306	Loss_std:0.030996932398743324
Iteration:1700	Loss_mean:0.02622157582780346	Loss_std:0.028059372074322752
Iteration:1800	Loss_mean:0.025294711622700562	Loss_std:0.022937442577024757
Iteration:1900	Loss_mean:0.021187629616470076	Loss_std:0.02057032340030518
Iteration:2000	Loss_mean:0.026424823177512734	Loss_std:0.02548808544044607
Iteration:2100	Loss_mean:0.021071122594585177	Loss_std:0.022610389877154424
Iteration:2200	Loss_mean:0.023718991242567426	Loss_std:0.02845206243777685
Iteration:2300	Loss_mean:0.023171347224015336	Loss_std:0.025262010334190555
Iteration:2400	Loss_mean:0.024930392996175214	Loss_std:0.024249449034205003
Iteration:2500	Loss_mean:0.023461531064021983	Loss_std:0.025635319062693476
Iteration:2600	Loss_mean:0.019760346902767196	Loss_std:0.01867989005009001
Iteration:2700	Loss_mean:0.02264169082045555	Loss_std:0.025190333309091442
Iteration:2800	Loss_mean:0.02300040655070916	Loss_std:0.021726477605225475
Iteration:2900	Loss_mean:0.026215878837392667	Loss_std:0.029535304996275862
Iteration:3000	Loss_mean:0.021684102026847542	Loss_std:0.021814486362429882
Iteration:3100	Loss_mean:0.019469800373044563	Loss_std:0.022142462781051777
Iteration:3200	Loss_mean:0.021394504818017593	Loss_std:0.02328157953173472
Iteration:3300	Loss_mean:0.025826365335560694	Loss_std:0.02715965746931932
Iteration:3400	Loss_mean:0.017428325338987635	Loss_std:0.018630557685195615
Iteration:3500	Loss_mean:0.016985017819097267	Loss_std:0.01547987842047187
Iteration:3600	Loss_mean:0.02039972053898964	Loss_std:0.02230387355597842
Iteration:3700	Loss_mean:0.02252595034889964	Loss_std:0.02455614263102005
Iteration:3800	Loss_mean:0.020321964902686885	Loss_std:0.022595237234126195
Iteration:3900	Loss_mean:0.02290609196090372	Loss_std:0.02386401949990616
Iteration:4000	Loss_mean:0.017489529615850187	Loss_std:0.01898032754582275
Iteration:4100	Loss_mean:0.017156482447462623	Loss_std:0.021186201728580933
Iteration:4200	Loss_mean:0.01827865373408713	Loss_std:0.0213267344236811
Iteration:4300	Loss_mean:0.018018937890883536	Loss_std:0.016227421056615718
Iteration:4400	Loss_mean:0.015991468983193046	Loss_std:0.021631108914364598
Iteration:4500	Loss_mean:0.01887433531577699	Loss_std:0.024735044845072805
Iteration:4600	Loss_mean:0.020571236387804673	Loss_std:0.025682675216897398
Iteration:4700	Loss_mean:0.017393044345772067	Loss_std:0.01719819916519309
Iteration:4800	Loss_mean:0.01167374706681585	Loss_std:0.01421272125465796
Iteration:4900	Loss_mean:0.01614282652401016	Loss_std:0.017631642597890292
Iteration:5000	Loss_mean:0.0190267585138281	Loss_std:0.020024469842913353
Iteration:5100	Loss_mean:0.015499021282230387	Loss_std:0.017348962157299218
Iteration:5200	Loss_mean:0.019711907170913038	Loss_std:0.02418283132035589
Iteration:5300	Loss_mean:0.014960014523239806	Loss_std:0.014161393948180525
Iteration:5400	Loss_mean:0.013558344533221316	Loss_std:0.013558649983190913
Iteration:5500	Loss_mean:0.01757612050161697	Loss_std:0.02152688726192818
Iteration:5600	Loss_mean:0.014863985667325323	Loss_std:0.014554423757706988
Iteration:5700	Loss_mean:0.01410656160209328	Loss_std:0.014751093223451445
Iteration:5800	Loss_mean:0.015346350049003376	Loss_std:0.021747060696518623
Iteration:5900	Loss_mean:0.01496334454343014	Loss_std:0.016472175024640216
Iteration:6000	Loss_mean:0.013077161915571196	Loss_std:0.01233702034537324
Iteration:6100	Loss_mean:0.017507980026421135	Loss_std:0.0179303827436141
Iteration:6200	Loss_mean:0.018448822647205817	Loss_std:0.019159470001257988
Iteration:6300	Loss_mean:0.01413911511626793	Loss_std:0.01583427001241428
Iteration:6400	Loss_mean:0.01915334773657378	Loss_std:0.02081051787297537
Iteration:6500	Loss_mean:0.015387325756164501	Loss_std:0.01903141638295055
Iteration:6600	Loss_mean:0.01760052203317173	Loss_std:0.019908037320551596
Iteration:6700	Loss_mean:0.016430109530629126	Loss_std:0.016990880672796017
Iteration:6800	Loss_mean:0.01811068763927324	Loss_std:0.020024521039428117
Iteration:6900	Loss_mean:0.019136679456642013	Loss_std:0.022201275402799925
Iteration:7000	Loss_mean:0.014744172603277548	Loss_std:0.01566586301836603
Iteration:7100	Loss_mean:0.012341860330125201	Loss_std:0.011937302539631378
Iteration:7200	Loss_mean:0.01216125002827539	Loss_std:0.014557980107750659
Iteration:7300	Loss_mean:0.013774438356085739	Loss_std:0.01531984241607064
Iteration:7400	Loss_mean:0.016401847602246562	Loss_std:0.020708120161327215
Iteration:7500	Loss_mean:0.019616659441089722	Loss_std:0.021902944610165388
Iteration:7600	Loss_mean:0.015518251627217977	Loss_std:0.015315669342998404
Iteration:7700	Loss_mean:0.015169680775434244	Loss_std:0.01748126267477359
Iteration:7800	Loss_mean:0.014959748922265134	Loss_std:0.01596450735525992
Iteration:7900	Loss_mean:0.012451637483609375	Loss_std:0.01372338124192405
Iteration:8000	Loss_mean:0.012337613222007349	Loss_std:0.012661155186169823
Iteration:8100	Loss_mean:0.0166655847565562	Loss_std:0.02285416459275135
Iteration:8200	Loss_mean:0.01230813057263731	Loss_std:0.011239980932602712
Iteration:8300	Loss_mean:0.014738284052727977	Loss_std:0.016005059266975537
Iteration:8400	Loss_mean:0.01635905820367043	Loss_std:0.017716557697257135
Iteration:8500	Loss_mean:0.01386051805508032	Loss_std:0.01614277933098572
Iteration:8600	Loss_mean:0.012138937785930465	Loss_std:0.015397681461378305
Iteration:8700	Loss_mean:0.0166760758831515	Loss_std:0.022949399145195785
Iteration:8800	Loss_mean:0.014394822314861812	Loss_std:0.01918739319941777
Iteration:8900	Loss_mean:0.016392293974204223	Loss_std:0.014067749160549892
Iteration:9000	Loss_mean:0.011446833557783975	Loss_std:0.012988279893228477
Iteration:9100	Loss_mean:0.016444116319908064	Loss_std:0.018906879186041264
Iteration:9200	Loss_mean:0.013348376360227121	Loss_std:0.014234154263507444
Iteration:9300	Loss_mean:0.012289922464406118	Loss_std:0.011574161632396622
Iteration:9400	Loss_mean:0.014412480185856112	Loss_std:0.01654324061440786
Iteration:9500	Loss_mean:0.015387241787102539	Loss_std:0.016589305444514667
Iteration:9600	Loss_mean:0.013590181392646627	Loss_std:0.013321067929124523
Iteration:9700	Loss_mean:0.011528452554703108	Loss_std:0.012118544987046051
Iteration:9800	Loss_mean:0.013399473895951815	Loss_std:0.01096700825572469
Iteration:9900	Loss_mean:0.013736524814958103	Loss_std:0.01546330294823994
Iteration:10000	Loss_mean:0.011790378004079685	Loss_std:0.01004352937262495
Iteration:10100	Loss_mean:0.013671768902568146	Loss_std:0.012905516799159718
Iteration:10200	Loss_mean:0.013420805516043402	Loss_std:0.01341835578466554
Iteration:10300	Loss_mean:0.010104505124327262	Loss_std:0.010428342061128606
Iteration:10400	Loss_mean:0.013759914291013047	Loss_std:0.01620255678078535
Iteration:10500	Loss_mean:0.013777120387239848	Loss_std:0.014071191737288345
Iteration:10600	Loss_mean:0.01621250818076078	Loss_std:0.013874626076878938
Iteration:10700	Loss_mean:0.013103638739084999	Loss_std:0.012733520275013642
Iteration:10800	Loss_mean:0.014960523466579617	Loss_std:0.019105645929062037
Iteration:10900	Loss_mean:0.01292649640887248	Loss_std:0.015371650693869036
Iteration:11000	Loss_mean:0.011261099600342278	Loss_std:0.011122851556435321
Iteration:11100	Loss_mean:0.014784380974451778	Loss_std:0.019486781326872576
Iteration:11200	Loss_mean:0.012288793642073869	Loss_std:0.012426397327672024
Iteration:11300	Loss_mean:0.012365395234664902	Loss_std:0.014614603407666063
Iteration:11400	Loss_mean:0.012309802434028825	Loss_std:0.01209762561314244
Iteration:11500	Loss_mean:0.013347830318525666	Loss_std:0.012565909998935412
Iteration:11600	Loss_mean:0.012245388187729987	Loss_std:0.011104059001353292
Iteration:11700	Loss_mean:0.014584898687207897	Loss_std:0.01579731360283014
Iteration:11800	Loss_mean:0.012830136824486544	Loss_std:0.017532476407726625
Iteration:11900	Loss_mean:0.01180060154376406	Loss_std:0.012022907666442083
Iteration:12000	Loss_mean:0.009652215281166719	Loss_std:0.010679789367826927
Iteration:12100	Loss_mean:0.012528417057037586	Loss_std:0.018443231224166697
Iteration:12200	Loss_mean:0.01500323948042933	Loss_std:0.012448395588068498
Iteration:12300	Loss_mean:0.014245701164618367	Loss_std:0.01645891021979589
Iteration:12400	Loss_mean:0.014556541926285717	Loss_std:0.01389839142410479
Iteration:12500	Loss_mean:0.01357664203736931	Loss_std:0.014345832065525211
Iteration:12600	Loss_mean:0.013154422249208438	Loss_std:0.018232116413227188
Iteration:12700	Loss_mean:0.011698950291574875	Loss_std:0.012326349406333934
Iteration:12800	Loss_mean:0.01509282977793191	Loss_std:0.017369394021671005
Iteration:12900	Loss_mean:0.011613494039629586	Loss_std:0.012903036062670532
Iteration:13000	Loss_mean:0.01175805508159101	Loss_std:0.011884603380060654
Iteration:13100	Loss_mean:0.011080258000874891	Loss_std:0.013098186275302319
Iteration:13200	Loss_mean:0.012861887409235351	Loss_std:0.011046554826318326
Iteration:13300	Loss_mean:0.01223966611403739	Loss_std:0.014477621364054933
Iteration:13400	Loss_mean:0.013332536702218931	Loss_std:0.014342524669637919
Iteration:13500	Loss_mean:0.012806255444738781	Loss_std:0.011929921019901703
Iteration:13600	Loss_mean:0.012590368506098458	Loss_std:0.014881538231690432
Iteration:13700	Loss_mean:0.013736844596205628	Loss_std:0.016965341324790686
Iteration:13800	Loss_mean:0.012883900881570298	Loss_std:0.015481597050215064
Iteration:13900	Loss_mean:0.010706576576412772	Loss_std:0.014180673462409754
Iteration:14000	Loss_mean:0.013395670048485044	Loss_std:0.011481084248374025
Iteration:14100	Loss_mean:0.014250817379943327	Loss_std:0.014527467129769323
Iteration:14200	Loss_mean:0.012163816067914012	Loss_std:0.013804597917743919
Iteration:14300	Loss_mean:0.012895647659613587	Loss_std:0.013283734765407436
Iteration:14400	Loss_mean:0.010794656994003162	Loss_std:0.012301348155706937
Iteration:14500	Loss_mean:0.012086040224676253	Loss_std:0.014081431240936726
Iteration:14600	Loss_mean:0.010098088103550253	Loss_std:0.011774174635625977
Iteration:14700	Loss_mean:0.013187705484306207	Loss_std:0.012028036346496903
Iteration:14800	Loss_mean:0.01049775716935983	Loss_std:0.010173521777843138
Iteration:14900	Loss_mean:0.009070007025875383	Loss_std:0.00854258526735291
Iteration:15000	Loss_mean:0.012439567546462058	Loss_std:0.01133476271282709
Iteration:15100	Loss_mean:0.010319249816020601	Loss_std:0.00908156721471042
Iteration:15200	Loss_mean:0.011173441168302815	Loss_std:0.011814318387447944
Iteration:15300	Loss_mean:0.009863472944998649	Loss_std:0.012493168281348077
Iteration:15400	Loss_mean:0.010638319839054021	Loss_std:0.010226149844365507
Iteration:15500	Loss_mean:0.01482092217036552	Loss_std:0.017964524315047466
Iteration:15600	Loss_mean:0.011033566788828466	Loss_std:0.01230988844142008
Iteration:15700	Loss_mean:0.009773791761151642	Loss_std:0.009646601136875746
Iteration:15800	Loss_mean:0.009494505210677745	Loss_std:0.008257320763832596
Iteration:15900	Loss_mean:0.011779082896500767	Loss_std:0.013416255118929342
Iteration:16000	Loss_mean:0.012270392016507686	Loss_std:0.012908376576816857
Iteration:16100	Loss_mean:0.010886913521026144	Loss_std:0.01279844674571685
Iteration:16200	Loss_mean:0.010595100819991786	Loss_std:0.011475374667418369
Iteration:16300	Loss_mean:0.01066880196769489	Loss_std:0.010337293603438739
Iteration:16400	Loss_mean:0.012146274207152601	Loss_std:0.013646996467932783
Iteration:16500	Loss_mean:0.01071295469027973	Loss_std:0.009509589855760907
Iteration:16600	Loss_mean:0.013130311161803547	Loss_std:0.010950098623345048
Iteration:16700	Loss_mean:0.012298857911519008	Loss_std:0.01494924071353377
Iteration:16800	Loss_mean:0.010498999132360042	Loss_std:0.010398174826675472
Iteration:16900	Loss_mean:0.012050903418567032	Loss_std:0.011712995719570154
Iteration:17000	Loss_mean:0.011892484195122961	Loss_std:0.011267878580186292
Iteration:17100	Loss_mean:0.01305759869137546	Loss_std:0.01510678021418498
Iteration:17200	Loss_mean:0.012032370961096604	Loss_std:0.01132019197922092
Iteration:17300	Loss_mean:0.01043836846925842	Loss_std:0.010711116958524674
Iteration:17400	Loss_mean:0.012349938262195792	Loss_std:0.014353134547189445
Iteration:17500	Loss_mean:0.011615487372037023	Loss_std:0.01189600866829252
Iteration:17600	Loss_mean:0.013456000417572795	Loss_std:0.012399318950178264
Iteration:17700	Loss_mean:0.01159799724489858	Loss_std:0.015825193703381545
Iteration:17800	Loss_mean:0.011541464739129878	Loss_std:0.009753662266889375
Iteration:17900	Loss_mean:0.009642338825797197	Loss_std:0.009806045952605705
Iteration:18000	Loss_mean:0.008229608682959223	Loss_std:0.008834815655202026
Iteration:18100	Loss_mean:0.008919184110636707	Loss_std:0.00929912256447509
Iteration:18200	Loss_mean:0.010888326294443687	Loss_std:0.01198621316736931
Iteration:18300	Loss_mean:0.012073187085916289	Loss_std:0.012316614101103405
Iteration:18400	Loss_mean:0.009790898061146436	Loss_std:0.010658165221831316
Iteration:18500	Loss_mean:0.01133337032457348	Loss_std:0.010547318835386644
Iteration:18600	Loss_mean:0.009211595818778734	Loss_std:0.00850538837562443
Iteration:18700	Loss_mean:0.01089438591076032	Loss_std:0.009558202697410052
Iteration:18800	Loss_mean:0.009396101443562656	Loss_std:0.009130104801787865
Iteration:18900	Loss_mean:0.010459249531195383	Loss_std:0.01112294217181494
Iteration:19000	Loss_mean:0.011621651902605662	Loss_std:0.013723389163550967
Iteration:19100	Loss_mean:0.011650921934397047	Loss_std:0.012907990101281047
Iteration:19200	Loss_mean:0.01199416723666218	Loss_std:0.01473283409210042
Iteration:19300	Loss_mean:0.009067562990912848	Loss_std:0.009935677946790112
Iteration:19400	Loss_mean:0.012764569986866264	Loss_std:0.012366619569895931
Iteration:19500	Loss_mean:0.009880129239390953	Loss_std:0.010135203093492555
Iteration:19600	Loss_mean:0.010268211846423583	Loss_std:0.011064422288569646
Iteration:19700	Loss_mean:0.010787384982322692	Loss_std:0.010109197558091665
Iteration:19800	Loss_mean:0.011099350968520412	Loss_std:0.010954023120084713
Iteration:19900	Loss_mean:0.01113833738275389	Loss_std:0.013210742433659944
Iteration:20000	Loss_mean:0.012504510947765083	Loss_std:0.016591034786537187
Iteration:20100	Loss_mean:0.01085825276109972	Loss_std:0.011079504360394796
Iteration:20200	Loss_mean:0.010266333645122359	Loss_std:0.011047224973523452
Iteration:20300	Loss_mean:0.011454672433847008	Loss_std:0.011672412902778394
Iteration:20400	Loss_mean:0.01108896387511777	Loss_std:0.013984027768291989
Iteration:20500	Loss_mean:0.009961336455198762	Loss_std:0.0098476356388378
Iteration:20600	Loss_mean:0.00925278144592994	Loss_std:0.010090048916170323
Iteration:20700	Loss_mean:0.009790169326424802	Loss_std:0.010242022915803123
Iteration:20800	Loss_mean:0.00991377934735283	Loss_std:0.009109870894645197
Iteration:20900	Loss_mean:0.009780307772234664	Loss_std:0.010784433802084818
Iteration:21000	Loss_mean:0.008870996321971348	Loss_std:0.008724992314600603
Iteration:21100	Loss_mean:0.010274639728304464	Loss_std:0.011939628496386573
Iteration:21200	Loss_mean:0.011646483544245712	Loss_std:0.011596499687941693
Iteration:21300	Loss_mean:0.01029527166429034	Loss_std:0.010516319597364317
Iteration:21400	Loss_mean:0.009872537367700716	Loss_std:0.009827218370696004
Iteration:21500	Loss_mean:0.011465938075562008	Loss_std:0.012009975998471424
Iteration:21600	Loss_mean:0.010840342410083394	Loss_std:0.011854131298440991
Iteration:21700	Loss_mean:0.009823927603501943	Loss_std:0.010281380096151984
Iteration:21800	Loss_mean:0.009060386038254365	Loss_std:0.008219919182134735
Iteration:21900	Loss_mean:0.010037096428859513	Loss_std:0.010418737748368158
Iteration:22000	Loss_mean:0.010366639816638781	Loss_std:0.011311077273516193
Iteration:22100	Loss_mean:0.011411850872318609	Loss_std:0.011290755919814235
Iteration:22200	Loss_mean:0.011554165481356904	Loss_std:0.00981649475311856
Iteration:22300	Loss_mean:0.011530016429605893	Loss_std:0.01230649547850242
Iteration:22400	Loss_mean:0.010661617560544982	Loss_std:0.011805827343844479
Iteration:22500	Loss_mean:0.009333920812459838	Loss_std:0.008919186439876443
Iteration:22600	Loss_mean:0.008383125383807056	Loss_std:0.008476326189233767
Iteration:22700	Loss_mean:0.009832304386072792	Loss_std:0.009754537104344053
Iteration:22800	Loss_mean:0.009015409318126331	Loss_std:0.008847558996207925
Iteration:22900	Loss_mean:0.010244624413571728	Loss_std:0.011765517659012138
Iteration:23000	Loss_mean:0.008810052122389606	Loss_std:0.008608038018860113
Iteration:23100	Loss_mean:0.010276763955789647	Loss_std:0.011755600969505326
Iteration:23200	Loss_mean:0.00882664287159514	Loss_std:0.009718852098142359
Iteration:23300	Loss_mean:0.010979785340296075	Loss_std:0.01112675449001998
Iteration:23400	Loss_mean:0.011756713182585372	Loss_std:0.011658769430886387
Iteration:23500	Loss_mean:0.011310265851789155	Loss_std:0.00953355733023833
Iteration:23600	Loss_mean:0.009311135326970543	Loss_std:0.008690919172115357
Iteration:23700	Loss_mean:0.010944415544945513	Loss_std:0.008417469053285418
Iteration:23800	Loss_mean:0.00938261047933338	Loss_std:0.008798352271721767
Iteration:23900	Loss_mean:0.009631260743481107	Loss_std:0.01123172978728614
Iteration:24000	Loss_mean:0.011341466559533728	Loss_std:0.012646491136305895
Iteration:24100	Loss_mean:0.011667793360829818	Loss_std:0.0112604698162502
Iteration:24200	Loss_mean:0.008311927860577271	Loss_std:0.008222943501163088
Iteration:24300	Loss_mean:0.010534727895644113	Loss_std:0.010717107686549153
Iteration:24400	Loss_mean:0.009994204103713855	Loss_std:0.008794297061294722
Iteration:24500	Loss_mean:0.009683586401224601	Loss_std:0.009470614429256483
Iteration:24600	Loss_mean:0.010276831084338483	Loss_std:0.01171566490437937
Iteration:24700	Loss_mean:0.008420386687575956	Loss_std:0.009801612634194759
Iteration:24800	Loss_mean:0.009890660768578528	Loss_std:0.009499971946540715
Iteration:24900	Loss_mean:0.01100926501541835	Loss_std:0.011165213443854932
Iteration:25000	Loss_mean:0.008677746850339644	Loss_std:0.00929451311857457
Iteration:25100	Loss_mean:0.00872653873404488	Loss_std:0.009184254950122239
Iteration:25200	Loss_mean:0.008585259393566958	Loss_std:0.00773393619793621
Iteration:25300	Loss_mean:0.008957573296647751	Loss_std:0.009623840638511355
Iteration:25400	Loss_mean:0.009629740989694255	Loss_std:0.009453408303762057
Iteration:25500	Loss_mean:0.007574001124557981	Loss_std:0.007191872080103731
Iteration:25600	Loss_mean:0.009329574144123854	Loss_std:0.008703583733772795
Iteration:25700	Loss_mean:0.012817895699735118	Loss_std:0.01269107136802211
Iteration:25800	Loss_mean:0.009135553296655417	Loss_std:0.009132431416972795
Iteration:25900	Loss_mean:0.010314877420169068	Loss_std:0.012030272881453289
Iteration:26000	Loss_mean:0.009355629555720953	Loss_std:0.011867193881669852
Iteration:26100	Loss_mean:0.010142423582801713	Loss_std:0.013506260080152252
Iteration:26200	Loss_mean:0.01340715096797794	Loss_std:0.013466944709448907
Iteration:26300	Loss_mean:0.010150940142411856	Loss_std:0.009788004841167085
Iteration:26400	Loss_mean:0.009189576108110487	Loss_std:0.009165240327588956
Iteration:26500	Loss_mean:0.010915302055655047	Loss_std:0.010260612207499466
Iteration:26600	Loss_mean:0.00912197841636953	Loss_std:0.00929201665954066
Iteration:26700	Loss_mean:0.010296192983078071	Loss_std:0.010428905267354073
Iteration:26800	Loss_mean:0.007974866028962423	Loss_std:0.008012729737378863
Iteration:26900	Loss_mean:0.009236063828138867	Loss_std:0.011350025298921398
Iteration:27000	Loss_mean:0.007971190243406454	Loss_std:0.00664897822621282
Iteration:27100	Loss_mean:0.009408522456578795	Loss_std:0.007967700166004564
Iteration:27200	Loss_mean:0.00985088019977411	Loss_std:0.014113396381005092
Iteration:27300	Loss_mean:0.009288117421019705	Loss_std:0.00913328242781595
Iteration:27400	Loss_mean:0.00894639614103653	Loss_std:0.011196738070848207
Iteration:27500	Loss_mean:0.010301622973929624	Loss_std:0.01013893990797017
Iteration:27600	Loss_mean:0.010507335174697801	Loss_std:0.00956796507616354
Iteration:27700	Loss_mean:0.007044036982915145	Loss_std:0.006301752775579687
Iteration:27800	Loss_mean:0.011233299654195434	Loss_std:0.013670224100886344
Iteration:27900	Loss_mean:0.008845792370302662	Loss_std:0.008927445782205428
Iteration:28000	Loss_mean:0.009214678323332918	Loss_std:0.007820216937242136
Iteration:28100	Loss_mean:0.010590900557040185	Loss_std:0.010601149572558826
Iteration:28200	Loss_mean:0.009559961134509649	Loss_std:0.009375919364345685
Iteration:28300	Loss_mean:0.009762498347063229	Loss_std:0.01060939436010432
Iteration:28400	Loss_mean:0.009268993280493305	Loss_std:0.009180667797700097
Iteration:28500	Loss_mean:0.008526751345489175	Loss_std:0.009041365115307816
Iteration:28600	Loss_mean:0.008846513637763564	Loss_std:0.008563732500385763
Iteration:28700	Loss_mean:0.010462110626831419	Loss_std:0.010903366717623651
Iteration:28800	Loss_mean:0.010634903715981636	Loss_std:0.010171771551230807
Iteration:28900	Loss_mean:0.010843794620304834	Loss_std:0.011286413174509385
Iteration:29000	Loss_mean:0.009031857202862738	Loss_std:0.008042131952633036
Iteration:29100	Loss_mean:0.008173119088460225	Loss_std:0.008188005581802715
Iteration:29200	Loss_mean:0.00961865869988287	Loss_std:0.011656829709903518
Iteration:29300	Loss_mean:0.00918062286265922	Loss_std:0.00874308653165062
Iteration:29400	Loss_mean:0.009810451361991	Loss_std:0.009062976238958593
Iteration:29500	Loss_mean:0.01132876155534177	Loss_std:0.011501552350071848
Iteration:29600	Loss_mean:0.007432008750765817	Loss_std:0.007021642049977893
Iteration:29700	Loss_mean:0.008393184123851824	Loss_std:0.008809353877494567
Iteration:29800	Loss_mean:0.008979115136462497	Loss_std:0.009680808750924669
Iteration:29900	Loss_mean:0.008962521503890456	Loss_std:0.01037426984996339
Iteration:30000	Loss_mean:0.00875256578605331	Loss_std:0.008845061878940337
Iteration:30100	Loss_mean:0.008605833651090506	Loss_std:0.009750308245200328
Iteration:30200	Loss_mean:0.009207370462845574	Loss_std:0.008046270355098641
Iteration:30300	Loss_mean:0.011089552505145548	Loss_std:0.01096178566242461
Iteration:30400	Loss_mean:0.010952497108955867	Loss_std:0.010636968659672515
Iteration:30500	Loss_mean:0.008444251330511179	Loss_std:0.0074760549763390706
Iteration:30600	Loss_mean:0.010265827824769076	Loss_std:0.009196325294682886
Iteration:30700	Loss_mean:0.010905465074683889	Loss_std:0.01053538795712302
Iteration:30800	Loss_mean:0.008752878700452129	Loss_std:0.009678549286684128
Iteration:30900	Loss_mean:0.009349183346439532	Loss_std:0.008323276107964721
Iteration:31000	Loss_mean:0.010447753001490128	Loss_std:0.013199859246813501
Iteration:31100	Loss_mean:0.010106609848662629	Loss_std:0.010622612213193923
Iteration:31200	Loss_mean:0.0102456436061766	Loss_std:0.012255022049226186
Iteration:31300	Loss_mean:0.007945356928321417	Loss_std:0.008763958042903038
Iteration:31400	Loss_mean:0.010081375571608077	Loss_std:0.00951773031769602
Iteration:31500	Loss_mean:0.008225701015326194	Loss_std:0.008743467298756098
Iteration:31600	Loss_mean:0.009758540876646293	Loss_std:0.01223871108504866
Iteration:31700	Loss_mean:0.007996506270137616	Loss_std:0.00849449595756756
Iteration:31800	Loss_mean:0.010238045059686555	Loss_std:0.010971163255307306
Iteration:31900	Loss_mean:0.009465921737137251	Loss_std:0.00999581958303328
Iteration:32000	Loss_mean:0.010056157653052651	Loss_std:0.00875449337711229
Iteration:32100	Loss_mean:0.009526675538072595	Loss_std:0.010214056166188912
Iteration:32200	Loss_mean:0.010368643622355194	Loss_std:0.011094793839628652
Iteration:32300	Loss_mean:0.009398645808196306	Loss_std:0.009551811476031784
Iteration:32400	Loss_mean:0.006819420262872882	Loss_std:0.007606773519045606
Iteration:32500	Loss_mean:0.010208537291182438	Loss_std:0.009934913862771273
Iteration:32600	Loss_mean:0.009719047538455925	Loss_std:0.009766596419998922
Iteration:32700	Loss_mean:0.009547061115008547	Loss_std:0.009708075373416556
Iteration:32800	Loss_mean:0.010142885716331875	Loss_std:0.010850279412032945
Iteration:32900	Loss_mean:0.008536509130342438	Loss_std:0.009475103028825375
Iteration:33000	Loss_mean:0.011115567287342856	Loss_std:0.01098343362276262
Iteration:33100	Loss_mean:0.009146715241658967	Loss_std:0.009347334243103567
Iteration:33200	Loss_mean:0.010276678108202758	Loss_std:0.011045452466332404
Iteration:33300	Loss_mean:0.009935696635052409	Loss_std:0.009716444055080589
Iteration:33400	Loss_mean:0.009071725198591594	Loss_std:0.008402684712778536
Iteration:33500	Loss_mean:0.008457651265071036	Loss_std:0.009330844837694755
Iteration:33600	Loss_mean:0.009826418226712121	Loss_std:0.009009456897082888
Iteration:33700	Loss_mean:0.010568250485903263	Loss_std:0.009787256833591091
Iteration:33800	Loss_mean:0.008561822842166293	Loss_std:0.007079933671956093
Iteration:33900	Loss_mean:0.008966307675950701	Loss_std:0.00800088272554813
Iteration:34000	Loss_mean:0.010313129316782578	Loss_std:0.009362162464028177
Iteration:34100	Loss_mean:0.009270397975924424	Loss_std:0.009430622353936526
Iteration:34200	Loss_mean:0.008290030182579358	Loss_std:0.008531258400697623
Iteration:34300	Loss_mean:0.008708876580640209	Loss_std:0.007863597472036396
Iteration:34400	Loss_mean:0.008667299235239624	Loss_std:0.009233657594620664
Iteration:34500	Loss_mean:0.009599833869433496	Loss_std:0.0101975576286755
Iteration:34600	Loss_mean:0.00880888661256904	Loss_std:0.008752959229559367
Iteration:34700	Loss_mean:0.008777713635499822	Loss_std:0.008384345883799918
Iteration:34800	Loss_mean:0.010090099403823842	Loss_std:0.010458309511620932
Iteration:34900	Loss_mean:0.008416168024814397	Loss_std:0.008110450565451873
Iteration:35000	Loss_mean:0.010357963598135029	Loss_std:0.010618966136036922
Iteration:35100	Loss_mean:0.008534029359871055	Loss_std:0.007785846323240921
Iteration:35200	Loss_mean:0.009274044471385422	Loss_std:0.010663432361895838
Iteration:35300	Loss_mean:0.009468457516559283	Loss_std:0.00994232235415106
Iteration:35400	Loss_mean:0.008122023681207792	Loss_std:0.007575512864821599
Iteration:35500	Loss_mean:0.007845541468414012	Loss_std:0.007944131497223094
Iteration:35600	Loss_mean:0.008294265204840485	Loss_std:0.009558763085258213
Iteration:35700	Loss_mean:0.006987054512574104	Loss_std:0.00618878746586063
Iteration:35800	Loss_mean:0.008544681817438686	Loss_std:0.007981937781842436
Iteration:35900	Loss_mean:0.008447176098707132	Loss_std:0.007437668011646757
Iteration:36000	Loss_mean:0.010241930472839158	Loss_std:0.009405348620261834
Iteration:36100	Loss_mean:0.007543959431350231	Loss_std:0.006988124210151498
Iteration:36200	Loss_mean:0.007242564190710255	Loss_std:0.007341976898683185
Iteration:36300	Loss_mean:0.009540311318014574	Loss_std:0.0093012000859465
Iteration:36400	Loss_mean:0.0072120350683326255	Loss_std:0.007267368967271788
Iteration:36500	Loss_mean:0.009409235944040119	Loss_std:0.009954789463221652
Iteration:36600	Loss_mean:0.008132764951005811	Loss_std:0.007624706718368916
Iteration:36700	Loss_mean:0.0067751992437115405	Loss_std:0.006498445102595194
Iteration:36800	Loss_mean:0.008794725886691595	Loss_std:0.009132971293765679
Iteration:36900	Loss_mean:0.009808632899112126	Loss_std:0.010539049663815189
Iteration:37000	Loss_mean:0.009332032219317625	Loss_std:0.008411842011328096
Iteration:37100	Loss_mean:0.007633580470610468	Loss_std:0.007081331957510187
Iteration:37200	Loss_mean:0.009831585277133854	Loss_std:0.00961577605634254
Iteration:37300	Loss_mean:0.008542131148569752	Loss_std:0.007554352685410324
Iteration:37400	Loss_mean:0.01049944993792451	Loss_std:0.009383411490886411
Iteration:37500	Loss_mean:0.00808642120435252	Loss_std:0.008285402660531741
Iteration:37600	Loss_mean:0.009587136762856972	Loss_std:0.009662542869768394
Iteration:37700	Loss_mean:0.008786475338420132	Loss_std:0.00907146390510397
Iteration:37800	Loss_mean:0.009052910418467945	Loss_std:0.009205157712849117
Iteration:37900	Loss_mean:0.008539999743370573	Loss_std:0.00883971803505321
Iteration:38000	Loss_mean:0.009540916149053374	Loss_std:0.00895987843198811
Iteration:38100	Loss_mean:0.00712392551562516	Loss_std:0.006869618340232428
Iteration:38200	Loss_mean:0.006366112678406353	Loss_std:0.005739737708127407
Iteration:38300	Loss_mean:0.008468917862883245	Loss_std:0.009312335046452848
Iteration:38400	Loss_mean:0.007873845934245765	Loss_std:0.0071847570440536175
Iteration:38500	Loss_mean:0.008226976765945438	Loss_std:0.0077119196867185755
Iteration:38600	Loss_mean:0.006632943182939926	Loss_std:0.006622720351275196
Iteration:38700	Loss_mean:0.007784688046061774	Loss_std:0.008053754973563103
Iteration:38800	Loss_mean:0.009595118231627566	Loss_std:0.00883602194768938
Iteration:38900	Loss_mean:0.007950742466346129	Loss_std:0.01047098002627594
Iteration:39000	Loss_mean:0.008026958678747177	Loss_std:0.008216299039779525
Iteration:39100	Loss_mean:0.009191227163100849	Loss_std:0.009164675410755625
Iteration:39200	Loss_mean:0.008892912134033395	Loss_std:0.010229875788261225
Iteration:39300	Loss_mean:0.01013532376557123	Loss_std:0.010829905248691832
Iteration:39400	Loss_mean:0.009302727966423846	Loss_std:0.010565789412440966
Iteration:39500	Loss_mean:0.0075943679070951476	Loss_std:0.008009064657362001
Iteration:39600	Loss_mean:0.008242120678642096	Loss_std:0.008196770954242032
Iteration:39700	Loss_mean:0.007135069573123474	Loss_std:0.007305603624097807
Iteration:39800	Loss_mean:0.008844719935041212	Loss_std:0.007048204652702322
Iteration:39900	Loss_mean:0.008713277335155	Loss_std:0.006968557367897066
Iteration:40000	Loss_mean:0.008575167127223721	Loss_std:0.007856506586083441
Iteration:40100	Loss_mean:0.00925025825505145	Loss_std:0.009666994294733144
Iteration:40200	Loss_mean:0.008101138308120426	Loss_std:0.007979373705360933
Iteration:40300	Loss_mean:0.009308509352558758	Loss_std:0.009497621052925048
Iteration:40400	Loss_mean:0.01023615490335942	Loss_std:0.01014524678076935
Iteration:40500	Loss_mean:0.007602549151633866	Loss_std:0.008361079977908484
Iteration:40600	Loss_mean:0.008705422066668689	Loss_std:0.009134277194042952
Iteration:40700	Loss_mean:0.009813695720222313	Loss_std:0.010313266069103778
Iteration:40800	Loss_mean:0.008669793527969887	Loss_std:0.008664649350541585
Iteration:40900	Loss_mean:0.008404122883657692	Loss_std:0.007799261601224535
Iteration:41000	Loss_mean:0.0067230633696817674	Loss_std:0.006735919297385365
Iteration:41100	Loss_mean:0.010443367706175195	Loss_std:0.00993556113315832
Iteration:41200	Loss_mean:0.008285238800599472	Loss_std:0.00792288664508376
Iteration:41300	Loss_mean:0.008028936322880327	Loss_std:0.007867992702035488
Iteration:41400	Loss_mean:0.009851961950589612	Loss_std:0.009665877370552255
Iteration:41500	Loss_mean:0.007999385408620583	Loss_std:0.008389591137270842
Iteration:41600	Loss_mean:0.008962680736585753	Loss_std:0.008769040933279737
Iteration:41700	Loss_mean:0.008527304742383422	Loss_std:0.008012219464798798
Iteration:41800	Loss_mean:0.00825412456451886	Loss_std:0.008689249731359374
Iteration:41900	Loss_mean:0.008435649586172076	Loss_std:0.0073322262539429126
Iteration:42000	Loss_mean:0.008928793876839336	Loss_std:0.008785491197864379
Iteration:42100	Loss_mean:0.008045011806880211	Loss_std:0.007625134518051901
Iteration:42200	Loss_mean:0.008362986453212215	Loss_std:0.009932391806335945
Iteration:42300	Loss_mean:0.008836801253564772	Loss_std:0.00837954321680539
Iteration:42400	Loss_mean:0.007144554094688829	Loss_std:0.006628536924407409
Iteration:42500	Loss_mean:0.010016982419510895	Loss_std:0.009103214566461253
Iteration:42600	Loss_mean:0.007771821670903591	Loss_std:0.006965396829526845
Iteration:42700	Loss_mean:0.009148146922707384	Loss_std:0.008996788976773397
Iteration:42800	Loss_mean:0.008967692032179002	Loss_std:0.008512215585439088
Iteration:42900	Loss_mean:0.006813255109009333	Loss_std:0.0073957291657282135
Iteration:43000	Loss_mean:0.00820228713877441	Loss_std:0.008655680918958695
Iteration:43100	Loss_mean:0.00869015986312661	Loss_std:0.007723742167775504
Iteration:43200	Loss_mean:0.007843265577721468	Loss_std:0.00883257164184753
Iteration:43300	Loss_mean:0.00883125278785883	Loss_std:0.009017727848910383
Iteration:43400	Loss_mean:0.008537298096998712	Loss_std:0.009490851530603894
Iteration:43500	Loss_mean:0.006844942584721138	Loss_std:0.006138449815929054
Iteration:43600	Loss_mean:0.008566187454143802	Loss_std:0.008108054314097985
Iteration:43700	Loss_mean:0.008288577138227993	Loss_std:0.008434200381036162
Iteration:43800	Loss_mean:0.007560208519607841	Loss_std:0.006819527858374092
Iteration:43900	Loss_mean:0.009180197110254085	Loss_std:0.010238648299760724
Iteration:44000	Loss_mean:0.008616202749981311	Loss_std:0.007562292142276201
Iteration:44100	Loss_mean:0.008056530676258262	Loss_std:0.00882949009238921
Iteration:44200	Loss_mean:0.00703665946770343	Loss_std:0.0068950460296167216
Iteration:44300	Loss_mean:0.008880226362039138	Loss_std:0.008896343252432059
Iteration:44400	Loss_mean:0.008408471475686383	Loss_std:0.008486813548287593
Iteration:44500	Loss_mean:0.007261907171409803	Loss_std:0.007737965451672022
Iteration:44600	Loss_mean:0.008248689816391562	Loss_std:0.0087367439328521
Iteration:44700	Loss_mean:0.008440091850643512	Loss_std:0.008587180063943085
Iteration:44800	Loss_mean:0.008992340507829795	Loss_std:0.009261064787899316
Iteration:44900	Loss_mean:0.007516153178403329	Loss_std:0.007393880955630363
Iteration:45000	Loss_mean:0.008627983584192407	Loss_std:0.009155701770039857
Iteration:45100	Loss_mean:0.009365309071326919	Loss_std:0.008797789200082295
Iteration:45200	Loss_mean:0.0066451018644147555	Loss_std:0.005919638382072177
Iteration:45300	Loss_mean:0.007896014348771132	Loss_std:0.007312334230697833
Iteration:45400	Loss_mean:0.009363213565156911	Loss_std:0.009189303029981876
Iteration:45500	Loss_mean:0.007998328175381176	Loss_std:0.00798044799921503
Iteration:45600	Loss_mean:0.009367545574423274	Loss_std:0.008987151117375584
Iteration:45700	Loss_mean:0.008680821415982792	Loss_std:0.009525643248344786
Iteration:45800	Loss_mean:0.009486626160123706	Loss_std:0.009926730922775797
Iteration:45900	Loss_mean:0.008754023254186904	Loss_std:0.007335847655817715
Iteration:46000	Loss_mean:0.00799124321580166	Loss_std:0.00684214455653803
Iteration:46100	Loss_mean:0.007379667635977967	Loss_std:0.007856585149998095
Iteration:46200	Loss_mean:0.007230567820952274	Loss_std:0.008655871647584438
Iteration:46300	Loss_mean:0.008480675405135116	Loss_std:0.008606073425876958
Iteration:46400	Loss_mean:0.008910442396154395	Loss_std:0.008119595339996732
Iteration:46500	Loss_mean:0.008547641266832216	Loss_std:0.00971969312192713
Iteration:46600	Loss_mean:0.007140055224008393	Loss_std:0.006460637289997876
Iteration:46700	Loss_mean:0.009478134626842803	Loss_std:0.009125302552562315
Iteration:46800	Loss_mean:0.009588860563890194	Loss_std:0.009476945111879052
Iteration:46900	Loss_mean:0.006789027580671245	Loss_std:0.006669583548522316
Iteration:47000	Loss_mean:0.008210788684855287	Loss_std:0.008424694379112153
Iteration:47100	Loss_mean:0.008594405145704514	Loss_std:0.008310735213937059
Iteration:47200	Loss_mean:0.008133039748954615	Loss_std:0.008873569255455516
Iteration:47300	Loss_mean:0.009697638068755622	Loss_std:0.010433901894620536
Iteration:47400	Loss_mean:0.00923864265816519	Loss_std:0.009333320163643835
Iteration:47500	Loss_mean:0.007890899576923403	Loss_std:0.00800581978817791
Iteration:47600	Loss_mean:0.009326795341912657	Loss_std:0.008282045402445344
Iteration:47700	Loss_mean:0.006884895510229399	Loss_std:0.006266217538424519
Iteration:47800	Loss_mean:0.007842483357308083	Loss_std:0.007076164336273354
Iteration:47900	Loss_mean:0.009750619607948464	Loss_std:0.010196571361886083
Iteration:48000	Loss_mean:0.008909676664679865	Loss_std:0.008242795874178954
Iteration:48100	Loss_mean:0.008713409739066265	Loss_std:0.00843277973298752
Iteration:48200	Loss_mean:0.0080459587360383	Loss_std:0.008836291936011067
Iteration:48300	Loss_mean:0.008048407592141302	Loss_std:0.008055516022698259
Iteration:48400	Loss_mean:0.008425055980769685	Loss_std:0.007875453916430694
Iteration:48500	Loss_mean:0.010609890393388922	Loss_std:0.010594955341097367
Iteration:48600	Loss_mean:0.008983612379815896	Loss_std:0.00956126990817663
Iteration:48700	Loss_mean:0.007677206444868716	Loss_std:0.007574157413249926
Iteration:48800	Loss_mean:0.007502622556317817	Loss_std:0.008469944083979896
Iteration:48900	Loss_mean:0.009217537704480493	Loss_std:0.008615547132232455
Iteration:49000	Loss_mean:0.007610310309191845	Loss_std:0.008581578576348864
Iteration:49100	Loss_mean:0.008295531383919297	Loss_std:0.007884590247919777
Iteration:49200	Loss_mean:0.008040263931470691	Loss_std:0.0070315102135724205
Iteration:49300	Loss_mean:0.007150382031204572	Loss_std:0.00647067069646615
Iteration:49400	Loss_mean:0.007681907434307505	Loss_std:0.00904682248327757
Iteration:49500	Loss_mean:0.00758552042341762	Loss_std:0.00782183851107728
Iteration:49600	Loss_mean:0.008129681821374106	Loss_std:0.007781108408139308
Iteration:49700	Loss_mean:0.0076434482852346265	Loss_std:0.008530836428167047
Iteration:49800	Loss_mean:0.008285434681456537	Loss_std:0.007790876944803691
Iteration:49900	Loss_mean:0.008044754631846444	Loss_std:0.006812296935701404
Modifying K
Fitting model on target unit
Iteration:0	Loss_mean:0.0021532224491238594	Loss_std:0.0
Iteration:100	Loss_mean:0.009992156881417032	Loss_std:0.010087616025373603
Iteration:200	Loss_mean:0.008222605556275084	Loss_std:0.008865490994424994
Iteration:300	Loss_mean:0.00892175798620201	Loss_std:0.009663050318004147
Iteration:400	Loss_mean:0.008412134763711948	Loss_std:0.008135355142711277
Iteration:500	Loss_mean:0.008869146909360097	Loss_std:0.00992411712298481
Iteration:600	Loss_mean:0.0074300106540613345	Loss_std:0.008859291538510753
Iteration:700	Loss_mean:0.009297430747392355	Loss_std:0.008413145427912142
Iteration:800	Loss_mean:0.008358843763926416	Loss_std:0.010269622748125465
Iteration:900	Loss_mean:0.007432925551620428	Loss_std:0.008102747619027927
Iteration:1000	Loss_mean:0.0075140546901093334	Loss_std:0.0072244160715017585
Iteration:1100	Loss_mean:0.006854550649186422	Loss_std:0.0067303228430542145
Iteration:1200	Loss_mean:0.006059021587316238	Loss_std:0.0058633327546094224
Iteration:1300	Loss_mean:0.0073662926390534265	Loss_std:0.008028916060639924
Iteration:1400	Loss_mean:0.009665759685158265	Loss_std:0.00914507477506764
Iteration:1500	Loss_mean:0.007141536966810236	Loss_std:0.006788636780789239
Iteration:1600	Loss_mean:0.007454972718733188	Loss_std:0.006912194621530012
Iteration:1700	Loss_mean:0.009936584935931024	Loss_std:0.010533295816365655
Iteration:1800	Loss_mean:0.009323045047258347	Loss_std:0.010434339935494578
Iteration:1900	Loss_mean:0.007771034135512309	Loss_std:0.0076170311119805436
Iteration:2000	Loss_mean:0.008040925756595242	Loss_std:0.008513943310075966
Iteration:2100	Loss_mean:0.00736236958837253	Loss_std:0.007631075593095799
Iteration:2200	Loss_mean:0.008534627795015695	Loss_std:0.008848904091188816
Iteration:2300	Loss_mean:0.00790657309225935	Loss_std:0.008192174024321344
Iteration:2400	Loss_mean:0.007372036461597418	Loss_std:0.007654553718347363
Iteration:2500	Loss_mean:0.00842781137500424	Loss_std:0.009092509395402683
Iteration:2600	Loss_mean:0.007182242432827479	Loss_std:0.007501010902981036
Iteration:2700	Loss_mean:0.009156625545001589	Loss_std:0.008459221931417127
Iteration:2800	Loss_mean:0.007137702379550319	Loss_std:0.007762154016495745
Iteration:2900	Loss_mean:0.006708122883064788	Loss_std:0.0064295345048744216
Iteration:3000	Loss_mean:0.007836077021090659	Loss_std:0.0083454023689429
Iteration:3100	Loss_mean:0.008180250734521905	Loss_std:0.007611958165437923
Iteration:3200	Loss_mean:0.00877958358032629	Loss_std:0.008105755655442637
Iteration:3300	Loss_mean:0.008920248636059114	Loss_std:0.009037266558187694
Iteration:3400	Loss_mean:0.005966773020045366	Loss_std:0.005502624995514185
Iteration:3500	Loss_mean:0.007469461743094144	Loss_std:0.007350273131296793
Iteration:3600	Loss_mean:0.00804062735165985	Loss_std:0.009422483652563245
Iteration:3700	Loss_mean:0.007400035463506356	Loss_std:0.008180897901754712
Iteration:3800	Loss_mean:0.006205901435605483	Loss_std:0.006663916349318964
Iteration:3900	Loss_mean:0.005476824728029897	Loss_std:0.0062097362239833045
Iteration:4000	Loss_mean:0.00868614218028597	Loss_std:0.008752109294386762
Iteration:4100	Loss_mean:0.006828930049887276	Loss_std:0.008689317438283481
Iteration:4200	Loss_mean:0.008017518378619571	Loss_std:0.007388583599030566
Iteration:4300	Loss_mean:0.006405962877615821	Loss_std:0.00614577750246856
Iteration:4400	Loss_mean:0.007414637820038479	Loss_std:0.007195498524365954
Iteration:4500	Loss_mean:0.008815826224672491	Loss_std:0.008643200813792903
Iteration:4600	Loss_mean:0.007082954111829167	Loss_std:0.006575758226349384
Iteration:4700	Loss_mean:0.008336173710306411	Loss_std:0.008247248030308633
Iteration:4800	Loss_mean:0.007936488737614126	Loss_std:0.008019260632424852
Iteration:4900	Loss_mean:0.00728276571068534	Loss_std:0.009189792108369742
Iteration:5000	Loss_mean:0.006507830717528123	Loss_std:0.0062159912275036935
Iteration:5100	Loss_mean:0.0074264531252993034	Loss_std:0.007918309218710862
Iteration:5200	Loss_mean:0.007161080459190998	Loss_std:0.0062793280152027035
Iteration:5300	Loss_mean:0.008524564155959525	Loss_std:0.0076716080734670076
Iteration:5400	Loss_mean:0.008647929758953978	Loss_std:0.007662688120649553
Iteration:5500	Loss_mean:0.00804562076638831	Loss_std:0.009423015805879786
Iteration:5600	Loss_mean:0.007355688328680117	Loss_std:0.006893004859196192
Iteration:5700	Loss_mean:0.0061407968038111	Loss_std:0.0066247217036044135
Iteration:5800	Loss_mean:0.00868296420163574	Loss_std:0.009190223129940781
Iteration:5900	Loss_mean:0.007876471483832574	Loss_std:0.00909725128030141
Iteration:6000	Loss_mean:0.006519827682968753	Loss_std:0.007310828590314855
Iteration:6100	Loss_mean:0.0073825330541876615	Loss_std:0.007536662369008506
Iteration:6200	Loss_mean:0.007029281265822647	Loss_std:0.0066146674885447275
Iteration:6300	Loss_mean:0.006764613238526635	Loss_std:0.0058348855902048856
Iteration:6400	Loss_mean:0.0074666129954857755	Loss_std:0.0075413786900926484
Iteration:6500	Loss_mean:0.008060250668931986	Loss_std:0.007253481790040866
Iteration:6600	Loss_mean:0.0077409905790773335	Loss_std:0.00667830779609801
Iteration:6700	Loss_mean:0.008318570266092139	Loss_std:0.008076616669592819
Iteration:6800	Loss_mean:0.007953096772143908	Loss_std:0.009822473257050345
Iteration:6900	Loss_mean:0.007620802115561673	Loss_std:0.008118079402430754
Iteration:7000	Loss_mean:0.007986711735402423	Loss_std:0.00782968787968461
Iteration:7100	Loss_mean:0.007511487712254166	Loss_std:0.007143898433365071
Iteration:7200	Loss_mean:0.006117821494358395	Loss_std:0.006634871225736635
Iteration:7300	Loss_mean:0.006958502239649533	Loss_std:0.006578902708938914
Iteration:7400	Loss_mean:0.00697701672459516	Loss_std:0.006476683783717534
Iteration:7500	Loss_mean:0.007485412171809003	Loss_std:0.007227997126005207
Iteration:7600	Loss_mean:0.00679346305362742	Loss_std:0.007396487651789289
Iteration:7700	Loss_mean:0.0065771789665450345	Loss_std:0.0062007006699149195
Iteration:7800	Loss_mean:0.00651378825878055	Loss_std:0.007547495684453473
Iteration:7900	Loss_mean:0.007737521574417769	Loss_std:0.008035291257457456
Iteration:8000	Loss_mean:0.006868994820652005	Loss_std:0.006826710214976304
Iteration:8100	Loss_mean:0.007021338178965379	Loss_std:0.006444063518254456
Iteration:8200	Loss_mean:0.007271213470594375	Loss_std:0.00793549988962964
Iteration:8300	Loss_mean:0.00641472171060741	Loss_std:0.006467072930750119
Iteration:8400	Loss_mean:0.006815491696979734	Loss_std:0.0062877564523951745
Iteration:8500	Loss_mean:0.006944249216492154	Loss_std:0.007119268066087831
Iteration:8600	Loss_mean:0.007452772575124982	Loss_std:0.00728761606063824
Iteration:8700	Loss_mean:0.006803716904214525	Loss_std:0.007606047617713387
Iteration:8800	Loss_mean:0.006571776489990953	Loss_std:0.005797936948972782
Iteration:8900	Loss_mean:0.006845711049209058	Loss_std:0.006231933502067407
Iteration:9000	Loss_mean:0.007264910531885107	Loss_std:0.008053199774409974
Iteration:9100	Loss_mean:0.0058251256987205124	Loss_std:0.0064443167112758345
Iteration:9200	Loss_mean:0.006426951383036794	Loss_std:0.006102116936271265
Iteration:9300	Loss_mean:0.006622804826110951	Loss_std:0.006237304926967773
Iteration:9400	Loss_mean:0.006499417227896629	Loss_std:0.008142935943452095
Iteration:9500	Loss_mean:0.0055499375606632385	Loss_std:0.005487041192311908
Iteration:9600	Loss_mean:0.005596203579207213	Loss_std:0.005049557430640982
Iteration:9700	Loss_mean:0.00792337829254393	Loss_std:0.008860197019985834
Iteration:9800	Loss_mean:0.005972478454641533	Loss_std:0.005991774375482948
Iteration:9900	Loss_mean:0.006485184017510619	Loss_std:0.007201549964403105
