Running experiment synthetic
Pretraining model on donor units
Iteration:0	Loss_mean:0.6706554889678955	Loss_std:0.0
Iteration:100	Loss_mean:0.9533125769346953	Loss_std:0.4981428407903225
Iteration:200	Loss_mean:0.8584658433496952	Loss_std:0.47940500186157825
Iteration:300	Loss_mean:0.5601058798283338	Loss_std:0.3854285096104287
Iteration:400	Loss_mean:0.312710582613945	Loss_std:0.2334462344751158
Iteration:500	Loss_mean:0.18459085997194052	Loss_std:0.1378929631873482
Iteration:600	Loss_mean:0.15653976226225497	Loss_std:0.13125940041773637
Iteration:700	Loss_mean:0.1227069322951138	Loss_std:0.07539235972729574
Iteration:800	Loss_mean:0.10935611605644226	Loss_std:0.08109206680842093
Iteration:900	Loss_mean:0.11519988344982267	Loss_std:0.100222839982747
Iteration:1000	Loss_mean:0.10726006222888827	Loss_std:0.08567986813365186
Iteration:1100	Loss_mean:0.08495859073475004	Loss_std:0.0804642923788899
Iteration:1200	Loss_mean:0.06366800359450281	Loss_std:0.04592988320771855
Iteration:1300	Loss_mean:0.055871979063376785	Loss_std:0.04145052658287242
Iteration:1400	Loss_mean:0.04734698005020618	Loss_std:0.034498387442139636
Iteration:1500	Loss_mean:0.03792510882019997	Loss_std:0.025622092512709572
Iteration:1600	Loss_mean:0.0365411952836439	Loss_std:0.03381858478436319
Iteration:1700	Loss_mean:0.029304728605784477	Loss_std:0.025596670172134846
Iteration:1800	Loss_mean:0.024515482187271117	Loss_std:0.017819451180639323
Iteration:1900	Loss_mean:0.024021291225217282	Loss_std:0.01893153225755873
Iteration:2000	Loss_mean:0.01828315542079508	Loss_std:0.012936788562832587
Iteration:2100	Loss_mean:0.020333952135406435	Loss_std:0.014116641624317213
Iteration:2200	Loss_mean:0.019402536465786397	Loss_std:0.019426779921158637
Iteration:2300	Loss_mean:0.01975920230150223	Loss_std:0.016719080495822266
Iteration:2400	Loss_mean:0.019505756080616266	Loss_std:0.02026005707680444
Iteration:2500	Loss_mean:0.020842546813655646	Loss_std:0.01742725959072027
Iteration:2600	Loss_mean:0.02201258761342615	Loss_std:0.018922499530943774
Iteration:2700	Loss_mean:0.014199643816100433	Loss_std:0.013777208535624221
Iteration:2800	Loss_mean:0.0180236253188923	Loss_std:0.01702970051552228
Iteration:2900	Loss_mean:0.015703816800378263	Loss_std:0.012314971936290565
Iteration:3000	Loss_mean:0.01755905120167881	Loss_std:0.016458000547304844
Iteration:3100	Loss_mean:0.017898979224264623	Loss_std:0.015005102548864415
Iteration:3200	Loss_mean:0.018366761249490084	Loss_std:0.01811846953598152
Iteration:3300	Loss_mean:0.018911640075966716	Loss_std:0.014956454311548725
Iteration:3400	Loss_mean:0.02505547790322453	Loss_std:0.024778455428149746
Iteration:3500	Loss_mean:0.015727428905665874	Loss_std:0.016587889164762292
Iteration:3600	Loss_mean:0.015566954747773707	Loss_std:0.01359007328513919
Iteration:3700	Loss_mean:0.015001349338563159	Loss_std:0.014594123267037906
Iteration:3800	Loss_mean:0.019354858475271613	Loss_std:0.01794679585041759
Iteration:3900	Loss_mean:0.015534270190401003	Loss_std:0.015777584290406446
Iteration:4000	Loss_mean:0.016153708496131004	Loss_std:0.015280148370520311
Iteration:4100	Loss_mean:0.01727739310823381	Loss_std:0.017524184097590118
Iteration:4200	Loss_mean:0.015744818706298246	Loss_std:0.013037226794082996
Iteration:4300	Loss_mean:0.015110646137036382	Loss_std:0.013742699710738172
Iteration:4400	Loss_mean:0.019203483248129486	Loss_std:0.017696791241244472
Iteration:4500	Loss_mean:0.018139985661255197	Loss_std:0.01746416829872437
Iteration:4600	Loss_mean:0.017065570642007515	Loss_std:0.01517926295014033
Iteration:4700	Loss_mean:0.017829662697622553	Loss_std:0.01667470913232416
Iteration:4800	Loss_mean:0.014206837594974786	Loss_std:0.013918103858882236
Iteration:4900	Loss_mean:0.016536188456229867	Loss_std:0.013946379382548375
Iteration:5000	Loss_mean:0.014738563174614683	Loss_std:0.014256170818499864
Iteration:5100	Loss_mean:0.017739900664892047	Loss_std:0.014684308405693203
Iteration:5200	Loss_mean:0.01580500912386924	Loss_std:0.015085195439543897
Iteration:5300	Loss_mean:0.016715277945622803	Loss_std:0.015034219518538842
Iteration:5400	Loss_mean:0.02009469540324062	Loss_std:0.017507059873055106
Iteration:5500	Loss_mean:0.01632210675161332	Loss_std:0.016162439469791224
Iteration:5600	Loss_mean:0.016483537488384173	Loss_std:0.017130890624169823
Iteration:5700	Loss_mean:0.01607383686932735	Loss_std:0.013973454700189899
Iteration:5800	Loss_mean:0.015751273485366254	Loss_std:0.012684772724956671
Iteration:5900	Loss_mean:0.017672283706488087	Loss_std:0.014446546430421883
Iteration:6000	Loss_mean:0.016079577145865186	Loss_std:0.01412297337147516
Iteration:6100	Loss_mean:0.013341868957504631	Loss_std:0.011506811572786095
Iteration:6200	Loss_mean:0.014686478906078264	Loss_std:0.013343706919279646
Iteration:6300	Loss_mean:0.020929700053529815	Loss_std:0.020811096913146716
Iteration:6400	Loss_mean:0.015468131978996097	Loss_std:0.01372930484614402
Iteration:6500	Loss_mean:0.01727736601838842	Loss_std:0.017221714082798063
Iteration:6600	Loss_mean:0.018071242608129978	Loss_std:0.015566766609854139
Iteration:6700	Loss_mean:0.015120082376524806	Loss_std:0.015510023463146505
Iteration:6800	Loss_mean:0.017932463930919768	Loss_std:0.014067079006357584
Iteration:6900	Loss_mean:0.014159437029156834	Loss_std:0.012802905654723782
Iteration:7000	Loss_mean:0.01586422896012664	Loss_std:0.015303246186090448
Iteration:7100	Loss_mean:0.014759126375429333	Loss_std:0.014918384623836663
Iteration:7200	Loss_mean:0.013717826176434755	Loss_std:0.014141247546534091
Iteration:7300	Loss_mean:0.012232850876171143	Loss_std:0.01060649605678312
Iteration:7400	Loss_mean:0.011310373216401786	Loss_std:0.008696399062205566
Iteration:7500	Loss_mean:0.01155989381019026	Loss_std:0.010770601936388118
Iteration:7600	Loss_mean:0.012971177264116705	Loss_std:0.011405947046178845
Iteration:7700	Loss_mean:0.010384418070316315	Loss_std:0.008117966124990817
Iteration:7800	Loss_mean:0.011478687801863998	Loss_std:0.008497174887411406
Iteration:7900	Loss_mean:0.009914058365102391	Loss_std:0.007413249871116034
Iteration:8000	Loss_mean:0.009514716914854943	Loss_std:0.006903235987260938
Iteration:8100	Loss_mean:0.008402968728914858	Loss_std:0.005225588338240918
Iteration:8200	Loss_mean:0.008675013578031212	Loss_std:0.005393636582032242
Iteration:8300	Loss_mean:0.010563048141775652	Loss_std:0.013111431426750416
Iteration:8400	Loss_mean:0.009735844859387726	Loss_std:0.00855890914434529
Iteration:8500	Loss_mean:0.010758691875962541	Loss_std:0.007951647245375114
Iteration:8600	Loss_mean:0.009458668074803427	Loss_std:0.007652073211621412
Iteration:8700	Loss_mean:0.009526419799076393	Loss_std:0.007019732295162321
Iteration:8800	Loss_mean:0.00778539729071781	Loss_std:0.005756457745831039
Iteration:8900	Loss_mean:0.00782112563145347	Loss_std:0.00455709768421529
Iteration:9000	Loss_mean:0.008898687653709204	Loss_std:0.0059854773088965215
Iteration:9100	Loss_mean:0.007994941424112768	Loss_std:0.006213959150687307
Iteration:9200	Loss_mean:0.008717956678010523	Loss_std:0.00760943788200306
Iteration:9300	Loss_mean:0.008683846512576565	Loss_std:0.007235999488286254
Iteration:9400	Loss_mean:0.007495275196852162	Loss_std:0.004809667774220805
Iteration:9500	Loss_mean:0.007466180691262707	Loss_std:0.005126329847641168
Iteration:9600	Loss_mean:0.00769677490927279	Loss_std:0.005856998860083849
Iteration:9700	Loss_mean:0.008769369670189917	Loss_std:0.006224281454472485
Iteration:9800	Loss_mean:0.007457934643607587	Loss_std:0.005247247183795486
Iteration:9900	Loss_mean:0.008366762133082375	Loss_std:0.0065386128590760985
Iteration:10000	Loss_mean:0.007502724839141593	Loss_std:0.004171205616205436
Iteration:10100	Loss_mean:0.007141502775484696	Loss_std:0.004779881961329556
Iteration:10200	Loss_mean:0.007991774892434477	Loss_std:0.004861198207123815
Iteration:10300	Loss_mean:0.00776639495161362	Loss_std:0.0064041727054644825
Iteration:10400	Loss_mean:0.008146340977400541	Loss_std:0.005605769642351628
Iteration:10500	Loss_mean:0.008750356236705557	Loss_std:0.0067175649013848145
Iteration:10600	Loss_mean:0.008308533722884022	Loss_std:0.0057104685671238555
Iteration:10700	Loss_mean:0.006885463404469192	Loss_std:0.004443326453085886
Iteration:10800	Loss_mean:0.006966270494740456	Loss_std:0.004590752300593823
Iteration:10900	Loss_mean:0.007362164556980133	Loss_std:0.004749401481346596
Iteration:11000	Loss_mean:0.009106553884921596	Loss_std:0.005664507019603499
Iteration:11100	Loss_mean:0.007769336611963809	Loss_std:0.006006926277294758
Iteration:11200	Loss_mean:0.008070365057792515	Loss_std:0.006371115126898538
Iteration:11300	Loss_mean:0.007768876731861382	Loss_std:0.004570169378056778
Iteration:11400	Loss_mean:0.0075707394140772525	Loss_std:0.0047651807644413565
Iteration:11500	Loss_mean:0.007168570096837357	Loss_std:0.003874749006049371
Iteration:11600	Loss_mean:0.0072721326455939565	Loss_std:0.004727276282998337
Iteration:11700	Loss_mean:0.006963203743798658	Loss_std:0.004239940327492408
Iteration:11800	Loss_mean:0.007323223709827289	Loss_std:0.0050998937674173435
Iteration:11900	Loss_mean:0.007597948542097583	Loss_std:0.007126825447086301
Iteration:12000	Loss_mean:0.007470568513963371	Loss_std:0.004375669046430664
Iteration:12100	Loss_mean:0.007622285997495055	Loss_std:0.005106494023187754
Iteration:12200	Loss_mean:0.007218186430400238	Loss_std:0.005007388408161899
Iteration:12300	Loss_mean:0.0072365693200845274	Loss_std:0.00513117161038228
Iteration:12400	Loss_mean:0.007508061574772001	Loss_std:0.004661793703502307
Iteration:12500	Loss_mean:0.007831855874974281	Loss_std:0.0054825716772563746
Iteration:12600	Loss_mean:0.006770225585205481	Loss_std:0.003662340671056091
Iteration:12700	Loss_mean:0.006417494026827626	Loss_std:0.0033949804891139045
Iteration:12800	Loss_mean:0.007377014490775764	Loss_std:0.004273634504456689
Iteration:12900	Loss_mean:0.007514672396937385	Loss_std:0.00597188657796805
Iteration:13000	Loss_mean:0.006904185067396611	Loss_std:0.003995834437337254
Iteration:13100	Loss_mean:0.007720249824924395	Loss_std:0.005866918974053018
Iteration:13200	Loss_mean:0.006698124011745676	Loss_std:0.0038313956001557866
Iteration:13300	Loss_mean:0.0071865287417313085	Loss_std:0.004320582414720247
Iteration:13400	Loss_mean:0.00696085418574512	Loss_std:0.0043263255715999625
Iteration:13500	Loss_mean:0.006411364779341966	Loss_std:0.0036070706016901283
Iteration:13600	Loss_mean:0.007887200620025396	Loss_std:0.004462936426124811
Iteration:13700	Loss_mean:0.0071688166190870106	Loss_std:0.00407319060496773
Iteration:13800	Loss_mean:0.006941462946124375	Loss_std:0.004896026807865103
Iteration:13900	Loss_mean:0.0064597600884735585	Loss_std:0.0031584152379812475
Iteration:14000	Loss_mean:0.00663189930957742	Loss_std:0.0038845055347864676
Iteration:14100	Loss_mean:0.006956033597234636	Loss_std:0.004175584976413047
Iteration:14200	Loss_mean:0.007369924517115578	Loss_std:0.004656688324035517
Iteration:14300	Loss_mean:0.0069122613966465	Loss_std:0.004324076051500317
Iteration:14400	Loss_mean:0.006089211518410593	Loss_std:0.0032094382409181494
Iteration:14500	Loss_mean:0.006520674222847447	Loss_std:0.003387830824199016
Iteration:14600	Loss_mean:0.006767168743535877	Loss_std:0.003367630031231499
Iteration:14700	Loss_mean:0.007156915246741846	Loss_std:0.00525659442471832
Iteration:14800	Loss_mean:0.007003765439731069	Loss_std:0.003957472951681075
Iteration:14900	Loss_mean:0.00638710519997403	Loss_std:0.0035203093510563855
Iteration:15000	Loss_mean:0.0063195715507026766	Loss_std:0.0038446675053535775
Iteration:15100	Loss_mean:0.007273816949455067	Loss_std:0.004119882697713852
Iteration:15200	Loss_mean:0.006589132501976565	Loss_std:0.00407248655786876
Iteration:15300	Loss_mean:0.005944548022234812	Loss_std:0.003375940524121829
Iteration:15400	Loss_mean:0.006306991219753399	Loss_std:0.0036956931675689838
Iteration:15500	Loss_mean:0.00647091515827924	Loss_std:0.003032150299077705
Iteration:15600	Loss_mean:0.006402096876408905	Loss_std:0.0030983934553272608
Iteration:15700	Loss_mean:0.006523089349502698	Loss_std:0.003680172314876379
Iteration:15800	Loss_mean:0.006924510912504047	Loss_std:0.003918233701092654
Iteration:15900	Loss_mean:0.00627937710378319	Loss_std:0.0028395995078078465
Iteration:16000	Loss_mean:0.007029212548513897	Loss_std:0.004609240180737634
Iteration:16100	Loss_mean:0.006433160414453596	Loss_std:0.0036660175062401996
Iteration:16200	Loss_mean:0.006773610471282154	Loss_std:0.004406390951251899
Iteration:16300	Loss_mean:0.0058850340684875845	Loss_std:0.003082041040127713
Iteration:16400	Loss_mean:0.006441378384479322	Loss_std:0.0035405054362035505
Iteration:16500	Loss_mean:0.006474143728846684	Loss_std:0.004378407295094039
Iteration:16600	Loss_mean:0.006707640141248703	Loss_std:0.003959531030852397
Iteration:16700	Loss_mean:0.005621377175557427	Loss_std:0.0030852543762367175
Iteration:16800	Loss_mean:0.006294291045051068	Loss_std:0.00297310771623035
Iteration:16900	Loss_mean:0.005864171604625881	Loss_std:0.002934875070218095
Iteration:17000	Loss_mean:0.006487281657755375	Loss_std:0.003745323098388611
Iteration:17100	Loss_mean:0.0067280324519379065	Loss_std:0.0039319017459485016
Iteration:17200	Loss_mean:0.00642465595738031	Loss_std:0.003598837887439124
Iteration:17300	Loss_mean:0.006412775061326101	Loss_std:0.003305109870852171
Iteration:17400	Loss_mean:0.006212333289440721	Loss_std:0.002907836800259264
Iteration:17500	Loss_mean:0.005766874811379239	Loss_std:0.0026871247477531597
Iteration:17600	Loss_mean:0.005992990440572612	Loss_std:0.0033125201066666753
Iteration:17700	Loss_mean:0.006444713670061901	Loss_std:0.0030650457757818075
Iteration:17800	Loss_mean:0.005812170278513804	Loss_std:0.002910696999306566
Iteration:17900	Loss_mean:0.0062722971546463665	Loss_std:0.0031719785957590027
Iteration:18000	Loss_mean:0.005332488728454337	Loss_std:0.0028686509733600635
Iteration:18100	Loss_mean:0.005623909595888108	Loss_std:0.0028705563489757036
Iteration:18200	Loss_mean:0.006083517833612859	Loss_std:0.003019812930212998
Iteration:18300	Loss_mean:0.005809905437054112	Loss_std:0.0035252901760911524
Iteration:18400	Loss_mean:0.006389160361140967	Loss_std:0.003956346663775246
Iteration:18500	Loss_mean:0.006569967770483345	Loss_std:0.003723211652648825
Iteration:18600	Loss_mean:0.006145810446469113	Loss_std:0.0028019139108320964
Iteration:18700	Loss_mean:0.006529511283151806	Loss_std:0.0034097575049318153
Iteration:18800	Loss_mean:0.006382048540981487	Loss_std:0.003367853586715386
Iteration:18900	Loss_mean:0.006048967444803566	Loss_std:0.0028612514399397933
Iteration:19000	Loss_mean:0.00594628258375451	Loss_std:0.003424765281806092
Iteration:19100	Loss_mean:0.005753911022329703	Loss_std:0.002829465940201583
Iteration:19200	Loss_mean:0.006120788818225265	Loss_std:0.0030370725867616064
Iteration:19300	Loss_mean:0.006511920563643798	Loss_std:0.0033158036605900757
Iteration:19400	Loss_mean:0.006772092074388638	Loss_std:0.0035467842469820705
Iteration:19500	Loss_mean:0.005782798256259412	Loss_std:0.003147338880040227
Iteration:19600	Loss_mean:0.005545481516746804	Loss_std:0.0031648471766535487
Iteration:19700	Loss_mean:0.006554075067397207	Loss_std:0.004045540883164343
Iteration:19800	Loss_mean:0.006280188291566446	Loss_std:0.0029246118418774472
Iteration:19900	Loss_mean:0.006123412869637832	Loss_std:0.0027337007755313266
Iteration:20000	Loss_mean:0.005468482188880444	Loss_std:0.0029411759531782766
Iteration:20100	Loss_mean:0.005782230875920505	Loss_std:0.0026168363764690616
Iteration:20200	Loss_mean:0.005608094166964292	Loss_std:0.00283967079583416
Iteration:20300	Loss_mean:0.00609218277153559	Loss_std:0.003405311178701536
Iteration:20400	Loss_mean:0.006057140646735206	Loss_std:0.003288878311535241
Iteration:20500	Loss_mean:0.005899731939425692	Loss_std:0.0023120911175319413
Iteration:20600	Loss_mean:0.005885026631876827	Loss_std:0.0028364548022500853
Iteration:20700	Loss_mean:0.005840177685022354	Loss_std:0.003681452550754911
Iteration:20800	Loss_mean:0.005993881842587143	Loss_std:0.002937959307577447
Iteration:20900	Loss_mean:0.0060821942030452195	Loss_std:0.0027594561303119157
Iteration:21000	Loss_mean:0.005617701611481607	Loss_std:0.0025890571395424714
Iteration:21100	Loss_mean:0.0060430262645240875	Loss_std:0.0027851056644530984
Iteration:21200	Loss_mean:0.005890552611090243	Loss_std:0.002575471135710311
Iteration:21300	Loss_mean:0.00585123264521826	Loss_std:0.002916281967974273
Iteration:21400	Loss_mean:0.00665308267227374	Loss_std:0.003283839435750976
Iteration:21500	Loss_mean:0.005583565653068945	Loss_std:0.0026772425204439508
Iteration:21600	Loss_mean:0.006101787174120545	Loss_std:0.002943904551071319
Iteration:21700	Loss_mean:0.005809379289858043	Loss_std:0.003085742147187418
Iteration:21800	Loss_mean:0.006033440555911511	Loss_std:0.003313374436869998
Iteration:21900	Loss_mean:0.005590289139072411	Loss_std:0.003186708302006308
Iteration:22000	Loss_mean:0.006097872318932786	Loss_std:0.0036385602276255255
Iteration:22100	Loss_mean:0.005676172930980101	Loss_std:0.003231022179574646
Iteration:22200	Loss_mean:0.005540347998030484	Loss_std:0.0027292881697421043
Iteration:22300	Loss_mean:0.006290614022873342	Loss_std:0.003395736032036024
Iteration:22400	Loss_mean:0.005699917732272297	Loss_std:0.002988792335683431
Iteration:22500	Loss_mean:0.005921302542556077	Loss_std:0.0028702113325880167
Iteration:22600	Loss_mean:0.006360377927776426	Loss_std:0.0037170471555767475
Iteration:22700	Loss_mean:0.005366695611737669	Loss_std:0.002254241313128804
Iteration:22800	Loss_mean:0.00597917013859842	Loss_std:0.0025631673893976243
Iteration:22900	Loss_mean:0.005839874803787098	Loss_std:0.00252945806934809
Iteration:23000	Loss_mean:0.006277828563470394	Loss_std:0.0028146947031037397
Iteration:23100	Loss_mean:0.005776744523318484	Loss_std:0.002457785820708472
Iteration:23200	Loss_mean:0.005930435424670577	Loss_std:0.0029675620107089975
Iteration:23300	Loss_mean:0.005929945115931332	Loss_std:0.0025801308225432903
Iteration:23400	Loss_mean:0.005221851074602455	Loss_std:0.002270939130328028
Iteration:23500	Loss_mean:0.005936074819182977	Loss_std:0.0031844727729183325
Iteration:23600	Loss_mean:0.005614464965183288	Loss_std:0.0028744977220927378
Iteration:23700	Loss_mean:0.005485470312414691	Loss_std:0.002478733460505867
Iteration:23800	Loss_mean:0.005991614512167871	Loss_std:0.0025922065848007292
Iteration:23900	Loss_mean:0.00571473847492598	Loss_std:0.0025649546534460125
Iteration:24000	Loss_mean:0.005564167035045102	Loss_std:0.0025223121814640917
Iteration:24100	Loss_mean:0.005930014416808262	Loss_std:0.003091653084335093
Iteration:24200	Loss_mean:0.005465626544319094	Loss_std:0.0024839355714958724
Iteration:24300	Loss_mean:0.006129006016417407	Loss_std:0.002794380810674211
Iteration:24400	Loss_mean:0.005893965397262946	Loss_std:0.0027135202471404614
Iteration:24500	Loss_mean:0.005159857977414504	Loss_std:0.002285971561623949
Iteration:24600	Loss_mean:0.005273133697337471	Loss_std:0.0023349045041743434
Iteration:24700	Loss_mean:0.005793345397105441	Loss_std:0.0028198538605643136
Iteration:24800	Loss_mean:0.005643448256887495	Loss_std:0.003322965253340907
Iteration:24900	Loss_mean:0.005688997217221186	Loss_std:0.00258261688609504
Iteration:25000	Loss_mean:0.005607572221197188	Loss_std:0.0029978563414687744
Iteration:25100	Loss_mean:0.005682396002230234	Loss_std:0.00277248730314626
Iteration:25200	Loss_mean:0.005351823893142864	Loss_std:0.002465053042391857
Iteration:25300	Loss_mean:0.005813103922409937	Loss_std:0.0026120993659063873
Iteration:25400	Loss_mean:0.00543888678541407	Loss_std:0.00272871903225644
Iteration:25500	Loss_mean:0.005931247144471854	Loss_std:0.002420523878859666
Iteration:25600	Loss_mean:0.005246858281316236	Loss_std:0.002866132023245519
Iteration:25700	Loss_mean:0.006078092416282743	Loss_std:0.0030191155612891156
Iteration:25800	Loss_mean:0.00595994807430543	Loss_std:0.002928371074048563
Iteration:25900	Loss_mean:0.0059304340928792955	Loss_std:0.002814070213489311
Iteration:26000	Loss_mean:0.005609779172809795	Loss_std:0.002337635752667662
Iteration:26100	Loss_mean:0.005648313341662287	Loss_std:0.0024916189177158544
Iteration:26200	Loss_mean:0.005552676140796393	Loss_std:0.0029760569826789754
Iteration:26300	Loss_mean:0.005771741075441241	Loss_std:0.002612324650981274
Iteration:26400	Loss_mean:0.00576161146746017	Loss_std:0.0026821725158206284
Iteration:26500	Loss_mean:0.005819905234966427	Loss_std:0.003030372368123385
Iteration:26600	Loss_mean:0.00516385446768254	Loss_std:0.0023266330180923183
Iteration:26700	Loss_mean:0.005285318570677191	Loss_std:0.002421062291419537
Iteration:26800	Loss_mean:0.00588027790770866	Loss_std:0.0030526599423293223
Iteration:26900	Loss_mean:0.005386555443983525	Loss_std:0.0025058828026916628
Iteration:27000	Loss_mean:0.005358628187095747	Loss_std:0.002389935315779505
Iteration:27100	Loss_mean:0.005783494017669	Loss_std:0.002363342027449414
Iteration:27200	Loss_mean:0.005537691110512242	Loss_std:0.0030233216380388243
Iteration:27300	Loss_mean:0.005317392761353404	Loss_std:0.003070604030429977
Iteration:27400	Loss_mean:0.00560101325972937	Loss_std:0.0032215140943839065
Iteration:27500	Loss_mean:0.005585045440820977	Loss_std:0.0026395816333692514
Iteration:27600	Loss_mean:0.00582583659212105	Loss_std:0.0027067191372024766
Iteration:27700	Loss_mean:0.005530276957433671	Loss_std:0.0024605445185031114
Iteration:27800	Loss_mean:0.005771483638091013	Loss_std:0.003541148984255888
Iteration:27900	Loss_mean:0.005801954895723611	Loss_std:0.0030797114169081588
Iteration:28000	Loss_mean:0.005614764378406107	Loss_std:0.0025696143483297127
Iteration:28100	Loss_mean:0.005475078935851343	Loss_std:0.0023839762583603547
Iteration:28200	Loss_mean:0.005663063664687797	Loss_std:0.0021915720118488367
Iteration:28300	Loss_mean:0.004917635893216357	Loss_std:0.0024114555582460152
Iteration:28400	Loss_mean:0.00540759666939266	Loss_std:0.0025990571739347894
Iteration:28500	Loss_mean:0.005676767725963146	Loss_std:0.0030289821841562397
Iteration:28600	Loss_mean:0.005681563414400443	Loss_std:0.002782026191624328
Iteration:28700	Loss_mean:0.005614015085157007	Loss_std:0.002504996797702263
Iteration:28800	Loss_mean:0.005329502064269036	Loss_std:0.002294036965148776
Iteration:28900	Loss_mean:0.005427301684394478	Loss_std:0.0024751976058185574
Iteration:29000	Loss_mean:0.005565655846148729	Loss_std:0.0031247646289592167
Iteration:29100	Loss_mean:0.005726818041875958	Loss_std:0.0030321610713935623
Iteration:29200	Loss_mean:0.005468999498989433	Loss_std:0.0026104035483100244
Iteration:29300	Loss_mean:0.0054960819659754636	Loss_std:0.002403120351474677
Iteration:29400	Loss_mean:0.005708875615382567	Loss_std:0.002477321500484887
Iteration:29500	Loss_mean:0.005883240819675848	Loss_std:0.002885863316704734
Iteration:29600	Loss_mean:0.005266101746819914	Loss_std:0.0026841670506643415
Iteration:29700	Loss_mean:0.0057375989085994665	Loss_std:0.002517976561556641
Iteration:29800	Loss_mean:0.005298942328663543	Loss_std:0.002533043590200302
Iteration:29900	Loss_mean:0.005480431868927553	Loss_std:0.0025634260755036
Iteration:30000	Loss_mean:0.00569658626744058	Loss_std:0.0028498681557679205
Iteration:30100	Loss_mean:0.00525167188839987	Loss_std:0.002619261231909837
Iteration:30200	Loss_mean:0.005842520009027794	Loss_std:0.0027218372437599046
Iteration:30300	Loss_mean:0.005245390766067431	Loss_std:0.0026208994730315942
Iteration:30400	Loss_mean:0.005900796878850087	Loss_std:0.0026641173759581866
Iteration:30500	Loss_mean:0.005735261408844962	Loss_std:0.0027110636370761155
Iteration:30600	Loss_mean:0.005546965118264779	Loss_std:0.0028829461921780677
Iteration:30700	Loss_mean:0.005376210559625179	Loss_std:0.002510356303116266
Iteration:30800	Loss_mean:0.006330564479576424	Loss_std:0.003554737622074543
Iteration:30900	Loss_mean:0.00589166309684515	Loss_std:0.0026379591030905444
Iteration:31000	Loss_mean:0.005355884431628511	Loss_std:0.002880507347120234
Iteration:31100	Loss_mean:0.005703985312720761	Loss_std:0.003287189325888244
Iteration:31200	Loss_mean:0.00590833286405541	Loss_std:0.002561772764042648
Iteration:31300	Loss_mean:0.005403937195660546	Loss_std:0.0023539657162679173
Iteration:31400	Loss_mean:0.005599400789942592	Loss_std:0.0026836457164805833
Iteration:31500	Loss_mean:0.005564745014999062	Loss_std:0.00247569139505928
Iteration:31600	Loss_mean:0.00524301937315613	Loss_std:0.0023113647639611727
Iteration:31700	Loss_mean:0.005038572764606215	Loss_std:0.0024389844850785697
Iteration:31800	Loss_mean:0.005148140811943449	Loss_std:0.0025317959630647476
Iteration:31900	Loss_mean:0.00561995227530133	Loss_std:0.0028093874170255274
Iteration:32000	Loss_mean:0.005285348233301192	Loss_std:0.0023300599110714333
Iteration:32100	Loss_mean:0.00541440632136073	Loss_std:0.00268300849417086
Iteration:32200	Loss_mean:0.005369628494372591	Loss_std:0.002403212021381953
Iteration:32300	Loss_mean:0.005132819418795407	Loss_std:0.0019166056103138017
Iteration:32400	Loss_mean:0.005988586004823446	Loss_std:0.00288159627849876
Iteration:32500	Loss_mean:0.005646617626189255	Loss_std:0.0026400079454038145
Iteration:32600	Loss_mean:0.0046933005517348645	Loss_std:0.0018141648869646294
Iteration:32700	Loss_mean:0.005232838349184021	Loss_std:0.0022495958796739015
Iteration:32800	Loss_mean:0.005051636539283208	Loss_std:0.0025265606601684275
Iteration:32900	Loss_mean:0.004854218612890691	Loss_std:0.0023028940486189437
Iteration:33000	Loss_mean:0.005794495036825538	Loss_std:0.0027485274869439628
Iteration:33100	Loss_mean:0.00541588305379264	Loss_std:0.00255141899925353
Iteration:33200	Loss_mean:0.005448734456440434	Loss_std:0.002822292755911909
Iteration:33300	Loss_mean:0.00525339245214127	Loss_std:0.00246109389464069
Iteration:33400	Loss_mean:0.005644724854500964	Loss_std:0.0027900139124716924
Iteration:33500	Loss_mean:0.005364971843082458	Loss_std:0.002269061555429567
Iteration:33600	Loss_mean:0.005397003669058904	Loss_std:0.0024622168362673745
Iteration:33700	Loss_mean:0.0057419246179051696	Loss_std:0.002660727281360611
Iteration:33800	Loss_mean:0.005337937760632485	Loss_std:0.00255712197306164
Iteration:33900	Loss_mean:0.004986611225176602	Loss_std:0.002245307496914699
Iteration:34000	Loss_mean:0.005172527817776427	Loss_std:0.002988198795385376
Iteration:34100	Loss_mean:0.005224004759220406	Loss_std:0.0023914871833324905
Iteration:34200	Loss_mean:0.005491436508018524	Loss_std:0.0023506252017728886
Iteration:34300	Loss_mean:0.00529549096012488	Loss_std:0.0023333128676349926
Iteration:34400	Loss_mean:0.0056137187761487435	Loss_std:0.0023945580530389645
Iteration:34500	Loss_mean:0.005537918861955404	Loss_std:0.002389783856652328
Iteration:34600	Loss_mean:0.005334050999372266	Loss_std:0.002547345656138352
Iteration:34700	Loss_mean:0.005162572951521724	Loss_std:0.002199034144151834
Iteration:34800	Loss_mean:0.005054171663941815	Loss_std:0.0022203844341221438
Iteration:34900	Loss_mean:0.00481681025819853	Loss_std:0.002428759495925344
Iteration:35000	Loss_mean:0.005763082618359477	Loss_std:0.0026281736377306237
Iteration:35100	Loss_mean:0.005168421699199826	Loss_std:0.0024701520005253677
Iteration:35200	Loss_mean:0.005084319266024977	Loss_std:0.0026599295192792443
Iteration:35300	Loss_mean:0.005333048450411298	Loss_std:0.002376416886281975
Iteration:35400	Loss_mean:0.005282357247197069	Loss_std:0.002397515632197518
Iteration:35500	Loss_mean:0.005118016251362861	Loss_std:0.002135725598438108
Iteration:35600	Loss_mean:0.005400184657191858	Loss_std:0.0025145837411369256
Iteration:35700	Loss_mean:0.004993039796827361	Loss_std:0.002254025559916515
Iteration:35800	Loss_mean:0.005288366772001609	Loss_std:0.00246980827213525
Iteration:35900	Loss_mean:0.005313406911445781	Loss_std:0.0022500178692845853
Iteration:36000	Loss_mean:0.00527452586684376	Loss_std:0.002640651288519285
Iteration:36100	Loss_mean:0.0060670135274995115	Loss_std:0.003024612100373243
Iteration:36200	Loss_mean:0.0052978577732574195	Loss_std:0.002219709588058985
Iteration:36300	Loss_mean:0.005388202383182943	Loss_std:0.002568748157458358
Iteration:36400	Loss_mean:0.0050604333332739775	Loss_std:0.0024387994738611493
Iteration:36500	Loss_mean:0.0050971018488053235	Loss_std:0.0022752863129849405
Iteration:36600	Loss_mean:0.0055068112059962005	Loss_std:0.00320661410615759
Iteration:36700	Loss_mean:0.005828798967413605	Loss_std:0.002287728418411899
Iteration:36800	Loss_mean:0.00527692190837115	Loss_std:0.002257397720728852
Iteration:36900	Loss_mean:0.0052456934144720435	Loss_std:0.0026808415629728482
Iteration:37000	Loss_mean:0.00549177490756847	Loss_std:0.003062095717121822
Iteration:37100	Loss_mean:0.005133731653913855	Loss_std:0.002494080973762984
Iteration:37200	Loss_mean:0.005207491326145828	Loss_std:0.0028406123048323405
Iteration:37300	Loss_mean:0.005498850903240964	Loss_std:0.0033003919144996285
Iteration:37400	Loss_mean:0.005286579785170034	Loss_std:0.0025601892611426666
Iteration:37500	Loss_mean:0.005540445495862514	Loss_std:0.0027055219430053763
Iteration:37600	Loss_mean:0.005156660760985687	Loss_std:0.002228048830484985
Iteration:37700	Loss_mean:0.005221125425305217	Loss_std:0.0024400332593746557
Iteration:37800	Loss_mean:0.005852290152106434	Loss_std:0.002566446184812431
Iteration:37900	Loss_mean:0.005045426746364683	Loss_std:0.0023010676727375115
Iteration:38000	Loss_mean:0.005502656060270965	Loss_std:0.002734836113593556
Iteration:38100	Loss_mean:0.00518340844893828	Loss_std:0.0023385532581919896
Iteration:38200	Loss_mean:0.005804768641246483	Loss_std:0.003036198983594743
Iteration:38300	Loss_mean:0.005045690392144024	Loss_std:0.0020833671198405702
Iteration:38400	Loss_mean:0.00512156814802438	Loss_std:0.0025939142312801033
Iteration:38500	Loss_mean:0.005226320174988359	Loss_std:0.0023712981305007586
Iteration:38600	Loss_mean:0.0059357739414554085	Loss_std:0.0025753339191950707
Iteration:38700	Loss_mean:0.004899673050967977	Loss_std:0.0020899702111960945
Iteration:38800	Loss_mean:0.0050423834717366845	Loss_std:0.002298833597157088
Iteration:38900	Loss_mean:0.005507041208911687	Loss_std:0.002390131372475916
Iteration:39000	Loss_mean:0.0055627940129488705	Loss_std:0.0026118970981963605
Iteration:39100	Loss_mean:0.0054526059702038766	Loss_std:0.0023320330727373407
Iteration:39200	Loss_mean:0.005042485995218158	Loss_std:0.0025745076032939206
Iteration:39300	Loss_mean:0.00504209533915855	Loss_std:0.0020688085792477905
Iteration:39400	Loss_mean:0.00522277133888565	Loss_std:0.002278501062181837
Iteration:39500	Loss_mean:0.005317113597411663	Loss_std:0.0020936046363187093
Iteration:39600	Loss_mean:0.004983292451361194	Loss_std:0.002526964581677677
Iteration:39700	Loss_mean:0.005435468454379588	Loss_std:0.0020338951389095856
Iteration:39800	Loss_mean:0.0054167297470849	Loss_std:0.0025493267284963745
Iteration:39900	Loss_mean:0.005683296301285736	Loss_std:0.0028779082357651324
Iteration:40000	Loss_mean:0.004992864150553941	Loss_std:0.002266073545464376
Iteration:40100	Loss_mean:0.005236960593611002	Loss_std:0.00240575950529878
Iteration:40200	Loss_mean:0.005454691800405271	Loss_std:0.0027710256589215695
Iteration:40300	Loss_mean:0.005679182786261663	Loss_std:0.0027125604317528597
Iteration:40400	Loss_mean:0.005214482772862539	Loss_std:0.002347504992288146
Iteration:40500	Loss_mean:0.005383072410477325	Loss_std:0.0025812900531028975
Iteration:40600	Loss_mean:0.005083229002775624	Loss_std:0.0023167839337562444
Iteration:40700	Loss_mean:0.005364168888190761	Loss_std:0.002684143481797855
Iteration:40800	Loss_mean:0.0049088477017357945	Loss_std:0.002413148660350388
Iteration:40900	Loss_mean:0.005485257088439539	Loss_std:0.002567992971695582
Iteration:41000	Loss_mean:0.005611963900737465	Loss_std:0.0030734386617062696
Iteration:41100	Loss_mean:0.005305947028100491	Loss_std:0.0022293106632109857
Iteration:41200	Loss_mean:0.005231350309913978	Loss_std:0.002447693222406815
Iteration:41300	Loss_mean:0.0049365978006972	Loss_std:0.0024716504147928283
Iteration:41400	Loss_mean:0.005616601320216432	Loss_std:0.002394134100284874
Iteration:41500	Loss_mean:0.0057832582585979255	Loss_std:0.0027832987756094686
Iteration:41600	Loss_mean:0.005218868695665151	Loss_std:0.0025527764986208123
Iteration:41700	Loss_mean:0.004932941013248637	Loss_std:0.00220398494728166
Iteration:41800	Loss_mean:0.005287721994100139	Loss_std:0.002408980199949407
Iteration:41900	Loss_mean:0.005192124476889148	Loss_std:0.0024723775871401277
Iteration:42000	Loss_mean:0.005130253888783045	Loss_std:0.002524405095642034
Iteration:42100	Loss_mean:0.0049472585273906584	Loss_std:0.0025124751258112322
Iteration:42200	Loss_mean:0.005043656124034897	Loss_std:0.0024693098069138277
Iteration:42300	Loss_mean:0.004678151938132941	Loss_std:0.001907020605408115
Iteration:42400	Loss_mean:0.005253077581292018	Loss_std:0.002348706139032694
Iteration:42500	Loss_mean:0.005149759916821495	Loss_std:0.002464343124785025
Iteration:42600	Loss_mean:0.005105259866686538	Loss_std:0.0021174935282375507
Iteration:42700	Loss_mean:0.005781356708612293	Loss_std:0.002595655416582799
Iteration:42800	Loss_mean:0.005570855742553249	Loss_std:0.0022337302564177956
Iteration:42900	Loss_mean:0.0053979660267941655	Loss_std:0.0025132394264471246
Iteration:43000	Loss_mean:0.004889365370618179	Loss_std:0.00232380529133933
Iteration:43100	Loss_mean:0.005430787525838241	Loss_std:0.002558514417647527
Iteration:43200	Loss_mean:0.005225104849669151	Loss_std:0.002296360648230399
Iteration:43300	Loss_mean:0.00510419845348224	Loss_std:0.0024709491569628273
Iteration:43400	Loss_mean:0.0054652982210973275	Loss_std:0.002714639550187554
Iteration:43500	Loss_mean:0.004639921915368177	Loss_std:0.0021192103117761924
Iteration:43600	Loss_mean:0.005249996112543159	Loss_std:0.0025393789661643826
Iteration:43700	Loss_mean:0.005385047870222479	Loss_std:0.002541377241423802
Iteration:43800	Loss_mean:0.005185385930817574	Loss_std:0.0022328731192549655
Iteration:43900	Loss_mean:0.0054185902007156984	Loss_std:0.002214152107802544
Iteration:44000	Loss_mean:0.0049928645696491	Loss_std:0.0022492561461866295
Iteration:44100	Loss_mean:0.005250114770024084	Loss_std:0.0026646222560323743
Iteration:44200	Loss_mean:0.0051001749897841364	Loss_std:0.00234484603953569
Iteration:44300	Loss_mean:0.005301426041405648	Loss_std:0.0020983526825885494
Iteration:44400	Loss_mean:0.005132442057365552	Loss_std:0.0021814981988573677
Iteration:44500	Loss_mean:0.0048976498283445835	Loss_std:0.002785730370760823
Iteration:44600	Loss_mean:0.005171530016232282	Loss_std:0.0019468653299463306
Iteration:44700	Loss_mean:0.005221994309686125	Loss_std:0.0023914296422464713
Iteration:44800	Loss_mean:0.005138288863236085	Loss_std:0.0024091823749929223
Iteration:44900	Loss_mean:0.005005376166081987	Loss_std:0.0021935587801535676
Iteration:45000	Loss_mean:0.005469355469103903	Loss_std:0.002543550356865007
Iteration:45100	Loss_mean:0.005467321440810338	Loss_std:0.0021666669935221984
Iteration:45200	Loss_mean:0.005087294087279588	Loss_std:0.0025691710781679585
Iteration:45300	Loss_mean:0.0052077661966905	Loss_std:0.0020706516277199175
Iteration:45400	Loss_mean:0.00524480776512064	Loss_std:0.0024034896430225245
Iteration:45500	Loss_mean:0.005321237869793549	Loss_std:0.0024570824586945933
Iteration:45600	Loss_mean:0.005377983418293297	Loss_std:0.0026200515024208384
Iteration:45700	Loss_mean:0.0049084293807391075	Loss_std:0.0019322710896493877
Iteration:45800	Loss_mean:0.005384858368197456	Loss_std:0.002337651936695366
Iteration:45900	Loss_mean:0.005672213044017553	Loss_std:0.002633104341574854
Iteration:46000	Loss_mean:0.005174705015379004	Loss_std:0.0022304528923823173
Iteration:46100	Loss_mean:0.005542239327915013	Loss_std:0.00266328452316683
Iteration:46200	Loss_mean:0.00501335728331469	Loss_std:0.002396438190064473
Iteration:46300	Loss_mean:0.005078932812903076	Loss_std:0.0022809498590354205
Iteration:46400	Loss_mean:0.004883498725248501	Loss_std:0.002449993570560625
Iteration:46500	Loss_mean:0.005140957533149049	Loss_std:0.0024732151178432876
Iteration:46600	Loss_mean:0.005361039877752774	Loss_std:0.0024177059767781337
Iteration:46700	Loss_mean:0.005173722165636718	Loss_std:0.002187464277844978
Iteration:46800	Loss_mean:0.005002333448501304	Loss_std:0.002268505279331885
Iteration:46900	Loss_mean:0.005102768042124808	Loss_std:0.0021871490594788973
Iteration:47000	Loss_mean:0.005136810952099041	Loss_std:0.0023480256719875517
Iteration:47100	Loss_mean:0.005456571922986768	Loss_std:0.0026121036428730098
Iteration:47200	Loss_mean:0.005093836496816948	Loss_std:0.00246240397825975
Iteration:47300	Loss_mean:0.005642846077680588	Loss_std:0.002559589123143313
Iteration:47400	Loss_mean:0.005051797603955493	Loss_std:0.00236108552638409
Iteration:47500	Loss_mean:0.005155501487315632	Loss_std:0.0025088250980366306
Iteration:47600	Loss_mean:0.005371822365559637	Loss_std:0.002497533719860465
Iteration:47700	Loss_mean:0.005193456683773547	Loss_std:0.002124050613864194
Iteration:47800	Loss_mean:0.005530954913701862	Loss_std:0.0024219829266244304
Iteration:47900	Loss_mean:0.005016998153878376	Loss_std:0.0027738327613727304
Iteration:48000	Loss_mean:0.004642455824650824	Loss_std:0.0019067364894601317
Iteration:48100	Loss_mean:0.005172977563925088	Loss_std:0.00215019075369622
Iteration:48200	Loss_mean:0.005478828818304464	Loss_std:0.0023962057570877148
Iteration:48300	Loss_mean:0.005147290251625236	Loss_std:0.002432875882063514
Iteration:48400	Loss_mean:0.004815283835632726	Loss_std:0.002145054201599006
Iteration:48500	Loss_mean:0.005254622353240848	Loss_std:0.002382919591029719
Iteration:48600	Loss_mean:0.0051806301961187275	Loss_std:0.0023489991251449084
Iteration:48700	Loss_mean:0.0051310307771200315	Loss_std:0.0022997064637511307
Iteration:48800	Loss_mean:0.00510993710369803	Loss_std:0.0021570684599029307
Iteration:48900	Loss_mean:0.004975309120491147	Loss_std:0.0021717419400056593
Iteration:49000	Loss_mean:0.0047984603804070505	Loss_std:0.0022396936274733485
Iteration:49100	Loss_mean:0.005376115263206884	Loss_std:0.0023523770393393427
Iteration:49200	Loss_mean:0.005334317360538989	Loss_std:0.002146131662353223
Iteration:49300	Loss_mean:0.005124921316746622	Loss_std:0.0023732105159130798
Iteration:49400	Loss_mean:0.005207797560142353	Loss_std:0.002208806414606213
Iteration:49500	Loss_mean:0.005107766686705872	Loss_std:0.0021793337881097713
Iteration:49600	Loss_mean:0.005190489202504978	Loss_std:0.0025836463306672807
Iteration:49700	Loss_mean:0.004723725781659595	Loss_std:0.0019366524190731881
Iteration:49800	Loss_mean:0.005404345183633268	Loss_std:0.0022567612879847384
Iteration:49900	Loss_mean:0.004774627372389659	Loss_std:0.002004801143613368
Modifying K
Fitting model on target unit
Iteration:0	Loss_mean:0.011054436676204205	Loss_std:0.0
Iteration:100	Loss_mean:0.005145382784539834	Loss_std:0.0021467257818461333
Iteration:200	Loss_mean:0.0054411142424214635	Loss_std:0.0024433855818380644
Iteration:300	Loss_mean:0.004585340524790808	Loss_std:0.0019344632271411782
Iteration:400	Loss_mean:0.005001705947797745	Loss_std:0.002188913851810963
Iteration:500	Loss_mean:0.005115155793027952	Loss_std:0.002461401485732211
Iteration:600	Loss_mean:0.005202500688610599	Loss_std:0.002806567843898677
Iteration:700	Loss_mean:0.004767831303179264	Loss_std:0.0023068471273344046
Iteration:800	Loss_mean:0.004847112875431776	Loss_std:0.002227325783720204
Iteration:900	Loss_mean:0.00463269543950446	Loss_std:0.0020836320538537264
Iteration:1000	Loss_mean:0.0044326306332368405	Loss_std:0.0017789742907233519
Iteration:1100	Loss_mean:0.004917787178419531	Loss_std:0.002104519633410235
Iteration:1200	Loss_mean:0.004230465398868546	Loss_std:0.0019162409736719252
Iteration:1300	Loss_mean:0.00497473277268	Loss_std:0.0024091199842982717
Iteration:1400	Loss_mean:0.004736356794601306	Loss_std:0.0023514251438462204
Iteration:1500	Loss_mean:0.004877010044874623	Loss_std:0.002292472204161214
Iteration:1600	Loss_mean:0.004633348912466318	Loss_std:0.0022052917464636507
Iteration:1700	Loss_mean:0.004528373664943502	Loss_std:0.0017865568445623826
Iteration:1800	Loss_mean:0.004766453348565847	Loss_std:0.002470725896063502
Iteration:1900	Loss_mean:0.004955416989978403	Loss_std:0.002776752128321244
Iteration:2000	Loss_mean:0.004684145548380912	Loss_std:0.002165946341144967
Iteration:2100	Loss_mean:0.004353498473064974	Loss_std:0.0018978375975312572
Iteration:2200	Loss_mean:0.004637676747515798	Loss_std:0.0018162508513298468
Iteration:2300	Loss_mean:0.004821834989124909	Loss_std:0.0023013491559590433
Iteration:2400	Loss_mean:0.004423662662738934	Loss_std:0.0019499899791668837
Iteration:2500	Loss_mean:0.004631351183634252	Loss_std:0.0018868647087341931
Iteration:2600	Loss_mean:0.004461235122289508	Loss_std:0.0020377946085563554
Iteration:2700	Loss_mean:0.004441446087439544	Loss_std:0.0021409800941536157
Iteration:2800	Loss_mean:0.004784110944019631	Loss_std:0.002149103243887926
Iteration:2900	Loss_mean:0.004592654436128214	Loss_std:0.0016495568924098465
Iteration:3000	Loss_mean:0.0047963805799372495	Loss_std:0.0018980357536733054
Iteration:3100	Loss_mean:0.004326270948513411	Loss_std:0.0017899235177785931
Iteration:3200	Loss_mean:0.004728298978880048	Loss_std:0.0023025751122058152
Iteration:3300	Loss_mean:0.004516082309419289	Loss_std:0.001913445677478045
Iteration:3400	Loss_mean:0.004803512095240876	Loss_std:0.0020228733741382305
Iteration:3500	Loss_mean:0.004638955538393929	Loss_std:0.002204619160152218
Iteration:3600	Loss_mean:0.004363338832044974	Loss_std:0.001936806190885376
Iteration:3700	Loss_mean:0.004485151092521847	Loss_std:0.0017619339214895295
Iteration:3800	Loss_mean:0.004881927578244358	Loss_std:0.002387425730515577
Iteration:3900	Loss_mean:0.004617027851054445	Loss_std:0.002225961249567477
Iteration:4000	Loss_mean:0.004785940301371738	Loss_std:0.00208916461586323
Iteration:4100	Loss_mean:0.004245490477187559	Loss_std:0.0019371426010671394
Iteration:4200	Loss_mean:0.004234807400498539	Loss_std:0.002141988560111071
Iteration:4300	Loss_mean:0.0047295386751648036	Loss_std:0.001956076880511072
Iteration:4400	Loss_mean:0.004835605308180675	Loss_std:0.0020304010639368864
Iteration:4500	Loss_mean:0.004157680330099538	Loss_std:0.001641151337495675
Iteration:4600	Loss_mean:0.004350641722558066	Loss_std:0.002102258098367205
Iteration:4700	Loss_mean:0.004684917766135186	Loss_std:0.0020155615485453722
Iteration:4800	Loss_mean:0.004429938848479651	Loss_std:0.002085834920036343
Iteration:4900	Loss_mean:0.0040845272259321065	Loss_std:0.0017451584569563908
Iteration:5000	Loss_mean:0.004424127480015159	Loss_std:0.0022220834606455128
Iteration:5100	Loss_mean:0.0046153096714988354	Loss_std:0.0019297023729793257
Iteration:5200	Loss_mean:0.0044838156050536785	Loss_std:0.0020190424349372997
Iteration:5300	Loss_mean:0.004308253130875528	Loss_std:0.0019613221969177396
Iteration:5400	Loss_mean:0.0042750457429792735	Loss_std:0.0017646848800498493
Iteration:5500	Loss_mean:0.004422164007555693	Loss_std:0.0020136287177303816
Iteration:5600	Loss_mean:0.0045488873892463744	Loss_std:0.002101084034160741
Iteration:5700	Loss_mean:0.004130805103341117	Loss_std:0.0017037726729029956
Iteration:5800	Loss_mean:0.004673277765978128	Loss_std:0.001989801199981116
Iteration:5900	Loss_mean:0.004275370961986482	Loss_std:0.001799566642296821
Iteration:6000	Loss_mean:0.004192933932645246	Loss_std:0.001765911213081419
Iteration:6100	Loss_mean:0.004575857926392928	Loss_std:0.0019833725345111625
Iteration:6200	Loss_mean:0.004767761652474291	Loss_std:0.002107024999790865
Iteration:6300	Loss_mean:0.0043282589584123345	Loss_std:0.0018122650931778033
Iteration:6400	Loss_mean:0.004175803835969418	Loss_std:0.0016784262760512318
Iteration:6500	Loss_mean:0.004326101536862552	Loss_std:0.001776417785916493
Iteration:6600	Loss_mean:0.004286851746728644	Loss_std:0.0018850350543841304
Iteration:6700	Loss_mean:0.004416190643678419	Loss_std:0.0019174039466609025
Iteration:6800	Loss_mean:0.0046825028373859824	Loss_std:0.002357461392695508
Iteration:6900	Loss_mean:0.004081108038080856	Loss_std:0.0015270104801300515
Iteration:7000	Loss_mean:0.00432138261210639	Loss_std:0.0017964902192878036
Iteration:7100	Loss_mean:0.004333348844666034	Loss_std:0.0017624816077122902
Iteration:7200	Loss_mean:0.003770874956389889	Loss_std:0.001657986711622677
Iteration:7300	Loss_mean:0.003953736333642155	Loss_std:0.0017398112152931678
Iteration:7400	Loss_mean:0.004506701073260047	Loss_std:0.001978195825886255
Iteration:7500	Loss_mean:0.004327345479978249	Loss_std:0.001854877264461407
Iteration:7600	Loss_mean:0.0041853071318473664	Loss_std:0.0021025924945552305
Iteration:7700	Loss_mean:0.004328056396916509	Loss_std:0.0019702865505479244
Iteration:7800	Loss_mean:0.004213717360980809	Loss_std:0.0016349441470139643
Iteration:7900	Loss_mean:0.004374841664684936	Loss_std:0.0018211353724363012
Iteration:8000	Loss_mean:0.003887912854552269	Loss_std:0.0015169665782820835
Iteration:8100	Loss_mean:0.004235605330322869	Loss_std:0.001853518896359213
Iteration:8200	Loss_mean:0.004203652386786416	Loss_std:0.0019045781674375166
Iteration:8300	Loss_mean:0.0040705515386071055	Loss_std:0.0019470455639230891
Iteration:8400	Loss_mean:0.004299191967002116	Loss_std:0.0017029929863774816
Iteration:8500	Loss_mean:0.004108880790881813	Loss_std:0.0018227208223286812
Iteration:8600	Loss_mean:0.003738965698867105	Loss_std:0.0014953134080800895
Iteration:8700	Loss_mean:0.004180802262853831	Loss_std:0.0017895405030095412
Iteration:8800	Loss_mean:0.003961919564753771	Loss_std:0.0018736285339317957
Iteration:8900	Loss_mean:0.004163778778165579	Loss_std:0.0017744056145520299
Iteration:9000	Loss_mean:0.004152429915266111	Loss_std:0.001630866290234645
Iteration:9100	Loss_mean:0.004118005705531686	Loss_std:0.0017145645474687787
Iteration:9200	Loss_mean:0.004158756574615836	Loss_std:0.0019052538032755426
Iteration:9300	Loss_mean:0.0039050505595514553	Loss_std:0.0018617885002513786
Iteration:9400	Loss_mean:0.004115046267397702	Loss_std:0.0018594502445883163
Iteration:9500	Loss_mean:0.003913255883962847	Loss_std:0.0015494677094913746
Iteration:9600	Loss_mean:0.003955924835754559	Loss_std:0.0015426590859783458
Iteration:9700	Loss_mean:0.003735391368973069	Loss_std:0.0015040976514616475
Iteration:9800	Loss_mean:0.004190019462257623	Loss_std:0.0019493708714093019
Iteration:9900	Loss_mean:0.003958979566814378	Loss_std:0.0015021324927787687
