Running experiment synthetic
Pretraining model on donor units
Iteration:0	Loss_mean:0.09689336270093918	Loss_std:0.0
Iteration:100	Loss_mean:0.4820553212985396	Loss_std:0.475774852584031
Iteration:200	Loss_mean:0.4010033232718706	Loss_std:0.3244176969797266
Iteration:300	Loss_mean:0.3840816330164671	Loss_std:0.362776664136968
Iteration:400	Loss_mean:0.2733883410692215	Loss_std:0.25048378176298053
Iteration:500	Loss_mean:0.19665347458794713	Loss_std:0.1683136993731509
Iteration:600	Loss_mean:0.16808185996487737	Loss_std:0.11201109518752458
Iteration:700	Loss_mean:0.15719755813479425	Loss_std:0.1248902048870926
Iteration:800	Loss_mean:0.13501998491585254	Loss_std:0.11099098320518819
Iteration:900	Loss_mean:0.11959036948159336	Loss_std:0.09887465203434789
Iteration:1000	Loss_mean:0.09142768603749574	Loss_std:0.0783074122507426
Iteration:1100	Loss_mean:0.0755969394184649	Loss_std:0.056840519624814775
Iteration:1200	Loss_mean:0.04825435451231897	Loss_std:0.0367485107619735
Iteration:1300	Loss_mean:0.04726869066245854	Loss_std:0.034372819737300324
Iteration:1400	Loss_mean:0.033647879054769875	Loss_std:0.021280090375855217
Iteration:1500	Loss_mean:0.029906752239912748	Loss_std:0.02817738575094468
Iteration:1600	Loss_mean:0.027128777778707446	Loss_std:0.01895240101742623
Iteration:1700	Loss_mean:0.02681800730410032	Loss_std:0.02267696319071218
Iteration:1800	Loss_mean:0.02155495590530336	Loss_std:0.01733818502747913
Iteration:1900	Loss_mean:0.018817399761173872	Loss_std:0.012296358760304006
Iteration:2000	Loss_mean:0.0205304037197493	Loss_std:0.019328121786494623
Iteration:2100	Loss_mean:0.019711770361755043	Loss_std:0.01992977651231324
Iteration:2200	Loss_mean:0.019868542558979244	Loss_std:0.015091068637640617
Iteration:2300	Loss_mean:0.01953416981967166	Loss_std:0.016027379072584138
Iteration:2400	Loss_mean:0.018876299266703426	Loss_std:0.01599652320565198
Iteration:2500	Loss_mean:0.01786918155150488	Loss_std:0.015124363719134793
Iteration:2600	Loss_mean:0.02082157047931105	Loss_std:0.01944495513597338
Iteration:2700	Loss_mean:0.02066179665038362	Loss_std:0.016459324496348376
Iteration:2800	Loss_mean:0.0174940531863831	Loss_std:0.016641000404762674
Iteration:2900	Loss_mean:0.018008612690027802	Loss_std:0.01425509655158348
Iteration:3000	Loss_mean:0.021103457750286908	Loss_std:0.01828781467618917
Iteration:3100	Loss_mean:0.017217047861777246	Loss_std:0.0175035674687512
Iteration:3200	Loss_mean:0.02146356397308409	Loss_std:0.01969738152567879
Iteration:3300	Loss_mean:0.020426701221149413	Loss_std:0.018176338599674463
Iteration:3400	Loss_mean:0.019218860287219287	Loss_std:0.01985177949730904
Iteration:3500	Loss_mean:0.02058489884249866	Loss_std:0.01662180177335293
Iteration:3600	Loss_mean:0.019912309251958506	Loss_std:0.01704119663021284
Iteration:3700	Loss_mean:0.015973826784174888	Loss_std:0.013395356067053743
Iteration:3800	Loss_mean:0.0189079592237249	Loss_std:0.017368267887911484
Iteration:3900	Loss_mean:0.018213027224410327	Loss_std:0.01439781783819649
Iteration:4000	Loss_mean:0.01737574041355401	Loss_std:0.015788391524221762
Iteration:4100	Loss_mean:0.019919944882858545	Loss_std:0.017418864032969227
Iteration:4200	Loss_mean:0.017783456798642874	Loss_std:0.018072596127016612
Iteration:4300	Loss_mean:0.017496424263808878	Loss_std:0.01728382026636404
Iteration:4400	Loss_mean:0.01767032248491887	Loss_std:0.017016448677727263
Iteration:4500	Loss_mean:0.01850636504823342	Loss_std:0.01771158981013067
Iteration:4600	Loss_mean:0.01898570513119921	Loss_std:0.014603927721484182
Iteration:4700	Loss_mean:0.016418025370221585	Loss_std:0.014539655418558294
Iteration:4800	Loss_mean:0.019325096593238413	Loss_std:0.01811963875780421
Iteration:4900	Loss_mean:0.01832768535008654	Loss_std:0.014955584336988821
Iteration:5000	Loss_mean:0.018804146728944034	Loss_std:0.015732474804204456
Iteration:5100	Loss_mean:0.016405811186414213	Loss_std:0.014675823301576097
Iteration:5200	Loss_mean:0.018279933796729892	Loss_std:0.017084027809212005
Iteration:5300	Loss_mean:0.014823632449842989	Loss_std:0.013571690370260946
Iteration:5400	Loss_mean:0.014491284592077136	Loss_std:0.012351224362530463
Iteration:5500	Loss_mean:0.019707161718979477	Loss_std:0.019061003543835584
Iteration:5600	Loss_mean:0.01805339805781841	Loss_std:0.017972032103759274
Iteration:5700	Loss_mean:0.014787685789633543	Loss_std:0.012260622253048468
Iteration:5800	Loss_mean:0.012363139409571886	Loss_std:0.008147074686073178
Iteration:5900	Loss_mean:0.013046971923904494	Loss_std:0.00857936460580884
Iteration:6000	Loss_mean:0.010535186864435673	Loss_std:0.006614844656921699
Iteration:6100	Loss_mean:0.010818480766611174	Loss_std:0.008417307651197789
Iteration:6200	Loss_mean:0.011067734656389803	Loss_std:0.008645022995598745
Iteration:6300	Loss_mean:0.010615809640148655	Loss_std:0.007799804979288574
Iteration:6400	Loss_mean:0.009631631611846388	Loss_std:0.005836767128571072
Iteration:6500	Loss_mean:0.011631618152605369	Loss_std:0.009068831160725039
Iteration:6600	Loss_mean:0.010106305831577629	Loss_std:0.006291698235030894
Iteration:6700	Loss_mean:0.009983409999404103	Loss_std:0.006961310917241781
Iteration:6800	Loss_mean:0.011010901055997238	Loss_std:0.007901729216555105
Iteration:6900	Loss_mean:0.011218718672171234	Loss_std:0.010019684620732576
Iteration:7000	Loss_mean:0.010287522901780904	Loss_std:0.0077347043869575765
Iteration:7100	Loss_mean:0.012148090502014383	Loss_std:0.009738679793298457
Iteration:7200	Loss_mean:0.009561870757024735	Loss_std:0.007061502220007718
Iteration:7300	Loss_mean:0.009345791802043096	Loss_std:0.005957902696375979
Iteration:7400	Loss_mean:0.010676793470047415	Loss_std:0.006036996026277051
Iteration:7500	Loss_mean:0.009235399968456477	Loss_std:0.00546183340563746
Iteration:7600	Loss_mean:0.009811538667418063	Loss_std:0.007332677599315793
Iteration:7700	Loss_mean:0.00853049081400968	Loss_std:0.005208951863094077
Iteration:7800	Loss_mean:0.009016904055606574	Loss_std:0.005710462975767853
Iteration:7900	Loss_mean:0.009170448849909007	Loss_std:0.00580468558268755
Iteration:8000	Loss_mean:0.009561933585209771	Loss_std:0.007735821722157911
Iteration:8100	Loss_mean:0.009903481304645538	Loss_std:0.006684343993159001
Iteration:8200	Loss_mean:0.009384456656407565	Loss_std:0.00512431363763189
Iteration:8300	Loss_mean:0.009688106711255386	Loss_std:0.006450432472237613
Iteration:8400	Loss_mean:0.008825247269123792	Loss_std:0.005490092720197647
Iteration:8500	Loss_mean:0.008170970780774951	Loss_std:0.006288722729283882
Iteration:8600	Loss_mean:0.008652391537325457	Loss_std:0.005670654818272374
Iteration:8700	Loss_mean:0.01023772553075105	Loss_std:0.006595490078296848
Iteration:8800	Loss_mean:0.009250696361996234	Loss_std:0.005800974781503045
Iteration:8900	Loss_mean:0.009059137729927898	Loss_std:0.006793423912870316
Iteration:9000	Loss_mean:0.00811742216348648	Loss_std:0.005259720623131821
Iteration:9100	Loss_mean:0.009857347519136965	Loss_std:0.006239254354261532
Iteration:9200	Loss_mean:0.008425412409706042	Loss_std:0.005792384194917896
Iteration:9300	Loss_mean:0.008952667935518547	Loss_std:0.00597175271091054
Iteration:9400	Loss_mean:0.008140491247177124	Loss_std:0.004716238788281532
Iteration:9500	Loss_mean:0.008319282605079935	Loss_std:0.004415428263483444
Iteration:9600	Loss_mean:0.007899938664631918	Loss_std:0.005131083345249309
Iteration:9700	Loss_mean:0.008518003399949521	Loss_std:0.005199056508587619
Iteration:9800	Loss_mean:0.008204057010589167	Loss_std:0.003922441855651174
Iteration:9900	Loss_mean:0.009067208176711574	Loss_std:0.006978827472681808
Iteration:10000	Loss_mean:0.007716793287545443	Loss_std:0.004219981388220461
Iteration:10100	Loss_mean:0.007869337562005967	Loss_std:0.004597370067672823
Iteration:10200	Loss_mean:0.008739570488687605	Loss_std:0.005183958064391446
Iteration:10300	Loss_mean:0.008487545733223668	Loss_std:0.005533212800924657
Iteration:10400	Loss_mean:0.008421196087729186	Loss_std:0.005252169711234508
Iteration:10500	Loss_mean:0.007911399235017597	Loss_std:0.004140725292098858
Iteration:10600	Loss_mean:0.007285007032915018	Loss_std:0.003890864789949194
Iteration:10700	Loss_mean:0.008010587232420222	Loss_std:0.0059500636119771385
Iteration:10800	Loss_mean:0.007830660204635933	Loss_std:0.004134385218141132
Iteration:10900	Loss_mean:0.007802750964765437	Loss_std:0.005017558515019169
Iteration:11000	Loss_mean:0.007698066033190116	Loss_std:0.004551263424170317
Iteration:11100	Loss_mean:0.006947793735889718	Loss_std:0.004156183811243734
Iteration:11200	Loss_mean:0.00700962771079503	Loss_std:0.003973168617696552
Iteration:11300	Loss_mean:0.007570086974301376	Loss_std:0.004015487124057263
Iteration:11400	Loss_mean:0.0068947142001707104	Loss_std:0.003167042440957837
Iteration:11500	Loss_mean:0.006985269687138498	Loss_std:0.003865150395059166
Iteration:11600	Loss_mean:0.007448179902276024	Loss_std:0.003716590103025046
Iteration:11700	Loss_mean:0.007915056567871942	Loss_std:0.005142556795362157
Iteration:11800	Loss_mean:0.007547143989941105	Loss_std:0.003357755181507707
Iteration:11900	Loss_mean:0.00805988754844293	Loss_std:0.004530850436130221
Iteration:12000	Loss_mean:0.007426420217379928	Loss_std:0.0036533282816561836
Iteration:12100	Loss_mean:0.007097911065793596	Loss_std:0.0036077428592156836
Iteration:12200	Loss_mean:0.007504482133081183	Loss_std:0.003996976442717114
Iteration:12300	Loss_mean:0.006970289406599477	Loss_std:0.00386536620907255
Iteration:12400	Loss_mean:0.006751910597085953	Loss_std:0.0032804033076056028
Iteration:12500	Loss_mean:0.007069482736987993	Loss_std:0.003300730371412773
Iteration:12600	Loss_mean:0.007647966308286414	Loss_std:0.0042559795540537074
Iteration:12700	Loss_mean:0.006804280837532133	Loss_std:0.003358576578876525
Iteration:12800	Loss_mean:0.007375557435443625	Loss_std:0.0038345204240243583
Iteration:12900	Loss_mean:0.00691133537213318	Loss_std:0.0031844244136028025
Iteration:13000	Loss_mean:0.007089996071299538	Loss_std:0.003891922505818878
Iteration:13100	Loss_mean:0.007168900493998081	Loss_std:0.0032246432184433347
Iteration:13200	Loss_mean:0.007755210706964135	Loss_std:0.003958771432102614
Iteration:13300	Loss_mean:0.007076052807969972	Loss_std:0.0037908889549423523
Iteration:13400	Loss_mean:0.006837773475563153	Loss_std:0.003843599305828833
Iteration:13500	Loss_mean:0.0071122286794707175	Loss_std:0.003328575175911449
Iteration:13600	Loss_mean:0.006583145947661251	Loss_std:0.0033358492865103854
Iteration:13700	Loss_mean:0.006914100301801227	Loss_std:0.0037094424159017547
Iteration:13800	Loss_mean:0.007714476857800036	Loss_std:0.00427468872425113
Iteration:13900	Loss_mean:0.005932154422625899	Loss_std:0.0029638487231603322
Iteration:14000	Loss_mean:0.006637439588084817	Loss_std:0.003543163040581257
Iteration:14100	Loss_mean:0.007003523616585881	Loss_std:0.002972733191935637
Iteration:14200	Loss_mean:0.007076820150250569	Loss_std:0.003615848727162574
Iteration:14300	Loss_mean:0.006752906189067289	Loss_std:0.003068582409194329
Iteration:14400	Loss_mean:0.006593606076203287	Loss_std:0.0032132410516143924
Iteration:14500	Loss_mean:0.00745330989244394	Loss_std:0.0032819892002721703
Iteration:14600	Loss_mean:0.006534643698250875	Loss_std:0.0030100427139444492
Iteration:14700	Loss_mean:0.006567081542452797	Loss_std:0.0037086014166754847
Iteration:14800	Loss_mean:0.0065062064619269225	Loss_std:0.002962010824137552
Iteration:14900	Loss_mean:0.006538476222194731	Loss_std:0.0031192859897419727
Iteration:15000	Loss_mean:0.006822479325346648	Loss_std:0.003091571048207333
Iteration:15100	Loss_mean:0.006955690982285887	Loss_std:0.0036636168809831364
Iteration:15200	Loss_mean:0.00662670980556868	Loss_std:0.003974168298922959
Iteration:15300	Loss_mean:0.006543194828554988	Loss_std:0.003385583515115797
Iteration:15400	Loss_mean:0.006585890358546748	Loss_std:0.003501990424010482
Iteration:15500	Loss_mean:0.0061380334780551495	Loss_std:0.0029809240706211407
Iteration:15600	Loss_mean:0.006979935465496964	Loss_std:0.003959524394143376
Iteration:15700	Loss_mean:0.0067378749017370865	Loss_std:0.003615331513049771
Iteration:15800	Loss_mean:0.0065217674057930705	Loss_std:0.00307894441179094
Iteration:15900	Loss_mean:0.006339329701149836	Loss_std:0.0029769675766289014
Iteration:16000	Loss_mean:0.005942124283174053	Loss_std:0.0029504301158340966
Iteration:16100	Loss_mean:0.006164805613225326	Loss_std:0.003072505356106022
Iteration:16200	Loss_mean:0.007098806121503003	Loss_std:0.003068909939030312
Iteration:16300	Loss_mean:0.006659333912539296	Loss_std:0.0031319454135987305
Iteration:16400	Loss_mean:0.006393638199660927	Loss_std:0.0027805520863068344
Iteration:16500	Loss_mean:0.00677844317513518	Loss_std:0.003182114644566885
Iteration:16600	Loss_mean:0.006687824816908688	Loss_std:0.003523515161866926
Iteration:16700	Loss_mean:0.006968093493487686	Loss_std:0.004026439601672501
Iteration:16800	Loss_mean:0.0075346855178941045	Loss_std:0.0041478797650581906
Iteration:16900	Loss_mean:0.005992667811224237	Loss_std:0.0026188065789182653
Iteration:17000	Loss_mean:0.006917360642692074	Loss_std:0.00382826526088674
Iteration:17100	Loss_mean:0.00626360246911645	Loss_std:0.0028124983894272926
Iteration:17200	Loss_mean:0.006024677226087079	Loss_std:0.0030437391223559324
Iteration:17300	Loss_mean:0.006412088798824698	Loss_std:0.003517516062697355
Iteration:17400	Loss_mean:0.006807833802886307	Loss_std:0.003740745652326236
Iteration:17500	Loss_mean:0.00638066612649709	Loss_std:0.002726839272542985
Iteration:17600	Loss_mean:0.006671881410293281	Loss_std:0.0031369882235154963
Iteration:17700	Loss_mean:0.006228996887803078	Loss_std:0.0031248069680032335
Iteration:17800	Loss_mean:0.006154651920078322	Loss_std:0.0028038589203117662
Iteration:17900	Loss_mean:0.00670826761634089	Loss_std:0.0038306112984476527
Iteration:18000	Loss_mean:0.006757822752697393	Loss_std:0.0033404297095601756
Iteration:18100	Loss_mean:0.006601409405702725	Loss_std:0.0038661731927977622
Iteration:18200	Loss_mean:0.0062810404499759895	Loss_std:0.002681169456828892
Iteration:18300	Loss_mean:0.006150148588931188	Loss_std:0.002866482848530524
Iteration:18400	Loss_mean:0.006525866095907986	Loss_std:0.003342845291923065
Iteration:18500	Loss_mean:0.006518321104813367	Loss_std:0.0030906581767407844
Iteration:18600	Loss_mean:0.006385655748890713	Loss_std:0.002537718529638276
Iteration:18700	Loss_mean:0.006416487543610856	Loss_std:0.0031294887678896305
Iteration:18800	Loss_mean:0.007202441544504837	Loss_std:0.003657160718943682
Iteration:18900	Loss_mean:0.00641465607623104	Loss_std:0.003336621930836657
Iteration:19000	Loss_mean:0.0065086147247347985	Loss_std:0.003132926672072333
Iteration:19100	Loss_mean:0.006917376238852739	Loss_std:0.0038105956690266535
Iteration:19200	Loss_mean:0.006498785854782909	Loss_std:0.0029137540088657594
Iteration:19300	Loss_mean:0.006399807970738038	Loss_std:0.002970878863510396
Iteration:19400	Loss_mean:0.006640333801042289	Loss_std:0.003142617751808907
Iteration:19500	Loss_mean:0.005942808096297086	Loss_std:0.0027723029639444238
Iteration:19600	Loss_mean:0.006818804127397016	Loss_std:0.003357707730575744
Iteration:19700	Loss_mean:0.005913790955673903	Loss_std:0.0025950058539761607
Iteration:19800	Loss_mean:0.006126134023070336	Loss_std:0.0028065223477968197
Iteration:19900	Loss_mean:0.006680886209942401	Loss_std:0.0036261437233535234
Iteration:20000	Loss_mean:0.006372426482848823	Loss_std:0.0031458806433826286
Iteration:20100	Loss_mean:0.006041564614861272	Loss_std:0.0027943267849104203
Iteration:20200	Loss_mean:0.00656756476033479	Loss_std:0.0027772488633826505
Iteration:20300	Loss_mean:0.005739961969666183	Loss_std:0.0027567886732352007
Iteration:20400	Loss_mean:0.007148043704219163	Loss_std:0.003422442859900859
Iteration:20500	Loss_mean:0.0058721689251251515	Loss_std:0.0026108555061926625
Iteration:20600	Loss_mean:0.006366694238968193	Loss_std:0.0028322435725331154
Iteration:20700	Loss_mean:0.005997359241591766	Loss_std:0.002484656354480584
Iteration:20800	Loss_mean:0.006356852285098285	Loss_std:0.003130762409684785
Iteration:20900	Loss_mean:0.006290764386067167	Loss_std:0.0030637229871655295
Iteration:21000	Loss_mean:0.00707602332229726	Loss_std:0.004297597843008883
Iteration:21100	Loss_mean:0.005992206546943634	Loss_std:0.003039180128519268
Iteration:21200	Loss_mean:0.006556488522328437	Loss_std:0.0030547129515207864
Iteration:21300	Loss_mean:0.005934328915318474	Loss_std:0.002629620262070424
Iteration:21400	Loss_mean:0.006929342116927728	Loss_std:0.00344032913165659
Iteration:21500	Loss_mean:0.006454629258951172	Loss_std:0.00292678394289895
Iteration:21600	Loss_mean:0.0062869269750081	Loss_std:0.0029582636975385634
Iteration:21700	Loss_mean:0.006353244474157691	Loss_std:0.0031788237077867783
Iteration:21800	Loss_mean:0.005951283961767331	Loss_std:0.002673522635225747
Iteration:21900	Loss_mean:0.006646011859411374	Loss_std:0.0034818681151719977
Iteration:22000	Loss_mean:0.006487441945355385	Loss_std:0.002790121958433787
Iteration:22100	Loss_mean:0.006330507945967838	Loss_std:0.0034048785934340086
Iteration:22200	Loss_mean:0.006086147730238736	Loss_std:0.002731770810162204
Iteration:22300	Loss_mean:0.006210929321823642	Loss_std:0.0024952636592672434
Iteration:22400	Loss_mean:0.006425730962073431	Loss_std:0.003435631909842669
Iteration:22500	Loss_mean:0.00587452358333394	Loss_std:0.002422315899204298
Iteration:22600	Loss_mean:0.0062022408552002166	Loss_std:0.003036085812942481
Iteration:22700	Loss_mean:0.007005600236589089	Loss_std:0.003315358491011021
Iteration:22800	Loss_mean:0.006604016734054312	Loss_std:0.002995304640220738
Iteration:22900	Loss_mean:0.005748941979836672	Loss_std:0.0027356097071212816
Iteration:23000	Loss_mean:0.005663278435822577	Loss_std:0.0025897911083750495
Iteration:23100	Loss_mean:0.005755179670522921	Loss_std:0.0024589670306980256
Iteration:23200	Loss_mean:0.006067588835721835	Loss_std:0.0024910662266892235
Iteration:23300	Loss_mean:0.005986057217232883	Loss_std:0.0034577556525662574
Iteration:23400	Loss_mean:0.006545266058528796	Loss_std:0.0024694823587503956
Iteration:23500	Loss_mean:0.006096047983737663	Loss_std:0.003075450014075013
Iteration:23600	Loss_mean:0.006838283400284127	Loss_std:0.0028473412882676617
Iteration:23700	Loss_mean:0.006030537382466719	Loss_std:0.002918224334339078
Iteration:23800	Loss_mean:0.006273816151078791	Loss_std:0.0032237570659025896
Iteration:23900	Loss_mean:0.006726178887765855	Loss_std:0.0030401568613304068
Iteration:24000	Loss_mean:0.00612914644414559	Loss_std:0.0029869667753959044
Iteration:24100	Loss_mean:0.005970640204614028	Loss_std:0.002805842063583264
Iteration:24200	Loss_mean:0.006171715324744582	Loss_std:0.0028850180325547
Iteration:24300	Loss_mean:0.005990082976641133	Loss_std:0.0024183710792494376
Iteration:24400	Loss_mean:0.006479190574027598	Loss_std:0.0034226997334817055
Iteration:24500	Loss_mean:0.006372686003451236	Loss_std:0.002995566040085265
Iteration:24600	Loss_mean:0.006283206583466381	Loss_std:0.0030756165172958305
Iteration:24700	Loss_mean:0.006003257931442931	Loss_std:0.003259749571407448
Iteration:24800	Loss_mean:0.006918092809501104	Loss_std:0.004250752462516219
Iteration:24900	Loss_mean:0.006055003203218803	Loss_std:0.002884209585555182
Iteration:25000	Loss_mean:0.006031797961331904	Loss_std:0.002841301118727394
Iteration:25100	Loss_mean:0.005924468141747638	Loss_std:0.002513969974203821
Iteration:25200	Loss_mean:0.0064158557757036765	Loss_std:0.002687256162008931
Iteration:25300	Loss_mean:0.006422091893618927	Loss_std:0.003050675692436019
Iteration:25400	Loss_mean:0.0057326215808279814	Loss_std:0.002292453448036652
Iteration:25500	Loss_mean:0.006307522160932421	Loss_std:0.0029601725419797875
Iteration:25600	Loss_mean:0.006189738917164504	Loss_std:0.0030074987268106017
Iteration:25700	Loss_mean:0.006214757387060672	Loss_std:0.002812561002424262
Iteration:25800	Loss_mean:0.005358023955486715	Loss_std:0.0023912603994053075
Iteration:25900	Loss_mean:0.006447224104776978	Loss_std:0.003382320074105229
Iteration:26000	Loss_mean:0.005453500993316993	Loss_std:0.0024372659826329694
Iteration:26100	Loss_mean:0.006585248855408281	Loss_std:0.003296636313616215
Iteration:26200	Loss_mean:0.006202742925961502	Loss_std:0.0027964794863997015
Iteration:26300	Loss_mean:0.006136043911101297	Loss_std:0.0032605566521476865
Iteration:26400	Loss_mean:0.005791201302781701	Loss_std:0.0021354790039923633
Iteration:26500	Loss_mean:0.006432504007825628	Loss_std:0.0027012634278320634
Iteration:26600	Loss_mean:0.0060907266614958645	Loss_std:0.002868091381964333
Iteration:26700	Loss_mean:0.006125914689619094	Loss_std:0.0030663949710217726
Iteration:26800	Loss_mean:0.006327578239142895	Loss_std:0.0029525837632311627
Iteration:26900	Loss_mean:0.006726420336635783	Loss_std:0.003353840155313885
Iteration:27000	Loss_mean:0.005830574577557855	Loss_std:0.00298141853429797
Iteration:27100	Loss_mean:0.006162026390666142	Loss_std:0.002950156252690298
Iteration:27200	Loss_mean:0.006330795241519809	Loss_std:0.0029019493567647345
Iteration:27300	Loss_mean:0.006323226043023169	Loss_std:0.0032595301690034164
Iteration:27400	Loss_mean:0.005607806537882425	Loss_std:0.0026014118613096235
Iteration:27500	Loss_mean:0.00596532313269563	Loss_std:0.0026221860384030545
Iteration:27600	Loss_mean:0.006684804228134453	Loss_std:0.0030644128256872116
Iteration:27700	Loss_mean:0.0061605744378175585	Loss_std:0.0028953686823613325
Iteration:27800	Loss_mean:0.006198030066443607	Loss_std:0.002617646071549415
Iteration:27900	Loss_mean:0.006424844126449898	Loss_std:0.0027101861959867085
Iteration:28000	Loss_mean:0.005949007214512676	Loss_std:0.002434341905133682
Iteration:28100	Loss_mean:0.005987630295567215	Loss_std:0.0028050947627677168
Iteration:28200	Loss_mean:0.006483432743698359	Loss_std:0.0029622525143808472
Iteration:28300	Loss_mean:0.005945948135340586	Loss_std:0.002658987683965048
Iteration:28400	Loss_mean:0.006068226443603635	Loss_std:0.0024550562773157573
Iteration:28500	Loss_mean:0.006368850552244112	Loss_std:0.002834180239750766
Iteration:28600	Loss_mean:0.005522055437322706	Loss_std:0.0025906789516595753
Iteration:28700	Loss_mean:0.005974072957178578	Loss_std:0.0025086402166200686
Iteration:28800	Loss_mean:0.005766695281490684	Loss_std:0.0024557481134523792
Iteration:28900	Loss_mean:0.005848851434420794	Loss_std:0.00252189643988016
Iteration:29000	Loss_mean:0.005940852544736117	Loss_std:0.0022860584618652198
Iteration:29100	Loss_mean:0.006220340789295733	Loss_std:0.002885164881046203
Iteration:29200	Loss_mean:0.005768442660337314	Loss_std:0.0028512431599079895
Iteration:29300	Loss_mean:0.005640652829315513	Loss_std:0.0022783204225513085
Iteration:29400	Loss_mean:0.006017300500534475	Loss_std:0.0028950965005980107
Iteration:29500	Loss_mean:0.006338552797678858	Loss_std:0.0032161596044114854
Iteration:29600	Loss_mean:0.006448581560980529	Loss_std:0.0033933864767754264
Iteration:29700	Loss_mean:0.005804931562161073	Loss_std:0.0025122077512204385
Iteration:29800	Loss_mean:0.006341287327231839	Loss_std:0.002487627376088973
Iteration:29900	Loss_mean:0.006089992801425978	Loss_std:0.0027138186567605034
Iteration:30000	Loss_mean:0.006374192038783803	Loss_std:0.00285579075360281
Iteration:30100	Loss_mean:0.00600519951316528	Loss_std:0.0026530057366763115
Iteration:30200	Loss_mean:0.00653172067948617	Loss_std:0.002733637192318729
Iteration:30300	Loss_mean:0.006190789138781838	Loss_std:0.0029339954561476496
Iteration:30400	Loss_mean:0.006248010573908686	Loss_std:0.0028339150814620097
Iteration:30500	Loss_mean:0.006177433070261032	Loss_std:0.0025662475930972426
Iteration:30600	Loss_mean:0.005641986455302685	Loss_std:0.0024567200366950844
Iteration:30700	Loss_mean:0.005788899076869711	Loss_std:0.0024649302873925704
Iteration:30800	Loss_mean:0.006095643198350444	Loss_std:0.0030284188036406277
Iteration:30900	Loss_mean:0.006350736002204939	Loss_std:0.002762162846689312
Iteration:31000	Loss_mean:0.005934350634342991	Loss_std:0.0029552744275167142
Iteration:31100	Loss_mean:0.005794915971346199	Loss_std:0.002586984162180555
Iteration:31200	Loss_mean:0.005999588153790683	Loss_std:0.002676683980869148
Iteration:31300	Loss_mean:0.006142477727262303	Loss_std:0.0029034686218687446
Iteration:31400	Loss_mean:0.006023647845140658	Loss_std:0.0027002773717713278
Iteration:31500	Loss_mean:0.005283084959955886	Loss_std:0.0019918099541933274
Iteration:31600	Loss_mean:0.005667925014859065	Loss_std:0.002522796595961555
Iteration:31700	Loss_mean:0.005550197417614981	Loss_std:0.0021370724860272448
Iteration:31800	Loss_mean:0.006281270508188754	Loss_std:0.0023402928373131016
Iteration:31900	Loss_mean:0.006700868278276175	Loss_std:0.002568013183362102
Iteration:32000	Loss_mean:0.006867055220063776	Loss_std:0.0027541350260373364
Iteration:32100	Loss_mean:0.005888653544243425	Loss_std:0.0030290803755729304
Iteration:32200	Loss_mean:0.006082011929247528	Loss_std:0.002770951952997928
Iteration:32300	Loss_mean:0.005504486440913752	Loss_std:0.0030163437078657707
Iteration:32400	Loss_mean:0.006487099129590206	Loss_std:0.0033603036606374617
Iteration:32500	Loss_mean:0.005921933010686189	Loss_std:0.002639820613392833
Iteration:32600	Loss_mean:0.00581515078083612	Loss_std:0.0024945868836504215
Iteration:32700	Loss_mean:0.005932608162984252	Loss_std:0.002342199059692059
Iteration:32800	Loss_mean:0.0059945447818608956	Loss_std:0.002615253234421954
Iteration:32900	Loss_mean:0.006202217029640451	Loss_std:0.002918113212083672
Iteration:33000	Loss_mean:0.006628286417108029	Loss_std:0.0030815050181141833
Iteration:33100	Loss_mean:0.006268168872920797	Loss_std:0.0026388758568572147
Iteration:33200	Loss_mean:0.005774701428599656	Loss_std:0.0027128789793716525
Iteration:33300	Loss_mean:0.006189033396076411	Loss_std:0.0028674856157027287
Iteration:33400	Loss_mean:0.005695031390059739	Loss_std:0.0027986689363762103
Iteration:33500	Loss_mean:0.005798260325100273	Loss_std:0.0028847794173093738
Iteration:33600	Loss_mean:0.005765804686234333	Loss_std:0.00294162878996472
Iteration:33700	Loss_mean:0.0061898996797390285	Loss_std:0.0031746920278447155
Iteration:33800	Loss_mean:0.006279461819212883	Loss_std:0.002694318693151993
Iteration:33900	Loss_mean:0.005764504465041682	Loss_std:0.0026106235285782943
Iteration:34000	Loss_mean:0.005823779864003882	Loss_std:0.0022371892351232534
Iteration:34100	Loss_mean:0.00587446921505034	Loss_std:0.0027783717042229074
Iteration:34200	Loss_mean:0.005986062481533736	Loss_std:0.002780072316220719
Iteration:34300	Loss_mean:0.005990622559911571	Loss_std:0.0028375710247820307
Iteration:34400	Loss_mean:0.005862177663948387	Loss_std:0.002419474470682018
Iteration:34500	Loss_mean:0.00600627271225676	Loss_std:0.0022038661394371824
Iteration:34600	Loss_mean:0.0064941882772836836	Loss_std:0.0028358849404975317
Iteration:34700	Loss_mean:0.005830691319424659	Loss_std:0.0028023437716541005
Iteration:34800	Loss_mean:0.0058412286691600455	Loss_std:0.0022627086760267623
Iteration:34900	Loss_mean:0.005801176702370867	Loss_std:0.002819135915042068
Iteration:35000	Loss_mean:0.006462566920090467	Loss_std:0.00273788356234886
Iteration:35100	Loss_mean:0.005997568790335208	Loss_std:0.0028047574490509134
Iteration:35200	Loss_mean:0.005921651732060127	Loss_std:0.0031107024512571036
Iteration:35300	Loss_mean:0.006718381955288351	Loss_std:0.0037283662201331664
Iteration:35400	Loss_mean:0.0064857518119970335	Loss_std:0.003273590042597974
Iteration:35500	Loss_mean:0.00637735330616124	Loss_std:0.002868139516730427
Iteration:35600	Loss_mean:0.0060308096295921135	Loss_std:0.0025679402103789294
Iteration:35700	Loss_mean:0.0057725396938622	Loss_std:0.0022903587779692183
Iteration:35800	Loss_mean:0.006024356104899198	Loss_std:0.00273369188453404
Iteration:35900	Loss_mean:0.005867126138182357	Loss_std:0.0025991009670143354
Iteration:36000	Loss_mean:0.0063430617772974075	Loss_std:0.002651880463058181
Iteration:36100	Loss_mean:0.005946899878326803	Loss_std:0.0027203181427456246
Iteration:36200	Loss_mean:0.0056913953192997725	Loss_std:0.002525741388804893
Iteration:36300	Loss_mean:0.006037729795789346	Loss_std:0.0027422734359763695
Iteration:36400	Loss_mean:0.00608809657744132	Loss_std:0.002640706030922635
Iteration:36500	Loss_mean:0.006072318912483752	Loss_std:0.0033068628355048413
Iteration:36600	Loss_mean:0.006155548968818039	Loss_std:0.0025630246958551167
Iteration:36700	Loss_mean:0.005885125028435141	Loss_std:0.00267885710898842
Iteration:36800	Loss_mean:0.006153500466607511	Loss_std:0.002804926772670315
Iteration:36900	Loss_mean:0.006250588885741308	Loss_std:0.0026282174454570905
Iteration:37000	Loss_mean:0.0062286621029488745	Loss_std:0.0030179290535734776
Iteration:37100	Loss_mean:0.0058543440455105155	Loss_std:0.002900389973246797
Iteration:37200	Loss_mean:0.005715215718373657	Loss_std:0.0024807715868110087
Iteration:37300	Loss_mean:0.006332604238996282	Loss_std:0.0029676609346366693
Iteration:37400	Loss_mean:0.005626324929762632	Loss_std:0.0031627206393640694
Iteration:37500	Loss_mean:0.005635944481473416	Loss_std:0.002378769710989769
Iteration:37600	Loss_mean:0.0059884538146434355	Loss_std:0.0033213457151361745
Iteration:37700	Loss_mean:0.005943667461397126	Loss_std:0.0024070712631207645
Iteration:37800	Loss_mean:0.0054031419556122276	Loss_std:0.0023124951413269527
Iteration:37900	Loss_mean:0.0054522405483294276	Loss_std:0.002594044845191362
Iteration:38000	Loss_mean:0.006304569913772866	Loss_std:0.0030467115945015657
Iteration:38100	Loss_mean:0.0059680064069107175	Loss_std:0.0029822160419091938
Iteration:38200	Loss_mean:0.0056614788784645495	Loss_std:0.0027632868261878124
Iteration:38300	Loss_mean:0.00613531160284765	Loss_std:0.0023778603874940467
Iteration:38400	Loss_mean:0.005705656985519454	Loss_std:0.0028841069882396438
Iteration:38500	Loss_mean:0.006011493194382638	Loss_std:0.002437929328400428
Iteration:38600	Loss_mean:0.00620486225001514	Loss_std:0.0028568242837775917
Iteration:38700	Loss_mean:0.005715403793146834	Loss_std:0.002345609364284213
Iteration:38800	Loss_mean:0.006218224576441571	Loss_std:0.002754435944103019
Iteration:38900	Loss_mean:0.005649347996804863	Loss_std:0.002251571986468362
Iteration:39000	Loss_mean:0.005718169405590743	Loss_std:0.0027446377205122582
Iteration:39100	Loss_mean:0.005490221155341714	Loss_std:0.002312133305755521
Iteration:39200	Loss_mean:0.0059973724407609555	Loss_std:0.002629095987053889
Iteration:39300	Loss_mean:0.006159558875951916	Loss_std:0.0027273766500488647
Iteration:39400	Loss_mean:0.005633676346042194	Loss_std:0.0025741219593165086
Iteration:39500	Loss_mean:0.0062946998234838245	Loss_std:0.0030183107452570438
Iteration:39600	Loss_mean:0.005727304186439142	Loss_std:0.0025816146568603026
Iteration:39700	Loss_mean:0.005886073737638071	Loss_std:0.0027294815815266664
Iteration:39800	Loss_mean:0.006270356863969937	Loss_std:0.002689295212570736
Iteration:39900	Loss_mean:0.005994366729864851	Loss_std:0.0025783645023198603
Iteration:40000	Loss_mean:0.005789113554637879	Loss_std:0.002803362703482071
Iteration:40100	Loss_mean:0.005758901135413908	Loss_std:0.0028729322637846013
Iteration:40200	Loss_mean:0.005712095842463896	Loss_std:0.002823204395871956
Iteration:40300	Loss_mean:0.005523010594770312	Loss_std:0.002486845084610137
Iteration:40400	Loss_mean:0.005897784075932578	Loss_std:0.0024350544599482825
Iteration:40500	Loss_mean:0.006481037848861888	Loss_std:0.0028435579019293437
Iteration:40600	Loss_mean:0.0057871320773847405	Loss_std:0.0024840309489276937
Iteration:40700	Loss_mean:0.005561232994077727	Loss_std:0.0024685025269419003
Iteration:40800	Loss_mean:0.005957107156282291	Loss_std:0.002647443822284492
Iteration:40900	Loss_mean:0.006175458568613976	Loss_std:0.002867326165457601
Iteration:41000	Loss_mean:0.005842410721234046	Loss_std:0.0024801845403324163
Iteration:41100	Loss_mean:0.005724046176765114	Loss_std:0.002544882749211458
Iteration:41200	Loss_mean:0.006459588556317612	Loss_std:0.0030016017516180135
Iteration:41300	Loss_mean:0.005950168406125158	Loss_std:0.002727287564029013
Iteration:41400	Loss_mean:0.006249377198982984	Loss_std:0.00271530802955182
Iteration:41500	Loss_mean:0.005965412680525333	Loss_std:0.0023168324017415363
Iteration:41600	Loss_mean:0.005523166952189058	Loss_std:0.0022946418925929787
Iteration:41700	Loss_mean:0.005544789739651605	Loss_std:0.002479560447904629
Iteration:41800	Loss_mean:0.006445544307352975	Loss_std:0.0027110698966752627
Iteration:41900	Loss_mean:0.005782947089755908	Loss_std:0.002411656833623066
Iteration:42000	Loss_mean:0.005671123651554808	Loss_std:0.0023186715875650643
Iteration:42100	Loss_mean:0.005871734558604657	Loss_std:0.0025316695533565245
Iteration:42200	Loss_mean:0.006251260039862245	Loss_std:0.0030692656273225843
Iteration:42300	Loss_mean:0.006002350660273805	Loss_std:0.0023825537516063075
Iteration:42400	Loss_mean:0.005631172084249556	Loss_std:0.0025957302214233363
Iteration:42500	Loss_mean:0.005670047915773466	Loss_std:0.002264301893989772
Iteration:42600	Loss_mean:0.006480726685840637	Loss_std:0.00300315039360467
Iteration:42700	Loss_mean:0.005912042855052277	Loss_std:0.0027597226404714585
Iteration:42800	Loss_mean:0.006203044895082712	Loss_std:0.0028557474996069626
Iteration:42900	Loss_mean:0.005434650037204847	Loss_std:0.0025342065637374055
Iteration:43000	Loss_mean:0.005666570932371542	Loss_std:0.0028145133264904486
Iteration:43100	Loss_mean:0.0055932723439764236	Loss_std:0.0028767127064001094
Iteration:43200	Loss_mean:0.005614114396739751	Loss_std:0.0026419221273161334
Iteration:43300	Loss_mean:0.006109234909527004	Loss_std:0.0026736565162665247
Iteration:43400	Loss_mean:0.00506997054326348	Loss_std:0.002292489347836938
Iteration:43500	Loss_mean:0.005943047769833356	Loss_std:0.0029698390899432067
Iteration:43600	Loss_mean:0.0061207784852013	Loss_std:0.002614331362259601
Iteration:43700	Loss_mean:0.005744187302188948	Loss_std:0.0025595618158699082
Iteration:43800	Loss_mean:0.005790026366012171	Loss_std:0.002881376754067394
Iteration:43900	Loss_mean:0.005858321150299162	Loss_std:0.0030358662100911787
Iteration:44000	Loss_mean:0.00575109327910468	Loss_std:0.002381975214709021
Iteration:44100	Loss_mean:0.005794664266286418	Loss_std:0.002729036728877493
Iteration:44200	Loss_mean:0.005818129426334053	Loss_std:0.0026115877682537088
Iteration:44300	Loss_mean:0.005924905693391338	Loss_std:0.002580245383038638
Iteration:44400	Loss_mean:0.0054944936593528835	Loss_std:0.002100892650257809
Iteration:44500	Loss_mean:0.0061323938169516624	Loss_std:0.0025848830718109713
Iteration:44600	Loss_mean:0.005542878981796093	Loss_std:0.0026239817988641017
Iteration:44700	Loss_mean:0.00603335547959432	Loss_std:0.002524218032442087
Iteration:44800	Loss_mean:0.005913123259670101	Loss_std:0.0027794341008115933
Iteration:44900	Loss_mean:0.005495541236596182	Loss_std:0.0027068834613499185
Iteration:45000	Loss_mean:0.006096976654371247	Loss_std:0.0027567902175150787
Iteration:45100	Loss_mean:0.00566189949749969	Loss_std:0.002644692360905858
Iteration:45200	Loss_mean:0.005720900914166122	Loss_std:0.0026107738424281787
Iteration:45300	Loss_mean:0.0059740454575512554	Loss_std:0.002913297347797859
Iteration:45400	Loss_mean:0.005846215120982379	Loss_std:0.0028327262309970564
Iteration:45500	Loss_mean:0.006201048417715356	Loss_std:0.0029826801535462115
Iteration:45600	Loss_mean:0.005858454830013215	Loss_std:0.002969024167118806
Iteration:45700	Loss_mean:0.005837076546158642	Loss_std:0.0026819267587618227
Iteration:45800	Loss_mean:0.005904313172213733	Loss_std:0.0025430444895216814
Iteration:45900	Loss_mean:0.005961198353907094	Loss_std:0.0027589167474040346
Iteration:46000	Loss_mean:0.0060131464281585065	Loss_std:0.0028943895404487975
Iteration:46100	Loss_mean:0.00620373563375324	Loss_std:0.0024584880493862316
Iteration:46200	Loss_mean:0.0056618401524610815	Loss_std:0.0025045580820015046
Iteration:46300	Loss_mean:0.005583687740145251	Loss_std:0.00276780874658641
Iteration:46400	Loss_mean:0.005757182450033724	Loss_std:0.0024605317269948343
Iteration:46500	Loss_mean:0.006119780406588688	Loss_std:0.0026282626262821547
Iteration:46600	Loss_mean:0.00533028933161404	Loss_std:0.0025175177451966426
Iteration:46700	Loss_mean:0.005430928011192009	Loss_std:0.0025817934697734365
Iteration:46800	Loss_mean:0.005487376978853717	Loss_std:0.0027005677488440563
Iteration:46900	Loss_mean:0.0058488821634091435	Loss_std:0.0029266498387865102
Iteration:47000	Loss_mean:0.006246660408796742	Loss_std:0.0029488115433253773
Iteration:47100	Loss_mean:0.005504415045725182	Loss_std:0.0025735263710885245
Iteration:47200	Loss_mean:0.006131063834764063	Loss_std:0.0026578931561619676
Iteration:47300	Loss_mean:0.005796941745793447	Loss_std:0.0025537718500788227
Iteration:47400	Loss_mean:0.006276129341567866	Loss_std:0.0029012934494722664
Iteration:47500	Loss_mean:0.00548847796395421	Loss_std:0.0023904734622079513
Iteration:47600	Loss_mean:0.0057882892608176915	Loss_std:0.002476082783001869
Iteration:47700	Loss_mean:0.006267452692845836	Loss_std:0.002960763075720033
Iteration:47800	Loss_mean:0.005923156798817217	Loss_std:0.0026502196001668772
Iteration:47900	Loss_mean:0.0055089637823402884	Loss_std:0.0021483870386727276
Iteration:48000	Loss_mean:0.005884222000604495	Loss_std:0.0028948354876247254
Iteration:48100	Loss_mean:0.005842834644718096	Loss_std:0.002538571532667474
Iteration:48200	Loss_mean:0.005134361654054374	Loss_std:0.0024573341310984514
Iteration:48300	Loss_mean:0.0059673775290139015	Loss_std:0.0026151352445235735
Iteration:48400	Loss_mean:0.005454392398241907	Loss_std:0.002419620567193253
Iteration:48500	Loss_mean:0.005679845598060638	Loss_std:0.0024058992197223857
Iteration:48600	Loss_mean:0.005530740693211555	Loss_std:0.0023427781252180176
Iteration:48700	Loss_mean:0.0055538751068525015	Loss_std:0.0021553820376662564
Iteration:48800	Loss_mean:0.006066958348965272	Loss_std:0.002718780661510721
Iteration:48900	Loss_mean:0.006005319705000147	Loss_std:0.002722982652556047
Iteration:49000	Loss_mean:0.0053043796017300335	Loss_std:0.002241005947181837
Iteration:49100	Loss_mean:0.005805783726973459	Loss_std:0.003053134547116033
Iteration:49200	Loss_mean:0.005823392652673647	Loss_std:0.0025338771374319915
Iteration:49300	Loss_mean:0.005840698048705235	Loss_std:0.002758771067093778
Iteration:49400	Loss_mean:0.0062871173478197305	Loss_std:0.003499760405267776
Iteration:49500	Loss_mean:0.0058294962090440095	Loss_std:0.0026150107502979874
Iteration:49600	Loss_mean:0.005565718173747882	Loss_std:0.002725146400138263
Iteration:49700	Loss_mean:0.005863637439906597	Loss_std:0.0023598997380433707
Iteration:49800	Loss_mean:0.005756748729618266	Loss_std:0.0027118504217581644
Iteration:49900	Loss_mean:0.0059352578734979036	Loss_std:0.0027365283300111428
Modifying K
Fitting model on target unit
Iteration:0	Loss_mean:0.003398591885343194	Loss_std:0.0
Iteration:100	Loss_mean:0.0056336626841221	Loss_std:0.0026241697862078375
Iteration:200	Loss_mean:0.005695475351531059	Loss_std:0.002290215515425051
Iteration:300	Loss_mean:0.005977127441437915	Loss_std:0.00254930989110299
Iteration:400	Loss_mean:0.005686485848855227	Loss_std:0.002491898282688303
Iteration:500	Loss_mean:0.005724033186561428	Loss_std:0.002590267869952947
Iteration:600	Loss_mean:0.0055985381186474115	Loss_std:0.0021925519184679606
Iteration:700	Loss_mean:0.0057307964283972975	Loss_std:0.002355141461933967
Iteration:800	Loss_mean:0.005544464205158874	Loss_std:0.0025724198081524875
Iteration:900	Loss_mean:0.005186564086470753	Loss_std:0.00203337621145621
Iteration:1000	Loss_mean:0.00533823914709501	Loss_std:0.0022654940486860954
Iteration:1100	Loss_mean:0.005409550400217995	Loss_std:0.0022288755364087984
Iteration:1200	Loss_mean:0.005418128513847478	Loss_std:0.0024090855901728533
Iteration:1300	Loss_mean:0.005543327538762241	Loss_std:0.002600249978136927
Iteration:1400	Loss_mean:0.005406883260002359	Loss_std:0.0020992154323085026
Iteration:1500	Loss_mean:0.005220062762964517	Loss_std:0.0024270974797364897
Iteration:1600	Loss_mean:0.005261705339653418	Loss_std:0.002146403870027579
Iteration:1700	Loss_mean:0.005432857924606651	Loss_std:0.0022392079255921546
Iteration:1800	Loss_mean:0.005072351626586169	Loss_std:0.0022425809203043116
Iteration:1900	Loss_mean:0.005528133356710896	Loss_std:0.0024260070674207716
Iteration:2000	Loss_mean:0.00511517578852363	Loss_std:0.0020414118308699288
Iteration:2100	Loss_mean:0.005389033304527402	Loss_std:0.0027827534609040144
Iteration:2200	Loss_mean:0.0051387595944106575	Loss_std:0.002329182552604913
Iteration:2300	Loss_mean:0.0051829730183817445	Loss_std:0.002626861109711854
Iteration:2400	Loss_mean:0.00532343746512197	Loss_std:0.002300724281629108
Iteration:2500	Loss_mean:0.005222118359524757	Loss_std:0.0024712230634509552
Iteration:2600	Loss_mean:0.005131661733612418	Loss_std:0.0023140760764498885
Iteration:2700	Loss_mean:0.00532640736666508	Loss_std:0.0023363947245870703
Iteration:2800	Loss_mean:0.005271337228477933	Loss_std:0.00238856716423896
Iteration:2900	Loss_mean:0.005289380851900205	Loss_std:0.0022253735816651944
Iteration:3000	Loss_mean:0.005771896512014791	Loss_std:0.002710528895333832
Iteration:3100	Loss_mean:0.005358489621430635	Loss_std:0.0026058598556648327
Iteration:3200	Loss_mean:0.005290257113520056	Loss_std:0.0023878548492927533
Iteration:3300	Loss_mean:0.005053002968197689	Loss_std:0.0023388867943799135
Iteration:3400	Loss_mean:0.005496216446626932	Loss_std:0.0025586876777874672
Iteration:3500	Loss_mean:0.005412979592802003	Loss_std:0.002545625643157868
Iteration:3600	Loss_mean:0.005584396478370763	Loss_std:0.0025272544799580052
Iteration:3700	Loss_mean:0.005372600040864199	Loss_std:0.002689359020868192
Iteration:3800	Loss_mean:0.005209197838557884	Loss_std:0.0023595903705521913
Iteration:3900	Loss_mean:0.005243653947254643	Loss_std:0.0019475573247044072
Iteration:4000	Loss_mean:0.005107418188126758	Loss_std:0.0023254930392455444
Iteration:4100	Loss_mean:0.004923714516917243	Loss_std:0.0023164316249624176
Iteration:4200	Loss_mean:0.00518034866428934	Loss_std:0.002357842319455482
Iteration:4300	Loss_mean:0.005514636195730418	Loss_std:0.0023583362295108256
Iteration:4400	Loss_mean:0.005235249710967765	Loss_std:0.0022751660557307676
Iteration:4500	Loss_mean:0.004968314005527646	Loss_std:0.00240419213922952
Iteration:4600	Loss_mean:0.0050896232097875325	Loss_std:0.002091694593305491
Iteration:4700	Loss_mean:0.005149160892469809	Loss_std:0.002271085107039224
Iteration:4800	Loss_mean:0.0054589980526361616	Loss_std:0.002419951487878934
Iteration:4900	Loss_mean:0.004905761291156523	Loss_std:0.002207354536921455
Iteration:5000	Loss_mean:0.004952779011800885	Loss_std:0.0021626032039928464
Iteration:5100	Loss_mean:0.004790558209642768	Loss_std:0.002625814156511165
Iteration:5200	Loss_mean:0.004778656795388088	Loss_std:0.002119303633447088
Iteration:5300	Loss_mean:0.005121526093571447	Loss_std:0.0022316952567519107
Iteration:5400	Loss_mean:0.005080512488493696	Loss_std:0.0022429068067813564
Iteration:5500	Loss_mean:0.004868724743719213	Loss_std:0.0025102755843171808
Iteration:5600	Loss_mean:0.005013723046286032	Loss_std:0.0021955801668421607
Iteration:5700	Loss_mean:0.005011397793423384	Loss_std:0.0025198789507267904
Iteration:5800	Loss_mean:0.005069446431007236	Loss_std:0.0023218518931500793
Iteration:5900	Loss_mean:0.004877133828122169	Loss_std:0.0023384243202854375
Iteration:6000	Loss_mean:0.004838309126207605	Loss_std:0.002303901335885976
Iteration:6100	Loss_mean:0.005114755177637562	Loss_std:0.0023648152426539943
Iteration:6200	Loss_mean:0.00472894970793277	Loss_std:0.002193430967891828
Iteration:6300	Loss_mean:0.005046695587225258	Loss_std:0.0021715837447185958
Iteration:6400	Loss_mean:0.004794381822575815	Loss_std:0.0023919928201140838
Iteration:6500	Loss_mean:0.004700060139875859	Loss_std:0.0021787583167961803
Iteration:6600	Loss_mean:0.004870387829141691	Loss_std:0.002064138764805784
Iteration:6700	Loss_mean:0.004556073019048199	Loss_std:0.0019645106033082654
Iteration:6800	Loss_mean:0.004635381133994088	Loss_std:0.0021033498816260235
Iteration:6900	Loss_mean:0.00485295363003388	Loss_std:0.002169881668146308
Iteration:7000	Loss_mean:0.004508861349895596	Loss_std:0.0020289055021998287
Iteration:7100	Loss_mean:0.004881296716630459	Loss_std:0.0022201602756602374
Iteration:7200	Loss_mean:0.004871109774685464	Loss_std:0.0022200517967160757
Iteration:7300	Loss_mean:0.0048780556360725315	Loss_std:0.0022025771484565056
Iteration:7400	Loss_mean:0.00483848006115295	Loss_std:0.0021611930555069407
Iteration:7500	Loss_mean:0.004795920578180813	Loss_std:0.002373026591149806
Iteration:7600	Loss_mean:0.004651624391553924	Loss_std:0.001996695907147452
Iteration:7700	Loss_mean:0.004675126002402976	Loss_std:0.001979303096583797
Iteration:7800	Loss_mean:0.004365614729467779	Loss_std:0.0017122563097865717
Iteration:7900	Loss_mean:0.004455573188606649	Loss_std:0.0022596373060872516
Iteration:8000	Loss_mean:0.004844606008846313	Loss_std:0.002302975574698749
Iteration:8100	Loss_mean:0.004658595231594518	Loss_std:0.0019281528648235498
Iteration:8200	Loss_mean:0.004230581488227472	Loss_std:0.0019247177248844006
Iteration:8300	Loss_mean:0.005000365186715499	Loss_std:0.0023553843383536544
Iteration:8400	Loss_mean:0.0044918783160392195	Loss_std:0.001937428557341877
Iteration:8500	Loss_mean:0.004896877243882045	Loss_std:0.0024913610889990582
Iteration:8600	Loss_mean:0.004794482561992481	Loss_std:0.0024264765034047128
Iteration:8700	Loss_mean:0.004500816154177301	Loss_std:0.0021329756346977788
Iteration:8800	Loss_mean:0.0044349982915446165	Loss_std:0.0017967215883695467
Iteration:8900	Loss_mean:0.004570693341083825	Loss_std:0.002175402696278574
Iteration:9000	Loss_mean:0.004640891826711595	Loss_std:0.0021174520070906594
Iteration:9100	Loss_mean:0.004065177922602743	Loss_std:0.002031508258600149
Iteration:9200	Loss_mean:0.004717629603692331	Loss_std:0.002253564136162223
Iteration:9300	Loss_mean:0.004130438538268209	Loss_std:0.0020251353581653164
Iteration:9400	Loss_mean:0.0047135893226368355	Loss_std:0.0020663453804003504
Iteration:9500	Loss_mean:0.005120293847285211	Loss_std:0.0021364702659732644
Iteration:9600	Loss_mean:0.004182176487520337	Loss_std:0.0020753552988441084
Iteration:9700	Loss_mean:0.004525209290441126	Loss_std:0.00221470332768648
Iteration:9800	Loss_mean:0.004430436905822717	Loss_std:0.0021478695910232127
Iteration:9900	Loss_mean:0.004495365990442224	Loss_std:0.0022168044981554056
